[2024-10-06T04:30:28.441+0000] {processor.py:186} INFO - Started process (PID=2541) to work on /opt/airflow/dags/hello_world.py
[2024-10-06T04:30:28.442+0000] {processor.py:914} INFO - Processing file /opt/airflow/dags/hello_world.py for tasks to queue
[2024-10-06T04:30:28.443+0000] {logging_mixin.py:190} INFO - [2024-10-06T04:30:28.443+0000] {dagbag.py:588} INFO - Filling up the DagBag from /opt/airflow/dags/hello_world.py
[2024-10-06T04:30:28.450+0000] {processor.py:925} INFO - DAG(s) 'hello_world' retrieved from /opt/airflow/dags/hello_world.py
[2024-10-06T04:30:28.541+0000] {logging_mixin.py:190} INFO - [2024-10-06T04:30:28.540+0000] {override.py:1900} INFO - Created Permission View: can read on DAG:hello_world
[2024-10-06T04:30:28.685+0000] {logging_mixin.py:190} INFO - [2024-10-06T04:30:28.684+0000] {override.py:1900} INFO - Created Permission View: can delete on DAG:hello_world
[2024-10-06T04:30:28.693+0000] {logging_mixin.py:190} INFO - [2024-10-06T04:30:28.693+0000] {override.py:1900} INFO - Created Permission View: can edit on DAG:hello_world
[2024-10-06T04:30:28.708+0000] {logging_mixin.py:190} INFO - [2024-10-06T04:30:28.708+0000] {override.py:1900} INFO - Created Permission View: can create on DAG Run:hello_world
[2024-10-06T04:30:28.718+0000] {logging_mixin.py:190} INFO - [2024-10-06T04:30:28.718+0000] {override.py:1900} INFO - Created Permission View: can read on DAG Run:hello_world
[2024-10-06T04:30:28.732+0000] {logging_mixin.py:190} INFO - [2024-10-06T04:30:28.731+0000] {override.py:1900} INFO - Created Permission View: can delete on DAG Run:hello_world
[2024-10-06T04:30:28.741+0000] {logging_mixin.py:190} INFO - [2024-10-06T04:30:28.741+0000] {override.py:1900} INFO - Created Permission View: menu access on DAG Run:hello_world
[2024-10-06T04:30:28.741+0000] {logging_mixin.py:190} INFO - [2024-10-06T04:30:28.741+0000] {dag.py:3239} INFO - Sync 1 DAGs
[2024-10-06T04:30:28.750+0000] {logging_mixin.py:190} INFO - [2024-10-06T04:30:28.750+0000] {dag.py:3262} INFO - Creating ORM DAG for hello_world
[2024-10-06T04:30:28.757+0000] {logging_mixin.py:190} INFO - [2024-10-06T04:30:28.757+0000] {dag.py:4180} INFO - Setting next_dagrun for hello_world to 2024-10-05 00:00:00+00:00, run_after=2024-10-06 00:00:00+00:00
[2024-10-06T04:30:28.773+0000] {processor.py:208} INFO - Processing /opt/airflow/dags/hello_world.py took 0.336 seconds
[2024-10-06T04:30:59.158+0000] {processor.py:186} INFO - Started process (PID=2604) to work on /opt/airflow/dags/hello_world.py
[2024-10-06T04:30:59.159+0000] {processor.py:914} INFO - Processing file /opt/airflow/dags/hello_world.py for tasks to queue
[2024-10-06T04:30:59.161+0000] {logging_mixin.py:190} INFO - [2024-10-06T04:30:59.160+0000] {dagbag.py:588} INFO - Filling up the DagBag from /opt/airflow/dags/hello_world.py
[2024-10-06T04:30:59.167+0000] {processor.py:925} INFO - DAG(s) 'hello_world' retrieved from /opt/airflow/dags/hello_world.py
[2024-10-06T04:30:59.180+0000] {logging_mixin.py:190} INFO - [2024-10-06T04:30:59.179+0000] {dag.py:3239} INFO - Sync 1 DAGs
[2024-10-06T04:30:59.201+0000] {logging_mixin.py:190} INFO - [2024-10-06T04:30:59.201+0000] {dag.py:4180} INFO - Setting next_dagrun for hello_world to 2024-10-05 00:00:00+00:00, run_after=2024-10-06 00:00:00+00:00
[2024-10-06T04:30:59.218+0000] {processor.py:208} INFO - Processing /opt/airflow/dags/hello_world.py took 0.064 seconds
[2024-10-06T04:31:29.946+0000] {processor.py:186} INFO - Started process (PID=2667) to work on /opt/airflow/dags/hello_world.py
[2024-10-06T04:31:29.947+0000] {processor.py:914} INFO - Processing file /opt/airflow/dags/hello_world.py for tasks to queue
[2024-10-06T04:31:29.948+0000] {logging_mixin.py:190} INFO - [2024-10-06T04:31:29.948+0000] {dagbag.py:588} INFO - Filling up the DagBag from /opt/airflow/dags/hello_world.py
[2024-10-06T04:31:29.955+0000] {processor.py:925} INFO - DAG(s) 'hello_world' retrieved from /opt/airflow/dags/hello_world.py
[2024-10-06T04:31:29.968+0000] {logging_mixin.py:190} INFO - [2024-10-06T04:31:29.967+0000] {dag.py:3239} INFO - Sync 1 DAGs
[2024-10-06T04:31:29.986+0000] {logging_mixin.py:190} INFO - [2024-10-06T04:31:29.985+0000] {dag.py:4180} INFO - Setting next_dagrun for hello_world to 2024-10-05 00:00:00+00:00, run_after=2024-10-06 00:00:00+00:00
[2024-10-06T04:31:30.005+0000] {processor.py:208} INFO - Processing /opt/airflow/dags/hello_world.py took 0.063 seconds
[2024-10-06T04:32:00.935+0000] {processor.py:186} INFO - Started process (PID=2729) to work on /opt/airflow/dags/hello_world.py
[2024-10-06T04:32:00.935+0000] {processor.py:914} INFO - Processing file /opt/airflow/dags/hello_world.py for tasks to queue
[2024-10-06T04:32:00.937+0000] {logging_mixin.py:190} INFO - [2024-10-06T04:32:00.937+0000] {dagbag.py:588} INFO - Filling up the DagBag from /opt/airflow/dags/hello_world.py
[2024-10-06T04:32:00.944+0000] {processor.py:925} INFO - DAG(s) 'hello_world' retrieved from /opt/airflow/dags/hello_world.py
[2024-10-06T04:32:00.956+0000] {logging_mixin.py:190} INFO - [2024-10-06T04:32:00.956+0000] {dag.py:3239} INFO - Sync 1 DAGs
[2024-10-06T04:32:00.974+0000] {logging_mixin.py:190} INFO - [2024-10-06T04:32:00.974+0000] {dag.py:4180} INFO - Setting next_dagrun for hello_world to 2024-10-05 00:00:00+00:00, run_after=2024-10-06 00:00:00+00:00
[2024-10-06T04:32:01.002+0000] {processor.py:208} INFO - Processing /opt/airflow/dags/hello_world.py took 0.071 seconds
[2024-10-06T04:32:30.766+0000] {processor.py:186} INFO - Started process (PID=2776) to work on /opt/airflow/dags/hello_world.py
[2024-10-06T04:32:30.767+0000] {processor.py:914} INFO - Processing file /opt/airflow/dags/hello_world.py for tasks to queue
[2024-10-06T04:32:30.769+0000] {logging_mixin.py:190} INFO - [2024-10-06T04:32:30.768+0000] {dagbag.py:588} INFO - Filling up the DagBag from /opt/airflow/dags/hello_world.py
[2024-10-06T04:32:30.777+0000] {processor.py:925} INFO - DAG(s) 'hello_world' retrieved from /opt/airflow/dags/hello_world.py
[2024-10-06T04:32:30.790+0000] {logging_mixin.py:190} INFO - [2024-10-06T04:32:30.790+0000] {dag.py:3239} INFO - Sync 1 DAGs
[2024-10-06T04:32:30.811+0000] {logging_mixin.py:190} INFO - [2024-10-06T04:32:30.811+0000] {dag.py:4180} INFO - Setting next_dagrun for hello_world to 2024-10-05 00:00:00+00:00, run_after=2024-10-06 00:00:00+00:00
[2024-10-06T04:32:30.995+0000] {processor.py:208} INFO - Processing /opt/airflow/dags/hello_world.py took 0.234 seconds
[2024-10-06T04:33:01.162+0000] {processor.py:186} INFO - Started process (PID=2839) to work on /opt/airflow/dags/hello_world.py
[2024-10-06T04:33:01.163+0000] {processor.py:914} INFO - Processing file /opt/airflow/dags/hello_world.py for tasks to queue
[2024-10-06T04:33:01.166+0000] {logging_mixin.py:190} INFO - [2024-10-06T04:33:01.165+0000] {dagbag.py:588} INFO - Filling up the DagBag from /opt/airflow/dags/hello_world.py
[2024-10-06T04:33:01.174+0000] {processor.py:925} INFO - DAG(s) 'hello_world' retrieved from /opt/airflow/dags/hello_world.py
[2024-10-06T04:33:01.193+0000] {logging_mixin.py:190} INFO - [2024-10-06T04:33:01.193+0000] {dag.py:3239} INFO - Sync 1 DAGs
[2024-10-06T04:33:01.216+0000] {logging_mixin.py:190} INFO - [2024-10-06T04:33:01.216+0000] {dag.py:4180} INFO - Setting next_dagrun for hello_world to 2024-10-06 00:00:00+00:00, run_after=2024-10-07 00:00:00+00:00
[2024-10-06T04:33:01.237+0000] {processor.py:208} INFO - Processing /opt/airflow/dags/hello_world.py took 0.079 seconds
[2024-10-06T04:33:32.107+0000] {processor.py:186} INFO - Started process (PID=2907) to work on /opt/airflow/dags/hello_world.py
[2024-10-06T04:33:32.108+0000] {processor.py:914} INFO - Processing file /opt/airflow/dags/hello_world.py for tasks to queue
[2024-10-06T04:33:32.110+0000] {logging_mixin.py:190} INFO - [2024-10-06T04:33:32.110+0000] {dagbag.py:588} INFO - Filling up the DagBag from /opt/airflow/dags/hello_world.py
[2024-10-06T04:33:32.117+0000] {processor.py:925} INFO - DAG(s) 'hello_world' retrieved from /opt/airflow/dags/hello_world.py
[2024-10-06T04:33:32.133+0000] {logging_mixin.py:190} INFO - [2024-10-06T04:33:32.132+0000] {dag.py:3239} INFO - Sync 1 DAGs
[2024-10-06T04:33:32.152+0000] {logging_mixin.py:190} INFO - [2024-10-06T04:33:32.152+0000] {dag.py:4180} INFO - Setting next_dagrun for hello_world to 2024-10-06 00:00:00+00:00, run_after=2024-10-07 00:00:00+00:00
[2024-10-06T04:33:32.171+0000] {processor.py:208} INFO - Processing /opt/airflow/dags/hello_world.py took 0.068 seconds
[2024-10-06T04:34:03.083+0000] {processor.py:186} INFO - Started process (PID=2971) to work on /opt/airflow/dags/hello_world.py
[2024-10-06T04:34:03.084+0000] {processor.py:914} INFO - Processing file /opt/airflow/dags/hello_world.py for tasks to queue
[2024-10-06T04:34:03.086+0000] {logging_mixin.py:190} INFO - [2024-10-06T04:34:03.086+0000] {dagbag.py:588} INFO - Filling up the DagBag from /opt/airflow/dags/hello_world.py
[2024-10-06T04:34:03.093+0000] {processor.py:925} INFO - DAG(s) 'hello_world' retrieved from /opt/airflow/dags/hello_world.py
[2024-10-06T04:34:03.109+0000] {logging_mixin.py:190} INFO - [2024-10-06T04:34:03.109+0000] {dag.py:3239} INFO - Sync 1 DAGs
[2024-10-06T04:34:03.141+0000] {logging_mixin.py:190} INFO - [2024-10-06T04:34:03.141+0000] {dag.py:4180} INFO - Setting next_dagrun for hello_world to 2024-10-06 00:00:00+00:00, run_after=2024-10-07 00:00:00+00:00
[2024-10-06T04:34:03.172+0000] {processor.py:208} INFO - Processing /opt/airflow/dags/hello_world.py took 0.094 seconds
[2024-10-06T04:34:33.205+0000] {processor.py:186} INFO - Started process (PID=3033) to work on /opt/airflow/dags/hello_world.py
[2024-10-06T04:34:33.206+0000] {processor.py:914} INFO - Processing file /opt/airflow/dags/hello_world.py for tasks to queue
[2024-10-06T04:34:33.369+0000] {logging_mixin.py:190} INFO - [2024-10-06T04:34:33.207+0000] {dagbag.py:588} INFO - Filling up the DagBag from /opt/airflow/dags/hello_world.py
[2024-10-06T04:34:33.374+0000] {processor.py:925} INFO - DAG(s) 'hello_world' retrieved from /opt/airflow/dags/hello_world.py
[2024-10-06T04:34:33.387+0000] {logging_mixin.py:190} INFO - [2024-10-06T04:34:33.387+0000] {dag.py:3239} INFO - Sync 1 DAGs
[2024-10-06T04:34:33.408+0000] {logging_mixin.py:190} INFO - [2024-10-06T04:34:33.408+0000] {dag.py:4180} INFO - Setting next_dagrun for hello_world to 2024-10-06 00:00:00+00:00, run_after=2024-10-07 00:00:00+00:00
[2024-10-06T04:34:33.430+0000] {processor.py:208} INFO - Processing /opt/airflow/dags/hello_world.py took 0.229 seconds
[2024-10-06T04:35:03.856+0000] {processor.py:186} INFO - Started process (PID=3096) to work on /opt/airflow/dags/hello_world.py
[2024-10-06T04:35:03.857+0000] {processor.py:914} INFO - Processing file /opt/airflow/dags/hello_world.py for tasks to queue
[2024-10-06T04:35:03.859+0000] {logging_mixin.py:190} INFO - [2024-10-06T04:35:03.859+0000] {dagbag.py:588} INFO - Filling up the DagBag from /opt/airflow/dags/hello_world.py
[2024-10-06T04:35:03.865+0000] {processor.py:925} INFO - DAG(s) 'hello_world' retrieved from /opt/airflow/dags/hello_world.py
[2024-10-06T04:35:03.881+0000] {logging_mixin.py:190} INFO - [2024-10-06T04:35:03.880+0000] {dag.py:3239} INFO - Sync 1 DAGs
[2024-10-06T04:35:03.900+0000] {logging_mixin.py:190} INFO - [2024-10-06T04:35:03.899+0000] {dag.py:4180} INFO - Setting next_dagrun for hello_world to 2024-10-06 00:00:00+00:00, run_after=2024-10-07 00:00:00+00:00
[2024-10-06T04:35:03.919+0000] {processor.py:208} INFO - Processing /opt/airflow/dags/hello_world.py took 0.067 seconds
[2024-10-06T04:35:33.983+0000] {processor.py:186} INFO - Started process (PID=3156) to work on /opt/airflow/dags/hello_world.py
[2024-10-06T04:35:33.984+0000] {processor.py:914} INFO - Processing file /opt/airflow/dags/hello_world.py for tasks to queue
[2024-10-06T04:35:33.987+0000] {logging_mixin.py:190} INFO - [2024-10-06T04:35:33.986+0000] {dagbag.py:588} INFO - Filling up the DagBag from /opt/airflow/dags/hello_world.py
[2024-10-06T04:35:33.993+0000] {processor.py:925} INFO - DAG(s) 'hello_world' retrieved from /opt/airflow/dags/hello_world.py
[2024-10-06T04:35:34.009+0000] {logging_mixin.py:190} INFO - [2024-10-06T04:35:34.008+0000] {dag.py:3239} INFO - Sync 1 DAGs
[2024-10-06T04:35:34.030+0000] {logging_mixin.py:190} INFO - [2024-10-06T04:35:34.030+0000] {dag.py:4180} INFO - Setting next_dagrun for hello_world to 2024-10-06 00:00:00+00:00, run_after=2024-10-07 00:00:00+00:00
[2024-10-06T04:35:34.050+0000] {processor.py:208} INFO - Processing /opt/airflow/dags/hello_world.py took 0.073 seconds
[2024-10-06T04:36:04.083+0000] {processor.py:186} INFO - Started process (PID=3216) to work on /opt/airflow/dags/hello_world.py
[2024-10-06T04:36:04.084+0000] {processor.py:914} INFO - Processing file /opt/airflow/dags/hello_world.py for tasks to queue
[2024-10-06T04:36:04.085+0000] {logging_mixin.py:190} INFO - [2024-10-06T04:36:04.085+0000] {dagbag.py:588} INFO - Filling up the DagBag from /opt/airflow/dags/hello_world.py
[2024-10-06T04:36:04.094+0000] {processor.py:925} INFO - DAG(s) 'hello_world' retrieved from /opt/airflow/dags/hello_world.py
[2024-10-06T04:36:04.113+0000] {logging_mixin.py:190} INFO - [2024-10-06T04:36:04.113+0000] {dag.py:3239} INFO - Sync 1 DAGs
[2024-10-06T04:36:04.144+0000] {logging_mixin.py:190} INFO - [2024-10-06T04:36:04.144+0000] {dag.py:4180} INFO - Setting next_dagrun for hello_world to 2024-10-06 00:00:00+00:00, run_after=2024-10-07 00:00:00+00:00
[2024-10-06T04:36:04.170+0000] {processor.py:208} INFO - Processing /opt/airflow/dags/hello_world.py took 0.091 seconds
[2024-10-06T04:36:34.304+0000] {processor.py:186} INFO - Started process (PID=3279) to work on /opt/airflow/dags/hello_world.py
[2024-10-06T04:36:34.305+0000] {processor.py:914} INFO - Processing file /opt/airflow/dags/hello_world.py for tasks to queue
[2024-10-06T04:36:34.306+0000] {logging_mixin.py:190} INFO - [2024-10-06T04:36:34.306+0000] {dagbag.py:588} INFO - Filling up the DagBag from /opt/airflow/dags/hello_world.py
[2024-10-06T04:36:34.313+0000] {processor.py:925} INFO - DAG(s) 'hello_world' retrieved from /opt/airflow/dags/hello_world.py
[2024-10-06T04:36:34.329+0000] {logging_mixin.py:190} INFO - [2024-10-06T04:36:34.329+0000] {dag.py:3239} INFO - Sync 1 DAGs
[2024-10-06T04:36:34.348+0000] {logging_mixin.py:190} INFO - [2024-10-06T04:36:34.347+0000] {dag.py:4180} INFO - Setting next_dagrun for hello_world to 2024-10-06 00:00:00+00:00, run_after=2024-10-07 00:00:00+00:00
[2024-10-06T04:36:34.367+0000] {processor.py:208} INFO - Processing /opt/airflow/dags/hello_world.py took 0.067 seconds
[2024-10-06T04:37:04.801+0000] {processor.py:186} INFO - Started process (PID=3342) to work on /opt/airflow/dags/hello_world.py
[2024-10-06T04:37:04.801+0000] {processor.py:914} INFO - Processing file /opt/airflow/dags/hello_world.py for tasks to queue
[2024-10-06T04:37:04.803+0000] {logging_mixin.py:190} INFO - [2024-10-06T04:37:04.803+0000] {dagbag.py:588} INFO - Filling up the DagBag from /opt/airflow/dags/hello_world.py
[2024-10-06T04:37:04.810+0000] {processor.py:925} INFO - DAG(s) 'hello_world' retrieved from /opt/airflow/dags/hello_world.py
[2024-10-06T04:37:04.827+0000] {logging_mixin.py:190} INFO - [2024-10-06T04:37:04.827+0000] {dag.py:3239} INFO - Sync 1 DAGs
[2024-10-06T04:37:04.853+0000] {logging_mixin.py:190} INFO - [2024-10-06T04:37:04.853+0000] {dag.py:4180} INFO - Setting next_dagrun for hello_world to 2024-10-06 00:00:00+00:00, run_after=2024-10-07 00:00:00+00:00
[2024-10-06T04:37:04.875+0000] {processor.py:208} INFO - Processing /opt/airflow/dags/hello_world.py took 0.079 seconds
[2024-10-06T04:37:35.223+0000] {processor.py:186} INFO - Started process (PID=3405) to work on /opt/airflow/dags/hello_world.py
[2024-10-06T04:37:35.224+0000] {processor.py:914} INFO - Processing file /opt/airflow/dags/hello_world.py for tasks to queue
[2024-10-06T04:37:35.226+0000] {logging_mixin.py:190} INFO - [2024-10-06T04:37:35.225+0000] {dagbag.py:588} INFO - Filling up the DagBag from /opt/airflow/dags/hello_world.py
[2024-10-06T04:37:35.233+0000] {processor.py:925} INFO - DAG(s) 'hello_world' retrieved from /opt/airflow/dags/hello_world.py
[2024-10-06T04:37:35.247+0000] {logging_mixin.py:190} INFO - [2024-10-06T04:37:35.247+0000] {dag.py:3239} INFO - Sync 1 DAGs
[2024-10-06T04:37:35.266+0000] {logging_mixin.py:190} INFO - [2024-10-06T04:37:35.266+0000] {dag.py:4180} INFO - Setting next_dagrun for hello_world to 2024-10-06 00:00:00+00:00, run_after=2024-10-07 00:00:00+00:00
[2024-10-06T04:37:35.283+0000] {processor.py:208} INFO - Processing /opt/airflow/dags/hello_world.py took 0.064 seconds
[2024-10-06T04:38:05.548+0000] {processor.py:186} INFO - Started process (PID=3468) to work on /opt/airflow/dags/hello_world.py
[2024-10-06T04:38:05.549+0000] {processor.py:914} INFO - Processing file /opt/airflow/dags/hello_world.py for tasks to queue
[2024-10-06T04:38:05.550+0000] {logging_mixin.py:190} INFO - [2024-10-06T04:38:05.550+0000] {dagbag.py:588} INFO - Filling up the DagBag from /opt/airflow/dags/hello_world.py
[2024-10-06T04:38:05.558+0000] {processor.py:925} INFO - DAG(s) 'hello_world' retrieved from /opt/airflow/dags/hello_world.py
[2024-10-06T04:38:05.574+0000] {logging_mixin.py:190} INFO - [2024-10-06T04:38:05.574+0000] {dag.py:3239} INFO - Sync 1 DAGs
[2024-10-06T04:38:05.593+0000] {logging_mixin.py:190} INFO - [2024-10-06T04:38:05.593+0000] {dag.py:4180} INFO - Setting next_dagrun for hello_world to 2024-10-06 00:00:00+00:00, run_after=2024-10-07 00:00:00+00:00
[2024-10-06T04:38:05.612+0000] {processor.py:208} INFO - Processing /opt/airflow/dags/hello_world.py took 0.068 seconds
[2024-10-06T04:38:35.838+0000] {processor.py:186} INFO - Started process (PID=3532) to work on /opt/airflow/dags/hello_world.py
[2024-10-06T04:38:35.839+0000] {processor.py:914} INFO - Processing file /opt/airflow/dags/hello_world.py for tasks to queue
[2024-10-06T04:38:35.840+0000] {logging_mixin.py:190} INFO - [2024-10-06T04:38:35.840+0000] {dagbag.py:588} INFO - Filling up the DagBag from /opt/airflow/dags/hello_world.py
[2024-10-06T04:38:35.847+0000] {processor.py:925} INFO - DAG(s) 'hello_world' retrieved from /opt/airflow/dags/hello_world.py
[2024-10-06T04:38:35.864+0000] {logging_mixin.py:190} INFO - [2024-10-06T04:38:35.864+0000] {dag.py:3239} INFO - Sync 1 DAGs
[2024-10-06T04:38:35.889+0000] {logging_mixin.py:190} INFO - [2024-10-06T04:38:35.889+0000] {dag.py:4180} INFO - Setting next_dagrun for hello_world to 2024-10-06 00:00:00+00:00, run_after=2024-10-07 00:00:00+00:00
[2024-10-06T04:38:35.911+0000] {processor.py:208} INFO - Processing /opt/airflow/dags/hello_world.py took 0.077 seconds
[2024-10-06T04:39:06.028+0000] {processor.py:186} INFO - Started process (PID=3595) to work on /opt/airflow/dags/hello_world.py
[2024-10-06T04:39:06.029+0000] {processor.py:914} INFO - Processing file /opt/airflow/dags/hello_world.py for tasks to queue
[2024-10-06T04:39:06.031+0000] {logging_mixin.py:190} INFO - [2024-10-06T04:39:06.031+0000] {dagbag.py:588} INFO - Filling up the DagBag from /opt/airflow/dags/hello_world.py
[2024-10-06T04:39:06.040+0000] {processor.py:925} INFO - DAG(s) 'hello_world' retrieved from /opt/airflow/dags/hello_world.py
[2024-10-06T04:39:06.054+0000] {logging_mixin.py:190} INFO - [2024-10-06T04:39:06.054+0000] {dag.py:3239} INFO - Sync 1 DAGs
[2024-10-06T04:39:06.078+0000] {logging_mixin.py:190} INFO - [2024-10-06T04:39:06.078+0000] {dag.py:4180} INFO - Setting next_dagrun for hello_world to 2024-10-06 00:00:00+00:00, run_after=2024-10-07 00:00:00+00:00
[2024-10-06T04:39:06.102+0000] {processor.py:208} INFO - Processing /opt/airflow/dags/hello_world.py took 0.080 seconds
[2024-10-06T04:39:36.337+0000] {processor.py:186} INFO - Started process (PID=3657) to work on /opt/airflow/dags/hello_world.py
[2024-10-06T04:39:36.338+0000] {processor.py:914} INFO - Processing file /opt/airflow/dags/hello_world.py for tasks to queue
[2024-10-06T04:39:36.339+0000] {logging_mixin.py:190} INFO - [2024-10-06T04:39:36.339+0000] {dagbag.py:588} INFO - Filling up the DagBag from /opt/airflow/dags/hello_world.py
[2024-10-06T04:39:36.346+0000] {processor.py:925} INFO - DAG(s) 'hello_world' retrieved from /opt/airflow/dags/hello_world.py
[2024-10-06T04:39:36.362+0000] {logging_mixin.py:190} INFO - [2024-10-06T04:39:36.362+0000] {dag.py:3239} INFO - Sync 1 DAGs
[2024-10-06T04:39:36.382+0000] {logging_mixin.py:190} INFO - [2024-10-06T04:39:36.382+0000] {dag.py:4180} INFO - Setting next_dagrun for hello_world to 2024-10-06 00:00:00+00:00, run_after=2024-10-07 00:00:00+00:00
[2024-10-06T04:39:36.398+0000] {processor.py:208} INFO - Processing /opt/airflow/dags/hello_world.py took 0.065 seconds
[2024-10-06T04:40:06.662+0000] {processor.py:186} INFO - Started process (PID=3720) to work on /opt/airflow/dags/hello_world.py
[2024-10-06T04:40:06.662+0000] {processor.py:914} INFO - Processing file /opt/airflow/dags/hello_world.py for tasks to queue
[2024-10-06T04:40:06.664+0000] {logging_mixin.py:190} INFO - [2024-10-06T04:40:06.664+0000] {dagbag.py:588} INFO - Filling up the DagBag from /opt/airflow/dags/hello_world.py
[2024-10-06T04:40:06.673+0000] {processor.py:925} INFO - DAG(s) 'hello_world' retrieved from /opt/airflow/dags/hello_world.py
[2024-10-06T04:40:06.687+0000] {logging_mixin.py:190} INFO - [2024-10-06T04:40:06.687+0000] {dag.py:3239} INFO - Sync 1 DAGs
[2024-10-06T04:40:06.707+0000] {logging_mixin.py:190} INFO - [2024-10-06T04:40:06.707+0000] {dag.py:4180} INFO - Setting next_dagrun for hello_world to 2024-10-06 00:00:00+00:00, run_after=2024-10-07 00:00:00+00:00
[2024-10-06T04:40:06.726+0000] {processor.py:208} INFO - Processing /opt/airflow/dags/hello_world.py took 0.068 seconds
[2024-10-06T04:40:37.058+0000] {processor.py:186} INFO - Started process (PID=3783) to work on /opt/airflow/dags/hello_world.py
[2024-10-06T04:40:37.059+0000] {processor.py:914} INFO - Processing file /opt/airflow/dags/hello_world.py for tasks to queue
[2024-10-06T04:40:37.061+0000] {logging_mixin.py:190} INFO - [2024-10-06T04:40:37.061+0000] {dagbag.py:588} INFO - Filling up the DagBag from /opt/airflow/dags/hello_world.py
[2024-10-06T04:40:37.069+0000] {processor.py:925} INFO - DAG(s) 'hello_world' retrieved from /opt/airflow/dags/hello_world.py
[2024-10-06T04:40:37.090+0000] {logging_mixin.py:190} INFO - [2024-10-06T04:40:37.089+0000] {dag.py:3239} INFO - Sync 1 DAGs
[2024-10-06T04:40:37.114+0000] {logging_mixin.py:190} INFO - [2024-10-06T04:40:37.114+0000] {dag.py:4180} INFO - Setting next_dagrun for hello_world to 2024-10-06 00:00:00+00:00, run_after=2024-10-07 00:00:00+00:00
[2024-10-06T04:40:37.133+0000] {processor.py:208} INFO - Processing /opt/airflow/dags/hello_world.py took 0.082 seconds
[2024-10-06T04:41:07.163+0000] {processor.py:186} INFO - Started process (PID=3846) to work on /opt/airflow/dags/hello_world.py
[2024-10-06T04:41:07.164+0000] {processor.py:914} INFO - Processing file /opt/airflow/dags/hello_world.py for tasks to queue
[2024-10-06T04:41:07.165+0000] {logging_mixin.py:190} INFO - [2024-10-06T04:41:07.165+0000] {dagbag.py:588} INFO - Filling up the DagBag from /opt/airflow/dags/hello_world.py
[2024-10-06T04:41:07.172+0000] {processor.py:925} INFO - DAG(s) 'hello_world' retrieved from /opt/airflow/dags/hello_world.py
[2024-10-06T04:41:07.185+0000] {logging_mixin.py:190} INFO - [2024-10-06T04:41:07.185+0000] {dag.py:3239} INFO - Sync 1 DAGs
[2024-10-06T04:41:07.204+0000] {logging_mixin.py:190} INFO - [2024-10-06T04:41:07.203+0000] {dag.py:4180} INFO - Setting next_dagrun for hello_world to 2024-10-06 00:00:00+00:00, run_after=2024-10-07 00:00:00+00:00
[2024-10-06T04:41:07.221+0000] {processor.py:208} INFO - Processing /opt/airflow/dags/hello_world.py took 0.062 seconds
[2024-10-06T04:41:37.489+0000] {processor.py:186} INFO - Started process (PID=3909) to work on /opt/airflow/dags/hello_world.py
[2024-10-06T04:41:37.490+0000] {processor.py:914} INFO - Processing file /opt/airflow/dags/hello_world.py for tasks to queue
[2024-10-06T04:41:37.492+0000] {logging_mixin.py:190} INFO - [2024-10-06T04:41:37.491+0000] {dagbag.py:588} INFO - Filling up the DagBag from /opt/airflow/dags/hello_world.py
[2024-10-06T04:41:37.498+0000] {processor.py:925} INFO - DAG(s) 'hello_world' retrieved from /opt/airflow/dags/hello_world.py
[2024-10-06T04:41:37.512+0000] {logging_mixin.py:190} INFO - [2024-10-06T04:41:37.512+0000] {dag.py:3239} INFO - Sync 1 DAGs
[2024-10-06T04:41:37.532+0000] {logging_mixin.py:190} INFO - [2024-10-06T04:41:37.532+0000] {dag.py:4180} INFO - Setting next_dagrun for hello_world to 2024-10-06 00:00:00+00:00, run_after=2024-10-07 00:00:00+00:00
[2024-10-06T04:41:37.550+0000] {processor.py:208} INFO - Processing /opt/airflow/dags/hello_world.py took 0.066 seconds
[2024-10-06T04:42:07.848+0000] {processor.py:186} INFO - Started process (PID=3972) to work on /opt/airflow/dags/hello_world.py
[2024-10-06T04:42:07.849+0000] {processor.py:914} INFO - Processing file /opt/airflow/dags/hello_world.py for tasks to queue
[2024-10-06T04:42:07.851+0000] {logging_mixin.py:190} INFO - [2024-10-06T04:42:07.850+0000] {dagbag.py:588} INFO - Filling up the DagBag from /opt/airflow/dags/hello_world.py
[2024-10-06T04:42:07.857+0000] {processor.py:925} INFO - DAG(s) 'hello_world' retrieved from /opt/airflow/dags/hello_world.py
[2024-10-06T04:42:07.871+0000] {logging_mixin.py:190} INFO - [2024-10-06T04:42:07.870+0000] {dag.py:3239} INFO - Sync 1 DAGs
[2024-10-06T04:42:07.889+0000] {logging_mixin.py:190} INFO - [2024-10-06T04:42:07.889+0000] {dag.py:4180} INFO - Setting next_dagrun for hello_world to 2024-10-06 00:00:00+00:00, run_after=2024-10-07 00:00:00+00:00
[2024-10-06T04:42:07.906+0000] {processor.py:208} INFO - Processing /opt/airflow/dags/hello_world.py took 0.062 seconds
[2024-10-06T04:42:38.208+0000] {processor.py:186} INFO - Started process (PID=4035) to work on /opt/airflow/dags/hello_world.py
[2024-10-06T04:42:38.209+0000] {processor.py:914} INFO - Processing file /opt/airflow/dags/hello_world.py for tasks to queue
[2024-10-06T04:42:38.210+0000] {logging_mixin.py:190} INFO - [2024-10-06T04:42:38.210+0000] {dagbag.py:588} INFO - Filling up the DagBag from /opt/airflow/dags/hello_world.py
[2024-10-06T04:42:38.217+0000] {processor.py:925} INFO - DAG(s) 'hello_world' retrieved from /opt/airflow/dags/hello_world.py
[2024-10-06T04:42:38.230+0000] {logging_mixin.py:190} INFO - [2024-10-06T04:42:38.230+0000] {dag.py:3239} INFO - Sync 1 DAGs
[2024-10-06T04:42:38.249+0000] {logging_mixin.py:190} INFO - [2024-10-06T04:42:38.249+0000] {dag.py:4180} INFO - Setting next_dagrun for hello_world to 2024-10-06 00:00:00+00:00, run_after=2024-10-07 00:00:00+00:00
[2024-10-06T04:42:38.266+0000] {processor.py:208} INFO - Processing /opt/airflow/dags/hello_world.py took 0.063 seconds
[2024-10-06T04:43:08.691+0000] {processor.py:186} INFO - Started process (PID=4099) to work on /opt/airflow/dags/hello_world.py
[2024-10-06T04:43:08.692+0000] {processor.py:914} INFO - Processing file /opt/airflow/dags/hello_world.py for tasks to queue
[2024-10-06T04:43:08.694+0000] {logging_mixin.py:190} INFO - [2024-10-06T04:43:08.693+0000] {dagbag.py:588} INFO - Filling up the DagBag from /opt/airflow/dags/hello_world.py
[2024-10-06T04:43:08.701+0000] {processor.py:925} INFO - DAG(s) 'hello_world' retrieved from /opt/airflow/dags/hello_world.py
[2024-10-06T04:43:08.718+0000] {logging_mixin.py:190} INFO - [2024-10-06T04:43:08.718+0000] {dag.py:3239} INFO - Sync 1 DAGs
[2024-10-06T04:43:08.744+0000] {logging_mixin.py:190} INFO - [2024-10-06T04:43:08.743+0000] {dag.py:4180} INFO - Setting next_dagrun for hello_world to 2024-10-06 00:00:00+00:00, run_after=2024-10-07 00:00:00+00:00
[2024-10-06T04:43:08.764+0000] {processor.py:208} INFO - Processing /opt/airflow/dags/hello_world.py took 0.078 seconds
[2024-10-06T04:43:39.119+0000] {processor.py:186} INFO - Started process (PID=4162) to work on /opt/airflow/dags/hello_world.py
[2024-10-06T04:43:39.120+0000] {processor.py:914} INFO - Processing file /opt/airflow/dags/hello_world.py for tasks to queue
[2024-10-06T04:43:39.122+0000] {logging_mixin.py:190} INFO - [2024-10-06T04:43:39.121+0000] {dagbag.py:588} INFO - Filling up the DagBag from /opt/airflow/dags/hello_world.py
[2024-10-06T04:43:39.128+0000] {processor.py:925} INFO - DAG(s) 'hello_world' retrieved from /opt/airflow/dags/hello_world.py
[2024-10-06T04:43:39.142+0000] {logging_mixin.py:190} INFO - [2024-10-06T04:43:39.142+0000] {dag.py:3239} INFO - Sync 1 DAGs
[2024-10-06T04:43:39.161+0000] {logging_mixin.py:190} INFO - [2024-10-06T04:43:39.161+0000] {dag.py:4180} INFO - Setting next_dagrun for hello_world to 2024-10-06 00:00:00+00:00, run_after=2024-10-07 00:00:00+00:00
[2024-10-06T04:43:39.179+0000] {processor.py:208} INFO - Processing /opt/airflow/dags/hello_world.py took 0.064 seconds
[2024-10-06T04:44:09.723+0000] {processor.py:186} INFO - Started process (PID=4225) to work on /opt/airflow/dags/hello_world.py
[2024-10-06T04:44:09.723+0000] {processor.py:914} INFO - Processing file /opt/airflow/dags/hello_world.py for tasks to queue
[2024-10-06T04:44:09.725+0000] {logging_mixin.py:190} INFO - [2024-10-06T04:44:09.724+0000] {dagbag.py:588} INFO - Filling up the DagBag from /opt/airflow/dags/hello_world.py
[2024-10-06T04:44:09.731+0000] {processor.py:925} INFO - DAG(s) 'hello_world' retrieved from /opt/airflow/dags/hello_world.py
[2024-10-06T04:44:09.746+0000] {logging_mixin.py:190} INFO - [2024-10-06T04:44:09.746+0000] {dag.py:3239} INFO - Sync 1 DAGs
[2024-10-06T04:44:09.767+0000] {logging_mixin.py:190} INFO - [2024-10-06T04:44:09.766+0000] {dag.py:4180} INFO - Setting next_dagrun for hello_world to 2024-10-06 00:00:00+00:00, run_after=2024-10-07 00:00:00+00:00
[2024-10-06T04:44:09.788+0000] {processor.py:208} INFO - Processing /opt/airflow/dags/hello_world.py took 0.070 seconds
[2024-10-06T04:44:40.083+0000] {processor.py:186} INFO - Started process (PID=4288) to work on /opt/airflow/dags/hello_world.py
[2024-10-06T04:44:40.084+0000] {processor.py:914} INFO - Processing file /opt/airflow/dags/hello_world.py for tasks to queue
[2024-10-06T04:44:40.086+0000] {logging_mixin.py:190} INFO - [2024-10-06T04:44:40.085+0000] {dagbag.py:588} INFO - Filling up the DagBag from /opt/airflow/dags/hello_world.py
[2024-10-06T04:44:40.092+0000] {processor.py:925} INFO - DAG(s) 'hello_world' retrieved from /opt/airflow/dags/hello_world.py
[2024-10-06T04:44:40.106+0000] {logging_mixin.py:190} INFO - [2024-10-06T04:44:40.106+0000] {dag.py:3239} INFO - Sync 1 DAGs
[2024-10-06T04:44:40.127+0000] {logging_mixin.py:190} INFO - [2024-10-06T04:44:40.127+0000] {dag.py:4180} INFO - Setting next_dagrun for hello_world to 2024-10-06 00:00:00+00:00, run_after=2024-10-07 00:00:00+00:00
[2024-10-06T04:44:40.145+0000] {processor.py:208} INFO - Processing /opt/airflow/dags/hello_world.py took 0.067 seconds
[2024-10-06T04:45:10.596+0000] {processor.py:186} INFO - Started process (PID=4351) to work on /opt/airflow/dags/hello_world.py
[2024-10-06T04:45:10.596+0000] {processor.py:914} INFO - Processing file /opt/airflow/dags/hello_world.py for tasks to queue
[2024-10-06T04:45:10.598+0000] {logging_mixin.py:190} INFO - [2024-10-06T04:45:10.597+0000] {dagbag.py:588} INFO - Filling up the DagBag from /opt/airflow/dags/hello_world.py
[2024-10-06T04:45:10.604+0000] {processor.py:925} INFO - DAG(s) 'hello_world' retrieved from /opt/airflow/dags/hello_world.py
[2024-10-06T04:45:10.618+0000] {logging_mixin.py:190} INFO - [2024-10-06T04:45:10.618+0000] {dag.py:3239} INFO - Sync 1 DAGs
[2024-10-06T04:45:10.637+0000] {logging_mixin.py:190} INFO - [2024-10-06T04:45:10.637+0000] {dag.py:4180} INFO - Setting next_dagrun for hello_world to 2024-10-06 00:00:00+00:00, run_after=2024-10-07 00:00:00+00:00
[2024-10-06T04:45:10.654+0000] {processor.py:208} INFO - Processing /opt/airflow/dags/hello_world.py took 0.063 seconds
[2024-10-06T04:45:40.779+0000] {processor.py:186} INFO - Started process (PID=4414) to work on /opt/airflow/dags/hello_world.py
[2024-10-06T04:45:40.779+0000] {processor.py:914} INFO - Processing file /opt/airflow/dags/hello_world.py for tasks to queue
[2024-10-06T04:45:40.781+0000] {logging_mixin.py:190} INFO - [2024-10-06T04:45:40.781+0000] {dagbag.py:588} INFO - Filling up the DagBag from /opt/airflow/dags/hello_world.py
[2024-10-06T04:45:40.788+0000] {processor.py:925} INFO - DAG(s) 'hello_world' retrieved from /opt/airflow/dags/hello_world.py
[2024-10-06T04:45:40.802+0000] {logging_mixin.py:190} INFO - [2024-10-06T04:45:40.802+0000] {dag.py:3239} INFO - Sync 1 DAGs
[2024-10-06T04:45:40.820+0000] {logging_mixin.py:190} INFO - [2024-10-06T04:45:40.820+0000] {dag.py:4180} INFO - Setting next_dagrun for hello_world to 2024-10-06 00:00:00+00:00, run_after=2024-10-07 00:00:00+00:00
[2024-10-06T04:45:40.839+0000] {processor.py:208} INFO - Processing /opt/airflow/dags/hello_world.py took 0.065 seconds
[2024-10-06T04:46:10.871+0000] {processor.py:186} INFO - Started process (PID=4473) to work on /opt/airflow/dags/hello_world.py
[2024-10-06T04:46:10.872+0000] {processor.py:914} INFO - Processing file /opt/airflow/dags/hello_world.py for tasks to queue
[2024-10-06T04:46:10.874+0000] {logging_mixin.py:190} INFO - [2024-10-06T04:46:10.874+0000] {dagbag.py:588} INFO - Filling up the DagBag from /opt/airflow/dags/hello_world.py
[2024-10-06T04:46:10.881+0000] {processor.py:925} INFO - DAG(s) 'hello_world' retrieved from /opt/airflow/dags/hello_world.py
[2024-10-06T04:46:10.898+0000] {logging_mixin.py:190} INFO - [2024-10-06T04:46:10.898+0000] {dag.py:3239} INFO - Sync 1 DAGs
[2024-10-06T04:46:10.925+0000] {logging_mixin.py:190} INFO - [2024-10-06T04:46:10.924+0000] {dag.py:4180} INFO - Setting next_dagrun for hello_world to 2024-10-06 00:00:00+00:00, run_after=2024-10-07 00:00:00+00:00
[2024-10-06T04:46:10.946+0000] {processor.py:208} INFO - Processing /opt/airflow/dags/hello_world.py took 0.079 seconds
[2024-10-06T04:46:41.100+0000] {processor.py:186} INFO - Started process (PID=4536) to work on /opt/airflow/dags/hello_world.py
[2024-10-06T04:46:41.100+0000] {processor.py:914} INFO - Processing file /opt/airflow/dags/hello_world.py for tasks to queue
[2024-10-06T04:46:41.102+0000] {logging_mixin.py:190} INFO - [2024-10-06T04:46:41.102+0000] {dagbag.py:588} INFO - Filling up the DagBag from /opt/airflow/dags/hello_world.py
[2024-10-06T04:46:41.109+0000] {processor.py:925} INFO - DAG(s) 'hello_world' retrieved from /opt/airflow/dags/hello_world.py
[2024-10-06T04:46:41.123+0000] {logging_mixin.py:190} INFO - [2024-10-06T04:46:41.123+0000] {dag.py:3239} INFO - Sync 1 DAGs
[2024-10-06T04:46:41.142+0000] {logging_mixin.py:190} INFO - [2024-10-06T04:46:41.142+0000] {dag.py:4180} INFO - Setting next_dagrun for hello_world to 2024-10-06 00:00:00+00:00, run_after=2024-10-07 00:00:00+00:00
[2024-10-06T04:46:41.161+0000] {processor.py:208} INFO - Processing /opt/airflow/dags/hello_world.py took 0.065 seconds
[2024-10-06T04:47:11.261+0000] {processor.py:186} INFO - Started process (PID=4600) to work on /opt/airflow/dags/hello_world.py
[2024-10-06T04:47:11.262+0000] {processor.py:914} INFO - Processing file /opt/airflow/dags/hello_world.py for tasks to queue
[2024-10-06T04:47:11.264+0000] {logging_mixin.py:190} INFO - [2024-10-06T04:47:11.264+0000] {dagbag.py:588} INFO - Filling up the DagBag from /opt/airflow/dags/hello_world.py
[2024-10-06T04:47:11.270+0000] {processor.py:925} INFO - DAG(s) 'hello_world' retrieved from /opt/airflow/dags/hello_world.py
[2024-10-06T04:47:11.284+0000] {logging_mixin.py:190} INFO - [2024-10-06T04:47:11.284+0000] {dag.py:3239} INFO - Sync 1 DAGs
[2024-10-06T04:47:11.303+0000] {logging_mixin.py:190} INFO - [2024-10-06T04:47:11.303+0000] {dag.py:4180} INFO - Setting next_dagrun for hello_world to 2024-10-06 00:00:00+00:00, run_after=2024-10-07 00:00:00+00:00
[2024-10-06T04:47:11.321+0000] {processor.py:208} INFO - Processing /opt/airflow/dags/hello_world.py took 0.064 seconds
[2024-10-06T04:47:41.800+0000] {processor.py:186} INFO - Started process (PID=4663) to work on /opt/airflow/dags/hello_world.py
[2024-10-06T04:47:41.800+0000] {processor.py:914} INFO - Processing file /opt/airflow/dags/hello_world.py for tasks to queue
[2024-10-06T04:47:41.802+0000] {logging_mixin.py:190} INFO - [2024-10-06T04:47:41.802+0000] {dagbag.py:588} INFO - Filling up the DagBag from /opt/airflow/dags/hello_world.py
[2024-10-06T04:47:41.809+0000] {processor.py:925} INFO - DAG(s) 'hello_world' retrieved from /opt/airflow/dags/hello_world.py
[2024-10-06T04:47:41.822+0000] {logging_mixin.py:190} INFO - [2024-10-06T04:47:41.822+0000] {dag.py:3239} INFO - Sync 1 DAGs
[2024-10-06T04:47:41.841+0000] {logging_mixin.py:190} INFO - [2024-10-06T04:47:41.840+0000] {dag.py:4180} INFO - Setting next_dagrun for hello_world to 2024-10-06 00:00:00+00:00, run_after=2024-10-07 00:00:00+00:00
[2024-10-06T04:47:41.858+0000] {processor.py:208} INFO - Processing /opt/airflow/dags/hello_world.py took 0.063 seconds
[2024-10-06T04:48:12.164+0000] {processor.py:186} INFO - Started process (PID=4726) to work on /opt/airflow/dags/hello_world.py
[2024-10-06T04:48:12.164+0000] {processor.py:914} INFO - Processing file /opt/airflow/dags/hello_world.py for tasks to queue
[2024-10-06T04:48:12.166+0000] {logging_mixin.py:190} INFO - [2024-10-06T04:48:12.166+0000] {dagbag.py:588} INFO - Filling up the DagBag from /opt/airflow/dags/hello_world.py
[2024-10-06T04:48:12.173+0000] {processor.py:925} INFO - DAG(s) 'hello_world' retrieved from /opt/airflow/dags/hello_world.py
[2024-10-06T04:48:12.188+0000] {logging_mixin.py:190} INFO - [2024-10-06T04:48:12.187+0000] {dag.py:3239} INFO - Sync 1 DAGs
[2024-10-06T04:48:12.206+0000] {logging_mixin.py:190} INFO - [2024-10-06T04:48:12.206+0000] {dag.py:4180} INFO - Setting next_dagrun for hello_world to 2024-10-06 00:00:00+00:00, run_after=2024-10-07 00:00:00+00:00
[2024-10-06T04:48:12.224+0000] {processor.py:208} INFO - Processing /opt/airflow/dags/hello_world.py took 0.064 seconds
[2024-10-06T04:48:42.546+0000] {processor.py:186} INFO - Started process (PID=4789) to work on /opt/airflow/dags/hello_world.py
[2024-10-06T04:48:42.547+0000] {processor.py:914} INFO - Processing file /opt/airflow/dags/hello_world.py for tasks to queue
[2024-10-06T04:48:42.549+0000] {logging_mixin.py:190} INFO - [2024-10-06T04:48:42.548+0000] {dagbag.py:588} INFO - Filling up the DagBag from /opt/airflow/dags/hello_world.py
[2024-10-06T04:48:42.555+0000] {processor.py:925} INFO - DAG(s) 'hello_world' retrieved from /opt/airflow/dags/hello_world.py
[2024-10-06T04:48:42.570+0000] {logging_mixin.py:190} INFO - [2024-10-06T04:48:42.570+0000] {dag.py:3239} INFO - Sync 1 DAGs
[2024-10-06T04:48:42.591+0000] {logging_mixin.py:190} INFO - [2024-10-06T04:48:42.591+0000] {dag.py:4180} INFO - Setting next_dagrun for hello_world to 2024-10-06 00:00:00+00:00, run_after=2024-10-07 00:00:00+00:00
[2024-10-06T04:48:42.607+0000] {processor.py:208} INFO - Processing /opt/airflow/dags/hello_world.py took 0.065 seconds
[2024-10-06T04:49:12.865+0000] {processor.py:186} INFO - Started process (PID=4852) to work on /opt/airflow/dags/hello_world.py
[2024-10-06T04:49:12.866+0000] {processor.py:914} INFO - Processing file /opt/airflow/dags/hello_world.py for tasks to queue
[2024-10-06T04:49:12.868+0000] {logging_mixin.py:190} INFO - [2024-10-06T04:49:12.867+0000] {dagbag.py:588} INFO - Filling up the DagBag from /opt/airflow/dags/hello_world.py
[2024-10-06T04:49:12.874+0000] {processor.py:925} INFO - DAG(s) 'hello_world' retrieved from /opt/airflow/dags/hello_world.py
[2024-10-06T04:49:12.888+0000] {logging_mixin.py:190} INFO - [2024-10-06T04:49:12.888+0000] {dag.py:3239} INFO - Sync 1 DAGs
[2024-10-06T04:49:12.906+0000] {logging_mixin.py:190} INFO - [2024-10-06T04:49:12.905+0000] {dag.py:4180} INFO - Setting next_dagrun for hello_world to 2024-10-06 00:00:00+00:00, run_after=2024-10-07 00:00:00+00:00
[2024-10-06T04:49:12.922+0000] {processor.py:208} INFO - Processing /opt/airflow/dags/hello_world.py took 0.061 seconds
[2024-10-06T04:49:43.306+0000] {processor.py:186} INFO - Started process (PID=4917) to work on /opt/airflow/dags/hello_world.py
[2024-10-06T04:49:43.306+0000] {processor.py:914} INFO - Processing file /opt/airflow/dags/hello_world.py for tasks to queue
[2024-10-06T04:49:43.308+0000] {logging_mixin.py:190} INFO - [2024-10-06T04:49:43.308+0000] {dagbag.py:588} INFO - Filling up the DagBag from /opt/airflow/dags/hello_world.py
[2024-10-06T04:49:43.315+0000] {processor.py:925} INFO - DAG(s) 'hello_world' retrieved from /opt/airflow/dags/hello_world.py
[2024-10-06T04:49:43.330+0000] {logging_mixin.py:190} INFO - [2024-10-06T04:49:43.329+0000] {dag.py:3239} INFO - Sync 1 DAGs
[2024-10-06T04:49:43.348+0000] {logging_mixin.py:190} INFO - [2024-10-06T04:49:43.348+0000] {dag.py:4180} INFO - Setting next_dagrun for hello_world to 2024-10-06 00:00:00+00:00, run_after=2024-10-07 00:00:00+00:00
[2024-10-06T04:49:43.366+0000] {processor.py:208} INFO - Processing /opt/airflow/dags/hello_world.py took 0.065 seconds
[2024-10-06T04:50:13.516+0000] {processor.py:186} INFO - Started process (PID=4980) to work on /opt/airflow/dags/hello_world.py
[2024-10-06T04:50:13.517+0000] {processor.py:914} INFO - Processing file /opt/airflow/dags/hello_world.py for tasks to queue
[2024-10-06T04:50:13.519+0000] {logging_mixin.py:190} INFO - [2024-10-06T04:50:13.519+0000] {dagbag.py:588} INFO - Filling up the DagBag from /opt/airflow/dags/hello_world.py
[2024-10-06T04:50:13.525+0000] {processor.py:925} INFO - DAG(s) 'hello_world' retrieved from /opt/airflow/dags/hello_world.py
[2024-10-06T04:50:13.540+0000] {logging_mixin.py:190} INFO - [2024-10-06T04:50:13.539+0000] {dag.py:3239} INFO - Sync 1 DAGs
[2024-10-06T04:50:13.558+0000] {logging_mixin.py:190} INFO - [2024-10-06T04:50:13.557+0000] {dag.py:4180} INFO - Setting next_dagrun for hello_world to 2024-10-06 00:00:00+00:00, run_after=2024-10-07 00:00:00+00:00
[2024-10-06T04:50:13.574+0000] {processor.py:208} INFO - Processing /opt/airflow/dags/hello_world.py took 0.062 seconds
[2024-10-06T04:50:44.187+0000] {processor.py:186} INFO - Started process (PID=5044) to work on /opt/airflow/dags/hello_world.py
[2024-10-06T04:50:44.188+0000] {processor.py:914} INFO - Processing file /opt/airflow/dags/hello_world.py for tasks to queue
[2024-10-06T04:50:44.190+0000] {logging_mixin.py:190} INFO - [2024-10-06T04:50:44.189+0000] {dagbag.py:588} INFO - Filling up the DagBag from /opt/airflow/dags/hello_world.py
[2024-10-06T04:50:44.196+0000] {processor.py:925} INFO - DAG(s) 'hello_world' retrieved from /opt/airflow/dags/hello_world.py
[2024-10-06T04:50:44.210+0000] {logging_mixin.py:190} INFO - [2024-10-06T04:50:44.209+0000] {dag.py:3239} INFO - Sync 1 DAGs
[2024-10-06T04:50:44.228+0000] {logging_mixin.py:190} INFO - [2024-10-06T04:50:44.228+0000] {dag.py:4180} INFO - Setting next_dagrun for hello_world to 2024-10-06 00:00:00+00:00, run_after=2024-10-07 00:00:00+00:00
[2024-10-06T04:50:44.245+0000] {processor.py:208} INFO - Processing /opt/airflow/dags/hello_world.py took 0.062 seconds
[2024-10-06T04:51:14.730+0000] {processor.py:186} INFO - Started process (PID=5108) to work on /opt/airflow/dags/hello_world.py
[2024-10-06T04:51:14.730+0000] {processor.py:914} INFO - Processing file /opt/airflow/dags/hello_world.py for tasks to queue
[2024-10-06T04:51:14.732+0000] {logging_mixin.py:190} INFO - [2024-10-06T04:51:14.732+0000] {dagbag.py:588} INFO - Filling up the DagBag from /opt/airflow/dags/hello_world.py
[2024-10-06T04:51:14.739+0000] {processor.py:925} INFO - DAG(s) 'hello_world' retrieved from /opt/airflow/dags/hello_world.py
[2024-10-06T04:51:14.752+0000] {logging_mixin.py:190} INFO - [2024-10-06T04:51:14.752+0000] {dag.py:3239} INFO - Sync 1 DAGs
[2024-10-06T04:51:14.770+0000] {logging_mixin.py:190} INFO - [2024-10-06T04:51:14.770+0000] {dag.py:4180} INFO - Setting next_dagrun for hello_world to 2024-10-06 00:00:00+00:00, run_after=2024-10-07 00:00:00+00:00
[2024-10-06T04:51:14.790+0000] {processor.py:208} INFO - Processing /opt/airflow/dags/hello_world.py took 0.065 seconds
[2024-10-06T04:51:44.951+0000] {processor.py:186} INFO - Started process (PID=5172) to work on /opt/airflow/dags/hello_world.py
[2024-10-06T04:51:44.951+0000] {processor.py:914} INFO - Processing file /opt/airflow/dags/hello_world.py for tasks to queue
[2024-10-06T04:51:44.953+0000] {logging_mixin.py:190} INFO - [2024-10-06T04:51:44.953+0000] {dagbag.py:588} INFO - Filling up the DagBag from /opt/airflow/dags/hello_world.py
[2024-10-06T04:51:44.960+0000] {processor.py:925} INFO - DAG(s) 'hello_world' retrieved from /opt/airflow/dags/hello_world.py
[2024-10-06T04:51:44.974+0000] {logging_mixin.py:190} INFO - [2024-10-06T04:51:44.974+0000] {dag.py:3239} INFO - Sync 1 DAGs
[2024-10-06T04:51:44.993+0000] {logging_mixin.py:190} INFO - [2024-10-06T04:51:44.993+0000] {dag.py:4180} INFO - Setting next_dagrun for hello_world to 2024-10-06 00:00:00+00:00, run_after=2024-10-07 00:00:00+00:00
[2024-10-06T04:51:45.009+0000] {processor.py:208} INFO - Processing /opt/airflow/dags/hello_world.py took 0.063 seconds
[2024-10-06T04:52:15.675+0000] {processor.py:186} INFO - Started process (PID=5237) to work on /opt/airflow/dags/hello_world.py
[2024-10-06T04:52:15.676+0000] {processor.py:914} INFO - Processing file /opt/airflow/dags/hello_world.py for tasks to queue
[2024-10-06T04:52:15.678+0000] {logging_mixin.py:190} INFO - [2024-10-06T04:52:15.677+0000] {dagbag.py:588} INFO - Filling up the DagBag from /opt/airflow/dags/hello_world.py
[2024-10-06T04:52:15.684+0000] {processor.py:925} INFO - DAG(s) 'hello_world' retrieved from /opt/airflow/dags/hello_world.py
[2024-10-06T04:52:15.698+0000] {logging_mixin.py:190} INFO - [2024-10-06T04:52:15.698+0000] {dag.py:3239} INFO - Sync 1 DAGs
[2024-10-06T04:52:15.717+0000] {logging_mixin.py:190} INFO - [2024-10-06T04:52:15.717+0000] {dag.py:4180} INFO - Setting next_dagrun for hello_world to 2024-10-06 00:00:00+00:00, run_after=2024-10-07 00:00:00+00:00
[2024-10-06T04:52:15.736+0000] {processor.py:208} INFO - Processing /opt/airflow/dags/hello_world.py took 0.066 seconds
[2024-10-06T04:52:46.025+0000] {processor.py:186} INFO - Started process (PID=5301) to work on /opt/airflow/dags/hello_world.py
[2024-10-06T04:52:46.026+0000] {processor.py:914} INFO - Processing file /opt/airflow/dags/hello_world.py for tasks to queue
[2024-10-06T04:52:46.027+0000] {logging_mixin.py:190} INFO - [2024-10-06T04:52:46.027+0000] {dagbag.py:588} INFO - Filling up the DagBag from /opt/airflow/dags/hello_world.py
[2024-10-06T04:52:46.034+0000] {processor.py:925} INFO - DAG(s) 'hello_world' retrieved from /opt/airflow/dags/hello_world.py
[2024-10-06T04:52:46.047+0000] {logging_mixin.py:190} INFO - [2024-10-06T04:52:46.047+0000] {dag.py:3239} INFO - Sync 1 DAGs
[2024-10-06T04:52:46.067+0000] {logging_mixin.py:190} INFO - [2024-10-06T04:52:46.066+0000] {dag.py:4180} INFO - Setting next_dagrun for hello_world to 2024-10-06 00:00:00+00:00, run_after=2024-10-07 00:00:00+00:00
[2024-10-06T04:52:46.084+0000] {processor.py:208} INFO - Processing /opt/airflow/dags/hello_world.py took 0.064 seconds
[2024-10-06T04:53:16.697+0000] {processor.py:186} INFO - Started process (PID=5365) to work on /opt/airflow/dags/hello_world.py
[2024-10-06T04:53:16.698+0000] {processor.py:914} INFO - Processing file /opt/airflow/dags/hello_world.py for tasks to queue
[2024-10-06T04:53:16.699+0000] {logging_mixin.py:190} INFO - [2024-10-06T04:53:16.699+0000] {dagbag.py:588} INFO - Filling up the DagBag from /opt/airflow/dags/hello_world.py
[2024-10-06T04:53:16.706+0000] {processor.py:925} INFO - DAG(s) 'hello_world' retrieved from /opt/airflow/dags/hello_world.py
[2024-10-06T04:53:16.720+0000] {logging_mixin.py:190} INFO - [2024-10-06T04:53:16.720+0000] {dag.py:3239} INFO - Sync 1 DAGs
[2024-10-06T04:53:16.739+0000] {logging_mixin.py:190} INFO - [2024-10-06T04:53:16.739+0000] {dag.py:4180} INFO - Setting next_dagrun for hello_world to 2024-10-06 00:00:00+00:00, run_after=2024-10-07 00:00:00+00:00
[2024-10-06T04:53:16.760+0000] {processor.py:208} INFO - Processing /opt/airflow/dags/hello_world.py took 0.068 seconds
[2024-10-06T04:53:47.023+0000] {processor.py:186} INFO - Started process (PID=5429) to work on /opt/airflow/dags/hello_world.py
[2024-10-06T04:53:47.024+0000] {processor.py:914} INFO - Processing file /opt/airflow/dags/hello_world.py for tasks to queue
[2024-10-06T04:53:47.026+0000] {logging_mixin.py:190} INFO - [2024-10-06T04:53:47.026+0000] {dagbag.py:588} INFO - Filling up the DagBag from /opt/airflow/dags/hello_world.py
[2024-10-06T04:53:47.032+0000] {processor.py:925} INFO - DAG(s) 'hello_world' retrieved from /opt/airflow/dags/hello_world.py
[2024-10-06T04:53:47.046+0000] {logging_mixin.py:190} INFO - [2024-10-06T04:53:47.046+0000] {dag.py:3239} INFO - Sync 1 DAGs
[2024-10-06T04:53:47.064+0000] {logging_mixin.py:190} INFO - [2024-10-06T04:53:47.064+0000] {dag.py:4180} INFO - Setting next_dagrun for hello_world to 2024-10-06 00:00:00+00:00, run_after=2024-10-07 00:00:00+00:00
[2024-10-06T04:53:47.081+0000] {processor.py:208} INFO - Processing /opt/airflow/dags/hello_world.py took 0.062 seconds
[2024-10-06T04:54:17.331+0000] {processor.py:186} INFO - Started process (PID=5493) to work on /opt/airflow/dags/hello_world.py
[2024-10-06T04:54:17.332+0000] {processor.py:914} INFO - Processing file /opt/airflow/dags/hello_world.py for tasks to queue
[2024-10-06T04:54:17.333+0000] {logging_mixin.py:190} INFO - [2024-10-06T04:54:17.333+0000] {dagbag.py:588} INFO - Filling up the DagBag from /opt/airflow/dags/hello_world.py
[2024-10-06T04:54:17.340+0000] {processor.py:925} INFO - DAG(s) 'hello_world' retrieved from /opt/airflow/dags/hello_world.py
[2024-10-06T04:54:17.353+0000] {logging_mixin.py:190} INFO - [2024-10-06T04:54:17.353+0000] {dag.py:3239} INFO - Sync 1 DAGs
[2024-10-06T04:54:17.372+0000] {logging_mixin.py:190} INFO - [2024-10-06T04:54:17.372+0000] {dag.py:4180} INFO - Setting next_dagrun for hello_world to 2024-10-06 00:00:00+00:00, run_after=2024-10-07 00:00:00+00:00
[2024-10-06T04:54:17.390+0000] {processor.py:208} INFO - Processing /opt/airflow/dags/hello_world.py took 0.063 seconds
[2024-10-06T04:54:47.662+0000] {processor.py:186} INFO - Started process (PID=5557) to work on /opt/airflow/dags/hello_world.py
[2024-10-06T04:54:47.662+0000] {processor.py:914} INFO - Processing file /opt/airflow/dags/hello_world.py for tasks to queue
[2024-10-06T04:54:47.664+0000] {logging_mixin.py:190} INFO - [2024-10-06T04:54:47.664+0000] {dagbag.py:588} INFO - Filling up the DagBag from /opt/airflow/dags/hello_world.py
[2024-10-06T04:54:47.671+0000] {processor.py:925} INFO - DAG(s) 'hello_world' retrieved from /opt/airflow/dags/hello_world.py
[2024-10-06T04:54:47.685+0000] {logging_mixin.py:190} INFO - [2024-10-06T04:54:47.685+0000] {dag.py:3239} INFO - Sync 1 DAGs
[2024-10-06T04:54:47.703+0000] {logging_mixin.py:190} INFO - [2024-10-06T04:54:47.703+0000] {dag.py:4180} INFO - Setting next_dagrun for hello_world to 2024-10-06 00:00:00+00:00, run_after=2024-10-07 00:00:00+00:00
[2024-10-06T04:54:47.723+0000] {processor.py:208} INFO - Processing /opt/airflow/dags/hello_world.py took 0.065 seconds
[2024-10-06T04:55:17.963+0000] {processor.py:186} INFO - Started process (PID=5621) to work on /opt/airflow/dags/hello_world.py
[2024-10-06T04:55:17.964+0000] {processor.py:914} INFO - Processing file /opt/airflow/dags/hello_world.py for tasks to queue
[2024-10-06T04:55:17.966+0000] {logging_mixin.py:190} INFO - [2024-10-06T04:55:17.965+0000] {dagbag.py:588} INFO - Filling up the DagBag from /opt/airflow/dags/hello_world.py
[2024-10-06T04:55:17.972+0000] {processor.py:925} INFO - DAG(s) 'hello_world' retrieved from /opt/airflow/dags/hello_world.py
[2024-10-06T04:55:17.985+0000] {logging_mixin.py:190} INFO - [2024-10-06T04:55:17.985+0000] {dag.py:3239} INFO - Sync 1 DAGs
[2024-10-06T04:55:18.003+0000] {logging_mixin.py:190} INFO - [2024-10-06T04:55:18.003+0000] {dag.py:4180} INFO - Setting next_dagrun for hello_world to 2024-10-06 00:00:00+00:00, run_after=2024-10-07 00:00:00+00:00
[2024-10-06T04:55:18.030+0000] {processor.py:208} INFO - Processing /opt/airflow/dags/hello_world.py took 0.071 seconds
[2024-10-06T04:55:48.306+0000] {processor.py:186} INFO - Started process (PID=5685) to work on /opt/airflow/dags/hello_world.py
[2024-10-06T04:55:48.307+0000] {processor.py:914} INFO - Processing file /opt/airflow/dags/hello_world.py for tasks to queue
[2024-10-06T04:55:48.308+0000] {logging_mixin.py:190} INFO - [2024-10-06T04:55:48.308+0000] {dagbag.py:588} INFO - Filling up the DagBag from /opt/airflow/dags/hello_world.py
[2024-10-06T04:55:48.315+0000] {processor.py:925} INFO - DAG(s) 'hello_world' retrieved from /opt/airflow/dags/hello_world.py
[2024-10-06T04:55:48.329+0000] {logging_mixin.py:190} INFO - [2024-10-06T04:55:48.328+0000] {dag.py:3239} INFO - Sync 1 DAGs
[2024-10-06T04:55:48.347+0000] {logging_mixin.py:190} INFO - [2024-10-06T04:55:48.346+0000] {dag.py:4180} INFO - Setting next_dagrun for hello_world to 2024-10-06 00:00:00+00:00, run_after=2024-10-07 00:00:00+00:00
[2024-10-06T04:55:48.363+0000] {processor.py:208} INFO - Processing /opt/airflow/dags/hello_world.py took 0.061 seconds
[2024-10-06T04:56:18.898+0000] {processor.py:186} INFO - Started process (PID=5749) to work on /opt/airflow/dags/hello_world.py
[2024-10-06T04:56:18.898+0000] {processor.py:914} INFO - Processing file /opt/airflow/dags/hello_world.py for tasks to queue
[2024-10-06T04:56:18.900+0000] {logging_mixin.py:190} INFO - [2024-10-06T04:56:18.900+0000] {dagbag.py:588} INFO - Filling up the DagBag from /opt/airflow/dags/hello_world.py
[2024-10-06T04:56:18.907+0000] {processor.py:925} INFO - DAG(s) 'hello_world' retrieved from /opt/airflow/dags/hello_world.py
[2024-10-06T04:56:18.921+0000] {logging_mixin.py:190} INFO - [2024-10-06T04:56:18.921+0000] {dag.py:3239} INFO - Sync 1 DAGs
[2024-10-06T04:56:18.940+0000] {logging_mixin.py:190} INFO - [2024-10-06T04:56:18.939+0000] {dag.py:4180} INFO - Setting next_dagrun for hello_world to 2024-10-06 00:00:00+00:00, run_after=2024-10-07 00:00:00+00:00
[2024-10-06T04:56:18.956+0000] {processor.py:208} INFO - Processing /opt/airflow/dags/hello_world.py took 0.064 seconds
