[2024-08-04T04:49:35.637+0000] {processor.py:161} INFO - Started process (PID=76) to work on /home/airflow/.local/lib/python3.12/site-packages/airflow/example_dags/example_xcomargs.py
[2024-08-04T04:49:35.638+0000] {processor.py:830} INFO - Processing file /home/airflow/.local/lib/python3.12/site-packages/airflow/example_dags/example_xcomargs.py for tasks to queue
[2024-08-04T04:49:35.640+0000] {logging_mixin.py:188} INFO - [2024-08-04T04:49:35.640+0000] {dagbag.py:545} INFO - Filling up the DagBag from /home/airflow/.local/lib/python3.12/site-packages/airflow/example_dags/example_xcomargs.py
[2024-08-04T04:49:35.680+0000] {processor.py:840} INFO - DAG(s) 'example_xcom_args_with_operators', 'example_xcom_args' retrieved from /home/airflow/.local/lib/python3.12/site-packages/airflow/example_dags/example_xcomargs.py
[2024-08-04T04:49:36.010+0000] {logging_mixin.py:188} INFO - [2024-08-04T04:49:36.009+0000] {dag.py:3096} INFO - Sync 2 DAGs
[2024-08-04T04:49:36.055+0000] {logging_mixin.py:188} INFO - [2024-08-04T04:49:36.054+0000] {dag.py:3954} INFO - Setting next_dagrun for example_xcom_args to None, run_after=None
[2024-08-04T04:49:36.065+0000] {logging_mixin.py:188} INFO - [2024-08-04T04:49:36.065+0000] {dag.py:3954} INFO - Setting next_dagrun for example_xcom_args_with_operators to None, run_after=None
[2024-08-04T04:49:36.125+0000] {processor.py:183} INFO - Processing /home/airflow/.local/lib/python3.12/site-packages/airflow/example_dags/example_xcomargs.py took 0.518 seconds
[2024-08-04T04:50:06.768+0000] {processor.py:161} INFO - Started process (PID=134) to work on /home/airflow/.local/lib/python3.12/site-packages/airflow/example_dags/example_xcomargs.py
[2024-08-04T04:50:06.769+0000] {processor.py:830} INFO - Processing file /home/airflow/.local/lib/python3.12/site-packages/airflow/example_dags/example_xcomargs.py for tasks to queue
[2024-08-04T04:50:06.771+0000] {logging_mixin.py:188} INFO - [2024-08-04T04:50:06.770+0000] {dagbag.py:545} INFO - Filling up the DagBag from /home/airflow/.local/lib/python3.12/site-packages/airflow/example_dags/example_xcomargs.py
[2024-08-04T04:50:06.801+0000] {processor.py:840} INFO - DAG(s) 'example_xcom_args_with_operators', 'example_xcom_args' retrieved from /home/airflow/.local/lib/python3.12/site-packages/airflow/example_dags/example_xcomargs.py
[2024-08-04T04:50:06.889+0000] {logging_mixin.py:188} INFO - [2024-08-04T04:50:06.888+0000] {dag.py:3096} INFO - Sync 2 DAGs
[2024-08-04T04:50:06.911+0000] {logging_mixin.py:188} INFO - [2024-08-04T04:50:06.910+0000] {dag.py:3954} INFO - Setting next_dagrun for example_xcom_args to None, run_after=None
[2024-08-04T04:50:06.926+0000] {logging_mixin.py:188} INFO - [2024-08-04T04:50:06.926+0000] {dag.py:3954} INFO - Setting next_dagrun for example_xcom_args_with_operators to None, run_after=None
[2024-08-04T04:50:06.965+0000] {processor.py:183} INFO - Processing /home/airflow/.local/lib/python3.12/site-packages/airflow/example_dags/example_xcomargs.py took 0.211 seconds
[2024-08-04T04:50:37.090+0000] {processor.py:161} INFO - Started process (PID=192) to work on /home/airflow/.local/lib/python3.12/site-packages/airflow/example_dags/example_xcomargs.py
[2024-08-04T04:50:37.091+0000] {processor.py:830} INFO - Processing file /home/airflow/.local/lib/python3.12/site-packages/airflow/example_dags/example_xcomargs.py for tasks to queue
[2024-08-04T04:50:37.093+0000] {logging_mixin.py:188} INFO - [2024-08-04T04:50:37.093+0000] {dagbag.py:545} INFO - Filling up the DagBag from /home/airflow/.local/lib/python3.12/site-packages/airflow/example_dags/example_xcomargs.py
[2024-08-04T04:50:37.102+0000] {processor.py:840} INFO - DAG(s) 'example_xcom_args_with_operators', 'example_xcom_args' retrieved from /home/airflow/.local/lib/python3.12/site-packages/airflow/example_dags/example_xcomargs.py
[2024-08-04T04:50:37.129+0000] {logging_mixin.py:188} INFO - [2024-08-04T04:50:37.129+0000] {dag.py:3096} INFO - Sync 2 DAGs
[2024-08-04T04:50:37.142+0000] {logging_mixin.py:188} INFO - [2024-08-04T04:50:37.142+0000] {dag.py:3954} INFO - Setting next_dagrun for example_xcom_args to None, run_after=None
[2024-08-04T04:50:37.147+0000] {logging_mixin.py:188} INFO - [2024-08-04T04:50:37.147+0000] {dag.py:3954} INFO - Setting next_dagrun for example_xcom_args_with_operators to None, run_after=None
[2024-08-04T04:50:37.169+0000] {processor.py:183} INFO - Processing /home/airflow/.local/lib/python3.12/site-packages/airflow/example_dags/example_xcomargs.py took 0.085 seconds
[2024-08-04T04:51:07.653+0000] {processor.py:161} INFO - Started process (PID=250) to work on /home/airflow/.local/lib/python3.12/site-packages/airflow/example_dags/example_xcomargs.py
[2024-08-04T04:51:07.654+0000] {processor.py:830} INFO - Processing file /home/airflow/.local/lib/python3.12/site-packages/airflow/example_dags/example_xcomargs.py for tasks to queue
[2024-08-04T04:51:07.655+0000] {logging_mixin.py:188} INFO - [2024-08-04T04:51:07.655+0000] {dagbag.py:545} INFO - Filling up the DagBag from /home/airflow/.local/lib/python3.12/site-packages/airflow/example_dags/example_xcomargs.py
[2024-08-04T04:51:07.665+0000] {processor.py:840} INFO - DAG(s) 'example_xcom_args_with_operators', 'example_xcom_args' retrieved from /home/airflow/.local/lib/python3.12/site-packages/airflow/example_dags/example_xcomargs.py
[2024-08-04T04:51:07.690+0000] {logging_mixin.py:188} INFO - [2024-08-04T04:51:07.689+0000] {dag.py:3096} INFO - Sync 2 DAGs
[2024-08-04T04:51:07.706+0000] {logging_mixin.py:188} INFO - [2024-08-04T04:51:07.706+0000] {dag.py:3954} INFO - Setting next_dagrun for example_xcom_args to None, run_after=None
[2024-08-04T04:51:07.710+0000] {logging_mixin.py:188} INFO - [2024-08-04T04:51:07.710+0000] {dag.py:3954} INFO - Setting next_dagrun for example_xcom_args_with_operators to None, run_after=None
[2024-08-04T04:51:07.733+0000] {processor.py:183} INFO - Processing /home/airflow/.local/lib/python3.12/site-packages/airflow/example_dags/example_xcomargs.py took 0.087 seconds
[2024-08-04T04:51:38.256+0000] {processor.py:161} INFO - Started process (PID=308) to work on /home/airflow/.local/lib/python3.12/site-packages/airflow/example_dags/example_xcomargs.py
[2024-08-04T04:51:38.257+0000] {processor.py:830} INFO - Processing file /home/airflow/.local/lib/python3.12/site-packages/airflow/example_dags/example_xcomargs.py for tasks to queue
[2024-08-04T04:51:38.259+0000] {logging_mixin.py:188} INFO - [2024-08-04T04:51:38.259+0000] {dagbag.py:545} INFO - Filling up the DagBag from /home/airflow/.local/lib/python3.12/site-packages/airflow/example_dags/example_xcomargs.py
[2024-08-04T04:51:38.292+0000] {processor.py:840} INFO - DAG(s) 'example_xcom_args_with_operators', 'example_xcom_args' retrieved from /home/airflow/.local/lib/python3.12/site-packages/airflow/example_dags/example_xcomargs.py
[2024-08-04T04:51:38.321+0000] {logging_mixin.py:188} INFO - [2024-08-04T04:51:38.321+0000] {dag.py:3096} INFO - Sync 2 DAGs
[2024-08-04T04:51:38.339+0000] {logging_mixin.py:188} INFO - [2024-08-04T04:51:38.339+0000] {dag.py:3954} INFO - Setting next_dagrun for example_xcom_args to None, run_after=None
[2024-08-04T04:51:38.344+0000] {logging_mixin.py:188} INFO - [2024-08-04T04:51:38.343+0000] {dag.py:3954} INFO - Setting next_dagrun for example_xcom_args_with_operators to None, run_after=None
[2024-08-04T04:51:38.385+0000] {processor.py:183} INFO - Processing /home/airflow/.local/lib/python3.12/site-packages/airflow/example_dags/example_xcomargs.py took 0.136 seconds
[2024-08-04T04:52:09.086+0000] {processor.py:161} INFO - Started process (PID=366) to work on /home/airflow/.local/lib/python3.12/site-packages/airflow/example_dags/example_xcomargs.py
[2024-08-04T04:52:09.087+0000] {processor.py:830} INFO - Processing file /home/airflow/.local/lib/python3.12/site-packages/airflow/example_dags/example_xcomargs.py for tasks to queue
[2024-08-04T04:52:09.089+0000] {logging_mixin.py:188} INFO - [2024-08-04T04:52:09.089+0000] {dagbag.py:545} INFO - Filling up the DagBag from /home/airflow/.local/lib/python3.12/site-packages/airflow/example_dags/example_xcomargs.py
[2024-08-04T04:52:09.099+0000] {processor.py:840} INFO - DAG(s) 'example_xcom_args_with_operators', 'example_xcom_args' retrieved from /home/airflow/.local/lib/python3.12/site-packages/airflow/example_dags/example_xcomargs.py
[2024-08-04T04:52:09.126+0000] {logging_mixin.py:188} INFO - [2024-08-04T04:52:09.126+0000] {dag.py:3096} INFO - Sync 2 DAGs
[2024-08-04T04:52:09.142+0000] {logging_mixin.py:188} INFO - [2024-08-04T04:52:09.142+0000] {dag.py:3954} INFO - Setting next_dagrun for example_xcom_args to None, run_after=None
[2024-08-04T04:52:09.147+0000] {logging_mixin.py:188} INFO - [2024-08-04T04:52:09.147+0000] {dag.py:3954} INFO - Setting next_dagrun for example_xcom_args_with_operators to None, run_after=None
[2024-08-04T04:52:09.171+0000] {processor.py:183} INFO - Processing /home/airflow/.local/lib/python3.12/site-packages/airflow/example_dags/example_xcomargs.py took 0.092 seconds
[2024-08-04T04:52:40.035+0000] {processor.py:161} INFO - Started process (PID=425) to work on /home/airflow/.local/lib/python3.12/site-packages/airflow/example_dags/example_xcomargs.py
[2024-08-04T04:52:40.036+0000] {processor.py:830} INFO - Processing file /home/airflow/.local/lib/python3.12/site-packages/airflow/example_dags/example_xcomargs.py for tasks to queue
[2024-08-04T04:52:40.038+0000] {logging_mixin.py:188} INFO - [2024-08-04T04:52:40.038+0000] {dagbag.py:545} INFO - Filling up the DagBag from /home/airflow/.local/lib/python3.12/site-packages/airflow/example_dags/example_xcomargs.py
[2024-08-04T04:52:40.047+0000] {processor.py:840} INFO - DAG(s) 'example_xcom_args_with_operators', 'example_xcom_args' retrieved from /home/airflow/.local/lib/python3.12/site-packages/airflow/example_dags/example_xcomargs.py
[2024-08-04T04:52:40.072+0000] {logging_mixin.py:188} INFO - [2024-08-04T04:52:40.072+0000] {dag.py:3096} INFO - Sync 2 DAGs
[2024-08-04T04:52:40.087+0000] {logging_mixin.py:188} INFO - [2024-08-04T04:52:40.087+0000] {dag.py:3954} INFO - Setting next_dagrun for example_xcom_args to None, run_after=None
[2024-08-04T04:52:40.092+0000] {logging_mixin.py:188} INFO - [2024-08-04T04:52:40.091+0000] {dag.py:3954} INFO - Setting next_dagrun for example_xcom_args_with_operators to None, run_after=None
[2024-08-04T04:52:40.114+0000] {processor.py:183} INFO - Processing /home/airflow/.local/lib/python3.12/site-packages/airflow/example_dags/example_xcomargs.py took 0.085 seconds
[2024-08-04T04:53:11.044+0000] {processor.py:161} INFO - Started process (PID=483) to work on /home/airflow/.local/lib/python3.12/site-packages/airflow/example_dags/example_xcomargs.py
[2024-08-04T04:53:11.064+0000] {processor.py:830} INFO - Processing file /home/airflow/.local/lib/python3.12/site-packages/airflow/example_dags/example_xcomargs.py for tasks to queue
[2024-08-04T04:53:11.082+0000] {logging_mixin.py:188} INFO - [2024-08-04T04:53:11.082+0000] {dagbag.py:545} INFO - Filling up the DagBag from /home/airflow/.local/lib/python3.12/site-packages/airflow/example_dags/example_xcomargs.py
[2024-08-04T04:53:11.131+0000] {processor.py:840} INFO - DAG(s) 'example_xcom_args', 'example_xcom_args_with_operators' retrieved from /home/airflow/.local/lib/python3.12/site-packages/airflow/example_dags/example_xcomargs.py
[2024-08-04T04:53:11.319+0000] {logging_mixin.py:188} INFO - [2024-08-04T04:53:11.319+0000] {dag.py:3096} INFO - Sync 2 DAGs
[2024-08-04T04:53:11.480+0000] {logging_mixin.py:188} INFO - [2024-08-04T04:53:11.480+0000] {dag.py:3954} INFO - Setting next_dagrun for example_xcom_args to None, run_after=None
[2024-08-04T04:53:11.539+0000] {logging_mixin.py:188} INFO - [2024-08-04T04:53:11.536+0000] {dag.py:3954} INFO - Setting next_dagrun for example_xcom_args_with_operators to None, run_after=None
[2024-08-04T04:53:11.658+0000] {processor.py:183} INFO - Processing /home/airflow/.local/lib/python3.12/site-packages/airflow/example_dags/example_xcomargs.py took 0.639 seconds
[2024-08-04T04:53:41.944+0000] {processor.py:161} INFO - Started process (PID=541) to work on /home/airflow/.local/lib/python3.12/site-packages/airflow/example_dags/example_xcomargs.py
[2024-08-04T04:53:41.949+0000] {processor.py:830} INFO - Processing file /home/airflow/.local/lib/python3.12/site-packages/airflow/example_dags/example_xcomargs.py for tasks to queue
[2024-08-04T04:53:41.951+0000] {logging_mixin.py:188} INFO - [2024-08-04T04:53:41.951+0000] {dagbag.py:545} INFO - Filling up the DagBag from /home/airflow/.local/lib/python3.12/site-packages/airflow/example_dags/example_xcomargs.py
[2024-08-04T04:53:41.974+0000] {processor.py:840} INFO - DAG(s) 'example_xcom_args', 'example_xcom_args_with_operators' retrieved from /home/airflow/.local/lib/python3.12/site-packages/airflow/example_dags/example_xcomargs.py
[2024-08-04T04:53:42.018+0000] {logging_mixin.py:188} INFO - [2024-08-04T04:53:42.018+0000] {dag.py:3096} INFO - Sync 2 DAGs
[2024-08-04T04:53:42.049+0000] {logging_mixin.py:188} INFO - [2024-08-04T04:53:42.049+0000] {dag.py:3954} INFO - Setting next_dagrun for example_xcom_args to None, run_after=None
[2024-08-04T04:53:42.064+0000] {logging_mixin.py:188} INFO - [2024-08-04T04:53:42.064+0000] {dag.py:3954} INFO - Setting next_dagrun for example_xcom_args_with_operators to None, run_after=None
[2024-08-04T04:53:42.095+0000] {processor.py:183} INFO - Processing /home/airflow/.local/lib/python3.12/site-packages/airflow/example_dags/example_xcomargs.py took 0.172 seconds
[2024-08-04T04:54:12.792+0000] {processor.py:161} INFO - Started process (PID=599) to work on /home/airflow/.local/lib/python3.12/site-packages/airflow/example_dags/example_xcomargs.py
[2024-08-04T04:54:12.792+0000] {processor.py:830} INFO - Processing file /home/airflow/.local/lib/python3.12/site-packages/airflow/example_dags/example_xcomargs.py for tasks to queue
[2024-08-04T04:54:12.794+0000] {logging_mixin.py:188} INFO - [2024-08-04T04:54:12.794+0000] {dagbag.py:545} INFO - Filling up the DagBag from /home/airflow/.local/lib/python3.12/site-packages/airflow/example_dags/example_xcomargs.py
[2024-08-04T04:54:12.808+0000] {processor.py:840} INFO - DAG(s) 'example_xcom_args', 'example_xcom_args_with_operators' retrieved from /home/airflow/.local/lib/python3.12/site-packages/airflow/example_dags/example_xcomargs.py
[2024-08-04T04:54:12.835+0000] {logging_mixin.py:188} INFO - [2024-08-04T04:54:12.834+0000] {dag.py:3096} INFO - Sync 2 DAGs
[2024-08-04T04:54:12.856+0000] {logging_mixin.py:188} INFO - [2024-08-04T04:54:12.856+0000] {dag.py:3954} INFO - Setting next_dagrun for example_xcom_args to None, run_after=None
[2024-08-04T04:54:12.862+0000] {logging_mixin.py:188} INFO - [2024-08-04T04:54:12.862+0000] {dag.py:3954} INFO - Setting next_dagrun for example_xcom_args_with_operators to None, run_after=None
[2024-08-04T04:54:12.885+0000] {processor.py:183} INFO - Processing /home/airflow/.local/lib/python3.12/site-packages/airflow/example_dags/example_xcomargs.py took 0.100 seconds
[2024-08-04T04:54:43.008+0000] {processor.py:161} INFO - Started process (PID=659) to work on /home/airflow/.local/lib/python3.12/site-packages/airflow/example_dags/example_xcomargs.py
[2024-08-04T04:54:43.009+0000] {processor.py:830} INFO - Processing file /home/airflow/.local/lib/python3.12/site-packages/airflow/example_dags/example_xcomargs.py for tasks to queue
[2024-08-04T04:54:43.011+0000] {logging_mixin.py:188} INFO - [2024-08-04T04:54:43.011+0000] {dagbag.py:545} INFO - Filling up the DagBag from /home/airflow/.local/lib/python3.12/site-packages/airflow/example_dags/example_xcomargs.py
[2024-08-04T04:54:43.020+0000] {processor.py:840} INFO - DAG(s) 'example_xcom_args', 'example_xcom_args_with_operators' retrieved from /home/airflow/.local/lib/python3.12/site-packages/airflow/example_dags/example_xcomargs.py
[2024-08-04T04:54:43.047+0000] {logging_mixin.py:188} INFO - [2024-08-04T04:54:43.046+0000] {dag.py:3096} INFO - Sync 2 DAGs
[2024-08-04T04:54:43.064+0000] {logging_mixin.py:188} INFO - [2024-08-04T04:54:43.063+0000] {dag.py:3954} INFO - Setting next_dagrun for example_xcom_args to None, run_after=None
[2024-08-04T04:54:43.068+0000] {logging_mixin.py:188} INFO - [2024-08-04T04:54:43.068+0000] {dag.py:3954} INFO - Setting next_dagrun for example_xcom_args_with_operators to None, run_after=None
[2024-08-04T04:54:43.090+0000] {processor.py:183} INFO - Processing /home/airflow/.local/lib/python3.12/site-packages/airflow/example_dags/example_xcomargs.py took 0.088 seconds
[2024-08-04T04:55:13.793+0000] {processor.py:161} INFO - Started process (PID=718) to work on /home/airflow/.local/lib/python3.12/site-packages/airflow/example_dags/example_xcomargs.py
[2024-08-04T04:55:13.794+0000] {processor.py:830} INFO - Processing file /home/airflow/.local/lib/python3.12/site-packages/airflow/example_dags/example_xcomargs.py for tasks to queue
[2024-08-04T04:55:13.795+0000] {logging_mixin.py:188} INFO - [2024-08-04T04:55:13.795+0000] {dagbag.py:545} INFO - Filling up the DagBag from /home/airflow/.local/lib/python3.12/site-packages/airflow/example_dags/example_xcomargs.py
[2024-08-04T04:55:13.804+0000] {processor.py:840} INFO - DAG(s) 'example_xcom_args', 'example_xcom_args_with_operators' retrieved from /home/airflow/.local/lib/python3.12/site-packages/airflow/example_dags/example_xcomargs.py
[2024-08-04T04:55:13.832+0000] {logging_mixin.py:188} INFO - [2024-08-04T04:55:13.832+0000] {dag.py:3096} INFO - Sync 2 DAGs
[2024-08-04T04:55:13.857+0000] {logging_mixin.py:188} INFO - [2024-08-04T04:55:13.857+0000] {dag.py:3954} INFO - Setting next_dagrun for example_xcom_args to None, run_after=None
[2024-08-04T04:55:13.866+0000] {logging_mixin.py:188} INFO - [2024-08-04T04:55:13.865+0000] {dag.py:3954} INFO - Setting next_dagrun for example_xcom_args_with_operators to None, run_after=None
[2024-08-04T04:55:13.906+0000] {processor.py:183} INFO - Processing /home/airflow/.local/lib/python3.12/site-packages/airflow/example_dags/example_xcomargs.py took 0.119 seconds
[2024-08-04T04:55:44.694+0000] {processor.py:161} INFO - Started process (PID=777) to work on /home/airflow/.local/lib/python3.12/site-packages/airflow/example_dags/example_xcomargs.py
[2024-08-04T04:55:44.695+0000] {processor.py:830} INFO - Processing file /home/airflow/.local/lib/python3.12/site-packages/airflow/example_dags/example_xcomargs.py for tasks to queue
[2024-08-04T04:55:44.696+0000] {logging_mixin.py:188} INFO - [2024-08-04T04:55:44.696+0000] {dagbag.py:545} INFO - Filling up the DagBag from /home/airflow/.local/lib/python3.12/site-packages/airflow/example_dags/example_xcomargs.py
[2024-08-04T04:55:44.707+0000] {processor.py:840} INFO - DAG(s) 'example_xcom_args_with_operators', 'example_xcom_args' retrieved from /home/airflow/.local/lib/python3.12/site-packages/airflow/example_dags/example_xcomargs.py
[2024-08-04T04:55:44.738+0000] {logging_mixin.py:188} INFO - [2024-08-04T04:55:44.737+0000] {dag.py:3096} INFO - Sync 2 DAGs
[2024-08-04T04:55:44.756+0000] {logging_mixin.py:188} INFO - [2024-08-04T04:55:44.755+0000] {dag.py:3954} INFO - Setting next_dagrun for example_xcom_args to None, run_after=None
[2024-08-04T04:55:44.761+0000] {logging_mixin.py:188} INFO - [2024-08-04T04:55:44.761+0000] {dag.py:3954} INFO - Setting next_dagrun for example_xcom_args_with_operators to None, run_after=None
[2024-08-04T04:55:44.793+0000] {processor.py:183} INFO - Processing /home/airflow/.local/lib/python3.12/site-packages/airflow/example_dags/example_xcomargs.py took 0.103 seconds
[2024-08-04T04:56:14.973+0000] {processor.py:161} INFO - Started process (PID=836) to work on /home/airflow/.local/lib/python3.12/site-packages/airflow/example_dags/example_xcomargs.py
[2024-08-04T04:56:14.974+0000] {processor.py:830} INFO - Processing file /home/airflow/.local/lib/python3.12/site-packages/airflow/example_dags/example_xcomargs.py for tasks to queue
[2024-08-04T04:56:14.976+0000] {logging_mixin.py:188} INFO - [2024-08-04T04:56:14.976+0000] {dagbag.py:545} INFO - Filling up the DagBag from /home/airflow/.local/lib/python3.12/site-packages/airflow/example_dags/example_xcomargs.py
[2024-08-04T04:56:14.985+0000] {processor.py:840} INFO - DAG(s) 'example_xcom_args', 'example_xcom_args_with_operators' retrieved from /home/airflow/.local/lib/python3.12/site-packages/airflow/example_dags/example_xcomargs.py
[2024-08-04T04:56:15.014+0000] {logging_mixin.py:188} INFO - [2024-08-04T04:56:15.014+0000] {dag.py:3096} INFO - Sync 2 DAGs
[2024-08-04T04:56:15.030+0000] {logging_mixin.py:188} INFO - [2024-08-04T04:56:15.030+0000] {dag.py:3954} INFO - Setting next_dagrun for example_xcom_args to None, run_after=None
[2024-08-04T04:56:15.034+0000] {logging_mixin.py:188} INFO - [2024-08-04T04:56:15.034+0000] {dag.py:3954} INFO - Setting next_dagrun for example_xcom_args_with_operators to None, run_after=None
[2024-08-04T04:56:15.060+0000] {processor.py:183} INFO - Processing /home/airflow/.local/lib/python3.12/site-packages/airflow/example_dags/example_xcomargs.py took 0.093 seconds
[2024-08-04T04:56:45.686+0000] {processor.py:161} INFO - Started process (PID=895) to work on /home/airflow/.local/lib/python3.12/site-packages/airflow/example_dags/example_xcomargs.py
[2024-08-04T04:56:45.687+0000] {processor.py:830} INFO - Processing file /home/airflow/.local/lib/python3.12/site-packages/airflow/example_dags/example_xcomargs.py for tasks to queue
[2024-08-04T04:56:45.689+0000] {logging_mixin.py:188} INFO - [2024-08-04T04:56:45.688+0000] {dagbag.py:545} INFO - Filling up the DagBag from /home/airflow/.local/lib/python3.12/site-packages/airflow/example_dags/example_xcomargs.py
[2024-08-04T04:56:45.698+0000] {processor.py:840} INFO - DAG(s) 'example_xcom_args_with_operators', 'example_xcom_args' retrieved from /home/airflow/.local/lib/python3.12/site-packages/airflow/example_dags/example_xcomargs.py
[2024-08-04T04:56:45.755+0000] {logging_mixin.py:188} INFO - [2024-08-04T04:56:45.754+0000] {dag.py:3096} INFO - Sync 2 DAGs
[2024-08-04T04:56:45.772+0000] {logging_mixin.py:188} INFO - [2024-08-04T04:56:45.771+0000] {dag.py:3954} INFO - Setting next_dagrun for example_xcom_args to None, run_after=None
[2024-08-04T04:56:45.776+0000] {logging_mixin.py:188} INFO - [2024-08-04T04:56:45.776+0000] {dag.py:3954} INFO - Setting next_dagrun for example_xcom_args_with_operators to None, run_after=None
[2024-08-04T04:56:45.797+0000] {processor.py:183} INFO - Processing /home/airflow/.local/lib/python3.12/site-packages/airflow/example_dags/example_xcomargs.py took 0.118 seconds
[2024-08-04T04:57:15.978+0000] {processor.py:161} INFO - Started process (PID=955) to work on /home/airflow/.local/lib/python3.12/site-packages/airflow/example_dags/example_xcomargs.py
[2024-08-04T04:57:15.978+0000] {processor.py:830} INFO - Processing file /home/airflow/.local/lib/python3.12/site-packages/airflow/example_dags/example_xcomargs.py for tasks to queue
[2024-08-04T04:57:15.980+0000] {logging_mixin.py:188} INFO - [2024-08-04T04:57:15.980+0000] {dagbag.py:545} INFO - Filling up the DagBag from /home/airflow/.local/lib/python3.12/site-packages/airflow/example_dags/example_xcomargs.py
[2024-08-04T04:57:15.989+0000] {processor.py:840} INFO - DAG(s) 'example_xcom_args_with_operators', 'example_xcom_args' retrieved from /home/airflow/.local/lib/python3.12/site-packages/airflow/example_dags/example_xcomargs.py
[2024-08-04T04:57:16.016+0000] {logging_mixin.py:188} INFO - [2024-08-04T04:57:16.015+0000] {dag.py:3096} INFO - Sync 2 DAGs
[2024-08-04T04:57:16.031+0000] {logging_mixin.py:188} INFO - [2024-08-04T04:57:16.031+0000] {dag.py:3954} INFO - Setting next_dagrun for example_xcom_args to None, run_after=None
[2024-08-04T04:57:16.036+0000] {logging_mixin.py:188} INFO - [2024-08-04T04:57:16.036+0000] {dag.py:3954} INFO - Setting next_dagrun for example_xcom_args_with_operators to None, run_after=None
[2024-08-04T04:57:16.058+0000] {processor.py:183} INFO - Processing /home/airflow/.local/lib/python3.12/site-packages/airflow/example_dags/example_xcomargs.py took 0.087 seconds
