[2024-08-04T04:49:29.687+0000] {processor.py:161} INFO - Started process (PID=60) to work on /home/airflow/.local/lib/python3.12/site-packages/airflow/example_dags/example_external_task_marker_dag.py
[2024-08-04T04:49:29.688+0000] {processor.py:830} INFO - Processing file /home/airflow/.local/lib/python3.12/site-packages/airflow/example_dags/example_external_task_marker_dag.py for tasks to queue
[2024-08-04T04:49:29.690+0000] {logging_mixin.py:188} INFO - [2024-08-04T04:49:29.690+0000] {dagbag.py:545} INFO - Filling up the DagBag from /home/airflow/.local/lib/python3.12/site-packages/airflow/example_dags/example_external_task_marker_dag.py
[2024-08-04T04:49:29.733+0000] {processor.py:840} INFO - DAG(s) 'example_external_task_marker_child', 'example_external_task_marker_parent' retrieved from /home/airflow/.local/lib/python3.12/site-packages/airflow/example_dags/example_external_task_marker_dag.py
[2024-08-04T04:49:30.094+0000] {logging_mixin.py:188} INFO - [2024-08-04T04:49:30.093+0000] {dag.py:3096} INFO - Sync 2 DAGs
[2024-08-04T04:49:30.112+0000] {logging_mixin.py:188} INFO - [2024-08-04T04:49:30.111+0000] {dag.py:3954} INFO - Setting next_dagrun for example_external_task_marker_child to None, run_after=None
[2024-08-04T04:49:30.116+0000] {logging_mixin.py:188} INFO - [2024-08-04T04:49:30.115+0000] {dag.py:3954} INFO - Setting next_dagrun for example_external_task_marker_parent to None, run_after=None
[2024-08-04T04:49:30.161+0000] {processor.py:183} INFO - Processing /home/airflow/.local/lib/python3.12/site-packages/airflow/example_dags/example_external_task_marker_dag.py took 0.491 seconds
[2024-08-04T04:50:00.411+0000] {processor.py:161} INFO - Started process (PID=118) to work on /home/airflow/.local/lib/python3.12/site-packages/airflow/example_dags/example_external_task_marker_dag.py
[2024-08-04T04:50:00.412+0000] {processor.py:830} INFO - Processing file /home/airflow/.local/lib/python3.12/site-packages/airflow/example_dags/example_external_task_marker_dag.py for tasks to queue
[2024-08-04T04:50:00.414+0000] {logging_mixin.py:188} INFO - [2024-08-04T04:50:00.414+0000] {dagbag.py:545} INFO - Filling up the DagBag from /home/airflow/.local/lib/python3.12/site-packages/airflow/example_dags/example_external_task_marker_dag.py
[2024-08-04T04:50:00.421+0000] {processor.py:840} INFO - DAG(s) 'example_external_task_marker_child', 'example_external_task_marker_parent' retrieved from /home/airflow/.local/lib/python3.12/site-packages/airflow/example_dags/example_external_task_marker_dag.py
[2024-08-04T04:50:00.447+0000] {logging_mixin.py:188} INFO - [2024-08-04T04:50:00.446+0000] {dag.py:3096} INFO - Sync 2 DAGs
[2024-08-04T04:50:00.462+0000] {logging_mixin.py:188} INFO - [2024-08-04T04:50:00.462+0000] {dag.py:3954} INFO - Setting next_dagrun for example_external_task_marker_child to None, run_after=None
[2024-08-04T04:50:00.467+0000] {logging_mixin.py:188} INFO - [2024-08-04T04:50:00.467+0000] {dag.py:3954} INFO - Setting next_dagrun for example_external_task_marker_parent to None, run_after=None
[2024-08-04T04:50:00.489+0000] {processor.py:183} INFO - Processing /home/airflow/.local/lib/python3.12/site-packages/airflow/example_dags/example_external_task_marker_dag.py took 0.085 seconds
[2024-08-04T04:50:31.037+0000] {processor.py:161} INFO - Started process (PID=176) to work on /home/airflow/.local/lib/python3.12/site-packages/airflow/example_dags/example_external_task_marker_dag.py
[2024-08-04T04:50:31.038+0000] {processor.py:830} INFO - Processing file /home/airflow/.local/lib/python3.12/site-packages/airflow/example_dags/example_external_task_marker_dag.py for tasks to queue
[2024-08-04T04:50:31.040+0000] {logging_mixin.py:188} INFO - [2024-08-04T04:50:31.040+0000] {dagbag.py:545} INFO - Filling up the DagBag from /home/airflow/.local/lib/python3.12/site-packages/airflow/example_dags/example_external_task_marker_dag.py
[2024-08-04T04:50:31.047+0000] {processor.py:840} INFO - DAG(s) 'example_external_task_marker_child', 'example_external_task_marker_parent' retrieved from /home/airflow/.local/lib/python3.12/site-packages/airflow/example_dags/example_external_task_marker_dag.py
[2024-08-04T04:50:31.075+0000] {logging_mixin.py:188} INFO - [2024-08-04T04:50:31.074+0000] {dag.py:3096} INFO - Sync 2 DAGs
[2024-08-04T04:50:31.091+0000] {logging_mixin.py:188} INFO - [2024-08-04T04:50:31.090+0000] {dag.py:3954} INFO - Setting next_dagrun for example_external_task_marker_child to None, run_after=None
[2024-08-04T04:50:31.095+0000] {logging_mixin.py:188} INFO - [2024-08-04T04:50:31.095+0000] {dag.py:3954} INFO - Setting next_dagrun for example_external_task_marker_parent to None, run_after=None
[2024-08-04T04:50:31.115+0000] {processor.py:183} INFO - Processing /home/airflow/.local/lib/python3.12/site-packages/airflow/example_dags/example_external_task_marker_dag.py took 0.084 seconds
[2024-08-04T04:51:01.580+0000] {processor.py:161} INFO - Started process (PID=234) to work on /home/airflow/.local/lib/python3.12/site-packages/airflow/example_dags/example_external_task_marker_dag.py
[2024-08-04T04:51:01.580+0000] {processor.py:830} INFO - Processing file /home/airflow/.local/lib/python3.12/site-packages/airflow/example_dags/example_external_task_marker_dag.py for tasks to queue
[2024-08-04T04:51:01.582+0000] {logging_mixin.py:188} INFO - [2024-08-04T04:51:01.582+0000] {dagbag.py:545} INFO - Filling up the DagBag from /home/airflow/.local/lib/python3.12/site-packages/airflow/example_dags/example_external_task_marker_dag.py
[2024-08-04T04:51:01.591+0000] {processor.py:840} INFO - DAG(s) 'example_external_task_marker_child', 'example_external_task_marker_parent' retrieved from /home/airflow/.local/lib/python3.12/site-packages/airflow/example_dags/example_external_task_marker_dag.py
[2024-08-04T04:51:01.617+0000] {logging_mixin.py:188} INFO - [2024-08-04T04:51:01.617+0000] {dag.py:3096} INFO - Sync 2 DAGs
[2024-08-04T04:51:01.648+0000] {logging_mixin.py:188} INFO - [2024-08-04T04:51:01.643+0000] {dag.py:3954} INFO - Setting next_dagrun for example_external_task_marker_child to None, run_after=None
[2024-08-04T04:51:01.653+0000] {logging_mixin.py:188} INFO - [2024-08-04T04:51:01.653+0000] {dag.py:3954} INFO - Setting next_dagrun for example_external_task_marker_parent to None, run_after=None
[2024-08-04T04:51:01.694+0000] {processor.py:183} INFO - Processing /home/airflow/.local/lib/python3.12/site-packages/airflow/example_dags/example_external_task_marker_dag.py took 0.122 seconds
[2024-08-04T04:51:32.174+0000] {processor.py:161} INFO - Started process (PID=292) to work on /home/airflow/.local/lib/python3.12/site-packages/airflow/example_dags/example_external_task_marker_dag.py
[2024-08-04T04:51:32.175+0000] {processor.py:830} INFO - Processing file /home/airflow/.local/lib/python3.12/site-packages/airflow/example_dags/example_external_task_marker_dag.py for tasks to queue
[2024-08-04T04:51:32.177+0000] {logging_mixin.py:188} INFO - [2024-08-04T04:51:32.176+0000] {dagbag.py:545} INFO - Filling up the DagBag from /home/airflow/.local/lib/python3.12/site-packages/airflow/example_dags/example_external_task_marker_dag.py
[2024-08-04T04:51:32.183+0000] {processor.py:840} INFO - DAG(s) 'example_external_task_marker_child', 'example_external_task_marker_parent' retrieved from /home/airflow/.local/lib/python3.12/site-packages/airflow/example_dags/example_external_task_marker_dag.py
[2024-08-04T04:51:32.209+0000] {logging_mixin.py:188} INFO - [2024-08-04T04:51:32.209+0000] {dag.py:3096} INFO - Sync 2 DAGs
[2024-08-04T04:51:32.226+0000] {logging_mixin.py:188} INFO - [2024-08-04T04:51:32.226+0000] {dag.py:3954} INFO - Setting next_dagrun for example_external_task_marker_child to None, run_after=None
[2024-08-04T04:51:32.230+0000] {logging_mixin.py:188} INFO - [2024-08-04T04:51:32.230+0000] {dag.py:3954} INFO - Setting next_dagrun for example_external_task_marker_parent to None, run_after=None
[2024-08-04T04:51:32.249+0000] {processor.py:183} INFO - Processing /home/airflow/.local/lib/python3.12/site-packages/airflow/example_dags/example_external_task_marker_dag.py took 0.082 seconds
[2024-08-04T04:52:02.850+0000] {processor.py:161} INFO - Started process (PID=350) to work on /home/airflow/.local/lib/python3.12/site-packages/airflow/example_dags/example_external_task_marker_dag.py
[2024-08-04T04:52:02.850+0000] {processor.py:830} INFO - Processing file /home/airflow/.local/lib/python3.12/site-packages/airflow/example_dags/example_external_task_marker_dag.py for tasks to queue
[2024-08-04T04:52:02.852+0000] {logging_mixin.py:188} INFO - [2024-08-04T04:52:02.852+0000] {dagbag.py:545} INFO - Filling up the DagBag from /home/airflow/.local/lib/python3.12/site-packages/airflow/example_dags/example_external_task_marker_dag.py
[2024-08-04T04:52:02.870+0000] {processor.py:840} INFO - DAG(s) 'example_external_task_marker_child', 'example_external_task_marker_parent' retrieved from /home/airflow/.local/lib/python3.12/site-packages/airflow/example_dags/example_external_task_marker_dag.py
[2024-08-04T04:52:02.924+0000] {logging_mixin.py:188} INFO - [2024-08-04T04:52:02.924+0000] {dag.py:3096} INFO - Sync 2 DAGs
[2024-08-04T04:52:02.956+0000] {logging_mixin.py:188} INFO - [2024-08-04T04:52:02.956+0000] {dag.py:3954} INFO - Setting next_dagrun for example_external_task_marker_child to None, run_after=None
[2024-08-04T04:52:02.968+0000] {logging_mixin.py:188} INFO - [2024-08-04T04:52:02.968+0000] {dag.py:3954} INFO - Setting next_dagrun for example_external_task_marker_parent to None, run_after=None
[2024-08-04T04:52:03.002+0000] {processor.py:183} INFO - Processing /home/airflow/.local/lib/python3.12/site-packages/airflow/example_dags/example_external_task_marker_dag.py took 0.171 seconds
[2024-08-04T04:52:33.324+0000] {processor.py:161} INFO - Started process (PID=409) to work on /home/airflow/.local/lib/python3.12/site-packages/airflow/example_dags/example_external_task_marker_dag.py
[2024-08-04T04:52:33.334+0000] {processor.py:830} INFO - Processing file /home/airflow/.local/lib/python3.12/site-packages/airflow/example_dags/example_external_task_marker_dag.py for tasks to queue
[2024-08-04T04:52:33.339+0000] {logging_mixin.py:188} INFO - [2024-08-04T04:52:33.337+0000] {dagbag.py:545} INFO - Filling up the DagBag from /home/airflow/.local/lib/python3.12/site-packages/airflow/example_dags/example_external_task_marker_dag.py
[2024-08-04T04:52:33.349+0000] {processor.py:840} INFO - DAG(s) 'example_external_task_marker_parent', 'example_external_task_marker_child' retrieved from /home/airflow/.local/lib/python3.12/site-packages/airflow/example_dags/example_external_task_marker_dag.py
[2024-08-04T04:52:33.377+0000] {logging_mixin.py:188} INFO - [2024-08-04T04:52:33.377+0000] {dag.py:3096} INFO - Sync 2 DAGs
[2024-08-04T04:52:33.397+0000] {logging_mixin.py:188} INFO - [2024-08-04T04:52:33.397+0000] {dag.py:3954} INFO - Setting next_dagrun for example_external_task_marker_child to None, run_after=None
[2024-08-04T04:52:33.402+0000] {logging_mixin.py:188} INFO - [2024-08-04T04:52:33.402+0000] {dag.py:3954} INFO - Setting next_dagrun for example_external_task_marker_parent to None, run_after=None
[2024-08-04T04:52:33.428+0000] {processor.py:183} INFO - Processing /home/airflow/.local/lib/python3.12/site-packages/airflow/example_dags/example_external_task_marker_dag.py took 0.125 seconds
[2024-08-04T04:53:03.592+0000] {processor.py:161} INFO - Started process (PID=467) to work on /home/airflow/.local/lib/python3.12/site-packages/airflow/example_dags/example_external_task_marker_dag.py
[2024-08-04T04:53:03.593+0000] {processor.py:830} INFO - Processing file /home/airflow/.local/lib/python3.12/site-packages/airflow/example_dags/example_external_task_marker_dag.py for tasks to queue
[2024-08-04T04:53:03.595+0000] {logging_mixin.py:188} INFO - [2024-08-04T04:53:03.595+0000] {dagbag.py:545} INFO - Filling up the DagBag from /home/airflow/.local/lib/python3.12/site-packages/airflow/example_dags/example_external_task_marker_dag.py
[2024-08-04T04:53:03.603+0000] {processor.py:840} INFO - DAG(s) 'example_external_task_marker_parent', 'example_external_task_marker_child' retrieved from /home/airflow/.local/lib/python3.12/site-packages/airflow/example_dags/example_external_task_marker_dag.py
[2024-08-04T04:53:03.629+0000] {logging_mixin.py:188} INFO - [2024-08-04T04:53:03.629+0000] {dag.py:3096} INFO - Sync 2 DAGs
[2024-08-04T04:53:03.646+0000] {logging_mixin.py:188} INFO - [2024-08-04T04:53:03.646+0000] {dag.py:3954} INFO - Setting next_dagrun for example_external_task_marker_child to None, run_after=None
[2024-08-04T04:53:03.649+0000] {logging_mixin.py:188} INFO - [2024-08-04T04:53:03.649+0000] {dag.py:3954} INFO - Setting next_dagrun for example_external_task_marker_parent to None, run_after=None
[2024-08-04T04:53:03.671+0000] {processor.py:183} INFO - Processing /home/airflow/.local/lib/python3.12/site-packages/airflow/example_dags/example_external_task_marker_dag.py took 0.085 seconds
[2024-08-04T04:53:33.770+0000] {processor.py:161} INFO - Started process (PID=525) to work on /home/airflow/.local/lib/python3.12/site-packages/airflow/example_dags/example_external_task_marker_dag.py
[2024-08-04T04:53:33.771+0000] {processor.py:830} INFO - Processing file /home/airflow/.local/lib/python3.12/site-packages/airflow/example_dags/example_external_task_marker_dag.py for tasks to queue
[2024-08-04T04:53:33.773+0000] {logging_mixin.py:188} INFO - [2024-08-04T04:53:33.773+0000] {dagbag.py:545} INFO - Filling up the DagBag from /home/airflow/.local/lib/python3.12/site-packages/airflow/example_dags/example_external_task_marker_dag.py
[2024-08-04T04:53:33.780+0000] {processor.py:840} INFO - DAG(s) 'example_external_task_marker_child', 'example_external_task_marker_parent' retrieved from /home/airflow/.local/lib/python3.12/site-packages/airflow/example_dags/example_external_task_marker_dag.py
[2024-08-04T04:53:33.807+0000] {logging_mixin.py:188} INFO - [2024-08-04T04:53:33.807+0000] {dag.py:3096} INFO - Sync 2 DAGs
[2024-08-04T04:53:33.823+0000] {logging_mixin.py:188} INFO - [2024-08-04T04:53:33.823+0000] {dag.py:3954} INFO - Setting next_dagrun for example_external_task_marker_child to None, run_after=None
[2024-08-04T04:53:33.828+0000] {logging_mixin.py:188} INFO - [2024-08-04T04:53:33.827+0000] {dag.py:3954} INFO - Setting next_dagrun for example_external_task_marker_parent to None, run_after=None
[2024-08-04T04:53:33.852+0000] {processor.py:183} INFO - Processing /home/airflow/.local/lib/python3.12/site-packages/airflow/example_dags/example_external_task_marker_dag.py took 0.088 seconds
[2024-08-04T04:54:04.555+0000] {processor.py:161} INFO - Started process (PID=583) to work on /home/airflow/.local/lib/python3.12/site-packages/airflow/example_dags/example_external_task_marker_dag.py
[2024-08-04T04:54:04.555+0000] {processor.py:830} INFO - Processing file /home/airflow/.local/lib/python3.12/site-packages/airflow/example_dags/example_external_task_marker_dag.py for tasks to queue
[2024-08-04T04:54:04.557+0000] {logging_mixin.py:188} INFO - [2024-08-04T04:54:04.557+0000] {dagbag.py:545} INFO - Filling up the DagBag from /home/airflow/.local/lib/python3.12/site-packages/airflow/example_dags/example_external_task_marker_dag.py
[2024-08-04T04:54:04.562+0000] {processor.py:840} INFO - DAG(s) 'example_external_task_marker_child', 'example_external_task_marker_parent' retrieved from /home/airflow/.local/lib/python3.12/site-packages/airflow/example_dags/example_external_task_marker_dag.py
[2024-08-04T04:54:04.581+0000] {logging_mixin.py:188} INFO - [2024-08-04T04:54:04.580+0000] {dag.py:3096} INFO - Sync 2 DAGs
[2024-08-04T04:54:04.592+0000] {logging_mixin.py:188} INFO - [2024-08-04T04:54:04.592+0000] {dag.py:3954} INFO - Setting next_dagrun for example_external_task_marker_child to None, run_after=None
[2024-08-04T04:54:04.595+0000] {logging_mixin.py:188} INFO - [2024-08-04T04:54:04.595+0000] {dag.py:3954} INFO - Setting next_dagrun for example_external_task_marker_parent to None, run_after=None
[2024-08-04T04:54:04.615+0000] {processor.py:183} INFO - Processing /home/airflow/.local/lib/python3.12/site-packages/airflow/example_dags/example_external_task_marker_dag.py took 0.065 seconds
[2024-08-04T04:54:34.896+0000] {processor.py:161} INFO - Started process (PID=643) to work on /home/airflow/.local/lib/python3.12/site-packages/airflow/example_dags/example_external_task_marker_dag.py
[2024-08-04T04:54:34.904+0000] {processor.py:830} INFO - Processing file /home/airflow/.local/lib/python3.12/site-packages/airflow/example_dags/example_external_task_marker_dag.py for tasks to queue
[2024-08-04T04:54:34.906+0000] {logging_mixin.py:188} INFO - [2024-08-04T04:54:34.906+0000] {dagbag.py:545} INFO - Filling up the DagBag from /home/airflow/.local/lib/python3.12/site-packages/airflow/example_dags/example_external_task_marker_dag.py
[2024-08-04T04:54:34.916+0000] {processor.py:840} INFO - DAG(s) 'example_external_task_marker_child', 'example_external_task_marker_parent' retrieved from /home/airflow/.local/lib/python3.12/site-packages/airflow/example_dags/example_external_task_marker_dag.py
[2024-08-04T04:54:34.947+0000] {logging_mixin.py:188} INFO - [2024-08-04T04:54:34.946+0000] {dag.py:3096} INFO - Sync 2 DAGs
[2024-08-04T04:54:34.965+0000] {logging_mixin.py:188} INFO - [2024-08-04T04:54:34.965+0000] {dag.py:3954} INFO - Setting next_dagrun for example_external_task_marker_child to None, run_after=None
[2024-08-04T04:54:34.970+0000] {logging_mixin.py:188} INFO - [2024-08-04T04:54:34.969+0000] {dag.py:3954} INFO - Setting next_dagrun for example_external_task_marker_parent to None, run_after=None
[2024-08-04T04:54:34.995+0000] {processor.py:183} INFO - Processing /home/airflow/.local/lib/python3.12/site-packages/airflow/example_dags/example_external_task_marker_dag.py took 0.114 seconds
[2024-08-04T04:55:05.654+0000] {processor.py:161} INFO - Started process (PID=702) to work on /home/airflow/.local/lib/python3.12/site-packages/airflow/example_dags/example_external_task_marker_dag.py
[2024-08-04T04:55:05.655+0000] {processor.py:830} INFO - Processing file /home/airflow/.local/lib/python3.12/site-packages/airflow/example_dags/example_external_task_marker_dag.py for tasks to queue
[2024-08-04T04:55:05.657+0000] {logging_mixin.py:188} INFO - [2024-08-04T04:55:05.656+0000] {dagbag.py:545} INFO - Filling up the DagBag from /home/airflow/.local/lib/python3.12/site-packages/airflow/example_dags/example_external_task_marker_dag.py
[2024-08-04T04:55:05.663+0000] {processor.py:840} INFO - DAG(s) 'example_external_task_marker_child', 'example_external_task_marker_parent' retrieved from /home/airflow/.local/lib/python3.12/site-packages/airflow/example_dags/example_external_task_marker_dag.py
[2024-08-04T04:55:05.690+0000] {logging_mixin.py:188} INFO - [2024-08-04T04:55:05.690+0000] {dag.py:3096} INFO - Sync 2 DAGs
[2024-08-04T04:55:05.705+0000] {logging_mixin.py:188} INFO - [2024-08-04T04:55:05.705+0000] {dag.py:3954} INFO - Setting next_dagrun for example_external_task_marker_child to None, run_after=None
[2024-08-04T04:55:05.710+0000] {logging_mixin.py:188} INFO - [2024-08-04T04:55:05.709+0000] {dag.py:3954} INFO - Setting next_dagrun for example_external_task_marker_parent to None, run_after=None
[2024-08-04T04:55:05.729+0000] {processor.py:183} INFO - Processing /home/airflow/.local/lib/python3.12/site-packages/airflow/example_dags/example_external_task_marker_dag.py took 0.082 seconds
[2024-08-04T04:55:36.556+0000] {processor.py:161} INFO - Started process (PID=761) to work on /home/airflow/.local/lib/python3.12/site-packages/airflow/example_dags/example_external_task_marker_dag.py
[2024-08-04T04:55:36.558+0000] {processor.py:830} INFO - Processing file /home/airflow/.local/lib/python3.12/site-packages/airflow/example_dags/example_external_task_marker_dag.py for tasks to queue
[2024-08-04T04:55:36.559+0000] {logging_mixin.py:188} INFO - [2024-08-04T04:55:36.559+0000] {dagbag.py:545} INFO - Filling up the DagBag from /home/airflow/.local/lib/python3.12/site-packages/airflow/example_dags/example_external_task_marker_dag.py
[2024-08-04T04:55:36.566+0000] {processor.py:840} INFO - DAG(s) 'example_external_task_marker_child', 'example_external_task_marker_parent' retrieved from /home/airflow/.local/lib/python3.12/site-packages/airflow/example_dags/example_external_task_marker_dag.py
[2024-08-04T04:55:36.592+0000] {logging_mixin.py:188} INFO - [2024-08-04T04:55:36.592+0000] {dag.py:3096} INFO - Sync 2 DAGs
[2024-08-04T04:55:36.606+0000] {logging_mixin.py:188} INFO - [2024-08-04T04:55:36.605+0000] {dag.py:3954} INFO - Setting next_dagrun for example_external_task_marker_child to None, run_after=None
[2024-08-04T04:55:36.610+0000] {logging_mixin.py:188} INFO - [2024-08-04T04:55:36.610+0000] {dag.py:3954} INFO - Setting next_dagrun for example_external_task_marker_parent to None, run_after=None
[2024-08-04T04:55:36.631+0000] {processor.py:183} INFO - Processing /home/airflow/.local/lib/python3.12/site-packages/airflow/example_dags/example_external_task_marker_dag.py took 0.081 seconds
[2024-08-04T04:56:06.851+0000] {processor.py:161} INFO - Started process (PID=820) to work on /home/airflow/.local/lib/python3.12/site-packages/airflow/example_dags/example_external_task_marker_dag.py
[2024-08-04T04:56:06.852+0000] {processor.py:830} INFO - Processing file /home/airflow/.local/lib/python3.12/site-packages/airflow/example_dags/example_external_task_marker_dag.py for tasks to queue
[2024-08-04T04:56:06.854+0000] {logging_mixin.py:188} INFO - [2024-08-04T04:56:06.853+0000] {dagbag.py:545} INFO - Filling up the DagBag from /home/airflow/.local/lib/python3.12/site-packages/airflow/example_dags/example_external_task_marker_dag.py
[2024-08-04T04:56:06.861+0000] {processor.py:840} INFO - DAG(s) 'example_external_task_marker_child', 'example_external_task_marker_parent' retrieved from /home/airflow/.local/lib/python3.12/site-packages/airflow/example_dags/example_external_task_marker_dag.py
[2024-08-04T04:56:06.888+0000] {logging_mixin.py:188} INFO - [2024-08-04T04:56:06.888+0000] {dag.py:3096} INFO - Sync 2 DAGs
[2024-08-04T04:56:06.906+0000] {logging_mixin.py:188} INFO - [2024-08-04T04:56:06.906+0000] {dag.py:3954} INFO - Setting next_dagrun for example_external_task_marker_child to None, run_after=None
[2024-08-04T04:56:06.910+0000] {logging_mixin.py:188} INFO - [2024-08-04T04:56:06.910+0000] {dag.py:3954} INFO - Setting next_dagrun for example_external_task_marker_parent to None, run_after=None
[2024-08-04T04:56:06.944+0000] {processor.py:183} INFO - Processing /home/airflow/.local/lib/python3.12/site-packages/airflow/example_dags/example_external_task_marker_dag.py took 0.099 seconds
[2024-08-04T04:56:37.571+0000] {processor.py:161} INFO - Started process (PID=879) to work on /home/airflow/.local/lib/python3.12/site-packages/airflow/example_dags/example_external_task_marker_dag.py
[2024-08-04T04:56:37.572+0000] {processor.py:830} INFO - Processing file /home/airflow/.local/lib/python3.12/site-packages/airflow/example_dags/example_external_task_marker_dag.py for tasks to queue
[2024-08-04T04:56:37.574+0000] {logging_mixin.py:188} INFO - [2024-08-04T04:56:37.573+0000] {dagbag.py:545} INFO - Filling up the DagBag from /home/airflow/.local/lib/python3.12/site-packages/airflow/example_dags/example_external_task_marker_dag.py
[2024-08-04T04:56:37.584+0000] {processor.py:840} INFO - DAG(s) 'example_external_task_marker_child', 'example_external_task_marker_parent' retrieved from /home/airflow/.local/lib/python3.12/site-packages/airflow/example_dags/example_external_task_marker_dag.py
[2024-08-04T04:56:37.621+0000] {logging_mixin.py:188} INFO - [2024-08-04T04:56:37.620+0000] {dag.py:3096} INFO - Sync 2 DAGs
[2024-08-04T04:56:37.638+0000] {logging_mixin.py:188} INFO - [2024-08-04T04:56:37.638+0000] {dag.py:3954} INFO - Setting next_dagrun for example_external_task_marker_child to None, run_after=None
[2024-08-04T04:56:37.643+0000] {logging_mixin.py:188} INFO - [2024-08-04T04:56:37.643+0000] {dag.py:3954} INFO - Setting next_dagrun for example_external_task_marker_parent to None, run_after=None
[2024-08-04T04:56:37.666+0000] {processor.py:183} INFO - Processing /home/airflow/.local/lib/python3.12/site-packages/airflow/example_dags/example_external_task_marker_dag.py took 0.102 seconds
[2024-08-04T04:57:08.292+0000] {processor.py:161} INFO - Started process (PID=939) to work on /home/airflow/.local/lib/python3.12/site-packages/airflow/example_dags/example_external_task_marker_dag.py
[2024-08-04T04:57:08.293+0000] {processor.py:830} INFO - Processing file /home/airflow/.local/lib/python3.12/site-packages/airflow/example_dags/example_external_task_marker_dag.py for tasks to queue
[2024-08-04T04:57:08.299+0000] {logging_mixin.py:188} INFO - [2024-08-04T04:57:08.298+0000] {dagbag.py:545} INFO - Filling up the DagBag from /home/airflow/.local/lib/python3.12/site-packages/airflow/example_dags/example_external_task_marker_dag.py
[2024-08-04T04:57:08.320+0000] {processor.py:840} INFO - DAG(s) 'example_external_task_marker_child', 'example_external_task_marker_parent' retrieved from /home/airflow/.local/lib/python3.12/site-packages/airflow/example_dags/example_external_task_marker_dag.py
[2024-08-04T04:57:08.402+0000] {logging_mixin.py:188} INFO - [2024-08-04T04:57:08.401+0000] {dag.py:3096} INFO - Sync 2 DAGs
[2024-08-04T04:57:08.463+0000] {logging_mixin.py:188} INFO - [2024-08-04T04:57:08.463+0000] {dag.py:3954} INFO - Setting next_dagrun for example_external_task_marker_child to None, run_after=None
[2024-08-04T04:57:08.478+0000] {logging_mixin.py:188} INFO - [2024-08-04T04:57:08.478+0000] {dag.py:3954} INFO - Setting next_dagrun for example_external_task_marker_parent to None, run_after=None
[2024-08-04T04:57:08.529+0000] {processor.py:183} INFO - Processing /home/airflow/.local/lib/python3.12/site-packages/airflow/example_dags/example_external_task_marker_dag.py took 0.244 seconds
