[2024-08-04T04:49:31.379+0000] {processor.py:161} INFO - Started process (PID=65) to work on /home/airflow/.local/lib/python3.12/site-packages/airflow/example_dags/example_setup_teardown.py
[2024-08-04T04:49:31.380+0000] {processor.py:830} INFO - Processing file /home/airflow/.local/lib/python3.12/site-packages/airflow/example_dags/example_setup_teardown.py for tasks to queue
[2024-08-04T04:49:31.391+0000] {logging_mixin.py:188} INFO - [2024-08-04T04:49:31.391+0000] {dagbag.py:545} INFO - Filling up the DagBag from /home/airflow/.local/lib/python3.12/site-packages/airflow/example_dags/example_setup_teardown.py
[2024-08-04T04:49:31.410+0000] {processor.py:840} INFO - DAG(s) 'example_setup_teardown' retrieved from /home/airflow/.local/lib/python3.12/site-packages/airflow/example_dags/example_setup_teardown.py
[2024-08-04T04:49:31.891+0000] {logging_mixin.py:188} INFO - [2024-08-04T04:49:31.891+0000] {dag.py:3096} INFO - Sync 1 DAGs
[2024-08-04T04:49:32.031+0000] {logging_mixin.py:188} INFO - [2024-08-04T04:49:32.030+0000] {dag.py:3954} INFO - Setting next_dagrun for example_setup_teardown to 2024-08-03 00:00:00+00:00, run_after=2024-08-04 00:00:00+00:00
[2024-08-04T04:49:32.198+0000] {processor.py:183} INFO - Processing /home/airflow/.local/lib/python3.12/site-packages/airflow/example_dags/example_setup_teardown.py took 0.840 seconds
[2024-08-04T04:50:02.758+0000] {processor.py:161} INFO - Started process (PID=123) to work on /home/airflow/.local/lib/python3.12/site-packages/airflow/example_dags/example_setup_teardown.py
[2024-08-04T04:50:02.759+0000] {processor.py:830} INFO - Processing file /home/airflow/.local/lib/python3.12/site-packages/airflow/example_dags/example_setup_teardown.py for tasks to queue
[2024-08-04T04:50:02.760+0000] {logging_mixin.py:188} INFO - [2024-08-04T04:50:02.760+0000] {dagbag.py:545} INFO - Filling up the DagBag from /home/airflow/.local/lib/python3.12/site-packages/airflow/example_dags/example_setup_teardown.py
[2024-08-04T04:50:02.766+0000] {processor.py:840} INFO - DAG(s) 'example_setup_teardown' retrieved from /home/airflow/.local/lib/python3.12/site-packages/airflow/example_dags/example_setup_teardown.py
[2024-08-04T04:50:02.788+0000] {logging_mixin.py:188} INFO - [2024-08-04T04:50:02.787+0000] {dag.py:3096} INFO - Sync 1 DAGs
[2024-08-04T04:50:02.816+0000] {logging_mixin.py:188} INFO - [2024-08-04T04:50:02.816+0000] {dag.py:3954} INFO - Setting next_dagrun for example_setup_teardown to 2024-08-03 00:00:00+00:00, run_after=2024-08-04 00:00:00+00:00
[2024-08-04T04:50:02.844+0000] {processor.py:183} INFO - Processing /home/airflow/.local/lib/python3.12/site-packages/airflow/example_dags/example_setup_teardown.py took 0.090 seconds
[2024-08-04T04:50:33.363+0000] {processor.py:161} INFO - Started process (PID=181) to work on /home/airflow/.local/lib/python3.12/site-packages/airflow/example_dags/example_setup_teardown.py
[2024-08-04T04:50:33.364+0000] {processor.py:830} INFO - Processing file /home/airflow/.local/lib/python3.12/site-packages/airflow/example_dags/example_setup_teardown.py for tasks to queue
[2024-08-04T04:50:33.365+0000] {logging_mixin.py:188} INFO - [2024-08-04T04:50:33.365+0000] {dagbag.py:545} INFO - Filling up the DagBag from /home/airflow/.local/lib/python3.12/site-packages/airflow/example_dags/example_setup_teardown.py
[2024-08-04T04:50:33.370+0000] {processor.py:840} INFO - DAG(s) 'example_setup_teardown' retrieved from /home/airflow/.local/lib/python3.12/site-packages/airflow/example_dags/example_setup_teardown.py
[2024-08-04T04:50:33.387+0000] {logging_mixin.py:188} INFO - [2024-08-04T04:50:33.387+0000] {dag.py:3096} INFO - Sync 1 DAGs
[2024-08-04T04:50:33.405+0000] {logging_mixin.py:188} INFO - [2024-08-04T04:50:33.405+0000] {dag.py:3954} INFO - Setting next_dagrun for example_setup_teardown to 2024-08-03 00:00:00+00:00, run_after=2024-08-04 00:00:00+00:00
[2024-08-04T04:50:33.425+0000] {processor.py:183} INFO - Processing /home/airflow/.local/lib/python3.12/site-packages/airflow/example_dags/example_setup_teardown.py took 0.067 seconds
[2024-08-04T04:51:03.931+0000] {processor.py:161} INFO - Started process (PID=239) to work on /home/airflow/.local/lib/python3.12/site-packages/airflow/example_dags/example_setup_teardown.py
[2024-08-04T04:51:03.931+0000] {processor.py:830} INFO - Processing file /home/airflow/.local/lib/python3.12/site-packages/airflow/example_dags/example_setup_teardown.py for tasks to queue
[2024-08-04T04:51:03.933+0000] {logging_mixin.py:188} INFO - [2024-08-04T04:51:03.932+0000] {dagbag.py:545} INFO - Filling up the DagBag from /home/airflow/.local/lib/python3.12/site-packages/airflow/example_dags/example_setup_teardown.py
[2024-08-04T04:51:03.938+0000] {processor.py:840} INFO - DAG(s) 'example_setup_teardown' retrieved from /home/airflow/.local/lib/python3.12/site-packages/airflow/example_dags/example_setup_teardown.py
[2024-08-04T04:51:03.955+0000] {logging_mixin.py:188} INFO - [2024-08-04T04:51:03.954+0000] {dag.py:3096} INFO - Sync 1 DAGs
[2024-08-04T04:51:03.972+0000] {logging_mixin.py:188} INFO - [2024-08-04T04:51:03.971+0000] {dag.py:3954} INFO - Setting next_dagrun for example_setup_teardown to 2024-08-03 00:00:00+00:00, run_after=2024-08-04 00:00:00+00:00
[2024-08-04T04:51:03.997+0000] {processor.py:183} INFO - Processing /home/airflow/.local/lib/python3.12/site-packages/airflow/example_dags/example_setup_teardown.py took 0.071 seconds
[2024-08-04T04:51:34.519+0000] {processor.py:161} INFO - Started process (PID=297) to work on /home/airflow/.local/lib/python3.12/site-packages/airflow/example_dags/example_setup_teardown.py
[2024-08-04T04:51:34.519+0000] {processor.py:830} INFO - Processing file /home/airflow/.local/lib/python3.12/site-packages/airflow/example_dags/example_setup_teardown.py for tasks to queue
[2024-08-04T04:51:34.521+0000] {logging_mixin.py:188} INFO - [2024-08-04T04:51:34.521+0000] {dagbag.py:545} INFO - Filling up the DagBag from /home/airflow/.local/lib/python3.12/site-packages/airflow/example_dags/example_setup_teardown.py
[2024-08-04T04:51:34.526+0000] {processor.py:840} INFO - DAG(s) 'example_setup_teardown' retrieved from /home/airflow/.local/lib/python3.12/site-packages/airflow/example_dags/example_setup_teardown.py
[2024-08-04T04:51:34.545+0000] {logging_mixin.py:188} INFO - [2024-08-04T04:51:34.545+0000] {dag.py:3096} INFO - Sync 1 DAGs
[2024-08-04T04:51:34.564+0000] {logging_mixin.py:188} INFO - [2024-08-04T04:51:34.563+0000] {dag.py:3954} INFO - Setting next_dagrun for example_setup_teardown to 2024-08-03 00:00:00+00:00, run_after=2024-08-04 00:00:00+00:00
[2024-08-04T04:51:34.586+0000] {processor.py:183} INFO - Processing /home/airflow/.local/lib/python3.12/site-packages/airflow/example_dags/example_setup_teardown.py took 0.072 seconds
[2024-08-04T04:52:05.334+0000] {processor.py:161} INFO - Started process (PID=355) to work on /home/airflow/.local/lib/python3.12/site-packages/airflow/example_dags/example_setup_teardown.py
[2024-08-04T04:52:05.334+0000] {processor.py:830} INFO - Processing file /home/airflow/.local/lib/python3.12/site-packages/airflow/example_dags/example_setup_teardown.py for tasks to queue
[2024-08-04T04:52:05.336+0000] {logging_mixin.py:188} INFO - [2024-08-04T04:52:05.335+0000] {dagbag.py:545} INFO - Filling up the DagBag from /home/airflow/.local/lib/python3.12/site-packages/airflow/example_dags/example_setup_teardown.py
[2024-08-04T04:52:05.341+0000] {processor.py:840} INFO - DAG(s) 'example_setup_teardown' retrieved from /home/airflow/.local/lib/python3.12/site-packages/airflow/example_dags/example_setup_teardown.py
[2024-08-04T04:52:05.359+0000] {logging_mixin.py:188} INFO - [2024-08-04T04:52:05.359+0000] {dag.py:3096} INFO - Sync 1 DAGs
[2024-08-04T04:52:05.379+0000] {logging_mixin.py:188} INFO - [2024-08-04T04:52:05.378+0000] {dag.py:3954} INFO - Setting next_dagrun for example_setup_teardown to 2024-08-03 00:00:00+00:00, run_after=2024-08-04 00:00:00+00:00
[2024-08-04T04:52:05.401+0000] {processor.py:183} INFO - Processing /home/airflow/.local/lib/python3.12/site-packages/airflow/example_dags/example_setup_teardown.py took 0.072 seconds
[2024-08-04T04:52:36.136+0000] {processor.py:161} INFO - Started process (PID=414) to work on /home/airflow/.local/lib/python3.12/site-packages/airflow/example_dags/example_setup_teardown.py
[2024-08-04T04:52:36.145+0000] {processor.py:830} INFO - Processing file /home/airflow/.local/lib/python3.12/site-packages/airflow/example_dags/example_setup_teardown.py for tasks to queue
[2024-08-04T04:52:36.150+0000] {logging_mixin.py:188} INFO - [2024-08-04T04:52:36.149+0000] {dagbag.py:545} INFO - Filling up the DagBag from /home/airflow/.local/lib/python3.12/site-packages/airflow/example_dags/example_setup_teardown.py
[2024-08-04T04:52:36.168+0000] {processor.py:840} INFO - DAG(s) 'example_setup_teardown' retrieved from /home/airflow/.local/lib/python3.12/site-packages/airflow/example_dags/example_setup_teardown.py
[2024-08-04T04:52:36.210+0000] {logging_mixin.py:188} INFO - [2024-08-04T04:52:36.209+0000] {dag.py:3096} INFO - Sync 1 DAGs
[2024-08-04T04:52:36.236+0000] {logging_mixin.py:188} INFO - [2024-08-04T04:52:36.235+0000] {dag.py:3954} INFO - Setting next_dagrun for example_setup_teardown to 2024-08-03 00:00:00+00:00, run_after=2024-08-04 00:00:00+00:00
[2024-08-04T04:52:36.278+0000] {processor.py:183} INFO - Processing /home/airflow/.local/lib/python3.12/site-packages/airflow/example_dags/example_setup_teardown.py took 0.149 seconds
[2024-08-04T04:53:06.915+0000] {processor.py:161} INFO - Started process (PID=472) to work on /home/airflow/.local/lib/python3.12/site-packages/airflow/example_dags/example_setup_teardown.py
[2024-08-04T04:53:06.916+0000] {processor.py:830} INFO - Processing file /home/airflow/.local/lib/python3.12/site-packages/airflow/example_dags/example_setup_teardown.py for tasks to queue
[2024-08-04T04:53:06.917+0000] {logging_mixin.py:188} INFO - [2024-08-04T04:53:06.917+0000] {dagbag.py:545} INFO - Filling up the DagBag from /home/airflow/.local/lib/python3.12/site-packages/airflow/example_dags/example_setup_teardown.py
[2024-08-04T04:53:06.923+0000] {processor.py:840} INFO - DAG(s) 'example_setup_teardown' retrieved from /home/airflow/.local/lib/python3.12/site-packages/airflow/example_dags/example_setup_teardown.py
[2024-08-04T04:53:06.946+0000] {logging_mixin.py:188} INFO - [2024-08-04T04:53:06.946+0000] {dag.py:3096} INFO - Sync 1 DAGs
[2024-08-04T04:53:06.964+0000] {logging_mixin.py:188} INFO - [2024-08-04T04:53:06.964+0000] {dag.py:3954} INFO - Setting next_dagrun for example_setup_teardown to 2024-08-03 00:00:00+00:00, run_after=2024-08-04 00:00:00+00:00
[2024-08-04T04:53:06.984+0000] {processor.py:183} INFO - Processing /home/airflow/.local/lib/python3.12/site-packages/airflow/example_dags/example_setup_teardown.py took 0.073 seconds
[2024-08-04T04:53:37.101+0000] {processor.py:161} INFO - Started process (PID=530) to work on /home/airflow/.local/lib/python3.12/site-packages/airflow/example_dags/example_setup_teardown.py
[2024-08-04T04:53:37.102+0000] {processor.py:830} INFO - Processing file /home/airflow/.local/lib/python3.12/site-packages/airflow/example_dags/example_setup_teardown.py for tasks to queue
[2024-08-04T04:53:37.103+0000] {logging_mixin.py:188} INFO - [2024-08-04T04:53:37.103+0000] {dagbag.py:545} INFO - Filling up the DagBag from /home/airflow/.local/lib/python3.12/site-packages/airflow/example_dags/example_setup_teardown.py
[2024-08-04T04:53:37.109+0000] {processor.py:840} INFO - DAG(s) 'example_setup_teardown' retrieved from /home/airflow/.local/lib/python3.12/site-packages/airflow/example_dags/example_setup_teardown.py
[2024-08-04T04:53:37.128+0000] {logging_mixin.py:188} INFO - [2024-08-04T04:53:37.128+0000] {dag.py:3096} INFO - Sync 1 DAGs
[2024-08-04T04:53:37.149+0000] {logging_mixin.py:188} INFO - [2024-08-04T04:53:37.149+0000] {dag.py:3954} INFO - Setting next_dagrun for example_setup_teardown to 2024-08-03 00:00:00+00:00, run_after=2024-08-04 00:00:00+00:00
[2024-08-04T04:53:37.168+0000] {processor.py:183} INFO - Processing /home/airflow/.local/lib/python3.12/site-packages/airflow/example_dags/example_setup_teardown.py took 0.072 seconds
[2024-08-04T04:54:07.841+0000] {processor.py:161} INFO - Started process (PID=588) to work on /home/airflow/.local/lib/python3.12/site-packages/airflow/example_dags/example_setup_teardown.py
[2024-08-04T04:54:07.842+0000] {processor.py:830} INFO - Processing file /home/airflow/.local/lib/python3.12/site-packages/airflow/example_dags/example_setup_teardown.py for tasks to queue
[2024-08-04T04:54:07.843+0000] {logging_mixin.py:188} INFO - [2024-08-04T04:54:07.843+0000] {dagbag.py:545} INFO - Filling up the DagBag from /home/airflow/.local/lib/python3.12/site-packages/airflow/example_dags/example_setup_teardown.py
[2024-08-04T04:54:07.849+0000] {processor.py:840} INFO - DAG(s) 'example_setup_teardown' retrieved from /home/airflow/.local/lib/python3.12/site-packages/airflow/example_dags/example_setup_teardown.py
[2024-08-04T04:54:07.866+0000] {logging_mixin.py:188} INFO - [2024-08-04T04:54:07.866+0000] {dag.py:3096} INFO - Sync 1 DAGs
[2024-08-04T04:54:07.883+0000] {logging_mixin.py:188} INFO - [2024-08-04T04:54:07.883+0000] {dag.py:3954} INFO - Setting next_dagrun for example_setup_teardown to 2024-08-03 00:00:00+00:00, run_after=2024-08-04 00:00:00+00:00
[2024-08-04T04:54:07.907+0000] {processor.py:183} INFO - Processing /home/airflow/.local/lib/python3.12/site-packages/airflow/example_dags/example_setup_teardown.py took 0.070 seconds
[2024-08-04T04:54:38.290+0000] {processor.py:161} INFO - Started process (PID=648) to work on /home/airflow/.local/lib/python3.12/site-packages/airflow/example_dags/example_setup_teardown.py
[2024-08-04T04:54:38.291+0000] {processor.py:830} INFO - Processing file /home/airflow/.local/lib/python3.12/site-packages/airflow/example_dags/example_setup_teardown.py for tasks to queue
[2024-08-04T04:54:38.292+0000] {logging_mixin.py:188} INFO - [2024-08-04T04:54:38.292+0000] {dagbag.py:545} INFO - Filling up the DagBag from /home/airflow/.local/lib/python3.12/site-packages/airflow/example_dags/example_setup_teardown.py
[2024-08-04T04:54:38.298+0000] {processor.py:840} INFO - DAG(s) 'example_setup_teardown' retrieved from /home/airflow/.local/lib/python3.12/site-packages/airflow/example_dags/example_setup_teardown.py
[2024-08-04T04:54:38.316+0000] {logging_mixin.py:188} INFO - [2024-08-04T04:54:38.315+0000] {dag.py:3096} INFO - Sync 1 DAGs
[2024-08-04T04:54:38.340+0000] {logging_mixin.py:188} INFO - [2024-08-04T04:54:38.339+0000] {dag.py:3954} INFO - Setting next_dagrun for example_setup_teardown to 2024-08-03 00:00:00+00:00, run_after=2024-08-04 00:00:00+00:00
[2024-08-04T04:54:38.363+0000] {processor.py:183} INFO - Processing /home/airflow/.local/lib/python3.12/site-packages/airflow/example_dags/example_setup_teardown.py took 0.077 seconds
[2024-08-04T04:55:09.003+0000] {processor.py:161} INFO - Started process (PID=707) to work on /home/airflow/.local/lib/python3.12/site-packages/airflow/example_dags/example_setup_teardown.py
[2024-08-04T04:55:09.004+0000] {processor.py:830} INFO - Processing file /home/airflow/.local/lib/python3.12/site-packages/airflow/example_dags/example_setup_teardown.py for tasks to queue
[2024-08-04T04:55:09.005+0000] {logging_mixin.py:188} INFO - [2024-08-04T04:55:09.005+0000] {dagbag.py:545} INFO - Filling up the DagBag from /home/airflow/.local/lib/python3.12/site-packages/airflow/example_dags/example_setup_teardown.py
[2024-08-04T04:55:09.010+0000] {processor.py:840} INFO - DAG(s) 'example_setup_teardown' retrieved from /home/airflow/.local/lib/python3.12/site-packages/airflow/example_dags/example_setup_teardown.py
[2024-08-04T04:55:09.027+0000] {logging_mixin.py:188} INFO - [2024-08-04T04:55:09.027+0000] {dag.py:3096} INFO - Sync 1 DAGs
[2024-08-04T04:55:09.045+0000] {logging_mixin.py:188} INFO - [2024-08-04T04:55:09.045+0000] {dag.py:3954} INFO - Setting next_dagrun for example_setup_teardown to 2024-08-03 00:00:00+00:00, run_after=2024-08-04 00:00:00+00:00
[2024-08-04T04:55:09.065+0000] {processor.py:183} INFO - Processing /home/airflow/.local/lib/python3.12/site-packages/airflow/example_dags/example_setup_teardown.py took 0.066 seconds
[2024-08-04T04:55:39.891+0000] {processor.py:161} INFO - Started process (PID=766) to work on /home/airflow/.local/lib/python3.12/site-packages/airflow/example_dags/example_setup_teardown.py
[2024-08-04T04:55:39.892+0000] {processor.py:830} INFO - Processing file /home/airflow/.local/lib/python3.12/site-packages/airflow/example_dags/example_setup_teardown.py for tasks to queue
[2024-08-04T04:55:39.893+0000] {logging_mixin.py:188} INFO - [2024-08-04T04:55:39.893+0000] {dagbag.py:545} INFO - Filling up the DagBag from /home/airflow/.local/lib/python3.12/site-packages/airflow/example_dags/example_setup_teardown.py
[2024-08-04T04:55:39.898+0000] {processor.py:840} INFO - DAG(s) 'example_setup_teardown' retrieved from /home/airflow/.local/lib/python3.12/site-packages/airflow/example_dags/example_setup_teardown.py
[2024-08-04T04:55:39.916+0000] {logging_mixin.py:188} INFO - [2024-08-04T04:55:39.916+0000] {dag.py:3096} INFO - Sync 1 DAGs
[2024-08-04T04:55:39.936+0000] {logging_mixin.py:188} INFO - [2024-08-04T04:55:39.936+0000] {dag.py:3954} INFO - Setting next_dagrun for example_setup_teardown to 2024-08-03 00:00:00+00:00, run_after=2024-08-04 00:00:00+00:00
[2024-08-04T04:55:39.956+0000] {processor.py:183} INFO - Processing /home/airflow/.local/lib/python3.12/site-packages/airflow/example_dags/example_setup_teardown.py took 0.070 seconds
[2024-08-04T04:56:10.285+0000] {processor.py:161} INFO - Started process (PID=825) to work on /home/airflow/.local/lib/python3.12/site-packages/airflow/example_dags/example_setup_teardown.py
[2024-08-04T04:56:10.286+0000] {processor.py:830} INFO - Processing file /home/airflow/.local/lib/python3.12/site-packages/airflow/example_dags/example_setup_teardown.py for tasks to queue
[2024-08-04T04:56:10.287+0000] {logging_mixin.py:188} INFO - [2024-08-04T04:56:10.287+0000] {dagbag.py:545} INFO - Filling up the DagBag from /home/airflow/.local/lib/python3.12/site-packages/airflow/example_dags/example_setup_teardown.py
[2024-08-04T04:56:10.293+0000] {processor.py:840} INFO - DAG(s) 'example_setup_teardown' retrieved from /home/airflow/.local/lib/python3.12/site-packages/airflow/example_dags/example_setup_teardown.py
[2024-08-04T04:56:10.314+0000] {logging_mixin.py:188} INFO - [2024-08-04T04:56:10.314+0000] {dag.py:3096} INFO - Sync 1 DAGs
[2024-08-04T04:56:10.333+0000] {logging_mixin.py:188} INFO - [2024-08-04T04:56:10.333+0000] {dag.py:3954} INFO - Setting next_dagrun for example_setup_teardown to 2024-08-03 00:00:00+00:00, run_after=2024-08-04 00:00:00+00:00
[2024-08-04T04:56:10.354+0000] {processor.py:183} INFO - Processing /home/airflow/.local/lib/python3.12/site-packages/airflow/example_dags/example_setup_teardown.py took 0.073 seconds
[2024-08-04T04:56:40.863+0000] {processor.py:161} INFO - Started process (PID=884) to work on /home/airflow/.local/lib/python3.12/site-packages/airflow/example_dags/example_setup_teardown.py
[2024-08-04T04:56:40.864+0000] {processor.py:830} INFO - Processing file /home/airflow/.local/lib/python3.12/site-packages/airflow/example_dags/example_setup_teardown.py for tasks to queue
[2024-08-04T04:56:40.865+0000] {logging_mixin.py:188} INFO - [2024-08-04T04:56:40.865+0000] {dagbag.py:545} INFO - Filling up the DagBag from /home/airflow/.local/lib/python3.12/site-packages/airflow/example_dags/example_setup_teardown.py
[2024-08-04T04:56:40.870+0000] {processor.py:840} INFO - DAG(s) 'example_setup_teardown' retrieved from /home/airflow/.local/lib/python3.12/site-packages/airflow/example_dags/example_setup_teardown.py
[2024-08-04T04:56:40.893+0000] {logging_mixin.py:188} INFO - [2024-08-04T04:56:40.893+0000] {dag.py:3096} INFO - Sync 1 DAGs
[2024-08-04T04:56:40.914+0000] {logging_mixin.py:188} INFO - [2024-08-04T04:56:40.913+0000] {dag.py:3954} INFO - Setting next_dagrun for example_setup_teardown to 2024-08-03 00:00:00+00:00, run_after=2024-08-04 00:00:00+00:00
[2024-08-04T04:56:40.933+0000] {processor.py:183} INFO - Processing /home/airflow/.local/lib/python3.12/site-packages/airflow/example_dags/example_setup_teardown.py took 0.075 seconds
[2024-08-04T04:57:11.062+0000] {processor.py:161} INFO - Started process (PID=944) to work on /home/airflow/.local/lib/python3.12/site-packages/airflow/example_dags/example_setup_teardown.py
[2024-08-04T04:57:11.063+0000] {processor.py:830} INFO - Processing file /home/airflow/.local/lib/python3.12/site-packages/airflow/example_dags/example_setup_teardown.py for tasks to queue
[2024-08-04T04:57:11.065+0000] {logging_mixin.py:188} INFO - [2024-08-04T04:57:11.064+0000] {dagbag.py:545} INFO - Filling up the DagBag from /home/airflow/.local/lib/python3.12/site-packages/airflow/example_dags/example_setup_teardown.py
[2024-08-04T04:57:11.105+0000] {processor.py:840} INFO - DAG(s) 'example_setup_teardown' retrieved from /home/airflow/.local/lib/python3.12/site-packages/airflow/example_dags/example_setup_teardown.py
[2024-08-04T04:57:11.184+0000] {logging_mixin.py:188} INFO - [2024-08-04T04:57:11.184+0000] {dag.py:3096} INFO - Sync 1 DAGs
[2024-08-04T04:57:11.249+0000] {logging_mixin.py:188} INFO - [2024-08-04T04:57:11.248+0000] {dag.py:3954} INFO - Setting next_dagrun for example_setup_teardown to 2024-08-03 00:00:00+00:00, run_after=2024-08-04 00:00:00+00:00
[2024-08-04T04:57:11.288+0000] {processor.py:183} INFO - Processing /home/airflow/.local/lib/python3.12/site-packages/airflow/example_dags/example_setup_teardown.py took 0.254 seconds
