[2024-08-04T04:49:19.500+0000] {processor.py:161} INFO - Started process (PID=32) to work on /home/airflow/.local/lib/python3.12/site-packages/airflow/example_dags/example_branch_labels.py
[2024-08-04T04:49:19.509+0000] {processor.py:830} INFO - Processing file /home/airflow/.local/lib/python3.12/site-packages/airflow/example_dags/example_branch_labels.py for tasks to queue
[2024-08-04T04:49:19.514+0000] {logging_mixin.py:188} INFO - [2024-08-04T04:49:19.513+0000] {dagbag.py:545} INFO - Filling up the DagBag from /home/airflow/.local/lib/python3.12/site-packages/airflow/example_dags/example_branch_labels.py
[2024-08-04T04:49:19.604+0000] {processor.py:840} INFO - DAG(s) 'example_branch_labels' retrieved from /home/airflow/.local/lib/python3.12/site-packages/airflow/example_dags/example_branch_labels.py
[2024-08-04T04:49:20.679+0000] {logging_mixin.py:188} INFO - [2024-08-04T04:49:20.679+0000] {dag.py:3096} INFO - Sync 1 DAGs
[2024-08-04T04:49:20.794+0000] {logging_mixin.py:188} INFO - [2024-08-04T04:49:20.794+0000] {dag.py:3954} INFO - Setting next_dagrun for example_branch_labels to 2024-08-03 00:00:00+00:00, run_after=2024-08-04 00:00:00+00:00
[2024-08-04T04:49:20.876+0000] {processor.py:183} INFO - Processing /home/airflow/.local/lib/python3.12/site-packages/airflow/example_dags/example_branch_labels.py took 1.404 seconds
[2024-08-04T04:49:50.994+0000] {processor.py:161} INFO - Started process (PID=90) to work on /home/airflow/.local/lib/python3.12/site-packages/airflow/example_dags/example_branch_labels.py
[2024-08-04T04:49:50.995+0000] {processor.py:830} INFO - Processing file /home/airflow/.local/lib/python3.12/site-packages/airflow/example_dags/example_branch_labels.py for tasks to queue
[2024-08-04T04:49:50.997+0000] {logging_mixin.py:188} INFO - [2024-08-04T04:49:50.997+0000] {dagbag.py:545} INFO - Filling up the DagBag from /home/airflow/.local/lib/python3.12/site-packages/airflow/example_dags/example_branch_labels.py
[2024-08-04T04:49:51.010+0000] {processor.py:840} INFO - DAG(s) 'example_branch_labels' retrieved from /home/airflow/.local/lib/python3.12/site-packages/airflow/example_dags/example_branch_labels.py
[2024-08-04T04:49:51.032+0000] {logging_mixin.py:188} INFO - [2024-08-04T04:49:51.032+0000] {dag.py:3096} INFO - Sync 1 DAGs
[2024-08-04T04:49:51.058+0000] {logging_mixin.py:188} INFO - [2024-08-04T04:49:51.057+0000] {dag.py:3954} INFO - Setting next_dagrun for example_branch_labels to 2024-08-03 00:00:00+00:00, run_after=2024-08-04 00:00:00+00:00
[2024-08-04T04:49:51.085+0000] {processor.py:183} INFO - Processing /home/airflow/.local/lib/python3.12/site-packages/airflow/example_dags/example_branch_labels.py took 0.096 seconds
[2024-08-04T04:50:21.609+0000] {processor.py:161} INFO - Started process (PID=148) to work on /home/airflow/.local/lib/python3.12/site-packages/airflow/example_dags/example_branch_labels.py
[2024-08-04T04:50:21.610+0000] {processor.py:830} INFO - Processing file /home/airflow/.local/lib/python3.12/site-packages/airflow/example_dags/example_branch_labels.py for tasks to queue
[2024-08-04T04:50:21.612+0000] {logging_mixin.py:188} INFO - [2024-08-04T04:50:21.611+0000] {dagbag.py:545} INFO - Filling up the DagBag from /home/airflow/.local/lib/python3.12/site-packages/airflow/example_dags/example_branch_labels.py
[2024-08-04T04:50:21.622+0000] {processor.py:840} INFO - DAG(s) 'example_branch_labels' retrieved from /home/airflow/.local/lib/python3.12/site-packages/airflow/example_dags/example_branch_labels.py
[2024-08-04T04:50:21.645+0000] {logging_mixin.py:188} INFO - [2024-08-04T04:50:21.645+0000] {dag.py:3096} INFO - Sync 1 DAGs
[2024-08-04T04:50:21.672+0000] {logging_mixin.py:188} INFO - [2024-08-04T04:50:21.672+0000] {dag.py:3954} INFO - Setting next_dagrun for example_branch_labels to 2024-08-03 00:00:00+00:00, run_after=2024-08-04 00:00:00+00:00
[2024-08-04T04:50:21.698+0000] {processor.py:183} INFO - Processing /home/airflow/.local/lib/python3.12/site-packages/airflow/example_dags/example_branch_labels.py took 0.095 seconds
[2024-08-04T04:50:51.781+0000] {processor.py:161} INFO - Started process (PID=206) to work on /home/airflow/.local/lib/python3.12/site-packages/airflow/example_dags/example_branch_labels.py
[2024-08-04T04:50:51.782+0000] {processor.py:830} INFO - Processing file /home/airflow/.local/lib/python3.12/site-packages/airflow/example_dags/example_branch_labels.py for tasks to queue
[2024-08-04T04:50:51.787+0000] {logging_mixin.py:188} INFO - [2024-08-04T04:50:51.786+0000] {dagbag.py:545} INFO - Filling up the DagBag from /home/airflow/.local/lib/python3.12/site-packages/airflow/example_dags/example_branch_labels.py
[2024-08-04T04:50:51.814+0000] {processor.py:840} INFO - DAG(s) 'example_branch_labels' retrieved from /home/airflow/.local/lib/python3.12/site-packages/airflow/example_dags/example_branch_labels.py
[2024-08-04T04:50:51.899+0000] {logging_mixin.py:188} INFO - [2024-08-04T04:50:51.899+0000] {dag.py:3096} INFO - Sync 1 DAGs
[2024-08-04T04:50:51.987+0000] {logging_mixin.py:188} INFO - [2024-08-04T04:50:51.987+0000] {dag.py:3954} INFO - Setting next_dagrun for example_branch_labels to 2024-08-03 00:00:00+00:00, run_after=2024-08-04 00:00:00+00:00
[2024-08-04T04:50:52.087+0000] {processor.py:183} INFO - Processing /home/airflow/.local/lib/python3.12/site-packages/airflow/example_dags/example_branch_labels.py took 0.336 seconds
[2024-08-04T04:51:22.291+0000] {processor.py:161} INFO - Started process (PID=264) to work on /home/airflow/.local/lib/python3.12/site-packages/airflow/example_dags/example_branch_labels.py
[2024-08-04T04:51:22.292+0000] {processor.py:830} INFO - Processing file /home/airflow/.local/lib/python3.12/site-packages/airflow/example_dags/example_branch_labels.py for tasks to queue
[2024-08-04T04:51:22.294+0000] {logging_mixin.py:188} INFO - [2024-08-04T04:51:22.294+0000] {dagbag.py:545} INFO - Filling up the DagBag from /home/airflow/.local/lib/python3.12/site-packages/airflow/example_dags/example_branch_labels.py
[2024-08-04T04:51:22.305+0000] {processor.py:840} INFO - DAG(s) 'example_branch_labels' retrieved from /home/airflow/.local/lib/python3.12/site-packages/airflow/example_dags/example_branch_labels.py
[2024-08-04T04:51:22.328+0000] {logging_mixin.py:188} INFO - [2024-08-04T04:51:22.328+0000] {dag.py:3096} INFO - Sync 1 DAGs
[2024-08-04T04:51:22.355+0000] {logging_mixin.py:188} INFO - [2024-08-04T04:51:22.355+0000] {dag.py:3954} INFO - Setting next_dagrun for example_branch_labels to 2024-08-03 00:00:00+00:00, run_after=2024-08-04 00:00:00+00:00
[2024-08-04T04:51:22.380+0000] {processor.py:183} INFO - Processing /home/airflow/.local/lib/python3.12/site-packages/airflow/example_dags/example_branch_labels.py took 0.095 seconds
[2024-08-04T04:51:52.458+0000] {processor.py:161} INFO - Started process (PID=322) to work on /home/airflow/.local/lib/python3.12/site-packages/airflow/example_dags/example_branch_labels.py
[2024-08-04T04:51:52.459+0000] {processor.py:830} INFO - Processing file /home/airflow/.local/lib/python3.12/site-packages/airflow/example_dags/example_branch_labels.py for tasks to queue
[2024-08-04T04:51:52.462+0000] {logging_mixin.py:188} INFO - [2024-08-04T04:51:52.462+0000] {dagbag.py:545} INFO - Filling up the DagBag from /home/airflow/.local/lib/python3.12/site-packages/airflow/example_dags/example_branch_labels.py
[2024-08-04T04:51:52.472+0000] {processor.py:840} INFO - DAG(s) 'example_branch_labels' retrieved from /home/airflow/.local/lib/python3.12/site-packages/airflow/example_dags/example_branch_labels.py
[2024-08-04T04:51:52.497+0000] {logging_mixin.py:188} INFO - [2024-08-04T04:51:52.496+0000] {dag.py:3096} INFO - Sync 1 DAGs
[2024-08-04T04:51:52.524+0000] {logging_mixin.py:188} INFO - [2024-08-04T04:51:52.524+0000] {dag.py:3954} INFO - Setting next_dagrun for example_branch_labels to 2024-08-03 00:00:00+00:00, run_after=2024-08-04 00:00:00+00:00
[2024-08-04T04:51:52.550+0000] {processor.py:183} INFO - Processing /home/airflow/.local/lib/python3.12/site-packages/airflow/example_dags/example_branch_labels.py took 0.098 seconds
[2024-08-04T04:52:22.694+0000] {processor.py:161} INFO - Started process (PID=380) to work on /home/airflow/.local/lib/python3.12/site-packages/airflow/example_dags/example_branch_labels.py
[2024-08-04T04:52:22.697+0000] {processor.py:830} INFO - Processing file /home/airflow/.local/lib/python3.12/site-packages/airflow/example_dags/example_branch_labels.py for tasks to queue
[2024-08-04T04:52:22.704+0000] {logging_mixin.py:188} INFO - [2024-08-04T04:52:22.704+0000] {dagbag.py:545} INFO - Filling up the DagBag from /home/airflow/.local/lib/python3.12/site-packages/airflow/example_dags/example_branch_labels.py
[2024-08-04T04:52:22.724+0000] {processor.py:840} INFO - DAG(s) 'example_branch_labels' retrieved from /home/airflow/.local/lib/python3.12/site-packages/airflow/example_dags/example_branch_labels.py
[2024-08-04T04:52:22.788+0000] {logging_mixin.py:188} INFO - [2024-08-04T04:52:22.788+0000] {dag.py:3096} INFO - Sync 1 DAGs
[2024-08-04T04:52:22.819+0000] {logging_mixin.py:188} INFO - [2024-08-04T04:52:22.818+0000] {dag.py:3954} INFO - Setting next_dagrun for example_branch_labels to 2024-08-03 00:00:00+00:00, run_after=2024-08-04 00:00:00+00:00
[2024-08-04T04:52:22.862+0000] {processor.py:183} INFO - Processing /home/airflow/.local/lib/python3.12/site-packages/airflow/example_dags/example_branch_labels.py took 0.186 seconds
[2024-08-04T04:52:53.015+0000] {processor.py:161} INFO - Started process (PID=439) to work on /home/airflow/.local/lib/python3.12/site-packages/airflow/example_dags/example_branch_labels.py
[2024-08-04T04:52:53.016+0000] {processor.py:830} INFO - Processing file /home/airflow/.local/lib/python3.12/site-packages/airflow/example_dags/example_branch_labels.py for tasks to queue
[2024-08-04T04:52:53.018+0000] {logging_mixin.py:188} INFO - [2024-08-04T04:52:53.018+0000] {dagbag.py:545} INFO - Filling up the DagBag from /home/airflow/.local/lib/python3.12/site-packages/airflow/example_dags/example_branch_labels.py
[2024-08-04T04:52:53.028+0000] {processor.py:840} INFO - DAG(s) 'example_branch_labels' retrieved from /home/airflow/.local/lib/python3.12/site-packages/airflow/example_dags/example_branch_labels.py
[2024-08-04T04:52:53.054+0000] {logging_mixin.py:188} INFO - [2024-08-04T04:52:53.054+0000] {dag.py:3096} INFO - Sync 1 DAGs
[2024-08-04T04:52:53.084+0000] {logging_mixin.py:188} INFO - [2024-08-04T04:52:53.083+0000] {dag.py:3954} INFO - Setting next_dagrun for example_branch_labels to 2024-08-03 00:00:00+00:00, run_after=2024-08-04 00:00:00+00:00
[2024-08-04T04:52:53.113+0000] {processor.py:183} INFO - Processing /home/airflow/.local/lib/python3.12/site-packages/airflow/example_dags/example_branch_labels.py took 0.104 seconds
[2024-08-04T04:53:23.290+0000] {processor.py:161} INFO - Started process (PID=497) to work on /home/airflow/.local/lib/python3.12/site-packages/airflow/example_dags/example_branch_labels.py
[2024-08-04T04:53:23.291+0000] {processor.py:830} INFO - Processing file /home/airflow/.local/lib/python3.12/site-packages/airflow/example_dags/example_branch_labels.py for tasks to queue
[2024-08-04T04:53:23.293+0000] {logging_mixin.py:188} INFO - [2024-08-04T04:53:23.293+0000] {dagbag.py:545} INFO - Filling up the DagBag from /home/airflow/.local/lib/python3.12/site-packages/airflow/example_dags/example_branch_labels.py
[2024-08-04T04:53:23.302+0000] {processor.py:840} INFO - DAG(s) 'example_branch_labels' retrieved from /home/airflow/.local/lib/python3.12/site-packages/airflow/example_dags/example_branch_labels.py
[2024-08-04T04:53:23.326+0000] {logging_mixin.py:188} INFO - [2024-08-04T04:53:23.326+0000] {dag.py:3096} INFO - Sync 1 DAGs
[2024-08-04T04:53:23.355+0000] {logging_mixin.py:188} INFO - [2024-08-04T04:53:23.354+0000] {dag.py:3954} INFO - Setting next_dagrun for example_branch_labels to 2024-08-03 00:00:00+00:00, run_after=2024-08-04 00:00:00+00:00
[2024-08-04T04:53:23.385+0000] {processor.py:183} INFO - Processing /home/airflow/.local/lib/python3.12/site-packages/airflow/example_dags/example_branch_labels.py took 0.101 seconds
[2024-08-04T04:53:54.057+0000] {processor.py:161} INFO - Started process (PID=555) to work on /home/airflow/.local/lib/python3.12/site-packages/airflow/example_dags/example_branch_labels.py
[2024-08-04T04:53:54.058+0000] {processor.py:830} INFO - Processing file /home/airflow/.local/lib/python3.12/site-packages/airflow/example_dags/example_branch_labels.py for tasks to queue
[2024-08-04T04:53:54.060+0000] {logging_mixin.py:188} INFO - [2024-08-04T04:53:54.060+0000] {dagbag.py:545} INFO - Filling up the DagBag from /home/airflow/.local/lib/python3.12/site-packages/airflow/example_dags/example_branch_labels.py
[2024-08-04T04:53:54.070+0000] {processor.py:840} INFO - DAG(s) 'example_branch_labels' retrieved from /home/airflow/.local/lib/python3.12/site-packages/airflow/example_dags/example_branch_labels.py
[2024-08-04T04:53:54.094+0000] {logging_mixin.py:188} INFO - [2024-08-04T04:53:54.093+0000] {dag.py:3096} INFO - Sync 1 DAGs
[2024-08-04T04:53:54.121+0000] {logging_mixin.py:188} INFO - [2024-08-04T04:53:54.121+0000] {dag.py:3954} INFO - Setting next_dagrun for example_branch_labels to 2024-08-03 00:00:00+00:00, run_after=2024-08-04 00:00:00+00:00
[2024-08-04T04:53:54.152+0000] {processor.py:183} INFO - Processing /home/airflow/.local/lib/python3.12/site-packages/airflow/example_dags/example_branch_labels.py took 0.101 seconds
[2024-08-04T04:54:24.475+0000] {processor.py:161} INFO - Started process (PID=614) to work on /home/airflow/.local/lib/python3.12/site-packages/airflow/example_dags/example_branch_labels.py
[2024-08-04T04:54:24.476+0000] {processor.py:830} INFO - Processing file /home/airflow/.local/lib/python3.12/site-packages/airflow/example_dags/example_branch_labels.py for tasks to queue
[2024-08-04T04:54:24.478+0000] {logging_mixin.py:188} INFO - [2024-08-04T04:54:24.477+0000] {dagbag.py:545} INFO - Filling up the DagBag from /home/airflow/.local/lib/python3.12/site-packages/airflow/example_dags/example_branch_labels.py
[2024-08-04T04:54:24.487+0000] {processor.py:840} INFO - DAG(s) 'example_branch_labels' retrieved from /home/airflow/.local/lib/python3.12/site-packages/airflow/example_dags/example_branch_labels.py
[2024-08-04T04:54:24.511+0000] {logging_mixin.py:188} INFO - [2024-08-04T04:54:24.511+0000] {dag.py:3096} INFO - Sync 1 DAGs
[2024-08-04T04:54:24.538+0000] {logging_mixin.py:188} INFO - [2024-08-04T04:54:24.538+0000] {dag.py:3954} INFO - Setting next_dagrun for example_branch_labels to 2024-08-03 00:00:00+00:00, run_after=2024-08-04 00:00:00+00:00
[2024-08-04T04:54:24.571+0000] {processor.py:183} INFO - Processing /home/airflow/.local/lib/python3.12/site-packages/airflow/example_dags/example_branch_labels.py took 0.102 seconds
[2024-08-04T04:54:54.830+0000] {processor.py:161} INFO - Started process (PID=674) to work on /home/airflow/.local/lib/python3.12/site-packages/airflow/example_dags/example_branch_labels.py
[2024-08-04T04:54:54.833+0000] {processor.py:830} INFO - Processing file /home/airflow/.local/lib/python3.12/site-packages/airflow/example_dags/example_branch_labels.py for tasks to queue
[2024-08-04T04:54:54.835+0000] {logging_mixin.py:188} INFO - [2024-08-04T04:54:54.835+0000] {dagbag.py:545} INFO - Filling up the DagBag from /home/airflow/.local/lib/python3.12/site-packages/airflow/example_dags/example_branch_labels.py
[2024-08-04T04:54:54.866+0000] {processor.py:840} INFO - DAG(s) 'example_branch_labels' retrieved from /home/airflow/.local/lib/python3.12/site-packages/airflow/example_dags/example_branch_labels.py
[2024-08-04T04:54:54.970+0000] {logging_mixin.py:188} INFO - [2024-08-04T04:54:54.969+0000] {dag.py:3096} INFO - Sync 1 DAGs
[2024-08-04T04:54:55.007+0000] {logging_mixin.py:188} INFO - [2024-08-04T04:54:55.007+0000] {dag.py:3954} INFO - Setting next_dagrun for example_branch_labels to 2024-08-03 00:00:00+00:00, run_after=2024-08-04 00:00:00+00:00
[2024-08-04T04:54:55.031+0000] {processor.py:183} INFO - Processing /home/airflow/.local/lib/python3.12/site-packages/airflow/example_dags/example_branch_labels.py took 0.216 seconds
[2024-08-04T04:55:25.573+0000] {processor.py:161} INFO - Started process (PID=733) to work on /home/airflow/.local/lib/python3.12/site-packages/airflow/example_dags/example_branch_labels.py
[2024-08-04T04:55:25.587+0000] {processor.py:830} INFO - Processing file /home/airflow/.local/lib/python3.12/site-packages/airflow/example_dags/example_branch_labels.py for tasks to queue
[2024-08-04T04:55:25.602+0000] {logging_mixin.py:188} INFO - [2024-08-04T04:55:25.601+0000] {dagbag.py:545} INFO - Filling up the DagBag from /home/airflow/.local/lib/python3.12/site-packages/airflow/example_dags/example_branch_labels.py
[2024-08-04T04:55:25.652+0000] {processor.py:840} INFO - DAG(s) 'example_branch_labels' retrieved from /home/airflow/.local/lib/python3.12/site-packages/airflow/example_dags/example_branch_labels.py
[2024-08-04T04:55:25.798+0000] {logging_mixin.py:188} INFO - [2024-08-04T04:55:25.798+0000] {dag.py:3096} INFO - Sync 1 DAGs
[2024-08-04T04:55:25.896+0000] {logging_mixin.py:188} INFO - [2024-08-04T04:55:25.896+0000] {dag.py:3954} INFO - Setting next_dagrun for example_branch_labels to 2024-08-03 00:00:00+00:00, run_after=2024-08-04 00:00:00+00:00
[2024-08-04T04:55:25.953+0000] {processor.py:183} INFO - Processing /home/airflow/.local/lib/python3.12/site-packages/airflow/example_dags/example_branch_labels.py took 0.411 seconds
[2024-08-04T04:55:56.545+0000] {processor.py:161} INFO - Started process (PID=792) to work on /home/airflow/.local/lib/python3.12/site-packages/airflow/example_dags/example_branch_labels.py
[2024-08-04T04:55:56.546+0000] {processor.py:830} INFO - Processing file /home/airflow/.local/lib/python3.12/site-packages/airflow/example_dags/example_branch_labels.py for tasks to queue
[2024-08-04T04:55:56.548+0000] {logging_mixin.py:188} INFO - [2024-08-04T04:55:56.548+0000] {dagbag.py:545} INFO - Filling up the DagBag from /home/airflow/.local/lib/python3.12/site-packages/airflow/example_dags/example_branch_labels.py
[2024-08-04T04:55:56.558+0000] {processor.py:840} INFO - DAG(s) 'example_branch_labels' retrieved from /home/airflow/.local/lib/python3.12/site-packages/airflow/example_dags/example_branch_labels.py
[2024-08-04T04:55:56.583+0000] {logging_mixin.py:188} INFO - [2024-08-04T04:55:56.582+0000] {dag.py:3096} INFO - Sync 1 DAGs
[2024-08-04T04:55:56.609+0000] {logging_mixin.py:188} INFO - [2024-08-04T04:55:56.609+0000] {dag.py:3954} INFO - Setting next_dagrun for example_branch_labels to 2024-08-03 00:00:00+00:00, run_after=2024-08-04 00:00:00+00:00
[2024-08-04T04:55:56.637+0000] {processor.py:183} INFO - Processing /home/airflow/.local/lib/python3.12/site-packages/airflow/example_dags/example_branch_labels.py took 0.098 seconds
[2024-08-04T04:56:26.720+0000] {processor.py:161} INFO - Started process (PID=851) to work on /home/airflow/.local/lib/python3.12/site-packages/airflow/example_dags/example_branch_labels.py
[2024-08-04T04:56:26.721+0000] {processor.py:830} INFO - Processing file /home/airflow/.local/lib/python3.12/site-packages/airflow/example_dags/example_branch_labels.py for tasks to queue
[2024-08-04T04:56:26.722+0000] {logging_mixin.py:188} INFO - [2024-08-04T04:56:26.722+0000] {dagbag.py:545} INFO - Filling up the DagBag from /home/airflow/.local/lib/python3.12/site-packages/airflow/example_dags/example_branch_labels.py
[2024-08-04T04:56:26.731+0000] {processor.py:840} INFO - DAG(s) 'example_branch_labels' retrieved from /home/airflow/.local/lib/python3.12/site-packages/airflow/example_dags/example_branch_labels.py
[2024-08-04T04:56:26.756+0000] {logging_mixin.py:188} INFO - [2024-08-04T04:56:26.756+0000] {dag.py:3096} INFO - Sync 1 DAGs
[2024-08-04T04:56:26.782+0000] {logging_mixin.py:188} INFO - [2024-08-04T04:56:26.782+0000] {dag.py:3954} INFO - Setting next_dagrun for example_branch_labels to 2024-08-03 00:00:00+00:00, run_after=2024-08-04 00:00:00+00:00
[2024-08-04T04:56:26.813+0000] {processor.py:183} INFO - Processing /home/airflow/.local/lib/python3.12/site-packages/airflow/example_dags/example_branch_labels.py took 0.099 seconds
[2024-08-04T04:56:56.872+0000] {processor.py:161} INFO - Started process (PID=910) to work on /home/airflow/.local/lib/python3.12/site-packages/airflow/example_dags/example_branch_labels.py
[2024-08-04T04:56:56.880+0000] {processor.py:830} INFO - Processing file /home/airflow/.local/lib/python3.12/site-packages/airflow/example_dags/example_branch_labels.py for tasks to queue
[2024-08-04T04:56:56.883+0000] {logging_mixin.py:188} INFO - [2024-08-04T04:56:56.883+0000] {dagbag.py:545} INFO - Filling up the DagBag from /home/airflow/.local/lib/python3.12/site-packages/airflow/example_dags/example_branch_labels.py
[2024-08-04T04:56:56.893+0000] {processor.py:840} INFO - DAG(s) 'example_branch_labels' retrieved from /home/airflow/.local/lib/python3.12/site-packages/airflow/example_dags/example_branch_labels.py
[2024-08-04T04:56:56.918+0000] {logging_mixin.py:188} INFO - [2024-08-04T04:56:56.918+0000] {dag.py:3096} INFO - Sync 1 DAGs
[2024-08-04T04:56:56.946+0000] {logging_mixin.py:188} INFO - [2024-08-04T04:56:56.946+0000] {dag.py:3954} INFO - Setting next_dagrun for example_branch_labels to 2024-08-03 00:00:00+00:00, run_after=2024-08-04 00:00:00+00:00
[2024-08-04T04:56:56.971+0000] {processor.py:183} INFO - Processing /home/airflow/.local/lib/python3.12/site-packages/airflow/example_dags/example_branch_labels.py took 0.106 seconds
