[2024-08-04T04:49:24.392+0000] {processor.py:161} INFO - Started process (PID=41) to work on /home/airflow/.local/lib/python3.12/site-packages/airflow/example_dags/example_bash_operator.py
[2024-08-04T04:49:24.393+0000] {processor.py:830} INFO - Processing file /home/airflow/.local/lib/python3.12/site-packages/airflow/example_dags/example_bash_operator.py for tasks to queue
[2024-08-04T04:49:24.395+0000] {logging_mixin.py:188} INFO - [2024-08-04T04:49:24.394+0000] {dagbag.py:545} INFO - Filling up the DagBag from /home/airflow/.local/lib/python3.12/site-packages/airflow/example_dags/example_bash_operator.py
[2024-08-04T04:49:24.420+0000] {processor.py:840} INFO - DAG(s) 'example_bash_operator' retrieved from /home/airflow/.local/lib/python3.12/site-packages/airflow/example_dags/example_bash_operator.py
[2024-08-04T04:49:24.862+0000] {logging_mixin.py:188} INFO - [2024-08-04T04:49:24.862+0000] {dag.py:3096} INFO - Sync 1 DAGs
[2024-08-04T04:49:24.907+0000] {logging_mixin.py:188} INFO - [2024-08-04T04:49:24.907+0000] {dag.py:3954} INFO - Setting next_dagrun for example_bash_operator to 2024-08-03 00:00:00+00:00, run_after=2024-08-04 00:00:00+00:00
[2024-08-04T04:49:24.972+0000] {processor.py:183} INFO - Processing /home/airflow/.local/lib/python3.12/site-packages/airflow/example_dags/example_bash_operator.py took 0.586 seconds
[2024-08-04T04:49:55.408+0000] {processor.py:161} INFO - Started process (PID=99) to work on /home/airflow/.local/lib/python3.12/site-packages/airflow/example_dags/example_bash_operator.py
[2024-08-04T04:49:55.409+0000] {processor.py:830} INFO - Processing file /home/airflow/.local/lib/python3.12/site-packages/airflow/example_dags/example_bash_operator.py for tasks to queue
[2024-08-04T04:49:55.411+0000] {logging_mixin.py:188} INFO - [2024-08-04T04:49:55.411+0000] {dagbag.py:545} INFO - Filling up the DagBag from /home/airflow/.local/lib/python3.12/site-packages/airflow/example_dags/example_bash_operator.py
[2024-08-04T04:49:55.424+0000] {processor.py:840} INFO - DAG(s) 'example_bash_operator' retrieved from /home/airflow/.local/lib/python3.12/site-packages/airflow/example_dags/example_bash_operator.py
[2024-08-04T04:49:55.495+0000] {logging_mixin.py:188} INFO - [2024-08-04T04:49:55.495+0000] {dag.py:3096} INFO - Sync 1 DAGs
[2024-08-04T04:49:55.558+0000] {logging_mixin.py:188} INFO - [2024-08-04T04:49:55.558+0000] {dag.py:3954} INFO - Setting next_dagrun for example_bash_operator to 2024-08-03 00:00:00+00:00, run_after=2024-08-04 00:00:00+00:00
[2024-08-04T04:49:55.586+0000] {processor.py:183} INFO - Processing /home/airflow/.local/lib/python3.12/site-packages/airflow/example_dags/example_bash_operator.py took 0.184 seconds
[2024-08-04T04:50:26.123+0000] {processor.py:161} INFO - Started process (PID=157) to work on /home/airflow/.local/lib/python3.12/site-packages/airflow/example_dags/example_bash_operator.py
[2024-08-04T04:50:26.124+0000] {processor.py:830} INFO - Processing file /home/airflow/.local/lib/python3.12/site-packages/airflow/example_dags/example_bash_operator.py for tasks to queue
[2024-08-04T04:50:26.126+0000] {logging_mixin.py:188} INFO - [2024-08-04T04:50:26.126+0000] {dagbag.py:545} INFO - Filling up the DagBag from /home/airflow/.local/lib/python3.12/site-packages/airflow/example_dags/example_bash_operator.py
[2024-08-04T04:50:26.141+0000] {processor.py:840} INFO - DAG(s) 'example_bash_operator' retrieved from /home/airflow/.local/lib/python3.12/site-packages/airflow/example_dags/example_bash_operator.py
[2024-08-04T04:50:26.182+0000] {logging_mixin.py:188} INFO - [2024-08-04T04:50:26.182+0000] {dag.py:3096} INFO - Sync 1 DAGs
[2024-08-04T04:50:26.235+0000] {logging_mixin.py:188} INFO - [2024-08-04T04:50:26.234+0000] {dag.py:3954} INFO - Setting next_dagrun for example_bash_operator to 2024-08-03 00:00:00+00:00, run_after=2024-08-04 00:00:00+00:00
[2024-08-04T04:50:26.277+0000] {processor.py:183} INFO - Processing /home/airflow/.local/lib/python3.12/site-packages/airflow/example_dags/example_bash_operator.py took 0.160 seconds
[2024-08-04T04:50:56.695+0000] {processor.py:161} INFO - Started process (PID=215) to work on /home/airflow/.local/lib/python3.12/site-packages/airflow/example_dags/example_bash_operator.py
[2024-08-04T04:50:56.696+0000] {processor.py:830} INFO - Processing file /home/airflow/.local/lib/python3.12/site-packages/airflow/example_dags/example_bash_operator.py for tasks to queue
[2024-08-04T04:50:56.698+0000] {logging_mixin.py:188} INFO - [2024-08-04T04:50:56.697+0000] {dagbag.py:545} INFO - Filling up the DagBag from /home/airflow/.local/lib/python3.12/site-packages/airflow/example_dags/example_bash_operator.py
[2024-08-04T04:50:56.711+0000] {processor.py:840} INFO - DAG(s) 'example_bash_operator' retrieved from /home/airflow/.local/lib/python3.12/site-packages/airflow/example_dags/example_bash_operator.py
[2024-08-04T04:50:56.745+0000] {logging_mixin.py:188} INFO - [2024-08-04T04:50:56.745+0000] {dag.py:3096} INFO - Sync 1 DAGs
[2024-08-04T04:50:56.771+0000] {logging_mixin.py:188} INFO - [2024-08-04T04:50:56.770+0000] {dag.py:3954} INFO - Setting next_dagrun for example_bash_operator to 2024-08-03 00:00:00+00:00, run_after=2024-08-04 00:00:00+00:00
[2024-08-04T04:50:56.793+0000] {processor.py:183} INFO - Processing /home/airflow/.local/lib/python3.12/site-packages/airflow/example_dags/example_bash_operator.py took 0.108 seconds
[2024-08-04T04:51:27.462+0000] {processor.py:161} INFO - Started process (PID=273) to work on /home/airflow/.local/lib/python3.12/site-packages/airflow/example_dags/example_bash_operator.py
[2024-08-04T04:51:27.474+0000] {processor.py:830} INFO - Processing file /home/airflow/.local/lib/python3.12/site-packages/airflow/example_dags/example_bash_operator.py for tasks to queue
[2024-08-04T04:51:27.482+0000] {logging_mixin.py:188} INFO - [2024-08-04T04:51:27.481+0000] {dagbag.py:545} INFO - Filling up the DagBag from /home/airflow/.local/lib/python3.12/site-packages/airflow/example_dags/example_bash_operator.py
[2024-08-04T04:51:27.583+0000] {processor.py:840} INFO - DAG(s) 'example_bash_operator' retrieved from /home/airflow/.local/lib/python3.12/site-packages/airflow/example_dags/example_bash_operator.py
[2024-08-04T04:51:27.794+0000] {logging_mixin.py:188} INFO - [2024-08-04T04:51:27.793+0000] {dag.py:3096} INFO - Sync 1 DAGs
[2024-08-04T04:51:27.876+0000] {logging_mixin.py:188} INFO - [2024-08-04T04:51:27.875+0000] {dag.py:3954} INFO - Setting next_dagrun for example_bash_operator to 2024-08-03 00:00:00+00:00, run_after=2024-08-04 00:00:00+00:00
[2024-08-04T04:51:27.967+0000] {processor.py:183} INFO - Processing /home/airflow/.local/lib/python3.12/site-packages/airflow/example_dags/example_bash_operator.py took 0.543 seconds
[2024-08-04T04:51:58.049+0000] {processor.py:161} INFO - Started process (PID=331) to work on /home/airflow/.local/lib/python3.12/site-packages/airflow/example_dags/example_bash_operator.py
[2024-08-04T04:51:58.050+0000] {processor.py:830} INFO - Processing file /home/airflow/.local/lib/python3.12/site-packages/airflow/example_dags/example_bash_operator.py for tasks to queue
[2024-08-04T04:51:58.051+0000] {logging_mixin.py:188} INFO - [2024-08-04T04:51:58.051+0000] {dagbag.py:545} INFO - Filling up the DagBag from /home/airflow/.local/lib/python3.12/site-packages/airflow/example_dags/example_bash_operator.py
[2024-08-04T04:51:58.066+0000] {processor.py:840} INFO - DAG(s) 'example_bash_operator' retrieved from /home/airflow/.local/lib/python3.12/site-packages/airflow/example_dags/example_bash_operator.py
[2024-08-04T04:51:58.111+0000] {logging_mixin.py:188} INFO - [2024-08-04T04:51:58.111+0000] {dag.py:3096} INFO - Sync 1 DAGs
[2024-08-04T04:51:58.132+0000] {logging_mixin.py:188} INFO - [2024-08-04T04:51:58.132+0000] {dag.py:3954} INFO - Setting next_dagrun for example_bash_operator to 2024-08-03 00:00:00+00:00, run_after=2024-08-04 00:00:00+00:00
[2024-08-04T04:51:58.151+0000] {processor.py:183} INFO - Processing /home/airflow/.local/lib/python3.12/site-packages/airflow/example_dags/example_bash_operator.py took 0.109 seconds
[2024-08-04T04:52:28.296+0000] {processor.py:161} INFO - Started process (PID=389) to work on /home/airflow/.local/lib/python3.12/site-packages/airflow/example_dags/example_bash_operator.py
[2024-08-04T04:52:28.306+0000] {processor.py:830} INFO - Processing file /home/airflow/.local/lib/python3.12/site-packages/airflow/example_dags/example_bash_operator.py for tasks to queue
[2024-08-04T04:52:28.308+0000] {logging_mixin.py:188} INFO - [2024-08-04T04:52:28.308+0000] {dagbag.py:545} INFO - Filling up the DagBag from /home/airflow/.local/lib/python3.12/site-packages/airflow/example_dags/example_bash_operator.py
[2024-08-04T04:52:28.329+0000] {processor.py:840} INFO - DAG(s) 'example_bash_operator' retrieved from /home/airflow/.local/lib/python3.12/site-packages/airflow/example_dags/example_bash_operator.py
[2024-08-04T04:52:28.373+0000] {logging_mixin.py:188} INFO - [2024-08-04T04:52:28.373+0000] {dag.py:3096} INFO - Sync 1 DAGs
[2024-08-04T04:52:28.402+0000] {logging_mixin.py:188} INFO - [2024-08-04T04:52:28.401+0000] {dag.py:3954} INFO - Setting next_dagrun for example_bash_operator to 2024-08-03 00:00:00+00:00, run_after=2024-08-04 00:00:00+00:00
[2024-08-04T04:52:28.425+0000] {processor.py:183} INFO - Processing /home/airflow/.local/lib/python3.12/site-packages/airflow/example_dags/example_bash_operator.py took 0.138 seconds
[2024-08-04T04:52:58.529+0000] {processor.py:161} INFO - Started process (PID=448) to work on /home/airflow/.local/lib/python3.12/site-packages/airflow/example_dags/example_bash_operator.py
[2024-08-04T04:52:58.530+0000] {processor.py:830} INFO - Processing file /home/airflow/.local/lib/python3.12/site-packages/airflow/example_dags/example_bash_operator.py for tasks to queue
[2024-08-04T04:52:58.532+0000] {logging_mixin.py:188} INFO - [2024-08-04T04:52:58.531+0000] {dagbag.py:545} INFO - Filling up the DagBag from /home/airflow/.local/lib/python3.12/site-packages/airflow/example_dags/example_bash_operator.py
[2024-08-04T04:52:58.545+0000] {processor.py:840} INFO - DAG(s) 'example_bash_operator' retrieved from /home/airflow/.local/lib/python3.12/site-packages/airflow/example_dags/example_bash_operator.py
[2024-08-04T04:52:58.630+0000] {logging_mixin.py:188} INFO - [2024-08-04T04:52:58.629+0000] {dag.py:3096} INFO - Sync 1 DAGs
[2024-08-04T04:52:58.688+0000] {logging_mixin.py:188} INFO - [2024-08-04T04:52:58.688+0000] {dag.py:3954} INFO - Setting next_dagrun for example_bash_operator to 2024-08-03 00:00:00+00:00, run_after=2024-08-04 00:00:00+00:00
[2024-08-04T04:52:58.715+0000] {processor.py:183} INFO - Processing /home/airflow/.local/lib/python3.12/site-packages/airflow/example_dags/example_bash_operator.py took 0.197 seconds
[2024-08-04T04:53:28.823+0000] {processor.py:161} INFO - Started process (PID=506) to work on /home/airflow/.local/lib/python3.12/site-packages/airflow/example_dags/example_bash_operator.py
[2024-08-04T04:53:28.824+0000] {processor.py:830} INFO - Processing file /home/airflow/.local/lib/python3.12/site-packages/airflow/example_dags/example_bash_operator.py for tasks to queue
[2024-08-04T04:53:28.826+0000] {logging_mixin.py:188} INFO - [2024-08-04T04:53:28.825+0000] {dagbag.py:545} INFO - Filling up the DagBag from /home/airflow/.local/lib/python3.12/site-packages/airflow/example_dags/example_bash_operator.py
[2024-08-04T04:53:28.839+0000] {processor.py:840} INFO - DAG(s) 'example_bash_operator' retrieved from /home/airflow/.local/lib/python3.12/site-packages/airflow/example_dags/example_bash_operator.py
[2024-08-04T04:53:28.873+0000] {logging_mixin.py:188} INFO - [2024-08-04T04:53:28.873+0000] {dag.py:3096} INFO - Sync 1 DAGs
[2024-08-04T04:53:28.928+0000] {logging_mixin.py:188} INFO - [2024-08-04T04:53:28.928+0000] {dag.py:3954} INFO - Setting next_dagrun for example_bash_operator to 2024-08-03 00:00:00+00:00, run_after=2024-08-04 00:00:00+00:00
[2024-08-04T04:53:28.957+0000] {processor.py:183} INFO - Processing /home/airflow/.local/lib/python3.12/site-packages/airflow/example_dags/example_bash_operator.py took 0.143 seconds
[2024-08-04T04:53:59.604+0000] {processor.py:161} INFO - Started process (PID=564) to work on /home/airflow/.local/lib/python3.12/site-packages/airflow/example_dags/example_bash_operator.py
[2024-08-04T04:53:59.605+0000] {processor.py:830} INFO - Processing file /home/airflow/.local/lib/python3.12/site-packages/airflow/example_dags/example_bash_operator.py for tasks to queue
[2024-08-04T04:53:59.607+0000] {logging_mixin.py:188} INFO - [2024-08-04T04:53:59.606+0000] {dagbag.py:545} INFO - Filling up the DagBag from /home/airflow/.local/lib/python3.12/site-packages/airflow/example_dags/example_bash_operator.py
[2024-08-04T04:53:59.625+0000] {processor.py:840} INFO - DAG(s) 'example_bash_operator' retrieved from /home/airflow/.local/lib/python3.12/site-packages/airflow/example_dags/example_bash_operator.py
[2024-08-04T04:53:59.660+0000] {logging_mixin.py:188} INFO - [2024-08-04T04:53:59.660+0000] {dag.py:3096} INFO - Sync 1 DAGs
[2024-08-04T04:53:59.686+0000] {logging_mixin.py:188} INFO - [2024-08-04T04:53:59.686+0000] {dag.py:3954} INFO - Setting next_dagrun for example_bash_operator to 2024-08-03 00:00:00+00:00, run_after=2024-08-04 00:00:00+00:00
[2024-08-04T04:53:59.710+0000] {processor.py:183} INFO - Processing /home/airflow/.local/lib/python3.12/site-packages/airflow/example_dags/example_bash_operator.py took 0.112 seconds
[2024-08-04T04:54:30.025+0000] {processor.py:161} INFO - Started process (PID=623) to work on /home/airflow/.local/lib/python3.12/site-packages/airflow/example_dags/example_bash_operator.py
[2024-08-04T04:54:30.026+0000] {processor.py:830} INFO - Processing file /home/airflow/.local/lib/python3.12/site-packages/airflow/example_dags/example_bash_operator.py for tasks to queue
[2024-08-04T04:54:30.028+0000] {logging_mixin.py:188} INFO - [2024-08-04T04:54:30.028+0000] {dagbag.py:545} INFO - Filling up the DagBag from /home/airflow/.local/lib/python3.12/site-packages/airflow/example_dags/example_bash_operator.py
[2024-08-04T04:54:30.048+0000] {processor.py:840} INFO - DAG(s) 'example_bash_operator' retrieved from /home/airflow/.local/lib/python3.12/site-packages/airflow/example_dags/example_bash_operator.py
[2024-08-04T04:54:30.092+0000] {logging_mixin.py:188} INFO - [2024-08-04T04:54:30.091+0000] {dag.py:3096} INFO - Sync 1 DAGs
[2024-08-04T04:54:30.117+0000] {logging_mixin.py:188} INFO - [2024-08-04T04:54:30.117+0000] {dag.py:3954} INFO - Setting next_dagrun for example_bash_operator to 2024-08-03 00:00:00+00:00, run_after=2024-08-04 00:00:00+00:00
[2024-08-04T04:54:30.141+0000] {processor.py:183} INFO - Processing /home/airflow/.local/lib/python3.12/site-packages/airflow/example_dags/example_bash_operator.py took 0.127 seconds
[2024-08-04T04:55:00.548+0000] {processor.py:161} INFO - Started process (PID=689) to work on /home/airflow/.local/lib/python3.12/site-packages/airflow/example_dags/example_bash_operator.py
[2024-08-04T04:55:00.548+0000] {processor.py:830} INFO - Processing file /home/airflow/.local/lib/python3.12/site-packages/airflow/example_dags/example_bash_operator.py for tasks to queue
[2024-08-04T04:55:00.550+0000] {logging_mixin.py:188} INFO - [2024-08-04T04:55:00.550+0000] {dagbag.py:545} INFO - Filling up the DagBag from /home/airflow/.local/lib/python3.12/site-packages/airflow/example_dags/example_bash_operator.py
[2024-08-04T04:55:00.568+0000] {processor.py:840} INFO - DAG(s) 'example_bash_operator' retrieved from /home/airflow/.local/lib/python3.12/site-packages/airflow/example_dags/example_bash_operator.py
[2024-08-04T04:55:00.602+0000] {logging_mixin.py:188} INFO - [2024-08-04T04:55:00.601+0000] {dag.py:3096} INFO - Sync 1 DAGs
[2024-08-04T04:55:00.628+0000] {logging_mixin.py:188} INFO - [2024-08-04T04:55:00.628+0000] {dag.py:3954} INFO - Setting next_dagrun for example_bash_operator to 2024-08-03 00:00:00+00:00, run_after=2024-08-04 00:00:00+00:00
[2024-08-04T04:55:00.651+0000] {processor.py:183} INFO - Processing /home/airflow/.local/lib/python3.12/site-packages/airflow/example_dags/example_bash_operator.py took 0.110 seconds
[2024-08-04T04:55:31.614+0000] {processor.py:161} INFO - Started process (PID=748) to work on /home/airflow/.local/lib/python3.12/site-packages/airflow/example_dags/example_bash_operator.py
[2024-08-04T04:55:31.615+0000] {processor.py:830} INFO - Processing file /home/airflow/.local/lib/python3.12/site-packages/airflow/example_dags/example_bash_operator.py for tasks to queue
[2024-08-04T04:55:31.622+0000] {logging_mixin.py:188} INFO - [2024-08-04T04:55:31.621+0000] {dagbag.py:545} INFO - Filling up the DagBag from /home/airflow/.local/lib/python3.12/site-packages/airflow/example_dags/example_bash_operator.py
[2024-08-04T04:55:31.636+0000] {processor.py:840} INFO - DAG(s) 'example_bash_operator' retrieved from /home/airflow/.local/lib/python3.12/site-packages/airflow/example_dags/example_bash_operator.py
[2024-08-04T04:55:31.682+0000] {logging_mixin.py:188} INFO - [2024-08-04T04:55:31.681+0000] {dag.py:3096} INFO - Sync 1 DAGs
[2024-08-04T04:55:31.707+0000] {logging_mixin.py:188} INFO - [2024-08-04T04:55:31.706+0000] {dag.py:3954} INFO - Setting next_dagrun for example_bash_operator to 2024-08-03 00:00:00+00:00, run_after=2024-08-04 00:00:00+00:00
[2024-08-04T04:55:31.728+0000] {processor.py:183} INFO - Processing /home/airflow/.local/lib/python3.12/site-packages/airflow/example_dags/example_bash_operator.py took 0.120 seconds
[2024-08-04T04:56:02.077+0000] {processor.py:161} INFO - Started process (PID=807) to work on /home/airflow/.local/lib/python3.12/site-packages/airflow/example_dags/example_bash_operator.py
[2024-08-04T04:56:02.078+0000] {processor.py:830} INFO - Processing file /home/airflow/.local/lib/python3.12/site-packages/airflow/example_dags/example_bash_operator.py for tasks to queue
[2024-08-04T04:56:02.082+0000] {logging_mixin.py:188} INFO - [2024-08-04T04:56:02.082+0000] {dagbag.py:545} INFO - Filling up the DagBag from /home/airflow/.local/lib/python3.12/site-packages/airflow/example_dags/example_bash_operator.py
[2024-08-04T04:56:02.096+0000] {processor.py:840} INFO - DAG(s) 'example_bash_operator' retrieved from /home/airflow/.local/lib/python3.12/site-packages/airflow/example_dags/example_bash_operator.py
[2024-08-04T04:56:02.160+0000] {logging_mixin.py:188} INFO - [2024-08-04T04:56:02.160+0000] {dag.py:3096} INFO - Sync 1 DAGs
[2024-08-04T04:56:02.213+0000] {logging_mixin.py:188} INFO - [2024-08-04T04:56:02.213+0000] {dag.py:3954} INFO - Setting next_dagrun for example_bash_operator to 2024-08-03 00:00:00+00:00, run_after=2024-08-04 00:00:00+00:00
[2024-08-04T04:56:02.254+0000] {processor.py:183} INFO - Processing /home/airflow/.local/lib/python3.12/site-packages/airflow/example_dags/example_bash_operator.py took 0.184 seconds
[2024-08-04T04:56:32.591+0000] {processor.py:161} INFO - Started process (PID=866) to work on /home/airflow/.local/lib/python3.12/site-packages/airflow/example_dags/example_bash_operator.py
[2024-08-04T04:56:32.593+0000] {processor.py:830} INFO - Processing file /home/airflow/.local/lib/python3.12/site-packages/airflow/example_dags/example_bash_operator.py for tasks to queue
[2024-08-04T04:56:32.595+0000] {logging_mixin.py:188} INFO - [2024-08-04T04:56:32.595+0000] {dagbag.py:545} INFO - Filling up the DagBag from /home/airflow/.local/lib/python3.12/site-packages/airflow/example_dags/example_bash_operator.py
[2024-08-04T04:56:32.637+0000] {processor.py:840} INFO - DAG(s) 'example_bash_operator' retrieved from /home/airflow/.local/lib/python3.12/site-packages/airflow/example_dags/example_bash_operator.py
[2024-08-04T04:56:32.678+0000] {logging_mixin.py:188} INFO - [2024-08-04T04:56:32.678+0000] {dag.py:3096} INFO - Sync 1 DAGs
[2024-08-04T04:56:32.707+0000] {logging_mixin.py:188} INFO - [2024-08-04T04:56:32.707+0000] {dag.py:3954} INFO - Setting next_dagrun for example_bash_operator to 2024-08-03 00:00:00+00:00, run_after=2024-08-04 00:00:00+00:00
[2024-08-04T04:56:32.731+0000] {processor.py:183} INFO - Processing /home/airflow/.local/lib/python3.12/site-packages/airflow/example_dags/example_bash_operator.py took 0.150 seconds
[2024-08-04T04:57:03.488+0000] {processor.py:161} INFO - Started process (PID=926) to work on /home/airflow/.local/lib/python3.12/site-packages/airflow/example_dags/example_bash_operator.py
[2024-08-04T04:57:03.489+0000] {processor.py:830} INFO - Processing file /home/airflow/.local/lib/python3.12/site-packages/airflow/example_dags/example_bash_operator.py for tasks to queue
[2024-08-04T04:57:03.491+0000] {logging_mixin.py:188} INFO - [2024-08-04T04:57:03.490+0000] {dagbag.py:545} INFO - Filling up the DagBag from /home/airflow/.local/lib/python3.12/site-packages/airflow/example_dags/example_bash_operator.py
[2024-08-04T04:57:03.504+0000] {processor.py:840} INFO - DAG(s) 'example_bash_operator' retrieved from /home/airflow/.local/lib/python3.12/site-packages/airflow/example_dags/example_bash_operator.py
[2024-08-04T04:57:03.536+0000] {logging_mixin.py:188} INFO - [2024-08-04T04:57:03.536+0000] {dag.py:3096} INFO - Sync 1 DAGs
[2024-08-04T04:57:03.561+0000] {logging_mixin.py:188} INFO - [2024-08-04T04:57:03.561+0000] {dag.py:3954} INFO - Setting next_dagrun for example_bash_operator to 2024-08-03 00:00:00+00:00, run_after=2024-08-04 00:00:00+00:00
[2024-08-04T04:57:03.581+0000] {processor.py:183} INFO - Processing /home/airflow/.local/lib/python3.12/site-packages/airflow/example_dags/example_bash_operator.py took 0.100 seconds
