[2024-08-04T04:49:28.022+0000] {processor.py:161} INFO - Started process (PID=50) to work on /home/airflow/.local/lib/python3.12/site-packages/airflow/example_dags/example_latest_only.py
[2024-08-04T04:49:28.023+0000] {processor.py:830} INFO - Processing file /home/airflow/.local/lib/python3.12/site-packages/airflow/example_dags/example_latest_only.py for tasks to queue
[2024-08-04T04:49:28.025+0000] {logging_mixin.py:188} INFO - [2024-08-04T04:49:28.024+0000] {dagbag.py:545} INFO - Filling up the DagBag from /home/airflow/.local/lib/python3.12/site-packages/airflow/example_dags/example_latest_only.py
[2024-08-04T04:49:28.079+0000] {processor.py:840} INFO - DAG(s) 'latest_only' retrieved from /home/airflow/.local/lib/python3.12/site-packages/airflow/example_dags/example_latest_only.py
[2024-08-04T04:49:28.565+0000] {logging_mixin.py:188} INFO - [2024-08-04T04:49:28.565+0000] {dag.py:3096} INFO - Sync 1 DAGs
[2024-08-04T04:49:28.646+0000] {logging_mixin.py:188} INFO - [2024-08-04T04:49:28.643+0000] {dag.py:3954} INFO - Setting next_dagrun for latest_only to 2024-08-04 00:00:00+00:00, run_after=2024-08-04 04:00:00+00:00
[2024-08-04T04:49:28.704+0000] {processor.py:183} INFO - Processing /home/airflow/.local/lib/python3.12/site-packages/airflow/example_dags/example_latest_only.py took 0.733 seconds
[2024-08-04T04:49:59.144+0000] {processor.py:161} INFO - Started process (PID=108) to work on /home/airflow/.local/lib/python3.12/site-packages/airflow/example_dags/example_latest_only.py
[2024-08-04T04:49:59.145+0000] {processor.py:830} INFO - Processing file /home/airflow/.local/lib/python3.12/site-packages/airflow/example_dags/example_latest_only.py for tasks to queue
[2024-08-04T04:49:59.146+0000] {logging_mixin.py:188} INFO - [2024-08-04T04:49:59.146+0000] {dagbag.py:545} INFO - Filling up the DagBag from /home/airflow/.local/lib/python3.12/site-packages/airflow/example_dags/example_latest_only.py
[2024-08-04T04:49:59.151+0000] {processor.py:840} INFO - DAG(s) 'latest_only' retrieved from /home/airflow/.local/lib/python3.12/site-packages/airflow/example_dags/example_latest_only.py
[2024-08-04T04:49:59.173+0000] {logging_mixin.py:188} INFO - [2024-08-04T04:49:59.172+0000] {dag.py:3096} INFO - Sync 1 DAGs
[2024-08-04T04:49:59.200+0000] {logging_mixin.py:188} INFO - [2024-08-04T04:49:59.200+0000] {dag.py:3954} INFO - Setting next_dagrun for latest_only to 2024-08-04 00:00:00+00:00, run_after=2024-08-04 04:00:00+00:00
[2024-08-04T04:49:59.225+0000] {processor.py:183} INFO - Processing /home/airflow/.local/lib/python3.12/site-packages/airflow/example_dags/example_latest_only.py took 0.088 seconds
[2024-08-04T04:50:29.769+0000] {processor.py:161} INFO - Started process (PID=172) to work on /home/airflow/.local/lib/python3.12/site-packages/airflow/example_dags/example_latest_only.py
[2024-08-04T04:50:29.773+0000] {processor.py:830} INFO - Processing file /home/airflow/.local/lib/python3.12/site-packages/airflow/example_dags/example_latest_only.py for tasks to queue
[2024-08-04T04:50:29.775+0000] {logging_mixin.py:188} INFO - [2024-08-04T04:50:29.774+0000] {dagbag.py:545} INFO - Filling up the DagBag from /home/airflow/.local/lib/python3.12/site-packages/airflow/example_dags/example_latest_only.py
[2024-08-04T04:50:29.780+0000] {processor.py:840} INFO - DAG(s) 'latest_only' retrieved from /home/airflow/.local/lib/python3.12/site-packages/airflow/example_dags/example_latest_only.py
[2024-08-04T04:50:29.807+0000] {logging_mixin.py:188} INFO - [2024-08-04T04:50:29.806+0000] {dag.py:3096} INFO - Sync 1 DAGs
[2024-08-04T04:50:29.831+0000] {logging_mixin.py:188} INFO - [2024-08-04T04:50:29.831+0000] {dag.py:3954} INFO - Setting next_dagrun for latest_only to 2024-08-04 00:00:00+00:00, run_after=2024-08-04 04:00:00+00:00
[2024-08-04T04:50:29.858+0000] {processor.py:183} INFO - Processing /home/airflow/.local/lib/python3.12/site-packages/airflow/example_dags/example_latest_only.py took 0.096 seconds
[2024-08-04T04:51:00.234+0000] {processor.py:161} INFO - Started process (PID=230) to work on /home/airflow/.local/lib/python3.12/site-packages/airflow/example_dags/example_latest_only.py
[2024-08-04T04:51:00.235+0000] {processor.py:830} INFO - Processing file /home/airflow/.local/lib/python3.12/site-packages/airflow/example_dags/example_latest_only.py for tasks to queue
[2024-08-04T04:51:00.237+0000] {logging_mixin.py:188} INFO - [2024-08-04T04:51:00.236+0000] {dagbag.py:545} INFO - Filling up the DagBag from /home/airflow/.local/lib/python3.12/site-packages/airflow/example_dags/example_latest_only.py
[2024-08-04T04:51:00.242+0000] {processor.py:840} INFO - DAG(s) 'latest_only' retrieved from /home/airflow/.local/lib/python3.12/site-packages/airflow/example_dags/example_latest_only.py
[2024-08-04T04:51:00.298+0000] {logging_mixin.py:188} INFO - [2024-08-04T04:51:00.298+0000] {dag.py:3096} INFO - Sync 1 DAGs
[2024-08-04T04:51:00.345+0000] {logging_mixin.py:188} INFO - [2024-08-04T04:51:00.344+0000] {dag.py:3954} INFO - Setting next_dagrun for latest_only to 2024-08-04 00:00:00+00:00, run_after=2024-08-04 04:00:00+00:00
[2024-08-04T04:51:00.382+0000] {processor.py:183} INFO - Processing /home/airflow/.local/lib/python3.12/site-packages/airflow/example_dags/example_latest_only.py took 0.153 seconds
[2024-08-04T04:51:30.890+0000] {processor.py:161} INFO - Started process (PID=288) to work on /home/airflow/.local/lib/python3.12/site-packages/airflow/example_dags/example_latest_only.py
[2024-08-04T04:51:30.891+0000] {processor.py:830} INFO - Processing file /home/airflow/.local/lib/python3.12/site-packages/airflow/example_dags/example_latest_only.py for tasks to queue
[2024-08-04T04:51:30.893+0000] {logging_mixin.py:188} INFO - [2024-08-04T04:51:30.893+0000] {dagbag.py:545} INFO - Filling up the DagBag from /home/airflow/.local/lib/python3.12/site-packages/airflow/example_dags/example_latest_only.py
[2024-08-04T04:51:30.899+0000] {processor.py:840} INFO - DAG(s) 'latest_only' retrieved from /home/airflow/.local/lib/python3.12/site-packages/airflow/example_dags/example_latest_only.py
[2024-08-04T04:51:30.933+0000] {logging_mixin.py:188} INFO - [2024-08-04T04:51:30.933+0000] {dag.py:3096} INFO - Sync 1 DAGs
[2024-08-04T04:51:30.957+0000] {logging_mixin.py:188} INFO - [2024-08-04T04:51:30.957+0000] {dag.py:3954} INFO - Setting next_dagrun for latest_only to 2024-08-04 00:00:00+00:00, run_after=2024-08-04 04:00:00+00:00
[2024-08-04T04:51:30.982+0000] {processor.py:183} INFO - Processing /home/airflow/.local/lib/python3.12/site-packages/airflow/example_dags/example_latest_only.py took 0.098 seconds
[2024-08-04T04:52:01.817+0000] {processor.py:161} INFO - Started process (PID=346) to work on /home/airflow/.local/lib/python3.12/site-packages/airflow/example_dags/example_latest_only.py
[2024-08-04T04:52:01.818+0000] {processor.py:830} INFO - Processing file /home/airflow/.local/lib/python3.12/site-packages/airflow/example_dags/example_latest_only.py for tasks to queue
[2024-08-04T04:52:01.819+0000] {logging_mixin.py:188} INFO - [2024-08-04T04:52:01.819+0000] {dagbag.py:545} INFO - Filling up the DagBag from /home/airflow/.local/lib/python3.12/site-packages/airflow/example_dags/example_latest_only.py
[2024-08-04T04:52:01.840+0000] {processor.py:840} INFO - DAG(s) 'latest_only' retrieved from /home/airflow/.local/lib/python3.12/site-packages/airflow/example_dags/example_latest_only.py
[2024-08-04T04:52:01.912+0000] {logging_mixin.py:188} INFO - [2024-08-04T04:52:01.912+0000] {dag.py:3096} INFO - Sync 1 DAGs
[2024-08-04T04:52:01.995+0000] {logging_mixin.py:188} INFO - [2024-08-04T04:52:01.994+0000] {dag.py:3954} INFO - Setting next_dagrun for latest_only to 2024-08-04 00:00:00+00:00, run_after=2024-08-04 04:00:00+00:00
[2024-08-04T04:52:02.082+0000] {processor.py:183} INFO - Processing /home/airflow/.local/lib/python3.12/site-packages/airflow/example_dags/example_latest_only.py took 0.298 seconds
[2024-08-04T04:52:32.966+0000] {processor.py:161} INFO - Started process (PID=405) to work on /home/airflow/.local/lib/python3.12/site-packages/airflow/example_dags/example_latest_only.py
[2024-08-04T04:52:32.969+0000] {processor.py:830} INFO - Processing file /home/airflow/.local/lib/python3.12/site-packages/airflow/example_dags/example_latest_only.py for tasks to queue
[2024-08-04T04:52:32.974+0000] {logging_mixin.py:188} INFO - [2024-08-04T04:52:32.973+0000] {dagbag.py:545} INFO - Filling up the DagBag from /home/airflow/.local/lib/python3.12/site-packages/airflow/example_dags/example_latest_only.py
[2024-08-04T04:52:32.979+0000] {processor.py:840} INFO - DAG(s) 'latest_only' retrieved from /home/airflow/.local/lib/python3.12/site-packages/airflow/example_dags/example_latest_only.py
[2024-08-04T04:52:33.002+0000] {logging_mixin.py:188} INFO - [2024-08-04T04:52:33.002+0000] {dag.py:3096} INFO - Sync 1 DAGs
[2024-08-04T04:52:33.028+0000] {logging_mixin.py:188} INFO - [2024-08-04T04:52:33.028+0000] {dag.py:3954} INFO - Setting next_dagrun for latest_only to 2024-08-04 00:00:00+00:00, run_after=2024-08-04 04:00:00+00:00
[2024-08-04T04:52:33.052+0000] {processor.py:183} INFO - Processing /home/airflow/.local/lib/python3.12/site-packages/airflow/example_dags/example_latest_only.py took 0.104 seconds
[2024-08-04T04:53:03.342+0000] {processor.py:161} INFO - Started process (PID=463) to work on /home/airflow/.local/lib/python3.12/site-packages/airflow/example_dags/example_latest_only.py
[2024-08-04T04:53:03.343+0000] {processor.py:830} INFO - Processing file /home/airflow/.local/lib/python3.12/site-packages/airflow/example_dags/example_latest_only.py for tasks to queue
[2024-08-04T04:53:03.345+0000] {logging_mixin.py:188} INFO - [2024-08-04T04:53:03.344+0000] {dagbag.py:545} INFO - Filling up the DagBag from /home/airflow/.local/lib/python3.12/site-packages/airflow/example_dags/example_latest_only.py
[2024-08-04T04:53:03.351+0000] {processor.py:840} INFO - DAG(s) 'latest_only' retrieved from /home/airflow/.local/lib/python3.12/site-packages/airflow/example_dags/example_latest_only.py
[2024-08-04T04:53:03.373+0000] {logging_mixin.py:188} INFO - [2024-08-04T04:53:03.373+0000] {dag.py:3096} INFO - Sync 1 DAGs
[2024-08-04T04:53:03.398+0000] {logging_mixin.py:188} INFO - [2024-08-04T04:53:03.397+0000] {dag.py:3954} INFO - Setting next_dagrun for latest_only to 2024-08-04 00:00:00+00:00, run_after=2024-08-04 04:00:00+00:00
[2024-08-04T04:53:03.422+0000] {processor.py:183} INFO - Processing /home/airflow/.local/lib/python3.12/site-packages/airflow/example_dags/example_latest_only.py took 0.087 seconds
[2024-08-04T04:53:33.514+0000] {processor.py:161} INFO - Started process (PID=521) to work on /home/airflow/.local/lib/python3.12/site-packages/airflow/example_dags/example_latest_only.py
[2024-08-04T04:53:33.515+0000] {processor.py:830} INFO - Processing file /home/airflow/.local/lib/python3.12/site-packages/airflow/example_dags/example_latest_only.py for tasks to queue
[2024-08-04T04:53:33.516+0000] {logging_mixin.py:188} INFO - [2024-08-04T04:53:33.516+0000] {dagbag.py:545} INFO - Filling up the DagBag from /home/airflow/.local/lib/python3.12/site-packages/airflow/example_dags/example_latest_only.py
[2024-08-04T04:53:33.520+0000] {processor.py:840} INFO - DAG(s) 'latest_only' retrieved from /home/airflow/.local/lib/python3.12/site-packages/airflow/example_dags/example_latest_only.py
[2024-08-04T04:53:33.536+0000] {logging_mixin.py:188} INFO - [2024-08-04T04:53:33.536+0000] {dag.py:3096} INFO - Sync 1 DAGs
[2024-08-04T04:53:33.559+0000] {logging_mixin.py:188} INFO - [2024-08-04T04:53:33.559+0000] {dag.py:3954} INFO - Setting next_dagrun for latest_only to 2024-08-04 00:00:00+00:00, run_after=2024-08-04 04:00:00+00:00
[2024-08-04T04:53:33.579+0000] {processor.py:183} INFO - Processing /home/airflow/.local/lib/python3.12/site-packages/airflow/example_dags/example_latest_only.py took 0.069 seconds
[2024-08-04T04:54:04.237+0000] {processor.py:161} INFO - Started process (PID=579) to work on /home/airflow/.local/lib/python3.12/site-packages/airflow/example_dags/example_latest_only.py
[2024-08-04T04:54:04.237+0000] {processor.py:830} INFO - Processing file /home/airflow/.local/lib/python3.12/site-packages/airflow/example_dags/example_latest_only.py for tasks to queue
[2024-08-04T04:54:04.239+0000] {logging_mixin.py:188} INFO - [2024-08-04T04:54:04.239+0000] {dagbag.py:545} INFO - Filling up the DagBag from /home/airflow/.local/lib/python3.12/site-packages/airflow/example_dags/example_latest_only.py
[2024-08-04T04:54:04.244+0000] {processor.py:840} INFO - DAG(s) 'latest_only' retrieved from /home/airflow/.local/lib/python3.12/site-packages/airflow/example_dags/example_latest_only.py
[2024-08-04T04:54:04.264+0000] {logging_mixin.py:188} INFO - [2024-08-04T04:54:04.264+0000] {dag.py:3096} INFO - Sync 1 DAGs
[2024-08-04T04:54:04.289+0000] {logging_mixin.py:188} INFO - [2024-08-04T04:54:04.289+0000] {dag.py:3954} INFO - Setting next_dagrun for latest_only to 2024-08-04 00:00:00+00:00, run_after=2024-08-04 04:00:00+00:00
[2024-08-04T04:54:04.312+0000] {processor.py:183} INFO - Processing /home/airflow/.local/lib/python3.12/site-packages/airflow/example_dags/example_latest_only.py took 0.082 seconds
[2024-08-04T04:54:34.617+0000] {processor.py:161} INFO - Started process (PID=639) to work on /home/airflow/.local/lib/python3.12/site-packages/airflow/example_dags/example_latest_only.py
[2024-08-04T04:54:34.618+0000] {processor.py:830} INFO - Processing file /home/airflow/.local/lib/python3.12/site-packages/airflow/example_dags/example_latest_only.py for tasks to queue
[2024-08-04T04:54:34.620+0000] {logging_mixin.py:188} INFO - [2024-08-04T04:54:34.620+0000] {dagbag.py:545} INFO - Filling up the DagBag from /home/airflow/.local/lib/python3.12/site-packages/airflow/example_dags/example_latest_only.py
[2024-08-04T04:54:34.626+0000] {processor.py:840} INFO - DAG(s) 'latest_only' retrieved from /home/airflow/.local/lib/python3.12/site-packages/airflow/example_dags/example_latest_only.py
[2024-08-04T04:54:34.651+0000] {logging_mixin.py:188} INFO - [2024-08-04T04:54:34.651+0000] {dag.py:3096} INFO - Sync 1 DAGs
[2024-08-04T04:54:34.677+0000] {logging_mixin.py:188} INFO - [2024-08-04T04:54:34.677+0000] {dag.py:3954} INFO - Setting next_dagrun for latest_only to 2024-08-04 00:00:00+00:00, run_after=2024-08-04 04:00:00+00:00
[2024-08-04T04:54:34.702+0000] {processor.py:183} INFO - Processing /home/airflow/.local/lib/python3.12/site-packages/airflow/example_dags/example_latest_only.py took 0.091 seconds
[2024-08-04T04:55:05.204+0000] {processor.py:161} INFO - Started process (PID=698) to work on /home/airflow/.local/lib/python3.12/site-packages/airflow/example_dags/example_latest_only.py
[2024-08-04T04:55:05.205+0000] {processor.py:830} INFO - Processing file /home/airflow/.local/lib/python3.12/site-packages/airflow/example_dags/example_latest_only.py for tasks to queue
[2024-08-04T04:55:05.207+0000] {logging_mixin.py:188} INFO - [2024-08-04T04:55:05.207+0000] {dagbag.py:545} INFO - Filling up the DagBag from /home/airflow/.local/lib/python3.12/site-packages/airflow/example_dags/example_latest_only.py
[2024-08-04T04:55:05.217+0000] {processor.py:840} INFO - DAG(s) 'latest_only' retrieved from /home/airflow/.local/lib/python3.12/site-packages/airflow/example_dags/example_latest_only.py
[2024-08-04T04:55:05.244+0000] {logging_mixin.py:188} INFO - [2024-08-04T04:55:05.243+0000] {dag.py:3096} INFO - Sync 1 DAGs
[2024-08-04T04:55:05.278+0000] {logging_mixin.py:188} INFO - [2024-08-04T04:55:05.278+0000] {dag.py:3954} INFO - Setting next_dagrun for latest_only to 2024-08-04 00:00:00+00:00, run_after=2024-08-04 04:00:00+00:00
[2024-08-04T04:55:05.306+0000] {processor.py:183} INFO - Processing /home/airflow/.local/lib/python3.12/site-packages/airflow/example_dags/example_latest_only.py took 0.107 seconds
[2024-08-04T04:55:36.288+0000] {processor.py:161} INFO - Started process (PID=757) to work on /home/airflow/.local/lib/python3.12/site-packages/airflow/example_dags/example_latest_only.py
[2024-08-04T04:55:36.288+0000] {processor.py:830} INFO - Processing file /home/airflow/.local/lib/python3.12/site-packages/airflow/example_dags/example_latest_only.py for tasks to queue
[2024-08-04T04:55:36.290+0000] {logging_mixin.py:188} INFO - [2024-08-04T04:55:36.290+0000] {dagbag.py:545} INFO - Filling up the DagBag from /home/airflow/.local/lib/python3.12/site-packages/airflow/example_dags/example_latest_only.py
[2024-08-04T04:55:36.297+0000] {processor.py:840} INFO - DAG(s) 'latest_only' retrieved from /home/airflow/.local/lib/python3.12/site-packages/airflow/example_dags/example_latest_only.py
[2024-08-04T04:55:36.320+0000] {logging_mixin.py:188} INFO - [2024-08-04T04:55:36.319+0000] {dag.py:3096} INFO - Sync 1 DAGs
[2024-08-04T04:55:36.343+0000] {logging_mixin.py:188} INFO - [2024-08-04T04:55:36.343+0000] {dag.py:3954} INFO - Setting next_dagrun for latest_only to 2024-08-04 00:00:00+00:00, run_after=2024-08-04 04:00:00+00:00
[2024-08-04T04:55:36.367+0000] {processor.py:183} INFO - Processing /home/airflow/.local/lib/python3.12/site-packages/airflow/example_dags/example_latest_only.py took 0.091 seconds
[2024-08-04T04:56:06.605+0000] {processor.py:161} INFO - Started process (PID=816) to work on /home/airflow/.local/lib/python3.12/site-packages/airflow/example_dags/example_latest_only.py
[2024-08-04T04:56:06.606+0000] {processor.py:830} INFO - Processing file /home/airflow/.local/lib/python3.12/site-packages/airflow/example_dags/example_latest_only.py for tasks to queue
[2024-08-04T04:56:06.608+0000] {logging_mixin.py:188} INFO - [2024-08-04T04:56:06.607+0000] {dagbag.py:545} INFO - Filling up the DagBag from /home/airflow/.local/lib/python3.12/site-packages/airflow/example_dags/example_latest_only.py
[2024-08-04T04:56:06.612+0000] {processor.py:840} INFO - DAG(s) 'latest_only' retrieved from /home/airflow/.local/lib/python3.12/site-packages/airflow/example_dags/example_latest_only.py
[2024-08-04T04:56:06.637+0000] {logging_mixin.py:188} INFO - [2024-08-04T04:56:06.636+0000] {dag.py:3096} INFO - Sync 1 DAGs
[2024-08-04T04:56:06.660+0000] {logging_mixin.py:188} INFO - [2024-08-04T04:56:06.660+0000] {dag.py:3954} INFO - Setting next_dagrun for latest_only to 2024-08-04 00:00:00+00:00, run_after=2024-08-04 04:00:00+00:00
[2024-08-04T04:56:06.682+0000] {processor.py:183} INFO - Processing /home/airflow/.local/lib/python3.12/site-packages/airflow/example_dags/example_latest_only.py took 0.083 seconds
[2024-08-04T04:56:37.149+0000] {processor.py:161} INFO - Started process (PID=875) to work on /home/airflow/.local/lib/python3.12/site-packages/airflow/example_dags/example_latest_only.py
[2024-08-04T04:56:37.150+0000] {processor.py:830} INFO - Processing file /home/airflow/.local/lib/python3.12/site-packages/airflow/example_dags/example_latest_only.py for tasks to queue
[2024-08-04T04:56:37.152+0000] {logging_mixin.py:188} INFO - [2024-08-04T04:56:37.152+0000] {dagbag.py:545} INFO - Filling up the DagBag from /home/airflow/.local/lib/python3.12/site-packages/airflow/example_dags/example_latest_only.py
[2024-08-04T04:56:37.160+0000] {processor.py:840} INFO - DAG(s) 'latest_only' retrieved from /home/airflow/.local/lib/python3.12/site-packages/airflow/example_dags/example_latest_only.py
[2024-08-04T04:56:37.208+0000] {logging_mixin.py:188} INFO - [2024-08-04T04:56:37.208+0000] {dag.py:3096} INFO - Sync 1 DAGs
[2024-08-04T04:56:37.274+0000] {logging_mixin.py:188} INFO - [2024-08-04T04:56:37.274+0000] {dag.py:3954} INFO - Setting next_dagrun for latest_only to 2024-08-04 00:00:00+00:00, run_after=2024-08-04 04:00:00+00:00
[2024-08-04T04:56:37.318+0000] {processor.py:183} INFO - Processing /home/airflow/.local/lib/python3.12/site-packages/airflow/example_dags/example_latest_only.py took 0.184 seconds
[2024-08-04T04:57:07.441+0000] {processor.py:161} INFO - Started process (PID=935) to work on /home/airflow/.local/lib/python3.12/site-packages/airflow/example_dags/example_latest_only.py
[2024-08-04T04:57:07.445+0000] {processor.py:830} INFO - Processing file /home/airflow/.local/lib/python3.12/site-packages/airflow/example_dags/example_latest_only.py for tasks to queue
[2024-08-04T04:57:07.448+0000] {logging_mixin.py:188} INFO - [2024-08-04T04:57:07.448+0000] {dagbag.py:545} INFO - Filling up the DagBag from /home/airflow/.local/lib/python3.12/site-packages/airflow/example_dags/example_latest_only.py
[2024-08-04T04:57:07.453+0000] {processor.py:840} INFO - DAG(s) 'latest_only' retrieved from /home/airflow/.local/lib/python3.12/site-packages/airflow/example_dags/example_latest_only.py
[2024-08-04T04:57:07.507+0000] {logging_mixin.py:188} INFO - [2024-08-04T04:57:07.507+0000] {dag.py:3096} INFO - Sync 1 DAGs
[2024-08-04T04:57:07.549+0000] {logging_mixin.py:188} INFO - [2024-08-04T04:57:07.549+0000] {dag.py:3954} INFO - Setting next_dagrun for latest_only to 2024-08-04 00:00:00+00:00, run_after=2024-08-04 04:00:00+00:00
[2024-08-04T04:57:07.586+0000] {processor.py:183} INFO - Processing /home/airflow/.local/lib/python3.12/site-packages/airflow/example_dags/example_latest_only.py took 0.164 seconds
