[2024-08-04T04:49:30.237+0000] {processor.py:161} INFO - Started process (PID=61) to work on /home/airflow/.local/lib/python3.12/site-packages/airflow/example_dags/example_latest_only_with_trigger.py
[2024-08-04T04:49:30.238+0000] {processor.py:830} INFO - Processing file /home/airflow/.local/lib/python3.12/site-packages/airflow/example_dags/example_latest_only_with_trigger.py for tasks to queue
[2024-08-04T04:49:30.239+0000] {logging_mixin.py:188} INFO - [2024-08-04T04:49:30.239+0000] {dagbag.py:545} INFO - Filling up the DagBag from /home/airflow/.local/lib/python3.12/site-packages/airflow/example_dags/example_latest_only_with_trigger.py
[2024-08-04T04:49:30.246+0000] {processor.py:840} INFO - DAG(s) 'latest_only_with_trigger' retrieved from /home/airflow/.local/lib/python3.12/site-packages/airflow/example_dags/example_latest_only_with_trigger.py
[2024-08-04T04:49:30.524+0000] {logging_mixin.py:188} INFO - [2024-08-04T04:49:30.523+0000] {dag.py:3096} INFO - Sync 1 DAGs
[2024-08-04T04:49:30.563+0000] {logging_mixin.py:188} INFO - [2024-08-04T04:49:30.562+0000] {dag.py:3954} INFO - Setting next_dagrun for latest_only_with_trigger to 2024-08-04 00:00:00+00:00, run_after=2024-08-04 04:00:00+00:00
[2024-08-04T04:49:30.610+0000] {processor.py:183} INFO - Processing /home/airflow/.local/lib/python3.12/site-packages/airflow/example_dags/example_latest_only_with_trigger.py took 0.382 seconds
[2024-08-04T04:50:01.522+0000] {processor.py:161} INFO - Started process (PID=119) to work on /home/airflow/.local/lib/python3.12/site-packages/airflow/example_dags/example_latest_only_with_trigger.py
[2024-08-04T04:50:01.526+0000] {processor.py:830} INFO - Processing file /home/airflow/.local/lib/python3.12/site-packages/airflow/example_dags/example_latest_only_with_trigger.py for tasks to queue
[2024-08-04T04:50:01.528+0000] {logging_mixin.py:188} INFO - [2024-08-04T04:50:01.528+0000] {dagbag.py:545} INFO - Filling up the DagBag from /home/airflow/.local/lib/python3.12/site-packages/airflow/example_dags/example_latest_only_with_trigger.py
[2024-08-04T04:50:01.536+0000] {processor.py:840} INFO - DAG(s) 'latest_only_with_trigger' retrieved from /home/airflow/.local/lib/python3.12/site-packages/airflow/example_dags/example_latest_only_with_trigger.py
[2024-08-04T04:50:01.570+0000] {logging_mixin.py:188} INFO - [2024-08-04T04:50:01.570+0000] {dag.py:3096} INFO - Sync 1 DAGs
[2024-08-04T04:50:01.597+0000] {logging_mixin.py:188} INFO - [2024-08-04T04:50:01.597+0000] {dag.py:3954} INFO - Setting next_dagrun for latest_only_with_trigger to 2024-08-04 00:00:00+00:00, run_after=2024-08-04 04:00:00+00:00
[2024-08-04T04:50:01.623+0000] {processor.py:183} INFO - Processing /home/airflow/.local/lib/python3.12/site-packages/airflow/example_dags/example_latest_only_with_trigger.py took 0.107 seconds
[2024-08-04T04:50:32.148+0000] {processor.py:161} INFO - Started process (PID=177) to work on /home/airflow/.local/lib/python3.12/site-packages/airflow/example_dags/example_latest_only_with_trigger.py
[2024-08-04T04:50:32.149+0000] {processor.py:830} INFO - Processing file /home/airflow/.local/lib/python3.12/site-packages/airflow/example_dags/example_latest_only_with_trigger.py for tasks to queue
[2024-08-04T04:50:32.151+0000] {logging_mixin.py:188} INFO - [2024-08-04T04:50:32.150+0000] {dagbag.py:545} INFO - Filling up the DagBag from /home/airflow/.local/lib/python3.12/site-packages/airflow/example_dags/example_latest_only_with_trigger.py
[2024-08-04T04:50:32.157+0000] {processor.py:840} INFO - DAG(s) 'latest_only_with_trigger' retrieved from /home/airflow/.local/lib/python3.12/site-packages/airflow/example_dags/example_latest_only_with_trigger.py
[2024-08-04T04:50:32.181+0000] {logging_mixin.py:188} INFO - [2024-08-04T04:50:32.181+0000] {dag.py:3096} INFO - Sync 1 DAGs
[2024-08-04T04:50:32.207+0000] {logging_mixin.py:188} INFO - [2024-08-04T04:50:32.207+0000] {dag.py:3954} INFO - Setting next_dagrun for latest_only_with_trigger to 2024-08-04 00:00:00+00:00, run_after=2024-08-04 04:00:00+00:00
[2024-08-04T04:50:32.233+0000] {processor.py:183} INFO - Processing /home/airflow/.local/lib/python3.12/site-packages/airflow/example_dags/example_latest_only_with_trigger.py took 0.091 seconds
[2024-08-04T04:51:02.709+0000] {processor.py:161} INFO - Started process (PID=235) to work on /home/airflow/.local/lib/python3.12/site-packages/airflow/example_dags/example_latest_only_with_trigger.py
[2024-08-04T04:51:02.710+0000] {processor.py:830} INFO - Processing file /home/airflow/.local/lib/python3.12/site-packages/airflow/example_dags/example_latest_only_with_trigger.py for tasks to queue
[2024-08-04T04:51:02.711+0000] {logging_mixin.py:188} INFO - [2024-08-04T04:51:02.711+0000] {dagbag.py:545} INFO - Filling up the DagBag from /home/airflow/.local/lib/python3.12/site-packages/airflow/example_dags/example_latest_only_with_trigger.py
[2024-08-04T04:51:02.718+0000] {processor.py:840} INFO - DAG(s) 'latest_only_with_trigger' retrieved from /home/airflow/.local/lib/python3.12/site-packages/airflow/example_dags/example_latest_only_with_trigger.py
[2024-08-04T04:51:02.742+0000] {logging_mixin.py:188} INFO - [2024-08-04T04:51:02.742+0000] {dag.py:3096} INFO - Sync 1 DAGs
[2024-08-04T04:51:02.769+0000] {logging_mixin.py:188} INFO - [2024-08-04T04:51:02.769+0000] {dag.py:3954} INFO - Setting next_dagrun for latest_only_with_trigger to 2024-08-04 00:00:00+00:00, run_after=2024-08-04 04:00:00+00:00
[2024-08-04T04:51:02.796+0000] {processor.py:183} INFO - Processing /home/airflow/.local/lib/python3.12/site-packages/airflow/example_dags/example_latest_only_with_trigger.py took 0.093 seconds
[2024-08-04T04:51:33.284+0000] {processor.py:161} INFO - Started process (PID=293) to work on /home/airflow/.local/lib/python3.12/site-packages/airflow/example_dags/example_latest_only_with_trigger.py
[2024-08-04T04:51:33.285+0000] {processor.py:830} INFO - Processing file /home/airflow/.local/lib/python3.12/site-packages/airflow/example_dags/example_latest_only_with_trigger.py for tasks to queue
[2024-08-04T04:51:33.287+0000] {logging_mixin.py:188} INFO - [2024-08-04T04:51:33.286+0000] {dagbag.py:545} INFO - Filling up the DagBag from /home/airflow/.local/lib/python3.12/site-packages/airflow/example_dags/example_latest_only_with_trigger.py
[2024-08-04T04:51:33.293+0000] {processor.py:840} INFO - DAG(s) 'latest_only_with_trigger' retrieved from /home/airflow/.local/lib/python3.12/site-packages/airflow/example_dags/example_latest_only_with_trigger.py
[2024-08-04T04:51:33.317+0000] {logging_mixin.py:188} INFO - [2024-08-04T04:51:33.317+0000] {dag.py:3096} INFO - Sync 1 DAGs
[2024-08-04T04:51:33.344+0000] {logging_mixin.py:188} INFO - [2024-08-04T04:51:33.344+0000] {dag.py:3954} INFO - Setting next_dagrun for latest_only_with_trigger to 2024-08-04 00:00:00+00:00, run_after=2024-08-04 04:00:00+00:00
[2024-08-04T04:51:33.372+0000] {processor.py:183} INFO - Processing /home/airflow/.local/lib/python3.12/site-packages/airflow/example_dags/example_latest_only_with_trigger.py took 0.095 seconds
[2024-08-04T04:52:03.909+0000] {processor.py:161} INFO - Started process (PID=351) to work on /home/airflow/.local/lib/python3.12/site-packages/airflow/example_dags/example_latest_only_with_trigger.py
[2024-08-04T04:52:03.910+0000] {processor.py:830} INFO - Processing file /home/airflow/.local/lib/python3.12/site-packages/airflow/example_dags/example_latest_only_with_trigger.py for tasks to queue
[2024-08-04T04:52:03.912+0000] {logging_mixin.py:188} INFO - [2024-08-04T04:52:03.912+0000] {dagbag.py:545} INFO - Filling up the DagBag from /home/airflow/.local/lib/python3.12/site-packages/airflow/example_dags/example_latest_only_with_trigger.py
[2024-08-04T04:52:03.942+0000] {processor.py:840} INFO - DAG(s) 'latest_only_with_trigger' retrieved from /home/airflow/.local/lib/python3.12/site-packages/airflow/example_dags/example_latest_only_with_trigger.py
[2024-08-04T04:52:04.028+0000] {logging_mixin.py:188} INFO - [2024-08-04T04:52:04.027+0000] {dag.py:3096} INFO - Sync 1 DAGs
[2024-08-04T04:52:04.078+0000] {logging_mixin.py:188} INFO - [2024-08-04T04:52:04.078+0000] {dag.py:3954} INFO - Setting next_dagrun for latest_only_with_trigger to 2024-08-04 00:00:00+00:00, run_after=2024-08-04 04:00:00+00:00
[2024-08-04T04:52:04.122+0000] {processor.py:183} INFO - Processing /home/airflow/.local/lib/python3.12/site-packages/airflow/example_dags/example_latest_only_with_trigger.py took 0.232 seconds
[2024-08-04T04:52:34.500+0000] {processor.py:161} INFO - Started process (PID=410) to work on /home/airflow/.local/lib/python3.12/site-packages/airflow/example_dags/example_latest_only_with_trigger.py
[2024-08-04T04:52:34.501+0000] {processor.py:830} INFO - Processing file /home/airflow/.local/lib/python3.12/site-packages/airflow/example_dags/example_latest_only_with_trigger.py for tasks to queue
[2024-08-04T04:52:34.505+0000] {logging_mixin.py:188} INFO - [2024-08-04T04:52:34.502+0000] {dagbag.py:545} INFO - Filling up the DagBag from /home/airflow/.local/lib/python3.12/site-packages/airflow/example_dags/example_latest_only_with_trigger.py
[2024-08-04T04:52:34.519+0000] {processor.py:840} INFO - DAG(s) 'latest_only_with_trigger' retrieved from /home/airflow/.local/lib/python3.12/site-packages/airflow/example_dags/example_latest_only_with_trigger.py
[2024-08-04T04:52:34.614+0000] {logging_mixin.py:188} INFO - [2024-08-04T04:52:34.614+0000] {dag.py:3096} INFO - Sync 1 DAGs
[2024-08-04T04:52:34.668+0000] {logging_mixin.py:188} INFO - [2024-08-04T04:52:34.668+0000] {dag.py:3954} INFO - Setting next_dagrun for latest_only_with_trigger to 2024-08-04 00:00:00+00:00, run_after=2024-08-04 04:00:00+00:00
[2024-08-04T04:52:34.733+0000] {processor.py:183} INFO - Processing /home/airflow/.local/lib/python3.12/site-packages/airflow/example_dags/example_latest_only_with_trigger.py took 0.240 seconds
[2024-08-04T04:53:05.694+0000] {processor.py:161} INFO - Started process (PID=468) to work on /home/airflow/.local/lib/python3.12/site-packages/airflow/example_dags/example_latest_only_with_trigger.py
[2024-08-04T04:53:05.698+0000] {processor.py:830} INFO - Processing file /home/airflow/.local/lib/python3.12/site-packages/airflow/example_dags/example_latest_only_with_trigger.py for tasks to queue
[2024-08-04T04:53:05.700+0000] {logging_mixin.py:188} INFO - [2024-08-04T04:53:05.700+0000] {dagbag.py:545} INFO - Filling up the DagBag from /home/airflow/.local/lib/python3.12/site-packages/airflow/example_dags/example_latest_only_with_trigger.py
[2024-08-04T04:53:05.708+0000] {processor.py:840} INFO - DAG(s) 'latest_only_with_trigger' retrieved from /home/airflow/.local/lib/python3.12/site-packages/airflow/example_dags/example_latest_only_with_trigger.py
[2024-08-04T04:53:05.732+0000] {logging_mixin.py:188} INFO - [2024-08-04T04:53:05.732+0000] {dag.py:3096} INFO - Sync 1 DAGs
[2024-08-04T04:53:05.759+0000] {logging_mixin.py:188} INFO - [2024-08-04T04:53:05.758+0000] {dag.py:3954} INFO - Setting next_dagrun for latest_only_with_trigger to 2024-08-04 00:00:00+00:00, run_after=2024-08-04 04:00:00+00:00
[2024-08-04T04:53:05.784+0000] {processor.py:183} INFO - Processing /home/airflow/.local/lib/python3.12/site-packages/airflow/example_dags/example_latest_only_with_trigger.py took 0.095 seconds
[2024-08-04T04:53:35.879+0000] {processor.py:161} INFO - Started process (PID=526) to work on /home/airflow/.local/lib/python3.12/site-packages/airflow/example_dags/example_latest_only_with_trigger.py
[2024-08-04T04:53:35.881+0000] {processor.py:830} INFO - Processing file /home/airflow/.local/lib/python3.12/site-packages/airflow/example_dags/example_latest_only_with_trigger.py for tasks to queue
[2024-08-04T04:53:35.883+0000] {logging_mixin.py:188} INFO - [2024-08-04T04:53:35.883+0000] {dagbag.py:545} INFO - Filling up the DagBag from /home/airflow/.local/lib/python3.12/site-packages/airflow/example_dags/example_latest_only_with_trigger.py
[2024-08-04T04:53:35.893+0000] {processor.py:840} INFO - DAG(s) 'latest_only_with_trigger' retrieved from /home/airflow/.local/lib/python3.12/site-packages/airflow/example_dags/example_latest_only_with_trigger.py
[2024-08-04T04:53:35.917+0000] {logging_mixin.py:188} INFO - [2024-08-04T04:53:35.916+0000] {dag.py:3096} INFO - Sync 1 DAGs
[2024-08-04T04:53:35.943+0000] {logging_mixin.py:188} INFO - [2024-08-04T04:53:35.943+0000] {dag.py:3954} INFO - Setting next_dagrun for latest_only_with_trigger to 2024-08-04 00:00:00+00:00, run_after=2024-08-04 04:00:00+00:00
[2024-08-04T04:53:35.968+0000] {processor.py:183} INFO - Processing /home/airflow/.local/lib/python3.12/site-packages/airflow/example_dags/example_latest_only_with_trigger.py took 0.095 seconds
[2024-08-04T04:54:06.573+0000] {processor.py:161} INFO - Started process (PID=584) to work on /home/airflow/.local/lib/python3.12/site-packages/airflow/example_dags/example_latest_only_with_trigger.py
[2024-08-04T04:54:06.574+0000] {processor.py:830} INFO - Processing file /home/airflow/.local/lib/python3.12/site-packages/airflow/example_dags/example_latest_only_with_trigger.py for tasks to queue
[2024-08-04T04:54:06.576+0000] {logging_mixin.py:188} INFO - [2024-08-04T04:54:06.575+0000] {dagbag.py:545} INFO - Filling up the DagBag from /home/airflow/.local/lib/python3.12/site-packages/airflow/example_dags/example_latest_only_with_trigger.py
[2024-08-04T04:54:06.582+0000] {processor.py:840} INFO - DAG(s) 'latest_only_with_trigger' retrieved from /home/airflow/.local/lib/python3.12/site-packages/airflow/example_dags/example_latest_only_with_trigger.py
[2024-08-04T04:54:06.606+0000] {logging_mixin.py:188} INFO - [2024-08-04T04:54:06.605+0000] {dag.py:3096} INFO - Sync 1 DAGs
[2024-08-04T04:54:06.635+0000] {logging_mixin.py:188} INFO - [2024-08-04T04:54:06.634+0000] {dag.py:3954} INFO - Setting next_dagrun for latest_only_with_trigger to 2024-08-04 00:00:00+00:00, run_after=2024-08-04 04:00:00+00:00
[2024-08-04T04:54:06.660+0000] {processor.py:183} INFO - Processing /home/airflow/.local/lib/python3.12/site-packages/airflow/example_dags/example_latest_only_with_trigger.py took 0.093 seconds
[2024-08-04T04:54:37.040+0000] {processor.py:161} INFO - Started process (PID=644) to work on /home/airflow/.local/lib/python3.12/site-packages/airflow/example_dags/example_latest_only_with_trigger.py
[2024-08-04T04:54:37.044+0000] {processor.py:830} INFO - Processing file /home/airflow/.local/lib/python3.12/site-packages/airflow/example_dags/example_latest_only_with_trigger.py for tasks to queue
[2024-08-04T04:54:37.045+0000] {logging_mixin.py:188} INFO - [2024-08-04T04:54:37.045+0000] {dagbag.py:545} INFO - Filling up the DagBag from /home/airflow/.local/lib/python3.12/site-packages/airflow/example_dags/example_latest_only_with_trigger.py
[2024-08-04T04:54:37.051+0000] {processor.py:840} INFO - DAG(s) 'latest_only_with_trigger' retrieved from /home/airflow/.local/lib/python3.12/site-packages/airflow/example_dags/example_latest_only_with_trigger.py
[2024-08-04T04:54:37.079+0000] {logging_mixin.py:188} INFO - [2024-08-04T04:54:37.079+0000] {dag.py:3096} INFO - Sync 1 DAGs
[2024-08-04T04:54:37.105+0000] {logging_mixin.py:188} INFO - [2024-08-04T04:54:37.104+0000] {dag.py:3954} INFO - Setting next_dagrun for latest_only_with_trigger to 2024-08-04 00:00:00+00:00, run_after=2024-08-04 04:00:00+00:00
[2024-08-04T04:54:37.129+0000] {processor.py:183} INFO - Processing /home/airflow/.local/lib/python3.12/site-packages/airflow/example_dags/example_latest_only_with_trigger.py took 0.095 seconds
[2024-08-04T04:55:07.741+0000] {processor.py:161} INFO - Started process (PID=703) to work on /home/airflow/.local/lib/python3.12/site-packages/airflow/example_dags/example_latest_only_with_trigger.py
[2024-08-04T04:55:07.742+0000] {processor.py:830} INFO - Processing file /home/airflow/.local/lib/python3.12/site-packages/airflow/example_dags/example_latest_only_with_trigger.py for tasks to queue
[2024-08-04T04:55:07.743+0000] {logging_mixin.py:188} INFO - [2024-08-04T04:55:07.743+0000] {dagbag.py:545} INFO - Filling up the DagBag from /home/airflow/.local/lib/python3.12/site-packages/airflow/example_dags/example_latest_only_with_trigger.py
[2024-08-04T04:55:07.750+0000] {processor.py:840} INFO - DAG(s) 'latest_only_with_trigger' retrieved from /home/airflow/.local/lib/python3.12/site-packages/airflow/example_dags/example_latest_only_with_trigger.py
[2024-08-04T04:55:07.774+0000] {logging_mixin.py:188} INFO - [2024-08-04T04:55:07.773+0000] {dag.py:3096} INFO - Sync 1 DAGs
[2024-08-04T04:55:07.800+0000] {logging_mixin.py:188} INFO - [2024-08-04T04:55:07.800+0000] {dag.py:3954} INFO - Setting next_dagrun for latest_only_with_trigger to 2024-08-04 00:00:00+00:00, run_after=2024-08-04 04:00:00+00:00
[2024-08-04T04:55:07.846+0000] {processor.py:183} INFO - Processing /home/airflow/.local/lib/python3.12/site-packages/airflow/example_dags/example_latest_only_with_trigger.py took 0.110 seconds
[2024-08-04T04:55:38.649+0000] {processor.py:161} INFO - Started process (PID=762) to work on /home/airflow/.local/lib/python3.12/site-packages/airflow/example_dags/example_latest_only_with_trigger.py
[2024-08-04T04:55:38.649+0000] {processor.py:830} INFO - Processing file /home/airflow/.local/lib/python3.12/site-packages/airflow/example_dags/example_latest_only_with_trigger.py for tasks to queue
[2024-08-04T04:55:38.651+0000] {logging_mixin.py:188} INFO - [2024-08-04T04:55:38.651+0000] {dagbag.py:545} INFO - Filling up the DagBag from /home/airflow/.local/lib/python3.12/site-packages/airflow/example_dags/example_latest_only_with_trigger.py
[2024-08-04T04:55:38.657+0000] {processor.py:840} INFO - DAG(s) 'latest_only_with_trigger' retrieved from /home/airflow/.local/lib/python3.12/site-packages/airflow/example_dags/example_latest_only_with_trigger.py
[2024-08-04T04:55:38.682+0000] {logging_mixin.py:188} INFO - [2024-08-04T04:55:38.681+0000] {dag.py:3096} INFO - Sync 1 DAGs
[2024-08-04T04:55:38.707+0000] {logging_mixin.py:188} INFO - [2024-08-04T04:55:38.707+0000] {dag.py:3954} INFO - Setting next_dagrun for latest_only_with_trigger to 2024-08-04 00:00:00+00:00, run_after=2024-08-04 04:00:00+00:00
[2024-08-04T04:55:38.732+0000] {processor.py:183} INFO - Processing /home/airflow/.local/lib/python3.12/site-packages/airflow/example_dags/example_latest_only_with_trigger.py took 0.089 seconds
[2024-08-04T04:56:08.988+0000] {processor.py:161} INFO - Started process (PID=821) to work on /home/airflow/.local/lib/python3.12/site-packages/airflow/example_dags/example_latest_only_with_trigger.py
[2024-08-04T04:56:08.989+0000] {processor.py:830} INFO - Processing file /home/airflow/.local/lib/python3.12/site-packages/airflow/example_dags/example_latest_only_with_trigger.py for tasks to queue
[2024-08-04T04:56:08.991+0000] {logging_mixin.py:188} INFO - [2024-08-04T04:56:08.990+0000] {dagbag.py:545} INFO - Filling up the DagBag from /home/airflow/.local/lib/python3.12/site-packages/airflow/example_dags/example_latest_only_with_trigger.py
[2024-08-04T04:56:08.997+0000] {processor.py:840} INFO - DAG(s) 'latest_only_with_trigger' retrieved from /home/airflow/.local/lib/python3.12/site-packages/airflow/example_dags/example_latest_only_with_trigger.py
[2024-08-04T04:56:09.023+0000] {logging_mixin.py:188} INFO - [2024-08-04T04:56:09.022+0000] {dag.py:3096} INFO - Sync 1 DAGs
[2024-08-04T04:56:09.049+0000] {logging_mixin.py:188} INFO - [2024-08-04T04:56:09.049+0000] {dag.py:3954} INFO - Setting next_dagrun for latest_only_with_trigger to 2024-08-04 00:00:00+00:00, run_after=2024-08-04 04:00:00+00:00
[2024-08-04T04:56:09.079+0000] {processor.py:183} INFO - Processing /home/airflow/.local/lib/python3.12/site-packages/airflow/example_dags/example_latest_only_with_trigger.py took 0.097 seconds
[2024-08-04T04:56:39.623+0000] {processor.py:161} INFO - Started process (PID=880) to work on /home/airflow/.local/lib/python3.12/site-packages/airflow/example_dags/example_latest_only_with_trigger.py
[2024-08-04T04:56:39.624+0000] {processor.py:830} INFO - Processing file /home/airflow/.local/lib/python3.12/site-packages/airflow/example_dags/example_latest_only_with_trigger.py for tasks to queue
[2024-08-04T04:56:39.626+0000] {logging_mixin.py:188} INFO - [2024-08-04T04:56:39.626+0000] {dagbag.py:545} INFO - Filling up the DagBag from /home/airflow/.local/lib/python3.12/site-packages/airflow/example_dags/example_latest_only_with_trigger.py
[2024-08-04T04:56:39.632+0000] {processor.py:840} INFO - DAG(s) 'latest_only_with_trigger' retrieved from /home/airflow/.local/lib/python3.12/site-packages/airflow/example_dags/example_latest_only_with_trigger.py
[2024-08-04T04:56:39.656+0000] {logging_mixin.py:188} INFO - [2024-08-04T04:56:39.656+0000] {dag.py:3096} INFO - Sync 1 DAGs
[2024-08-04T04:56:39.683+0000] {logging_mixin.py:188} INFO - [2024-08-04T04:56:39.682+0000] {dag.py:3954} INFO - Setting next_dagrun for latest_only_with_trigger to 2024-08-04 00:00:00+00:00, run_after=2024-08-04 04:00:00+00:00
[2024-08-04T04:56:39.712+0000] {processor.py:183} INFO - Processing /home/airflow/.local/lib/python3.12/site-packages/airflow/example_dags/example_latest_only_with_trigger.py took 0.095 seconds
[2024-08-04T04:57:10.464+0000] {processor.py:161} INFO - Started process (PID=940) to work on /home/airflow/.local/lib/python3.12/site-packages/airflow/example_dags/example_latest_only_with_trigger.py
[2024-08-04T04:57:10.465+0000] {processor.py:830} INFO - Processing file /home/airflow/.local/lib/python3.12/site-packages/airflow/example_dags/example_latest_only_with_trigger.py for tasks to queue
[2024-08-04T04:57:10.470+0000] {logging_mixin.py:188} INFO - [2024-08-04T04:57:10.469+0000] {dagbag.py:545} INFO - Filling up the DagBag from /home/airflow/.local/lib/python3.12/site-packages/airflow/example_dags/example_latest_only_with_trigger.py
[2024-08-04T04:57:10.488+0000] {processor.py:840} INFO - DAG(s) 'latest_only_with_trigger' retrieved from /home/airflow/.local/lib/python3.12/site-packages/airflow/example_dags/example_latest_only_with_trigger.py
[2024-08-04T04:57:10.530+0000] {logging_mixin.py:188} INFO - [2024-08-04T04:57:10.529+0000] {dag.py:3096} INFO - Sync 1 DAGs
[2024-08-04T04:57:10.592+0000] {logging_mixin.py:188} INFO - [2024-08-04T04:57:10.592+0000] {dag.py:3954} INFO - Setting next_dagrun for latest_only_with_trigger to 2024-08-04 00:00:00+00:00, run_after=2024-08-04 04:00:00+00:00
[2024-08-04T04:57:10.632+0000] {processor.py:183} INFO - Processing /home/airflow/.local/lib/python3.12/site-packages/airflow/example_dags/example_latest_only_with_trigger.py took 0.207 seconds
