[2024-08-04T04:49:29.537+0000] {processor.py:161} INFO - Started process (PID=59) to work on /home/airflow/.local/lib/python3.12/site-packages/airflow/example_dags/example_branch_datetime_operator.py
[2024-08-04T04:49:29.540+0000] {processor.py:830} INFO - Processing file /home/airflow/.local/lib/python3.12/site-packages/airflow/example_dags/example_branch_datetime_operator.py for tasks to queue
[2024-08-04T04:49:29.543+0000] {logging_mixin.py:188} INFO - [2024-08-04T04:49:29.542+0000] {dagbag.py:545} INFO - Filling up the DagBag from /home/airflow/.local/lib/python3.12/site-packages/airflow/example_dags/example_branch_datetime_operator.py
[2024-08-04T04:49:29.555+0000] {processor.py:840} INFO - DAG(s) 'example_branch_datetime_operator_3', 'example_branch_datetime_operator', 'example_branch_datetime_operator_2' retrieved from /home/airflow/.local/lib/python3.12/site-packages/airflow/example_dags/example_branch_datetime_operator.py
[2024-08-04T04:49:30.084+0000] {logging_mixin.py:188} INFO - [2024-08-04T04:49:30.084+0000] {dag.py:3096} INFO - Sync 3 DAGs
[2024-08-04T04:49:30.134+0000] {logging_mixin.py:188} INFO - [2024-08-04T04:49:30.133+0000] {dag.py:3954} INFO - Setting next_dagrun for example_branch_datetime_operator to 2024-08-03 00:00:00+00:00, run_after=2024-08-04 00:00:00+00:00
[2024-08-04T04:49:30.140+0000] {logging_mixin.py:188} INFO - [2024-08-04T04:49:30.139+0000] {dag.py:3954} INFO - Setting next_dagrun for example_branch_datetime_operator_2 to 2024-08-03 00:00:00+00:00, run_after=2024-08-04 00:00:00+00:00
[2024-08-04T04:49:30.143+0000] {logging_mixin.py:188} INFO - [2024-08-04T04:49:30.143+0000] {dag.py:3954} INFO - Setting next_dagrun for example_branch_datetime_operator_3 to 2024-08-03 00:00:00+00:00, run_after=2024-08-04 00:00:00+00:00
[2024-08-04T04:49:30.182+0000] {processor.py:183} INFO - Processing /home/airflow/.local/lib/python3.12/site-packages/airflow/example_dags/example_branch_datetime_operator.py took 0.670 seconds
[2024-08-04T04:50:00.392+0000] {processor.py:161} INFO - Started process (PID=117) to work on /home/airflow/.local/lib/python3.12/site-packages/airflow/example_dags/example_branch_datetime_operator.py
[2024-08-04T04:50:00.393+0000] {processor.py:830} INFO - Processing file /home/airflow/.local/lib/python3.12/site-packages/airflow/example_dags/example_branch_datetime_operator.py for tasks to queue
[2024-08-04T04:50:00.395+0000] {logging_mixin.py:188} INFO - [2024-08-04T04:50:00.395+0000] {dagbag.py:545} INFO - Filling up the DagBag from /home/airflow/.local/lib/python3.12/site-packages/airflow/example_dags/example_branch_datetime_operator.py
[2024-08-04T04:50:00.407+0000] {processor.py:840} INFO - DAG(s) 'example_branch_datetime_operator_2', 'example_branch_datetime_operator', 'example_branch_datetime_operator_3' retrieved from /home/airflow/.local/lib/python3.12/site-packages/airflow/example_dags/example_branch_datetime_operator.py
[2024-08-04T04:50:00.439+0000] {logging_mixin.py:188} INFO - [2024-08-04T04:50:00.439+0000] {dag.py:3096} INFO - Sync 3 DAGs
[2024-08-04T04:50:00.468+0000] {logging_mixin.py:188} INFO - [2024-08-04T04:50:00.468+0000] {dag.py:3954} INFO - Setting next_dagrun for example_branch_datetime_operator to 2024-08-03 00:00:00+00:00, run_after=2024-08-04 00:00:00+00:00
[2024-08-04T04:50:00.474+0000] {logging_mixin.py:188} INFO - [2024-08-04T04:50:00.474+0000] {dag.py:3954} INFO - Setting next_dagrun for example_branch_datetime_operator_2 to 2024-08-03 00:00:00+00:00, run_after=2024-08-04 00:00:00+00:00
[2024-08-04T04:50:00.476+0000] {logging_mixin.py:188} INFO - [2024-08-04T04:50:00.476+0000] {dag.py:3954} INFO - Setting next_dagrun for example_branch_datetime_operator_3 to 2024-08-03 00:00:00+00:00, run_after=2024-08-04 00:00:00+00:00
[2024-08-04T04:50:00.498+0000] {processor.py:183} INFO - Processing /home/airflow/.local/lib/python3.12/site-packages/airflow/example_dags/example_branch_datetime_operator.py took 0.113 seconds
[2024-08-04T04:50:31.001+0000] {processor.py:161} INFO - Started process (PID=175) to work on /home/airflow/.local/lib/python3.12/site-packages/airflow/example_dags/example_branch_datetime_operator.py
[2024-08-04T04:50:31.002+0000] {processor.py:830} INFO - Processing file /home/airflow/.local/lib/python3.12/site-packages/airflow/example_dags/example_branch_datetime_operator.py for tasks to queue
[2024-08-04T04:50:31.004+0000] {logging_mixin.py:188} INFO - [2024-08-04T04:50:31.003+0000] {dagbag.py:545} INFO - Filling up the DagBag from /home/airflow/.local/lib/python3.12/site-packages/airflow/example_dags/example_branch_datetime_operator.py
[2024-08-04T04:50:31.016+0000] {processor.py:840} INFO - DAG(s) 'example_branch_datetime_operator_3', 'example_branch_datetime_operator_2', 'example_branch_datetime_operator' retrieved from /home/airflow/.local/lib/python3.12/site-packages/airflow/example_dags/example_branch_datetime_operator.py
[2024-08-04T04:50:31.054+0000] {logging_mixin.py:188} INFO - [2024-08-04T04:50:31.054+0000] {dag.py:3096} INFO - Sync 3 DAGs
[2024-08-04T04:50:31.084+0000] {logging_mixin.py:188} INFO - [2024-08-04T04:50:31.084+0000] {dag.py:3954} INFO - Setting next_dagrun for example_branch_datetime_operator to 2024-08-03 00:00:00+00:00, run_after=2024-08-04 00:00:00+00:00
[2024-08-04T04:50:31.091+0000] {logging_mixin.py:188} INFO - [2024-08-04T04:50:31.091+0000] {dag.py:3954} INFO - Setting next_dagrun for example_branch_datetime_operator_2 to 2024-08-03 00:00:00+00:00, run_after=2024-08-04 00:00:00+00:00
[2024-08-04T04:50:31.094+0000] {logging_mixin.py:188} INFO - [2024-08-04T04:50:31.094+0000] {dag.py:3954} INFO - Setting next_dagrun for example_branch_datetime_operator_3 to 2024-08-03 00:00:00+00:00, run_after=2024-08-04 00:00:00+00:00
[2024-08-04T04:50:31.123+0000] {processor.py:183} INFO - Processing /home/airflow/.local/lib/python3.12/site-packages/airflow/example_dags/example_branch_datetime_operator.py took 0.131 seconds
[2024-08-04T04:51:01.525+0000] {processor.py:161} INFO - Started process (PID=233) to work on /home/airflow/.local/lib/python3.12/site-packages/airflow/example_dags/example_branch_datetime_operator.py
[2024-08-04T04:51:01.526+0000] {processor.py:830} INFO - Processing file /home/airflow/.local/lib/python3.12/site-packages/airflow/example_dags/example_branch_datetime_operator.py for tasks to queue
[2024-08-04T04:51:01.533+0000] {logging_mixin.py:188} INFO - [2024-08-04T04:51:01.528+0000] {dagbag.py:545} INFO - Filling up the DagBag from /home/airflow/.local/lib/python3.12/site-packages/airflow/example_dags/example_branch_datetime_operator.py
[2024-08-04T04:51:01.554+0000] {processor.py:840} INFO - DAG(s) 'example_branch_datetime_operator', 'example_branch_datetime_operator_2', 'example_branch_datetime_operator_3' retrieved from /home/airflow/.local/lib/python3.12/site-packages/airflow/example_dags/example_branch_datetime_operator.py
[2024-08-04T04:51:01.596+0000] {logging_mixin.py:188} INFO - [2024-08-04T04:51:01.596+0000] {dag.py:3096} INFO - Sync 3 DAGs
[2024-08-04T04:51:01.625+0000] {logging_mixin.py:188} INFO - [2024-08-04T04:51:01.625+0000] {dag.py:3954} INFO - Setting next_dagrun for example_branch_datetime_operator to 2024-08-03 00:00:00+00:00, run_after=2024-08-04 00:00:00+00:00
[2024-08-04T04:51:01.632+0000] {logging_mixin.py:188} INFO - [2024-08-04T04:51:01.631+0000] {dag.py:3954} INFO - Setting next_dagrun for example_branch_datetime_operator_2 to 2024-08-03 00:00:00+00:00, run_after=2024-08-04 00:00:00+00:00
[2024-08-04T04:51:01.635+0000] {logging_mixin.py:188} INFO - [2024-08-04T04:51:01.635+0000] {dag.py:3954} INFO - Setting next_dagrun for example_branch_datetime_operator_3 to 2024-08-03 00:00:00+00:00, run_after=2024-08-04 00:00:00+00:00
[2024-08-04T04:51:01.671+0000] {processor.py:183} INFO - Processing /home/airflow/.local/lib/python3.12/site-packages/airflow/example_dags/example_branch_datetime_operator.py took 0.153 seconds
[2024-08-04T04:51:32.148+0000] {processor.py:161} INFO - Started process (PID=291) to work on /home/airflow/.local/lib/python3.12/site-packages/airflow/example_dags/example_branch_datetime_operator.py
[2024-08-04T04:51:32.148+0000] {processor.py:830} INFO - Processing file /home/airflow/.local/lib/python3.12/site-packages/airflow/example_dags/example_branch_datetime_operator.py for tasks to queue
[2024-08-04T04:51:32.150+0000] {logging_mixin.py:188} INFO - [2024-08-04T04:51:32.150+0000] {dagbag.py:545} INFO - Filling up the DagBag from /home/airflow/.local/lib/python3.12/site-packages/airflow/example_dags/example_branch_datetime_operator.py
[2024-08-04T04:51:32.163+0000] {processor.py:840} INFO - DAG(s) 'example_branch_datetime_operator_3', 'example_branch_datetime_operator_2', 'example_branch_datetime_operator' retrieved from /home/airflow/.local/lib/python3.12/site-packages/airflow/example_dags/example_branch_datetime_operator.py
[2024-08-04T04:51:32.194+0000] {logging_mixin.py:188} INFO - [2024-08-04T04:51:32.194+0000] {dag.py:3096} INFO - Sync 3 DAGs
[2024-08-04T04:51:32.223+0000] {logging_mixin.py:188} INFO - [2024-08-04T04:51:32.222+0000] {dag.py:3954} INFO - Setting next_dagrun for example_branch_datetime_operator to 2024-08-03 00:00:00+00:00, run_after=2024-08-04 00:00:00+00:00
[2024-08-04T04:51:32.229+0000] {logging_mixin.py:188} INFO - [2024-08-04T04:51:32.229+0000] {dag.py:3954} INFO - Setting next_dagrun for example_branch_datetime_operator_2 to 2024-08-03 00:00:00+00:00, run_after=2024-08-04 00:00:00+00:00
[2024-08-04T04:51:32.233+0000] {logging_mixin.py:188} INFO - [2024-08-04T04:51:32.233+0000] {dag.py:3954} INFO - Setting next_dagrun for example_branch_datetime_operator_3 to 2024-08-03 00:00:00+00:00, run_after=2024-08-04 00:00:00+00:00
[2024-08-04T04:51:32.256+0000] {processor.py:183} INFO - Processing /home/airflow/.local/lib/python3.12/site-packages/airflow/example_dags/example_branch_datetime_operator.py took 0.115 seconds
[2024-08-04T04:52:02.433+0000] {processor.py:161} INFO - Started process (PID=349) to work on /home/airflow/.local/lib/python3.12/site-packages/airflow/example_dags/example_branch_datetime_operator.py
[2024-08-04T04:52:02.434+0000] {processor.py:830} INFO - Processing file /home/airflow/.local/lib/python3.12/site-packages/airflow/example_dags/example_branch_datetime_operator.py for tasks to queue
[2024-08-04T04:52:02.436+0000] {logging_mixin.py:188} INFO - [2024-08-04T04:52:02.435+0000] {dagbag.py:545} INFO - Filling up the DagBag from /home/airflow/.local/lib/python3.12/site-packages/airflow/example_dags/example_branch_datetime_operator.py
[2024-08-04T04:52:02.477+0000] {processor.py:840} INFO - DAG(s) 'example_branch_datetime_operator_3', 'example_branch_datetime_operator_2', 'example_branch_datetime_operator' retrieved from /home/airflow/.local/lib/python3.12/site-packages/airflow/example_dags/example_branch_datetime_operator.py
[2024-08-04T04:52:02.590+0000] {logging_mixin.py:188} INFO - [2024-08-04T04:52:02.589+0000] {dag.py:3096} INFO - Sync 3 DAGs
[2024-08-04T04:52:02.661+0000] {logging_mixin.py:188} INFO - [2024-08-04T04:52:02.660+0000] {dag.py:3954} INFO - Setting next_dagrun for example_branch_datetime_operator to 2024-08-03 00:00:00+00:00, run_after=2024-08-04 00:00:00+00:00
[2024-08-04T04:52:02.698+0000] {logging_mixin.py:188} INFO - [2024-08-04T04:52:02.689+0000] {dag.py:3954} INFO - Setting next_dagrun for example_branch_datetime_operator_2 to 2024-08-03 00:00:00+00:00, run_after=2024-08-04 00:00:00+00:00
[2024-08-04T04:52:02.703+0000] {logging_mixin.py:188} INFO - [2024-08-04T04:52:02.703+0000] {dag.py:3954} INFO - Setting next_dagrun for example_branch_datetime_operator_3 to 2024-08-03 00:00:00+00:00, run_after=2024-08-04 00:00:00+00:00
[2024-08-04T04:52:02.770+0000] {processor.py:183} INFO - Processing /home/airflow/.local/lib/python3.12/site-packages/airflow/example_dags/example_branch_datetime_operator.py took 0.352 seconds
[2024-08-04T04:52:33.248+0000] {processor.py:161} INFO - Started process (PID=408) to work on /home/airflow/.local/lib/python3.12/site-packages/airflow/example_dags/example_branch_datetime_operator.py
[2024-08-04T04:52:33.257+0000] {processor.py:830} INFO - Processing file /home/airflow/.local/lib/python3.12/site-packages/airflow/example_dags/example_branch_datetime_operator.py for tasks to queue
[2024-08-04T04:52:33.259+0000] {logging_mixin.py:188} INFO - [2024-08-04T04:52:33.259+0000] {dagbag.py:545} INFO - Filling up the DagBag from /home/airflow/.local/lib/python3.12/site-packages/airflow/example_dags/example_branch_datetime_operator.py
[2024-08-04T04:52:33.312+0000] {processor.py:840} INFO - DAG(s) 'example_branch_datetime_operator', 'example_branch_datetime_operator_3', 'example_branch_datetime_operator_2' retrieved from /home/airflow/.local/lib/python3.12/site-packages/airflow/example_dags/example_branch_datetime_operator.py
[2024-08-04T04:52:33.403+0000] {logging_mixin.py:188} INFO - [2024-08-04T04:52:33.403+0000] {dag.py:3096} INFO - Sync 3 DAGs
[2024-08-04T04:52:33.459+0000] {logging_mixin.py:188} INFO - [2024-08-04T04:52:33.459+0000] {dag.py:3954} INFO - Setting next_dagrun for example_branch_datetime_operator to 2024-08-03 00:00:00+00:00, run_after=2024-08-04 00:00:00+00:00
[2024-08-04T04:52:33.465+0000] {logging_mixin.py:188} INFO - [2024-08-04T04:52:33.465+0000] {dag.py:3954} INFO - Setting next_dagrun for example_branch_datetime_operator_2 to 2024-08-03 00:00:00+00:00, run_after=2024-08-04 00:00:00+00:00
[2024-08-04T04:52:33.469+0000] {logging_mixin.py:188} INFO - [2024-08-04T04:52:33.468+0000] {dag.py:3954} INFO - Setting next_dagrun for example_branch_datetime_operator_3 to 2024-08-03 00:00:00+00:00, run_after=2024-08-04 00:00:00+00:00
[2024-08-04T04:52:33.493+0000] {processor.py:183} INFO - Processing /home/airflow/.local/lib/python3.12/site-packages/airflow/example_dags/example_branch_datetime_operator.py took 0.262 seconds
[2024-08-04T04:53:03.553+0000] {processor.py:161} INFO - Started process (PID=466) to work on /home/airflow/.local/lib/python3.12/site-packages/airflow/example_dags/example_branch_datetime_operator.py
[2024-08-04T04:53:03.554+0000] {processor.py:830} INFO - Processing file /home/airflow/.local/lib/python3.12/site-packages/airflow/example_dags/example_branch_datetime_operator.py for tasks to queue
[2024-08-04T04:53:03.556+0000] {logging_mixin.py:188} INFO - [2024-08-04T04:53:03.556+0000] {dagbag.py:545} INFO - Filling up the DagBag from /home/airflow/.local/lib/python3.12/site-packages/airflow/example_dags/example_branch_datetime_operator.py
[2024-08-04T04:53:03.569+0000] {processor.py:840} INFO - DAG(s) 'example_branch_datetime_operator', 'example_branch_datetime_operator_2', 'example_branch_datetime_operator_3' retrieved from /home/airflow/.local/lib/python3.12/site-packages/airflow/example_dags/example_branch_datetime_operator.py
[2024-08-04T04:53:03.600+0000] {logging_mixin.py:188} INFO - [2024-08-04T04:53:03.600+0000] {dag.py:3096} INFO - Sync 3 DAGs
[2024-08-04T04:53:03.629+0000] {logging_mixin.py:188} INFO - [2024-08-04T04:53:03.628+0000] {dag.py:3954} INFO - Setting next_dagrun for example_branch_datetime_operator to 2024-08-03 00:00:00+00:00, run_after=2024-08-04 00:00:00+00:00
[2024-08-04T04:53:03.635+0000] {logging_mixin.py:188} INFO - [2024-08-04T04:53:03.635+0000] {dag.py:3954} INFO - Setting next_dagrun for example_branch_datetime_operator_2 to 2024-08-03 00:00:00+00:00, run_after=2024-08-04 00:00:00+00:00
[2024-08-04T04:53:03.638+0000] {logging_mixin.py:188} INFO - [2024-08-04T04:53:03.638+0000] {dag.py:3954} INFO - Setting next_dagrun for example_branch_datetime_operator_3 to 2024-08-03 00:00:00+00:00, run_after=2024-08-04 00:00:00+00:00
[2024-08-04T04:53:03.660+0000] {processor.py:183} INFO - Processing /home/airflow/.local/lib/python3.12/site-packages/airflow/example_dags/example_branch_datetime_operator.py took 0.112 seconds
[2024-08-04T04:53:33.731+0000] {processor.py:161} INFO - Started process (PID=524) to work on /home/airflow/.local/lib/python3.12/site-packages/airflow/example_dags/example_branch_datetime_operator.py
[2024-08-04T04:53:33.732+0000] {processor.py:830} INFO - Processing file /home/airflow/.local/lib/python3.12/site-packages/airflow/example_dags/example_branch_datetime_operator.py for tasks to queue
[2024-08-04T04:53:33.734+0000] {logging_mixin.py:188} INFO - [2024-08-04T04:53:33.733+0000] {dagbag.py:545} INFO - Filling up the DagBag from /home/airflow/.local/lib/python3.12/site-packages/airflow/example_dags/example_branch_datetime_operator.py
[2024-08-04T04:53:33.746+0000] {processor.py:840} INFO - DAG(s) 'example_branch_datetime_operator_2', 'example_branch_datetime_operator_3', 'example_branch_datetime_operator' retrieved from /home/airflow/.local/lib/python3.12/site-packages/airflow/example_dags/example_branch_datetime_operator.py
[2024-08-04T04:53:33.780+0000] {logging_mixin.py:188} INFO - [2024-08-04T04:53:33.780+0000] {dag.py:3096} INFO - Sync 3 DAGs
[2024-08-04T04:53:33.811+0000] {logging_mixin.py:188} INFO - [2024-08-04T04:53:33.810+0000] {dag.py:3954} INFO - Setting next_dagrun for example_branch_datetime_operator to 2024-08-03 00:00:00+00:00, run_after=2024-08-04 00:00:00+00:00
[2024-08-04T04:53:33.817+0000] {logging_mixin.py:188} INFO - [2024-08-04T04:53:33.817+0000] {dag.py:3954} INFO - Setting next_dagrun for example_branch_datetime_operator_2 to 2024-08-03 00:00:00+00:00, run_after=2024-08-04 00:00:00+00:00
[2024-08-04T04:53:33.820+0000] {logging_mixin.py:188} INFO - [2024-08-04T04:53:33.820+0000] {dag.py:3954} INFO - Setting next_dagrun for example_branch_datetime_operator_3 to 2024-08-03 00:00:00+00:00, run_after=2024-08-04 00:00:00+00:00
[2024-08-04T04:53:33.842+0000] {processor.py:183} INFO - Processing /home/airflow/.local/lib/python3.12/site-packages/airflow/example_dags/example_branch_datetime_operator.py took 0.119 seconds
[2024-08-04T04:54:04.421+0000] {processor.py:161} INFO - Started process (PID=582) to work on /home/airflow/.local/lib/python3.12/site-packages/airflow/example_dags/example_branch_datetime_operator.py
[2024-08-04T04:54:04.422+0000] {processor.py:830} INFO - Processing file /home/airflow/.local/lib/python3.12/site-packages/airflow/example_dags/example_branch_datetime_operator.py for tasks to queue
[2024-08-04T04:54:04.423+0000] {logging_mixin.py:188} INFO - [2024-08-04T04:54:04.423+0000] {dagbag.py:545} INFO - Filling up the DagBag from /home/airflow/.local/lib/python3.12/site-packages/airflow/example_dags/example_branch_datetime_operator.py
[2024-08-04T04:54:04.436+0000] {processor.py:840} INFO - DAG(s) 'example_branch_datetime_operator_2', 'example_branch_datetime_operator_3', 'example_branch_datetime_operator' retrieved from /home/airflow/.local/lib/python3.12/site-packages/airflow/example_dags/example_branch_datetime_operator.py
[2024-08-04T04:54:04.467+0000] {logging_mixin.py:188} INFO - [2024-08-04T04:54:04.467+0000] {dag.py:3096} INFO - Sync 3 DAGs
[2024-08-04T04:54:04.495+0000] {logging_mixin.py:188} INFO - [2024-08-04T04:54:04.495+0000] {dag.py:3954} INFO - Setting next_dagrun for example_branch_datetime_operator to 2024-08-03 00:00:00+00:00, run_after=2024-08-04 00:00:00+00:00
[2024-08-04T04:54:04.501+0000] {logging_mixin.py:188} INFO - [2024-08-04T04:54:04.501+0000] {dag.py:3954} INFO - Setting next_dagrun for example_branch_datetime_operator_2 to 2024-08-03 00:00:00+00:00, run_after=2024-08-04 00:00:00+00:00
[2024-08-04T04:54:04.504+0000] {logging_mixin.py:188} INFO - [2024-08-04T04:54:04.504+0000] {dag.py:3954} INFO - Setting next_dagrun for example_branch_datetime_operator_3 to 2024-08-03 00:00:00+00:00, run_after=2024-08-04 00:00:00+00:00
[2024-08-04T04:54:04.537+0000] {processor.py:183} INFO - Processing /home/airflow/.local/lib/python3.12/site-packages/airflow/example_dags/example_branch_datetime_operator.py took 0.123 seconds
[2024-08-04T04:54:34.858+0000] {processor.py:161} INFO - Started process (PID=642) to work on /home/airflow/.local/lib/python3.12/site-packages/airflow/example_dags/example_branch_datetime_operator.py
[2024-08-04T04:54:34.861+0000] {processor.py:830} INFO - Processing file /home/airflow/.local/lib/python3.12/site-packages/airflow/example_dags/example_branch_datetime_operator.py for tasks to queue
[2024-08-04T04:54:34.863+0000] {logging_mixin.py:188} INFO - [2024-08-04T04:54:34.862+0000] {dagbag.py:545} INFO - Filling up the DagBag from /home/airflow/.local/lib/python3.12/site-packages/airflow/example_dags/example_branch_datetime_operator.py
[2024-08-04T04:54:34.875+0000] {processor.py:840} INFO - DAG(s) 'example_branch_datetime_operator_2', 'example_branch_datetime_operator_3', 'example_branch_datetime_operator' retrieved from /home/airflow/.local/lib/python3.12/site-packages/airflow/example_dags/example_branch_datetime_operator.py
[2024-08-04T04:54:34.915+0000] {logging_mixin.py:188} INFO - [2024-08-04T04:54:34.914+0000] {dag.py:3096} INFO - Sync 3 DAGs
[2024-08-04T04:54:34.953+0000] {logging_mixin.py:188} INFO - [2024-08-04T04:54:34.953+0000] {dag.py:3954} INFO - Setting next_dagrun for example_branch_datetime_operator to 2024-08-03 00:00:00+00:00, run_after=2024-08-04 00:00:00+00:00
[2024-08-04T04:54:34.963+0000] {logging_mixin.py:188} INFO - [2024-08-04T04:54:34.963+0000] {dag.py:3954} INFO - Setting next_dagrun for example_branch_datetime_operator_2 to 2024-08-03 00:00:00+00:00, run_after=2024-08-04 00:00:00+00:00
[2024-08-04T04:54:34.972+0000] {logging_mixin.py:188} INFO - [2024-08-04T04:54:34.972+0000] {dag.py:3954} INFO - Setting next_dagrun for example_branch_datetime_operator_3 to 2024-08-03 00:00:00+00:00, run_after=2024-08-04 00:00:00+00:00
[2024-08-04T04:54:35.021+0000] {processor.py:183} INFO - Processing /home/airflow/.local/lib/python3.12/site-packages/airflow/example_dags/example_branch_datetime_operator.py took 0.170 seconds
[2024-08-04T04:55:05.585+0000] {processor.py:161} INFO - Started process (PID=701) to work on /home/airflow/.local/lib/python3.12/site-packages/airflow/example_dags/example_branch_datetime_operator.py
[2024-08-04T04:55:05.586+0000] {processor.py:830} INFO - Processing file /home/airflow/.local/lib/python3.12/site-packages/airflow/example_dags/example_branch_datetime_operator.py for tasks to queue
[2024-08-04T04:55:05.588+0000] {logging_mixin.py:188} INFO - [2024-08-04T04:55:05.587+0000] {dagbag.py:545} INFO - Filling up the DagBag from /home/airflow/.local/lib/python3.12/site-packages/airflow/example_dags/example_branch_datetime_operator.py
[2024-08-04T04:55:05.609+0000] {processor.py:840} INFO - DAG(s) 'example_branch_datetime_operator', 'example_branch_datetime_operator_3', 'example_branch_datetime_operator_2' retrieved from /home/airflow/.local/lib/python3.12/site-packages/airflow/example_dags/example_branch_datetime_operator.py
[2024-08-04T04:55:05.640+0000] {logging_mixin.py:188} INFO - [2024-08-04T04:55:05.639+0000] {dag.py:3096} INFO - Sync 3 DAGs
[2024-08-04T04:55:05.671+0000] {logging_mixin.py:188} INFO - [2024-08-04T04:55:05.670+0000] {dag.py:3954} INFO - Setting next_dagrun for example_branch_datetime_operator to 2024-08-03 00:00:00+00:00, run_after=2024-08-04 00:00:00+00:00
[2024-08-04T04:55:05.677+0000] {logging_mixin.py:188} INFO - [2024-08-04T04:55:05.677+0000] {dag.py:3954} INFO - Setting next_dagrun for example_branch_datetime_operator_2 to 2024-08-03 00:00:00+00:00, run_after=2024-08-04 00:00:00+00:00
[2024-08-04T04:55:05.680+0000] {logging_mixin.py:188} INFO - [2024-08-04T04:55:05.680+0000] {dag.py:3954} INFO - Setting next_dagrun for example_branch_datetime_operator_3 to 2024-08-03 00:00:00+00:00, run_after=2024-08-04 00:00:00+00:00
[2024-08-04T04:55:05.703+0000] {processor.py:183} INFO - Processing /home/airflow/.local/lib/python3.12/site-packages/airflow/example_dags/example_branch_datetime_operator.py took 0.132 seconds
[2024-08-04T04:55:36.508+0000] {processor.py:161} INFO - Started process (PID=760) to work on /home/airflow/.local/lib/python3.12/site-packages/airflow/example_dags/example_branch_datetime_operator.py
[2024-08-04T04:55:36.509+0000] {processor.py:830} INFO - Processing file /home/airflow/.local/lib/python3.12/site-packages/airflow/example_dags/example_branch_datetime_operator.py for tasks to queue
[2024-08-04T04:55:36.511+0000] {logging_mixin.py:188} INFO - [2024-08-04T04:55:36.511+0000] {dagbag.py:545} INFO - Filling up the DagBag from /home/airflow/.local/lib/python3.12/site-packages/airflow/example_dags/example_branch_datetime_operator.py
[2024-08-04T04:55:36.522+0000] {processor.py:840} INFO - DAG(s) 'example_branch_datetime_operator_3', 'example_branch_datetime_operator_2', 'example_branch_datetime_operator' retrieved from /home/airflow/.local/lib/python3.12/site-packages/airflow/example_dags/example_branch_datetime_operator.py
[2024-08-04T04:55:36.552+0000] {logging_mixin.py:188} INFO - [2024-08-04T04:55:36.552+0000] {dag.py:3096} INFO - Sync 3 DAGs
[2024-08-04T04:55:36.582+0000] {logging_mixin.py:188} INFO - [2024-08-04T04:55:36.582+0000] {dag.py:3954} INFO - Setting next_dagrun for example_branch_datetime_operator to 2024-08-03 00:00:00+00:00, run_after=2024-08-04 00:00:00+00:00
[2024-08-04T04:55:36.589+0000] {logging_mixin.py:188} INFO - [2024-08-04T04:55:36.589+0000] {dag.py:3954} INFO - Setting next_dagrun for example_branch_datetime_operator_2 to 2024-08-03 00:00:00+00:00, run_after=2024-08-04 00:00:00+00:00
[2024-08-04T04:55:36.592+0000] {logging_mixin.py:188} INFO - [2024-08-04T04:55:36.592+0000] {dag.py:3954} INFO - Setting next_dagrun for example_branch_datetime_operator_3 to 2024-08-03 00:00:00+00:00, run_after=2024-08-04 00:00:00+00:00
[2024-08-04T04:55:36.614+0000] {processor.py:183} INFO - Processing /home/airflow/.local/lib/python3.12/site-packages/airflow/example_dags/example_branch_datetime_operator.py took 0.113 seconds
[2024-08-04T04:56:06.818+0000] {processor.py:161} INFO - Started process (PID=819) to work on /home/airflow/.local/lib/python3.12/site-packages/airflow/example_dags/example_branch_datetime_operator.py
[2024-08-04T04:56:06.819+0000] {processor.py:830} INFO - Processing file /home/airflow/.local/lib/python3.12/site-packages/airflow/example_dags/example_branch_datetime_operator.py for tasks to queue
[2024-08-04T04:56:06.821+0000] {logging_mixin.py:188} INFO - [2024-08-04T04:56:06.820+0000] {dagbag.py:545} INFO - Filling up the DagBag from /home/airflow/.local/lib/python3.12/site-packages/airflow/example_dags/example_branch_datetime_operator.py
[2024-08-04T04:56:06.833+0000] {processor.py:840} INFO - DAG(s) 'example_branch_datetime_operator_2', 'example_branch_datetime_operator_3', 'example_branch_datetime_operator' retrieved from /home/airflow/.local/lib/python3.12/site-packages/airflow/example_dags/example_branch_datetime_operator.py
[2024-08-04T04:56:06.863+0000] {logging_mixin.py:188} INFO - [2024-08-04T04:56:06.863+0000] {dag.py:3096} INFO - Sync 3 DAGs
[2024-08-04T04:56:06.892+0000] {logging_mixin.py:188} INFO - [2024-08-04T04:56:06.892+0000] {dag.py:3954} INFO - Setting next_dagrun for example_branch_datetime_operator to 2024-08-03 00:00:00+00:00, run_after=2024-08-04 00:00:00+00:00
[2024-08-04T04:56:06.898+0000] {logging_mixin.py:188} INFO - [2024-08-04T04:56:06.898+0000] {dag.py:3954} INFO - Setting next_dagrun for example_branch_datetime_operator_2 to 2024-08-03 00:00:00+00:00, run_after=2024-08-04 00:00:00+00:00
[2024-08-04T04:56:06.901+0000] {logging_mixin.py:188} INFO - [2024-08-04T04:56:06.901+0000] {dag.py:3954} INFO - Setting next_dagrun for example_branch_datetime_operator_3 to 2024-08-03 00:00:00+00:00, run_after=2024-08-04 00:00:00+00:00
[2024-08-04T04:56:06.930+0000] {processor.py:183} INFO - Processing /home/airflow/.local/lib/python3.12/site-packages/airflow/example_dags/example_branch_datetime_operator.py took 0.119 seconds
[2024-08-04T04:56:37.377+0000] {processor.py:161} INFO - Started process (PID=878) to work on /home/airflow/.local/lib/python3.12/site-packages/airflow/example_dags/example_branch_datetime_operator.py
[2024-08-04T04:56:37.381+0000] {processor.py:830} INFO - Processing file /home/airflow/.local/lib/python3.12/site-packages/airflow/example_dags/example_branch_datetime_operator.py for tasks to queue
[2024-08-04T04:56:37.384+0000] {logging_mixin.py:188} INFO - [2024-08-04T04:56:37.384+0000] {dagbag.py:545} INFO - Filling up the DagBag from /home/airflow/.local/lib/python3.12/site-packages/airflow/example_dags/example_branch_datetime_operator.py
[2024-08-04T04:56:37.419+0000] {processor.py:840} INFO - DAG(s) 'example_branch_datetime_operator', 'example_branch_datetime_operator_3', 'example_branch_datetime_operator_2' retrieved from /home/airflow/.local/lib/python3.12/site-packages/airflow/example_dags/example_branch_datetime_operator.py
[2024-08-04T04:56:37.460+0000] {logging_mixin.py:188} INFO - [2024-08-04T04:56:37.460+0000] {dag.py:3096} INFO - Sync 3 DAGs
[2024-08-04T04:56:37.491+0000] {logging_mixin.py:188} INFO - [2024-08-04T04:56:37.491+0000] {dag.py:3954} INFO - Setting next_dagrun for example_branch_datetime_operator to 2024-08-03 00:00:00+00:00, run_after=2024-08-04 00:00:00+00:00
[2024-08-04T04:56:37.498+0000] {logging_mixin.py:188} INFO - [2024-08-04T04:56:37.497+0000] {dag.py:3954} INFO - Setting next_dagrun for example_branch_datetime_operator_2 to 2024-08-03 00:00:00+00:00, run_after=2024-08-04 00:00:00+00:00
[2024-08-04T04:56:37.502+0000] {logging_mixin.py:188} INFO - [2024-08-04T04:56:37.502+0000] {dag.py:3954} INFO - Setting next_dagrun for example_branch_datetime_operator_3 to 2024-08-03 00:00:00+00:00, run_after=2024-08-04 00:00:00+00:00
[2024-08-04T04:56:37.537+0000] {processor.py:183} INFO - Processing /home/airflow/.local/lib/python3.12/site-packages/airflow/example_dags/example_branch_datetime_operator.py took 0.177 seconds
[2024-08-04T04:57:07.858+0000] {processor.py:161} INFO - Started process (PID=938) to work on /home/airflow/.local/lib/python3.12/site-packages/airflow/example_dags/example_branch_datetime_operator.py
[2024-08-04T04:57:07.865+0000] {processor.py:830} INFO - Processing file /home/airflow/.local/lib/python3.12/site-packages/airflow/example_dags/example_branch_datetime_operator.py for tasks to queue
[2024-08-04T04:57:07.867+0000] {logging_mixin.py:188} INFO - [2024-08-04T04:57:07.867+0000] {dagbag.py:545} INFO - Filling up the DagBag from /home/airflow/.local/lib/python3.12/site-packages/airflow/example_dags/example_branch_datetime_operator.py
[2024-08-04T04:57:07.889+0000] {processor.py:840} INFO - DAG(s) 'example_branch_datetime_operator', 'example_branch_datetime_operator_2', 'example_branch_datetime_operator_3' retrieved from /home/airflow/.local/lib/python3.12/site-packages/airflow/example_dags/example_branch_datetime_operator.py
[2024-08-04T04:57:08.012+0000] {logging_mixin.py:188} INFO - [2024-08-04T04:57:08.012+0000] {dag.py:3096} INFO - Sync 3 DAGs
[2024-08-04T04:57:08.153+0000] {logging_mixin.py:188} INFO - [2024-08-04T04:57:08.153+0000] {dag.py:3954} INFO - Setting next_dagrun for example_branch_datetime_operator to 2024-08-03 00:00:00+00:00, run_after=2024-08-04 00:00:00+00:00
[2024-08-04T04:57:08.169+0000] {logging_mixin.py:188} INFO - [2024-08-04T04:57:08.169+0000] {dag.py:3954} INFO - Setting next_dagrun for example_branch_datetime_operator_2 to 2024-08-03 00:00:00+00:00, run_after=2024-08-04 00:00:00+00:00
[2024-08-04T04:57:08.184+0000] {logging_mixin.py:188} INFO - [2024-08-04T04:57:08.183+0000] {dag.py:3954} INFO - Setting next_dagrun for example_branch_datetime_operator_3 to 2024-08-03 00:00:00+00:00, run_after=2024-08-04 00:00:00+00:00
[2024-08-04T04:57:08.246+0000] {processor.py:183} INFO - Processing /home/airflow/.local/lib/python3.12/site-packages/airflow/example_dags/example_branch_datetime_operator.py took 0.400 seconds
