[2024-08-04T04:49:32.354+0000] {processor.py:161} INFO - Started process (PID=67) to work on /home/airflow/.local/lib/python3.12/site-packages/airflow/example_dags/example_task_group.py
[2024-08-04T04:49:32.364+0000] {processor.py:830} INFO - Processing file /home/airflow/.local/lib/python3.12/site-packages/airflow/example_dags/example_task_group.py for tasks to queue
[2024-08-04T04:49:32.367+0000] {logging_mixin.py:188} INFO - [2024-08-04T04:49:32.366+0000] {dagbag.py:545} INFO - Filling up the DagBag from /home/airflow/.local/lib/python3.12/site-packages/airflow/example_dags/example_task_group.py
[2024-08-04T04:49:32.398+0000] {processor.py:840} INFO - DAG(s) 'example_task_group' retrieved from /home/airflow/.local/lib/python3.12/site-packages/airflow/example_dags/example_task_group.py
[2024-08-04T04:49:32.700+0000] {logging_mixin.py:188} INFO - [2024-08-04T04:49:32.700+0000] {dag.py:3096} INFO - Sync 1 DAGs
[2024-08-04T04:49:32.775+0000] {logging_mixin.py:188} INFO - [2024-08-04T04:49:32.774+0000] {dag.py:3954} INFO - Setting next_dagrun for example_task_group to 2024-08-03 00:00:00+00:00, run_after=2024-08-04 00:00:00+00:00
[2024-08-04T04:49:32.828+0000] {processor.py:183} INFO - Processing /home/airflow/.local/lib/python3.12/site-packages/airflow/example_dags/example_task_group.py took 0.484 seconds
[2024-08-04T04:50:03.818+0000] {processor.py:161} INFO - Started process (PID=124) to work on /home/airflow/.local/lib/python3.12/site-packages/airflow/example_dags/example_task_group.py
[2024-08-04T04:50:03.820+0000] {processor.py:830} INFO - Processing file /home/airflow/.local/lib/python3.12/site-packages/airflow/example_dags/example_task_group.py for tasks to queue
[2024-08-04T04:50:03.822+0000] {logging_mixin.py:188} INFO - [2024-08-04T04:50:03.821+0000] {dagbag.py:545} INFO - Filling up the DagBag from /home/airflow/.local/lib/python3.12/site-packages/airflow/example_dags/example_task_group.py
[2024-08-04T04:50:03.830+0000] {processor.py:840} INFO - DAG(s) 'example_task_group' retrieved from /home/airflow/.local/lib/python3.12/site-packages/airflow/example_dags/example_task_group.py
[2024-08-04T04:50:03.857+0000] {logging_mixin.py:188} INFO - [2024-08-04T04:50:03.856+0000] {dag.py:3096} INFO - Sync 1 DAGs
[2024-08-04T04:50:03.884+0000] {logging_mixin.py:188} INFO - [2024-08-04T04:50:03.884+0000] {dag.py:3954} INFO - Setting next_dagrun for example_task_group to 2024-08-03 00:00:00+00:00, run_after=2024-08-04 00:00:00+00:00
[2024-08-04T04:50:03.908+0000] {processor.py:183} INFO - Processing /home/airflow/.local/lib/python3.12/site-packages/airflow/example_dags/example_task_group.py took 0.095 seconds
[2024-08-04T04:50:34.418+0000] {processor.py:161} INFO - Started process (PID=182) to work on /home/airflow/.local/lib/python3.12/site-packages/airflow/example_dags/example_task_group.py
[2024-08-04T04:50:34.420+0000] {processor.py:830} INFO - Processing file /home/airflow/.local/lib/python3.12/site-packages/airflow/example_dags/example_task_group.py for tasks to queue
[2024-08-04T04:50:34.422+0000] {logging_mixin.py:188} INFO - [2024-08-04T04:50:34.422+0000] {dagbag.py:545} INFO - Filling up the DagBag from /home/airflow/.local/lib/python3.12/site-packages/airflow/example_dags/example_task_group.py
[2024-08-04T04:50:34.431+0000] {processor.py:840} INFO - DAG(s) 'example_task_group' retrieved from /home/airflow/.local/lib/python3.12/site-packages/airflow/example_dags/example_task_group.py
[2024-08-04T04:50:34.462+0000] {logging_mixin.py:188} INFO - [2024-08-04T04:50:34.462+0000] {dag.py:3096} INFO - Sync 1 DAGs
[2024-08-04T04:50:34.490+0000] {logging_mixin.py:188} INFO - [2024-08-04T04:50:34.490+0000] {dag.py:3954} INFO - Setting next_dagrun for example_task_group to 2024-08-03 00:00:00+00:00, run_after=2024-08-04 00:00:00+00:00
[2024-08-04T04:50:34.521+0000] {processor.py:183} INFO - Processing /home/airflow/.local/lib/python3.12/site-packages/airflow/example_dags/example_task_group.py took 0.113 seconds
[2024-08-04T04:51:05.007+0000] {processor.py:161} INFO - Started process (PID=240) to work on /home/airflow/.local/lib/python3.12/site-packages/airflow/example_dags/example_task_group.py
[2024-08-04T04:51:05.008+0000] {processor.py:830} INFO - Processing file /home/airflow/.local/lib/python3.12/site-packages/airflow/example_dags/example_task_group.py for tasks to queue
[2024-08-04T04:51:05.010+0000] {logging_mixin.py:188} INFO - [2024-08-04T04:51:05.009+0000] {dagbag.py:545} INFO - Filling up the DagBag from /home/airflow/.local/lib/python3.12/site-packages/airflow/example_dags/example_task_group.py
[2024-08-04T04:51:05.018+0000] {processor.py:840} INFO - DAG(s) 'example_task_group' retrieved from /home/airflow/.local/lib/python3.12/site-packages/airflow/example_dags/example_task_group.py
[2024-08-04T04:51:05.044+0000] {logging_mixin.py:188} INFO - [2024-08-04T04:51:05.043+0000] {dag.py:3096} INFO - Sync 1 DAGs
[2024-08-04T04:51:05.070+0000] {logging_mixin.py:188} INFO - [2024-08-04T04:51:05.070+0000] {dag.py:3954} INFO - Setting next_dagrun for example_task_group to 2024-08-03 00:00:00+00:00, run_after=2024-08-04 00:00:00+00:00
[2024-08-04T04:51:05.095+0000] {processor.py:183} INFO - Processing /home/airflow/.local/lib/python3.12/site-packages/airflow/example_dags/example_task_group.py took 0.094 seconds
[2024-08-04T04:51:35.562+0000] {processor.py:161} INFO - Started process (PID=298) to work on /home/airflow/.local/lib/python3.12/site-packages/airflow/example_dags/example_task_group.py
[2024-08-04T04:51:35.563+0000] {processor.py:830} INFO - Processing file /home/airflow/.local/lib/python3.12/site-packages/airflow/example_dags/example_task_group.py for tasks to queue
[2024-08-04T04:51:35.565+0000] {logging_mixin.py:188} INFO - [2024-08-04T04:51:35.564+0000] {dagbag.py:545} INFO - Filling up the DagBag from /home/airflow/.local/lib/python3.12/site-packages/airflow/example_dags/example_task_group.py
[2024-08-04T04:51:35.573+0000] {processor.py:840} INFO - DAG(s) 'example_task_group' retrieved from /home/airflow/.local/lib/python3.12/site-packages/airflow/example_dags/example_task_group.py
[2024-08-04T04:51:35.599+0000] {logging_mixin.py:188} INFO - [2024-08-04T04:51:35.599+0000] {dag.py:3096} INFO - Sync 1 DAGs
[2024-08-04T04:51:35.625+0000] {logging_mixin.py:188} INFO - [2024-08-04T04:51:35.625+0000] {dag.py:3954} INFO - Setting next_dagrun for example_task_group to 2024-08-03 00:00:00+00:00, run_after=2024-08-04 00:00:00+00:00
[2024-08-04T04:51:35.648+0000] {processor.py:183} INFO - Processing /home/airflow/.local/lib/python3.12/site-packages/airflow/example_dags/example_task_group.py took 0.092 seconds
[2024-08-04T04:52:06.383+0000] {processor.py:161} INFO - Started process (PID=356) to work on /home/airflow/.local/lib/python3.12/site-packages/airflow/example_dags/example_task_group.py
[2024-08-04T04:52:06.384+0000] {processor.py:830} INFO - Processing file /home/airflow/.local/lib/python3.12/site-packages/airflow/example_dags/example_task_group.py for tasks to queue
[2024-08-04T04:52:06.385+0000] {logging_mixin.py:188} INFO - [2024-08-04T04:52:06.385+0000] {dagbag.py:545} INFO - Filling up the DagBag from /home/airflow/.local/lib/python3.12/site-packages/airflow/example_dags/example_task_group.py
[2024-08-04T04:52:06.393+0000] {processor.py:840} INFO - DAG(s) 'example_task_group' retrieved from /home/airflow/.local/lib/python3.12/site-packages/airflow/example_dags/example_task_group.py
[2024-08-04T04:52:06.421+0000] {logging_mixin.py:188} INFO - [2024-08-04T04:52:06.420+0000] {dag.py:3096} INFO - Sync 1 DAGs
[2024-08-04T04:52:06.447+0000] {logging_mixin.py:188} INFO - [2024-08-04T04:52:06.447+0000] {dag.py:3954} INFO - Setting next_dagrun for example_task_group to 2024-08-03 00:00:00+00:00, run_after=2024-08-04 00:00:00+00:00
[2024-08-04T04:52:06.472+0000] {processor.py:183} INFO - Processing /home/airflow/.local/lib/python3.12/site-packages/airflow/example_dags/example_task_group.py took 0.095 seconds
[2024-08-04T04:52:37.203+0000] {processor.py:161} INFO - Started process (PID=415) to work on /home/airflow/.local/lib/python3.12/site-packages/airflow/example_dags/example_task_group.py
[2024-08-04T04:52:37.213+0000] {processor.py:830} INFO - Processing file /home/airflow/.local/lib/python3.12/site-packages/airflow/example_dags/example_task_group.py for tasks to queue
[2024-08-04T04:52:37.215+0000] {logging_mixin.py:188} INFO - [2024-08-04T04:52:37.215+0000] {dagbag.py:545} INFO - Filling up the DagBag from /home/airflow/.local/lib/python3.12/site-packages/airflow/example_dags/example_task_group.py
[2024-08-04T04:52:37.241+0000] {processor.py:840} INFO - DAG(s) 'example_task_group' retrieved from /home/airflow/.local/lib/python3.12/site-packages/airflow/example_dags/example_task_group.py
[2024-08-04T04:52:37.318+0000] {logging_mixin.py:188} INFO - [2024-08-04T04:52:37.317+0000] {dag.py:3096} INFO - Sync 1 DAGs
[2024-08-04T04:52:37.415+0000] {logging_mixin.py:188} INFO - [2024-08-04T04:52:37.414+0000] {dag.py:3954} INFO - Setting next_dagrun for example_task_group to 2024-08-03 00:00:00+00:00, run_after=2024-08-04 00:00:00+00:00
[2024-08-04T04:52:37.467+0000] {processor.py:183} INFO - Processing /home/airflow/.local/lib/python3.12/site-packages/airflow/example_dags/example_task_group.py took 0.278 seconds
[2024-08-04T04:53:07.986+0000] {processor.py:161} INFO - Started process (PID=473) to work on /home/airflow/.local/lib/python3.12/site-packages/airflow/example_dags/example_task_group.py
[2024-08-04T04:53:07.987+0000] {processor.py:830} INFO - Processing file /home/airflow/.local/lib/python3.12/site-packages/airflow/example_dags/example_task_group.py for tasks to queue
[2024-08-04T04:53:07.989+0000] {logging_mixin.py:188} INFO - [2024-08-04T04:53:07.989+0000] {dagbag.py:545} INFO - Filling up the DagBag from /home/airflow/.local/lib/python3.12/site-packages/airflow/example_dags/example_task_group.py
[2024-08-04T04:53:07.997+0000] {processor.py:840} INFO - DAG(s) 'example_task_group' retrieved from /home/airflow/.local/lib/python3.12/site-packages/airflow/example_dags/example_task_group.py
[2024-08-04T04:53:08.046+0000] {logging_mixin.py:188} INFO - [2024-08-04T04:53:08.046+0000] {dag.py:3096} INFO - Sync 1 DAGs
[2024-08-04T04:53:08.123+0000] {logging_mixin.py:188} INFO - [2024-08-04T04:53:08.122+0000] {dag.py:3954} INFO - Setting next_dagrun for example_task_group to 2024-08-03 00:00:00+00:00, run_after=2024-08-04 00:00:00+00:00
[2024-08-04T04:53:08.175+0000] {processor.py:183} INFO - Processing /home/airflow/.local/lib/python3.12/site-packages/airflow/example_dags/example_task_group.py took 0.203 seconds
[2024-08-04T04:53:38.284+0000] {processor.py:161} INFO - Started process (PID=532) to work on /home/airflow/.local/lib/python3.12/site-packages/airflow/example_dags/example_task_group.py
[2024-08-04T04:53:38.284+0000] {processor.py:830} INFO - Processing file /home/airflow/.local/lib/python3.12/site-packages/airflow/example_dags/example_task_group.py for tasks to queue
[2024-08-04T04:53:38.286+0000] {logging_mixin.py:188} INFO - [2024-08-04T04:53:38.285+0000] {dagbag.py:545} INFO - Filling up the DagBag from /home/airflow/.local/lib/python3.12/site-packages/airflow/example_dags/example_task_group.py
[2024-08-04T04:53:38.291+0000] {processor.py:840} INFO - DAG(s) 'example_task_group' retrieved from /home/airflow/.local/lib/python3.12/site-packages/airflow/example_dags/example_task_group.py
[2024-08-04T04:53:38.308+0000] {logging_mixin.py:188} INFO - [2024-08-04T04:53:38.308+0000] {dag.py:3096} INFO - Sync 1 DAGs
[2024-08-04T04:53:38.326+0000] {logging_mixin.py:188} INFO - [2024-08-04T04:53:38.326+0000] {dag.py:3954} INFO - Setting next_dagrun for example_task_group to 2024-08-03 00:00:00+00:00, run_after=2024-08-04 00:00:00+00:00
[2024-08-04T04:53:38.347+0000] {processor.py:183} INFO - Processing /home/airflow/.local/lib/python3.12/site-packages/airflow/example_dags/example_task_group.py took 0.067 seconds
[2024-08-04T04:54:08.879+0000] {processor.py:161} INFO - Started process (PID=589) to work on /home/airflow/.local/lib/python3.12/site-packages/airflow/example_dags/example_task_group.py
[2024-08-04T04:54:08.880+0000] {processor.py:830} INFO - Processing file /home/airflow/.local/lib/python3.12/site-packages/airflow/example_dags/example_task_group.py for tasks to queue
[2024-08-04T04:54:08.881+0000] {logging_mixin.py:188} INFO - [2024-08-04T04:54:08.881+0000] {dagbag.py:545} INFO - Filling up the DagBag from /home/airflow/.local/lib/python3.12/site-packages/airflow/example_dags/example_task_group.py
[2024-08-04T04:54:08.889+0000] {processor.py:840} INFO - DAG(s) 'example_task_group' retrieved from /home/airflow/.local/lib/python3.12/site-packages/airflow/example_dags/example_task_group.py
[2024-08-04T04:54:08.929+0000] {logging_mixin.py:188} INFO - [2024-08-04T04:54:08.929+0000] {dag.py:3096} INFO - Sync 1 DAGs
[2024-08-04T04:54:08.968+0000] {logging_mixin.py:188} INFO - [2024-08-04T04:54:08.968+0000] {dag.py:3954} INFO - Setting next_dagrun for example_task_group to 2024-08-03 00:00:00+00:00, run_after=2024-08-04 00:00:00+00:00
[2024-08-04T04:54:08.994+0000] {processor.py:183} INFO - Processing /home/airflow/.local/lib/python3.12/site-packages/airflow/example_dags/example_task_group.py took 0.121 seconds
[2024-08-04T04:54:39.335+0000] {processor.py:161} INFO - Started process (PID=649) to work on /home/airflow/.local/lib/python3.12/site-packages/airflow/example_dags/example_task_group.py
[2024-08-04T04:54:39.336+0000] {processor.py:830} INFO - Processing file /home/airflow/.local/lib/python3.12/site-packages/airflow/example_dags/example_task_group.py for tasks to queue
[2024-08-04T04:54:39.338+0000] {logging_mixin.py:188} INFO - [2024-08-04T04:54:39.338+0000] {dagbag.py:545} INFO - Filling up the DagBag from /home/airflow/.local/lib/python3.12/site-packages/airflow/example_dags/example_task_group.py
[2024-08-04T04:54:39.346+0000] {processor.py:840} INFO - DAG(s) 'example_task_group' retrieved from /home/airflow/.local/lib/python3.12/site-packages/airflow/example_dags/example_task_group.py
[2024-08-04T04:54:39.372+0000] {logging_mixin.py:188} INFO - [2024-08-04T04:54:39.372+0000] {dag.py:3096} INFO - Sync 1 DAGs
[2024-08-04T04:54:39.402+0000] {logging_mixin.py:188} INFO - [2024-08-04T04:54:39.402+0000] {dag.py:3954} INFO - Setting next_dagrun for example_task_group to 2024-08-03 00:00:00+00:00, run_after=2024-08-04 00:00:00+00:00
[2024-08-04T04:54:39.425+0000] {processor.py:183} INFO - Processing /home/airflow/.local/lib/python3.12/site-packages/airflow/example_dags/example_task_group.py took 0.097 seconds
[2024-08-04T04:55:10.048+0000] {processor.py:161} INFO - Started process (PID=708) to work on /home/airflow/.local/lib/python3.12/site-packages/airflow/example_dags/example_task_group.py
[2024-08-04T04:55:10.049+0000] {processor.py:830} INFO - Processing file /home/airflow/.local/lib/python3.12/site-packages/airflow/example_dags/example_task_group.py for tasks to queue
[2024-08-04T04:55:10.051+0000] {logging_mixin.py:188} INFO - [2024-08-04T04:55:10.051+0000] {dagbag.py:545} INFO - Filling up the DagBag from /home/airflow/.local/lib/python3.12/site-packages/airflow/example_dags/example_task_group.py
[2024-08-04T04:55:10.059+0000] {processor.py:840} INFO - DAG(s) 'example_task_group' retrieved from /home/airflow/.local/lib/python3.12/site-packages/airflow/example_dags/example_task_group.py
[2024-08-04T04:55:10.090+0000] {logging_mixin.py:188} INFO - [2024-08-04T04:55:10.090+0000] {dag.py:3096} INFO - Sync 1 DAGs
[2024-08-04T04:55:10.116+0000] {logging_mixin.py:188} INFO - [2024-08-04T04:55:10.116+0000] {dag.py:3954} INFO - Setting next_dagrun for example_task_group to 2024-08-03 00:00:00+00:00, run_after=2024-08-04 00:00:00+00:00
[2024-08-04T04:55:10.142+0000] {processor.py:183} INFO - Processing /home/airflow/.local/lib/python3.12/site-packages/airflow/example_dags/example_task_group.py took 0.100 seconds
[2024-08-04T04:55:40.923+0000] {processor.py:161} INFO - Started process (PID=767) to work on /home/airflow/.local/lib/python3.12/site-packages/airflow/example_dags/example_task_group.py
[2024-08-04T04:55:40.924+0000] {processor.py:830} INFO - Processing file /home/airflow/.local/lib/python3.12/site-packages/airflow/example_dags/example_task_group.py for tasks to queue
[2024-08-04T04:55:40.926+0000] {logging_mixin.py:188} INFO - [2024-08-04T04:55:40.926+0000] {dagbag.py:545} INFO - Filling up the DagBag from /home/airflow/.local/lib/python3.12/site-packages/airflow/example_dags/example_task_group.py
[2024-08-04T04:55:40.935+0000] {processor.py:840} INFO - DAG(s) 'example_task_group' retrieved from /home/airflow/.local/lib/python3.12/site-packages/airflow/example_dags/example_task_group.py
[2024-08-04T04:55:40.962+0000] {logging_mixin.py:188} INFO - [2024-08-04T04:55:40.961+0000] {dag.py:3096} INFO - Sync 1 DAGs
[2024-08-04T04:55:40.988+0000] {logging_mixin.py:188} INFO - [2024-08-04T04:55:40.988+0000] {dag.py:3954} INFO - Setting next_dagrun for example_task_group to 2024-08-03 00:00:00+00:00, run_after=2024-08-04 00:00:00+00:00
[2024-08-04T04:55:41.014+0000] {processor.py:183} INFO - Processing /home/airflow/.local/lib/python3.12/site-packages/airflow/example_dags/example_task_group.py took 0.098 seconds
[2024-08-04T04:56:11.356+0000] {processor.py:161} INFO - Started process (PID=826) to work on /home/airflow/.local/lib/python3.12/site-packages/airflow/example_dags/example_task_group.py
[2024-08-04T04:56:11.367+0000] {processor.py:830} INFO - Processing file /home/airflow/.local/lib/python3.12/site-packages/airflow/example_dags/example_task_group.py for tasks to queue
[2024-08-04T04:56:11.369+0000] {logging_mixin.py:188} INFO - [2024-08-04T04:56:11.369+0000] {dagbag.py:545} INFO - Filling up the DagBag from /home/airflow/.local/lib/python3.12/site-packages/airflow/example_dags/example_task_group.py
[2024-08-04T04:56:11.387+0000] {processor.py:840} INFO - DAG(s) 'example_task_group' retrieved from /home/airflow/.local/lib/python3.12/site-packages/airflow/example_dags/example_task_group.py
[2024-08-04T04:56:11.419+0000] {logging_mixin.py:188} INFO - [2024-08-04T04:56:11.418+0000] {dag.py:3096} INFO - Sync 1 DAGs
[2024-08-04T04:56:11.447+0000] {logging_mixin.py:188} INFO - [2024-08-04T04:56:11.446+0000] {dag.py:3954} INFO - Setting next_dagrun for example_task_group to 2024-08-03 00:00:00+00:00, run_after=2024-08-04 00:00:00+00:00
[2024-08-04T04:56:11.475+0000] {processor.py:183} INFO - Processing /home/airflow/.local/lib/python3.12/site-packages/airflow/example_dags/example_task_group.py took 0.126 seconds
[2024-08-04T04:56:41.939+0000] {processor.py:161} INFO - Started process (PID=885) to work on /home/airflow/.local/lib/python3.12/site-packages/airflow/example_dags/example_task_group.py
[2024-08-04T04:56:41.940+0000] {processor.py:830} INFO - Processing file /home/airflow/.local/lib/python3.12/site-packages/airflow/example_dags/example_task_group.py for tasks to queue
[2024-08-04T04:56:41.942+0000] {logging_mixin.py:188} INFO - [2024-08-04T04:56:41.942+0000] {dagbag.py:545} INFO - Filling up the DagBag from /home/airflow/.local/lib/python3.12/site-packages/airflow/example_dags/example_task_group.py
[2024-08-04T04:56:41.955+0000] {processor.py:840} INFO - DAG(s) 'example_task_group' retrieved from /home/airflow/.local/lib/python3.12/site-packages/airflow/example_dags/example_task_group.py
[2024-08-04T04:56:41.982+0000] {logging_mixin.py:188} INFO - [2024-08-04T04:56:41.982+0000] {dag.py:3096} INFO - Sync 1 DAGs
[2024-08-04T04:56:42.008+0000] {logging_mixin.py:188} INFO - [2024-08-04T04:56:42.008+0000] {dag.py:3954} INFO - Setting next_dagrun for example_task_group to 2024-08-03 00:00:00+00:00, run_after=2024-08-04 00:00:00+00:00
[2024-08-04T04:56:42.035+0000] {processor.py:183} INFO - Processing /home/airflow/.local/lib/python3.12/site-packages/airflow/example_dags/example_task_group.py took 0.103 seconds
[2024-08-04T04:57:12.242+0000] {processor.py:161} INFO - Started process (PID=945) to work on /home/airflow/.local/lib/python3.12/site-packages/airflow/example_dags/example_task_group.py
[2024-08-04T04:57:12.243+0000] {processor.py:830} INFO - Processing file /home/airflow/.local/lib/python3.12/site-packages/airflow/example_dags/example_task_group.py for tasks to queue
[2024-08-04T04:57:12.248+0000] {logging_mixin.py:188} INFO - [2024-08-04T04:57:12.248+0000] {dagbag.py:545} INFO - Filling up the DagBag from /home/airflow/.local/lib/python3.12/site-packages/airflow/example_dags/example_task_group.py
[2024-08-04T04:57:12.264+0000] {processor.py:840} INFO - DAG(s) 'example_task_group' retrieved from /home/airflow/.local/lib/python3.12/site-packages/airflow/example_dags/example_task_group.py
[2024-08-04T04:57:12.306+0000] {logging_mixin.py:188} INFO - [2024-08-04T04:57:12.306+0000] {dag.py:3096} INFO - Sync 1 DAGs
[2024-08-04T04:57:12.348+0000] {logging_mixin.py:188} INFO - [2024-08-04T04:57:12.348+0000] {dag.py:3954} INFO - Setting next_dagrun for example_task_group to 2024-08-03 00:00:00+00:00, run_after=2024-08-04 00:00:00+00:00
[2024-08-04T04:57:12.380+0000] {processor.py:183} INFO - Processing /home/airflow/.local/lib/python3.12/site-packages/airflow/example_dags/example_task_group.py took 0.148 seconds
