[2024-08-04T04:49:20.938+0000] {processor.py:161} INFO - Started process (PID=33) to work on /home/airflow/.local/lib/python3.12/site-packages/airflow/example_dags/example_branch_day_of_week_operator.py
[2024-08-04T04:49:20.939+0000] {processor.py:830} INFO - Processing file /home/airflow/.local/lib/python3.12/site-packages/airflow/example_dags/example_branch_day_of_week_operator.py for tasks to queue
[2024-08-04T04:49:20.941+0000] {logging_mixin.py:188} INFO - [2024-08-04T04:49:20.941+0000] {dagbag.py:545} INFO - Filling up the DagBag from /home/airflow/.local/lib/python3.12/site-packages/airflow/example_dags/example_branch_day_of_week_operator.py
[2024-08-04T04:49:20.955+0000] {processor.py:840} INFO - DAG(s) 'example_weekday_branch_operator' retrieved from /home/airflow/.local/lib/python3.12/site-packages/airflow/example_dags/example_branch_day_of_week_operator.py
[2024-08-04T04:49:21.174+0000] {logging_mixin.py:188} INFO - [2024-08-04T04:49:21.174+0000] {dag.py:3096} INFO - Sync 1 DAGs
[2024-08-04T04:49:21.228+0000] {logging_mixin.py:188} INFO - [2024-08-04T04:49:21.228+0000] {dag.py:3954} INFO - Setting next_dagrun for example_weekday_branch_operator to 2024-08-03 00:00:00+00:00, run_after=2024-08-04 00:00:00+00:00
[2024-08-04T04:49:21.277+0000] {processor.py:183} INFO - Processing /home/airflow/.local/lib/python3.12/site-packages/airflow/example_dags/example_branch_day_of_week_operator.py took 0.347 seconds
[2024-08-04T04:49:52.032+0000] {processor.py:161} INFO - Started process (PID=91) to work on /home/airflow/.local/lib/python3.12/site-packages/airflow/example_dags/example_branch_day_of_week_operator.py
[2024-08-04T04:49:52.033+0000] {processor.py:830} INFO - Processing file /home/airflow/.local/lib/python3.12/site-packages/airflow/example_dags/example_branch_day_of_week_operator.py for tasks to queue
[2024-08-04T04:49:52.034+0000] {logging_mixin.py:188} INFO - [2024-08-04T04:49:52.034+0000] {dagbag.py:545} INFO - Filling up the DagBag from /home/airflow/.local/lib/python3.12/site-packages/airflow/example_dags/example_branch_day_of_week_operator.py
[2024-08-04T04:49:52.040+0000] {processor.py:840} INFO - DAG(s) 'example_weekday_branch_operator' retrieved from /home/airflow/.local/lib/python3.12/site-packages/airflow/example_dags/example_branch_day_of_week_operator.py
[2024-08-04T04:49:52.057+0000] {logging_mixin.py:188} INFO - [2024-08-04T04:49:52.057+0000] {dag.py:3096} INFO - Sync 1 DAGs
[2024-08-04T04:49:52.075+0000] {logging_mixin.py:188} INFO - [2024-08-04T04:49:52.075+0000] {dag.py:3954} INFO - Setting next_dagrun for example_weekday_branch_operator to 2024-08-03 00:00:00+00:00, run_after=2024-08-04 00:00:00+00:00
[2024-08-04T04:49:52.095+0000] {processor.py:183} INFO - Processing /home/airflow/.local/lib/python3.12/site-packages/airflow/example_dags/example_branch_day_of_week_operator.py took 0.068 seconds
[2024-08-04T04:50:22.615+0000] {processor.py:161} INFO - Started process (PID=149) to work on /home/airflow/.local/lib/python3.12/site-packages/airflow/example_dags/example_branch_day_of_week_operator.py
[2024-08-04T04:50:22.615+0000] {processor.py:830} INFO - Processing file /home/airflow/.local/lib/python3.12/site-packages/airflow/example_dags/example_branch_day_of_week_operator.py for tasks to queue
[2024-08-04T04:50:22.617+0000] {logging_mixin.py:188} INFO - [2024-08-04T04:50:22.617+0000] {dagbag.py:545} INFO - Filling up the DagBag from /home/airflow/.local/lib/python3.12/site-packages/airflow/example_dags/example_branch_day_of_week_operator.py
[2024-08-04T04:50:22.623+0000] {processor.py:840} INFO - DAG(s) 'example_weekday_branch_operator' retrieved from /home/airflow/.local/lib/python3.12/site-packages/airflow/example_dags/example_branch_day_of_week_operator.py
[2024-08-04T04:50:22.640+0000] {logging_mixin.py:188} INFO - [2024-08-04T04:50:22.639+0000] {dag.py:3096} INFO - Sync 1 DAGs
[2024-08-04T04:50:22.658+0000] {logging_mixin.py:188} INFO - [2024-08-04T04:50:22.658+0000] {dag.py:3954} INFO - Setting next_dagrun for example_weekday_branch_operator to 2024-08-03 00:00:00+00:00, run_after=2024-08-04 00:00:00+00:00
[2024-08-04T04:50:22.678+0000] {processor.py:183} INFO - Processing /home/airflow/.local/lib/python3.12/site-packages/airflow/example_dags/example_branch_day_of_week_operator.py took 0.068 seconds
[2024-08-04T04:50:53.104+0000] {processor.py:161} INFO - Started process (PID=207) to work on /home/airflow/.local/lib/python3.12/site-packages/airflow/example_dags/example_branch_day_of_week_operator.py
[2024-08-04T04:50:53.113+0000] {processor.py:830} INFO - Processing file /home/airflow/.local/lib/python3.12/site-packages/airflow/example_dags/example_branch_day_of_week_operator.py for tasks to queue
[2024-08-04T04:50:53.115+0000] {logging_mixin.py:188} INFO - [2024-08-04T04:50:53.115+0000] {dagbag.py:545} INFO - Filling up the DagBag from /home/airflow/.local/lib/python3.12/site-packages/airflow/example_dags/example_branch_day_of_week_operator.py
[2024-08-04T04:50:53.149+0000] {processor.py:840} INFO - DAG(s) 'example_weekday_branch_operator' retrieved from /home/airflow/.local/lib/python3.12/site-packages/airflow/example_dags/example_branch_day_of_week_operator.py
[2024-08-04T04:50:53.214+0000] {logging_mixin.py:188} INFO - [2024-08-04T04:50:53.213+0000] {dag.py:3096} INFO - Sync 1 DAGs
[2024-08-04T04:50:53.271+0000] {logging_mixin.py:188} INFO - [2024-08-04T04:50:53.271+0000] {dag.py:3954} INFO - Setting next_dagrun for example_weekday_branch_operator to 2024-08-03 00:00:00+00:00, run_after=2024-08-04 00:00:00+00:00
[2024-08-04T04:50:53.313+0000] {processor.py:183} INFO - Processing /home/airflow/.local/lib/python3.12/site-packages/airflow/example_dags/example_branch_day_of_week_operator.py took 0.223 seconds
[2024-08-04T04:51:23.407+0000] {processor.py:161} INFO - Started process (PID=265) to work on /home/airflow/.local/lib/python3.12/site-packages/airflow/example_dags/example_branch_day_of_week_operator.py
[2024-08-04T04:51:23.407+0000] {processor.py:830} INFO - Processing file /home/airflow/.local/lib/python3.12/site-packages/airflow/example_dags/example_branch_day_of_week_operator.py for tasks to queue
[2024-08-04T04:51:23.409+0000] {logging_mixin.py:188} INFO - [2024-08-04T04:51:23.409+0000] {dagbag.py:545} INFO - Filling up the DagBag from /home/airflow/.local/lib/python3.12/site-packages/airflow/example_dags/example_branch_day_of_week_operator.py
[2024-08-04T04:51:23.415+0000] {processor.py:840} INFO - DAG(s) 'example_weekday_branch_operator' retrieved from /home/airflow/.local/lib/python3.12/site-packages/airflow/example_dags/example_branch_day_of_week_operator.py
[2024-08-04T04:51:23.432+0000] {logging_mixin.py:188} INFO - [2024-08-04T04:51:23.432+0000] {dag.py:3096} INFO - Sync 1 DAGs
[2024-08-04T04:51:23.450+0000] {logging_mixin.py:188} INFO - [2024-08-04T04:51:23.450+0000] {dag.py:3954} INFO - Setting next_dagrun for example_weekday_branch_operator to 2024-08-03 00:00:00+00:00, run_after=2024-08-04 00:00:00+00:00
[2024-08-04T04:51:23.472+0000] {processor.py:183} INFO - Processing /home/airflow/.local/lib/python3.12/site-packages/airflow/example_dags/example_branch_day_of_week_operator.py took 0.070 seconds
[2024-08-04T04:51:53.588+0000] {processor.py:161} INFO - Started process (PID=323) to work on /home/airflow/.local/lib/python3.12/site-packages/airflow/example_dags/example_branch_day_of_week_operator.py
[2024-08-04T04:51:53.589+0000] {processor.py:830} INFO - Processing file /home/airflow/.local/lib/python3.12/site-packages/airflow/example_dags/example_branch_day_of_week_operator.py for tasks to queue
[2024-08-04T04:51:53.591+0000] {logging_mixin.py:188} INFO - [2024-08-04T04:51:53.590+0000] {dagbag.py:545} INFO - Filling up the DagBag from /home/airflow/.local/lib/python3.12/site-packages/airflow/example_dags/example_branch_day_of_week_operator.py
[2024-08-04T04:51:53.597+0000] {processor.py:840} INFO - DAG(s) 'example_weekday_branch_operator' retrieved from /home/airflow/.local/lib/python3.12/site-packages/airflow/example_dags/example_branch_day_of_week_operator.py
[2024-08-04T04:51:53.615+0000] {logging_mixin.py:188} INFO - [2024-08-04T04:51:53.614+0000] {dag.py:3096} INFO - Sync 1 DAGs
[2024-08-04T04:51:53.634+0000] {logging_mixin.py:188} INFO - [2024-08-04T04:51:53.633+0000] {dag.py:3954} INFO - Setting next_dagrun for example_weekday_branch_operator to 2024-08-03 00:00:00+00:00, run_after=2024-08-04 00:00:00+00:00
[2024-08-04T04:51:53.654+0000] {processor.py:183} INFO - Processing /home/airflow/.local/lib/python3.12/site-packages/airflow/example_dags/example_branch_day_of_week_operator.py took 0.071 seconds
[2024-08-04T04:52:23.884+0000] {processor.py:161} INFO - Started process (PID=381) to work on /home/airflow/.local/lib/python3.12/site-packages/airflow/example_dags/example_branch_day_of_week_operator.py
[2024-08-04T04:52:23.885+0000] {processor.py:830} INFO - Processing file /home/airflow/.local/lib/python3.12/site-packages/airflow/example_dags/example_branch_day_of_week_operator.py for tasks to queue
[2024-08-04T04:52:23.887+0000] {logging_mixin.py:188} INFO - [2024-08-04T04:52:23.886+0000] {dagbag.py:545} INFO - Filling up the DagBag from /home/airflow/.local/lib/python3.12/site-packages/airflow/example_dags/example_branch_day_of_week_operator.py
[2024-08-04T04:52:23.894+0000] {processor.py:840} INFO - DAG(s) 'example_weekday_branch_operator' retrieved from /home/airflow/.local/lib/python3.12/site-packages/airflow/example_dags/example_branch_day_of_week_operator.py
[2024-08-04T04:52:23.915+0000] {logging_mixin.py:188} INFO - [2024-08-04T04:52:23.915+0000] {dag.py:3096} INFO - Sync 1 DAGs
[2024-08-04T04:52:23.937+0000] {logging_mixin.py:188} INFO - [2024-08-04T04:52:23.936+0000] {dag.py:3954} INFO - Setting next_dagrun for example_weekday_branch_operator to 2024-08-03 00:00:00+00:00, run_after=2024-08-04 00:00:00+00:00
[2024-08-04T04:52:23.956+0000] {processor.py:183} INFO - Processing /home/airflow/.local/lib/python3.12/site-packages/airflow/example_dags/example_branch_day_of_week_operator.py took 0.076 seconds
[2024-08-04T04:52:54.029+0000] {processor.py:161} INFO - Started process (PID=440) to work on /home/airflow/.local/lib/python3.12/site-packages/airflow/example_dags/example_branch_day_of_week_operator.py
[2024-08-04T04:52:54.030+0000] {processor.py:830} INFO - Processing file /home/airflow/.local/lib/python3.12/site-packages/airflow/example_dags/example_branch_day_of_week_operator.py for tasks to queue
[2024-08-04T04:52:54.032+0000] {logging_mixin.py:188} INFO - [2024-08-04T04:52:54.031+0000] {dagbag.py:545} INFO - Filling up the DagBag from /home/airflow/.local/lib/python3.12/site-packages/airflow/example_dags/example_branch_day_of_week_operator.py
[2024-08-04T04:52:54.038+0000] {processor.py:840} INFO - DAG(s) 'example_weekday_branch_operator' retrieved from /home/airflow/.local/lib/python3.12/site-packages/airflow/example_dags/example_branch_day_of_week_operator.py
[2024-08-04T04:52:54.058+0000] {logging_mixin.py:188} INFO - [2024-08-04T04:52:54.057+0000] {dag.py:3096} INFO - Sync 1 DAGs
[2024-08-04T04:52:54.078+0000] {logging_mixin.py:188} INFO - [2024-08-04T04:52:54.078+0000] {dag.py:3954} INFO - Setting next_dagrun for example_weekday_branch_operator to 2024-08-03 00:00:00+00:00, run_after=2024-08-04 00:00:00+00:00
[2024-08-04T04:52:54.109+0000] {processor.py:183} INFO - Processing /home/airflow/.local/lib/python3.12/site-packages/airflow/example_dags/example_branch_day_of_week_operator.py took 0.088 seconds
[2024-08-04T04:53:24.410+0000] {processor.py:161} INFO - Started process (PID=498) to work on /home/airflow/.local/lib/python3.12/site-packages/airflow/example_dags/example_branch_day_of_week_operator.py
[2024-08-04T04:53:24.411+0000] {processor.py:830} INFO - Processing file /home/airflow/.local/lib/python3.12/site-packages/airflow/example_dags/example_branch_day_of_week_operator.py for tasks to queue
[2024-08-04T04:53:24.412+0000] {logging_mixin.py:188} INFO - [2024-08-04T04:53:24.412+0000] {dagbag.py:545} INFO - Filling up the DagBag from /home/airflow/.local/lib/python3.12/site-packages/airflow/example_dags/example_branch_day_of_week_operator.py
[2024-08-04T04:53:24.418+0000] {processor.py:840} INFO - DAG(s) 'example_weekday_branch_operator' retrieved from /home/airflow/.local/lib/python3.12/site-packages/airflow/example_dags/example_branch_day_of_week_operator.py
[2024-08-04T04:53:24.435+0000] {logging_mixin.py:188} INFO - [2024-08-04T04:53:24.435+0000] {dag.py:3096} INFO - Sync 1 DAGs
[2024-08-04T04:53:24.459+0000] {logging_mixin.py:188} INFO - [2024-08-04T04:53:24.459+0000] {dag.py:3954} INFO - Setting next_dagrun for example_weekday_branch_operator to 2024-08-03 00:00:00+00:00, run_after=2024-08-04 00:00:00+00:00
[2024-08-04T04:53:24.479+0000] {processor.py:183} INFO - Processing /home/airflow/.local/lib/python3.12/site-packages/airflow/example_dags/example_branch_day_of_week_operator.py took 0.074 seconds
[2024-08-04T04:53:55.176+0000] {processor.py:161} INFO - Started process (PID=556) to work on /home/airflow/.local/lib/python3.12/site-packages/airflow/example_dags/example_branch_day_of_week_operator.py
[2024-08-04T04:53:55.176+0000] {processor.py:830} INFO - Processing file /home/airflow/.local/lib/python3.12/site-packages/airflow/example_dags/example_branch_day_of_week_operator.py for tasks to queue
[2024-08-04T04:53:55.178+0000] {logging_mixin.py:188} INFO - [2024-08-04T04:53:55.178+0000] {dagbag.py:545} INFO - Filling up the DagBag from /home/airflow/.local/lib/python3.12/site-packages/airflow/example_dags/example_branch_day_of_week_operator.py
[2024-08-04T04:53:55.184+0000] {processor.py:840} INFO - DAG(s) 'example_weekday_branch_operator' retrieved from /home/airflow/.local/lib/python3.12/site-packages/airflow/example_dags/example_branch_day_of_week_operator.py
[2024-08-04T04:53:55.201+0000] {logging_mixin.py:188} INFO - [2024-08-04T04:53:55.201+0000] {dag.py:3096} INFO - Sync 1 DAGs
[2024-08-04T04:53:55.219+0000] {logging_mixin.py:188} INFO - [2024-08-04T04:53:55.219+0000] {dag.py:3954} INFO - Setting next_dagrun for example_weekday_branch_operator to 2024-08-03 00:00:00+00:00, run_after=2024-08-04 00:00:00+00:00
[2024-08-04T04:53:55.239+0000] {processor.py:183} INFO - Processing /home/airflow/.local/lib/python3.12/site-packages/airflow/example_dags/example_branch_day_of_week_operator.py took 0.070 seconds
[2024-08-04T04:54:25.590+0000] {processor.py:161} INFO - Started process (PID=615) to work on /home/airflow/.local/lib/python3.12/site-packages/airflow/example_dags/example_branch_day_of_week_operator.py
[2024-08-04T04:54:25.590+0000] {processor.py:830} INFO - Processing file /home/airflow/.local/lib/python3.12/site-packages/airflow/example_dags/example_branch_day_of_week_operator.py for tasks to queue
[2024-08-04T04:54:25.592+0000] {logging_mixin.py:188} INFO - [2024-08-04T04:54:25.591+0000] {dagbag.py:545} INFO - Filling up the DagBag from /home/airflow/.local/lib/python3.12/site-packages/airflow/example_dags/example_branch_day_of_week_operator.py
[2024-08-04T04:54:25.598+0000] {processor.py:840} INFO - DAG(s) 'example_weekday_branch_operator' retrieved from /home/airflow/.local/lib/python3.12/site-packages/airflow/example_dags/example_branch_day_of_week_operator.py
[2024-08-04T04:54:25.614+0000] {logging_mixin.py:188} INFO - [2024-08-04T04:54:25.614+0000] {dag.py:3096} INFO - Sync 1 DAGs
[2024-08-04T04:54:25.632+0000] {logging_mixin.py:188} INFO - [2024-08-04T04:54:25.632+0000] {dag.py:3954} INFO - Setting next_dagrun for example_weekday_branch_operator to 2024-08-03 00:00:00+00:00, run_after=2024-08-04 00:00:00+00:00
[2024-08-04T04:54:25.653+0000] {processor.py:183} INFO - Processing /home/airflow/.local/lib/python3.12/site-packages/airflow/example_dags/example_branch_day_of_week_operator.py took 0.068 seconds
[2024-08-04T04:54:56.044+0000] {processor.py:161} INFO - Started process (PID=675) to work on /home/airflow/.local/lib/python3.12/site-packages/airflow/example_dags/example_branch_day_of_week_operator.py
[2024-08-04T04:54:56.045+0000] {processor.py:830} INFO - Processing file /home/airflow/.local/lib/python3.12/site-packages/airflow/example_dags/example_branch_day_of_week_operator.py for tasks to queue
[2024-08-04T04:54:56.046+0000] {logging_mixin.py:188} INFO - [2024-08-04T04:54:56.046+0000] {dagbag.py:545} INFO - Filling up the DagBag from /home/airflow/.local/lib/python3.12/site-packages/airflow/example_dags/example_branch_day_of_week_operator.py
[2024-08-04T04:54:56.052+0000] {processor.py:840} INFO - DAG(s) 'example_weekday_branch_operator' retrieved from /home/airflow/.local/lib/python3.12/site-packages/airflow/example_dags/example_branch_day_of_week_operator.py
[2024-08-04T04:54:56.068+0000] {logging_mixin.py:188} INFO - [2024-08-04T04:54:56.068+0000] {dag.py:3096} INFO - Sync 1 DAGs
[2024-08-04T04:54:56.086+0000] {logging_mixin.py:188} INFO - [2024-08-04T04:54:56.086+0000] {dag.py:3954} INFO - Setting next_dagrun for example_weekday_branch_operator to 2024-08-03 00:00:00+00:00, run_after=2024-08-04 00:00:00+00:00
[2024-08-04T04:54:56.106+0000] {processor.py:183} INFO - Processing /home/airflow/.local/lib/python3.12/site-packages/airflow/example_dags/example_branch_day_of_week_operator.py took 0.068 seconds
[2024-08-04T04:55:26.940+0000] {processor.py:161} INFO - Started process (PID=734) to work on /home/airflow/.local/lib/python3.12/site-packages/airflow/example_dags/example_branch_day_of_week_operator.py
[2024-08-04T04:55:26.954+0000] {processor.py:830} INFO - Processing file /home/airflow/.local/lib/python3.12/site-packages/airflow/example_dags/example_branch_day_of_week_operator.py for tasks to queue
[2024-08-04T04:55:26.956+0000] {logging_mixin.py:188} INFO - [2024-08-04T04:55:26.956+0000] {dagbag.py:545} INFO - Filling up the DagBag from /home/airflow/.local/lib/python3.12/site-packages/airflow/example_dags/example_branch_day_of_week_operator.py
[2024-08-04T04:55:26.979+0000] {processor.py:840} INFO - DAG(s) 'example_weekday_branch_operator' retrieved from /home/airflow/.local/lib/python3.12/site-packages/airflow/example_dags/example_branch_day_of_week_operator.py
[2024-08-04T04:55:27.030+0000] {logging_mixin.py:188} INFO - [2024-08-04T04:55:27.029+0000] {dag.py:3096} INFO - Sync 1 DAGs
[2024-08-04T04:55:27.089+0000] {logging_mixin.py:188} INFO - [2024-08-04T04:55:27.088+0000] {dag.py:3954} INFO - Setting next_dagrun for example_weekday_branch_operator to 2024-08-03 00:00:00+00:00, run_after=2024-08-04 00:00:00+00:00
[2024-08-04T04:55:27.137+0000] {processor.py:183} INFO - Processing /home/airflow/.local/lib/python3.12/site-packages/airflow/example_dags/example_branch_day_of_week_operator.py took 0.203 seconds
[2024-08-04T04:55:57.660+0000] {processor.py:161} INFO - Started process (PID=793) to work on /home/airflow/.local/lib/python3.12/site-packages/airflow/example_dags/example_branch_day_of_week_operator.py
[2024-08-04T04:55:57.660+0000] {processor.py:830} INFO - Processing file /home/airflow/.local/lib/python3.12/site-packages/airflow/example_dags/example_branch_day_of_week_operator.py for tasks to queue
[2024-08-04T04:55:57.662+0000] {logging_mixin.py:188} INFO - [2024-08-04T04:55:57.661+0000] {dagbag.py:545} INFO - Filling up the DagBag from /home/airflow/.local/lib/python3.12/site-packages/airflow/example_dags/example_branch_day_of_week_operator.py
[2024-08-04T04:55:57.668+0000] {processor.py:840} INFO - DAG(s) 'example_weekday_branch_operator' retrieved from /home/airflow/.local/lib/python3.12/site-packages/airflow/example_dags/example_branch_day_of_week_operator.py
[2024-08-04T04:55:57.685+0000] {logging_mixin.py:188} INFO - [2024-08-04T04:55:57.685+0000] {dag.py:3096} INFO - Sync 1 DAGs
[2024-08-04T04:55:57.703+0000] {logging_mixin.py:188} INFO - [2024-08-04T04:55:57.703+0000] {dag.py:3954} INFO - Setting next_dagrun for example_weekday_branch_operator to 2024-08-03 00:00:00+00:00, run_after=2024-08-04 00:00:00+00:00
[2024-08-04T04:55:57.722+0000] {processor.py:183} INFO - Processing /home/airflow/.local/lib/python3.12/site-packages/airflow/example_dags/example_branch_day_of_week_operator.py took 0.068 seconds
[2024-08-04T04:56:27.837+0000] {processor.py:161} INFO - Started process (PID=852) to work on /home/airflow/.local/lib/python3.12/site-packages/airflow/example_dags/example_branch_day_of_week_operator.py
[2024-08-04T04:56:27.838+0000] {processor.py:830} INFO - Processing file /home/airflow/.local/lib/python3.12/site-packages/airflow/example_dags/example_branch_day_of_week_operator.py for tasks to queue
[2024-08-04T04:56:27.839+0000] {logging_mixin.py:188} INFO - [2024-08-04T04:56:27.839+0000] {dagbag.py:545} INFO - Filling up the DagBag from /home/airflow/.local/lib/python3.12/site-packages/airflow/example_dags/example_branch_day_of_week_operator.py
[2024-08-04T04:56:27.846+0000] {processor.py:840} INFO - DAG(s) 'example_weekday_branch_operator' retrieved from /home/airflow/.local/lib/python3.12/site-packages/airflow/example_dags/example_branch_day_of_week_operator.py
[2024-08-04T04:56:27.863+0000] {logging_mixin.py:188} INFO - [2024-08-04T04:56:27.862+0000] {dag.py:3096} INFO - Sync 1 DAGs
[2024-08-04T04:56:27.881+0000] {logging_mixin.py:188} INFO - [2024-08-04T04:56:27.880+0000] {dag.py:3954} INFO - Setting next_dagrun for example_weekday_branch_operator to 2024-08-03 00:00:00+00:00, run_after=2024-08-04 00:00:00+00:00
[2024-08-04T04:56:27.900+0000] {processor.py:183} INFO - Processing /home/airflow/.local/lib/python3.12/site-packages/airflow/example_dags/example_branch_day_of_week_operator.py took 0.068 seconds
[2024-08-04T04:56:57.992+0000] {processor.py:161} INFO - Started process (PID=911) to work on /home/airflow/.local/lib/python3.12/site-packages/airflow/example_dags/example_branch_day_of_week_operator.py
[2024-08-04T04:56:57.992+0000] {processor.py:830} INFO - Processing file /home/airflow/.local/lib/python3.12/site-packages/airflow/example_dags/example_branch_day_of_week_operator.py for tasks to queue
[2024-08-04T04:56:57.994+0000] {logging_mixin.py:188} INFO - [2024-08-04T04:56:57.994+0000] {dagbag.py:545} INFO - Filling up the DagBag from /home/airflow/.local/lib/python3.12/site-packages/airflow/example_dags/example_branch_day_of_week_operator.py
[2024-08-04T04:56:58.000+0000] {processor.py:840} INFO - DAG(s) 'example_weekday_branch_operator' retrieved from /home/airflow/.local/lib/python3.12/site-packages/airflow/example_dags/example_branch_day_of_week_operator.py
[2024-08-04T04:56:58.016+0000] {logging_mixin.py:188} INFO - [2024-08-04T04:56:58.016+0000] {dag.py:3096} INFO - Sync 1 DAGs
[2024-08-04T04:56:58.035+0000] {logging_mixin.py:188} INFO - [2024-08-04T04:56:58.034+0000] {dag.py:3954} INFO - Setting next_dagrun for example_weekday_branch_operator to 2024-08-03 00:00:00+00:00, run_after=2024-08-04 00:00:00+00:00
[2024-08-04T04:56:58.056+0000] {processor.py:183} INFO - Processing /home/airflow/.local/lib/python3.12/site-packages/airflow/example_dags/example_branch_day_of_week_operator.py took 0.069 seconds
