[2024-08-04T04:49:31.052+0000] {processor.py:161} INFO - Started process (PID=64) to work on /home/airflow/.local/lib/python3.12/site-packages/airflow/example_dags/example_python_operator.py
[2024-08-04T04:49:31.053+0000] {processor.py:830} INFO - Processing file /home/airflow/.local/lib/python3.12/site-packages/airflow/example_dags/example_python_operator.py for tasks to queue
[2024-08-04T04:49:31.062+0000] {logging_mixin.py:188} INFO - [2024-08-04T04:49:31.062+0000] {dagbag.py:545} INFO - Filling up the DagBag from /home/airflow/.local/lib/python3.12/site-packages/airflow/example_dags/example_python_operator.py
[2024-08-04T04:49:31.109+0000] {processor.py:840} INFO - DAG(s) 'example_python_operator' retrieved from /home/airflow/.local/lib/python3.12/site-packages/airflow/example_dags/example_python_operator.py
[2024-08-04T04:49:31.442+0000] {logging_mixin.py:188} INFO - [2024-08-04T04:49:31.441+0000] {dag.py:3096} INFO - Sync 1 DAGs
[2024-08-04T04:49:31.470+0000] {logging_mixin.py:188} INFO - [2024-08-04T04:49:31.470+0000] {dag.py:3954} INFO - Setting next_dagrun for example_python_operator to None, run_after=None
[2024-08-04T04:49:31.541+0000] {processor.py:183} INFO - Processing /home/airflow/.local/lib/python3.12/site-packages/airflow/example_dags/example_python_operator.py took 0.549 seconds
[2024-08-04T04:50:01.693+0000] {processor.py:161} INFO - Started process (PID=122) to work on /home/airflow/.local/lib/python3.12/site-packages/airflow/example_dags/example_python_operator.py
[2024-08-04T04:50:01.694+0000] {processor.py:830} INFO - Processing file /home/airflow/.local/lib/python3.12/site-packages/airflow/example_dags/example_python_operator.py for tasks to queue
[2024-08-04T04:50:01.696+0000] {logging_mixin.py:188} INFO - [2024-08-04T04:50:01.695+0000] {dagbag.py:545} INFO - Filling up the DagBag from /home/airflow/.local/lib/python3.12/site-packages/airflow/example_dags/example_python_operator.py
[2024-08-04T04:50:01.708+0000] {processor.py:840} INFO - DAG(s) 'example_python_operator' retrieved from /home/airflow/.local/lib/python3.12/site-packages/airflow/example_dags/example_python_operator.py
[2024-08-04T04:50:01.733+0000] {logging_mixin.py:188} INFO - [2024-08-04T04:50:01.732+0000] {dag.py:3096} INFO - Sync 1 DAGs
[2024-08-04T04:50:01.746+0000] {logging_mixin.py:188} INFO - [2024-08-04T04:50:01.746+0000] {dag.py:3954} INFO - Setting next_dagrun for example_python_operator to None, run_after=None
[2024-08-04T04:50:01.765+0000] {processor.py:183} INFO - Processing /home/airflow/.local/lib/python3.12/site-packages/airflow/example_dags/example_python_operator.py took 0.079 seconds
[2024-08-04T04:50:32.311+0000] {processor.py:161} INFO - Started process (PID=180) to work on /home/airflow/.local/lib/python3.12/site-packages/airflow/example_dags/example_python_operator.py
[2024-08-04T04:50:32.312+0000] {processor.py:830} INFO - Processing file /home/airflow/.local/lib/python3.12/site-packages/airflow/example_dags/example_python_operator.py for tasks to queue
[2024-08-04T04:50:32.314+0000] {logging_mixin.py:188} INFO - [2024-08-04T04:50:32.314+0000] {dagbag.py:545} INFO - Filling up the DagBag from /home/airflow/.local/lib/python3.12/site-packages/airflow/example_dags/example_python_operator.py
[2024-08-04T04:50:32.323+0000] {processor.py:840} INFO - DAG(s) 'example_python_operator' retrieved from /home/airflow/.local/lib/python3.12/site-packages/airflow/example_dags/example_python_operator.py
[2024-08-04T04:50:32.348+0000] {logging_mixin.py:188} INFO - [2024-08-04T04:50:32.348+0000] {dag.py:3096} INFO - Sync 1 DAGs
[2024-08-04T04:50:32.358+0000] {logging_mixin.py:188} INFO - [2024-08-04T04:50:32.358+0000] {dag.py:3954} INFO - Setting next_dagrun for example_python_operator to None, run_after=None
[2024-08-04T04:50:32.378+0000] {processor.py:183} INFO - Processing /home/airflow/.local/lib/python3.12/site-packages/airflow/example_dags/example_python_operator.py took 0.074 seconds
[2024-08-04T04:51:02.873+0000] {processor.py:161} INFO - Started process (PID=238) to work on /home/airflow/.local/lib/python3.12/site-packages/airflow/example_dags/example_python_operator.py
[2024-08-04T04:51:02.874+0000] {processor.py:830} INFO - Processing file /home/airflow/.local/lib/python3.12/site-packages/airflow/example_dags/example_python_operator.py for tasks to queue
[2024-08-04T04:51:02.876+0000] {logging_mixin.py:188} INFO - [2024-08-04T04:51:02.876+0000] {dagbag.py:545} INFO - Filling up the DagBag from /home/airflow/.local/lib/python3.12/site-packages/airflow/example_dags/example_python_operator.py
[2024-08-04T04:51:02.887+0000] {processor.py:840} INFO - DAG(s) 'example_python_operator' retrieved from /home/airflow/.local/lib/python3.12/site-packages/airflow/example_dags/example_python_operator.py
[2024-08-04T04:51:02.913+0000] {logging_mixin.py:188} INFO - [2024-08-04T04:51:02.912+0000] {dag.py:3096} INFO - Sync 1 DAGs
[2024-08-04T04:51:02.930+0000] {logging_mixin.py:188} INFO - [2024-08-04T04:51:02.930+0000] {dag.py:3954} INFO - Setting next_dagrun for example_python_operator to None, run_after=None
[2024-08-04T04:51:02.953+0000] {processor.py:183} INFO - Processing /home/airflow/.local/lib/python3.12/site-packages/airflow/example_dags/example_python_operator.py took 0.086 seconds
[2024-08-04T04:51:33.459+0000] {processor.py:161} INFO - Started process (PID=296) to work on /home/airflow/.local/lib/python3.12/site-packages/airflow/example_dags/example_python_operator.py
[2024-08-04T04:51:33.460+0000] {processor.py:830} INFO - Processing file /home/airflow/.local/lib/python3.12/site-packages/airflow/example_dags/example_python_operator.py for tasks to queue
[2024-08-04T04:51:33.462+0000] {logging_mixin.py:188} INFO - [2024-08-04T04:51:33.461+0000] {dagbag.py:545} INFO - Filling up the DagBag from /home/airflow/.local/lib/python3.12/site-packages/airflow/example_dags/example_python_operator.py
[2024-08-04T04:51:33.474+0000] {processor.py:840} INFO - DAG(s) 'example_python_operator' retrieved from /home/airflow/.local/lib/python3.12/site-packages/airflow/example_dags/example_python_operator.py
[2024-08-04T04:51:33.499+0000] {logging_mixin.py:188} INFO - [2024-08-04T04:51:33.499+0000] {dag.py:3096} INFO - Sync 1 DAGs
[2024-08-04T04:51:33.510+0000] {logging_mixin.py:188} INFO - [2024-08-04T04:51:33.510+0000] {dag.py:3954} INFO - Setting next_dagrun for example_python_operator to None, run_after=None
[2024-08-04T04:51:33.530+0000] {processor.py:183} INFO - Processing /home/airflow/.local/lib/python3.12/site-packages/airflow/example_dags/example_python_operator.py took 0.078 seconds
[2024-08-04T04:52:04.192+0000] {processor.py:161} INFO - Started process (PID=354) to work on /home/airflow/.local/lib/python3.12/site-packages/airflow/example_dags/example_python_operator.py
[2024-08-04T04:52:04.195+0000] {processor.py:830} INFO - Processing file /home/airflow/.local/lib/python3.12/site-packages/airflow/example_dags/example_python_operator.py for tasks to queue
[2024-08-04T04:52:04.196+0000] {logging_mixin.py:188} INFO - [2024-08-04T04:52:04.196+0000] {dagbag.py:545} INFO - Filling up the DagBag from /home/airflow/.local/lib/python3.12/site-packages/airflow/example_dags/example_python_operator.py
[2024-08-04T04:52:04.225+0000] {processor.py:840} INFO - DAG(s) 'example_python_operator' retrieved from /home/airflow/.local/lib/python3.12/site-packages/airflow/example_dags/example_python_operator.py
[2024-08-04T04:52:04.289+0000] {logging_mixin.py:188} INFO - [2024-08-04T04:52:04.288+0000] {dag.py:3096} INFO - Sync 1 DAGs
[2024-08-04T04:52:04.320+0000] {logging_mixin.py:188} INFO - [2024-08-04T04:52:04.319+0000] {dag.py:3954} INFO - Setting next_dagrun for example_python_operator to None, run_after=None
[2024-08-04T04:52:04.343+0000] {processor.py:183} INFO - Processing /home/airflow/.local/lib/python3.12/site-packages/airflow/example_dags/example_python_operator.py took 0.158 seconds
[2024-08-04T04:52:34.879+0000] {processor.py:161} INFO - Started process (PID=413) to work on /home/airflow/.local/lib/python3.12/site-packages/airflow/example_dags/example_python_operator.py
[2024-08-04T04:52:34.881+0000] {processor.py:830} INFO - Processing file /home/airflow/.local/lib/python3.12/site-packages/airflow/example_dags/example_python_operator.py for tasks to queue
[2024-08-04T04:52:34.886+0000] {logging_mixin.py:188} INFO - [2024-08-04T04:52:34.885+0000] {dagbag.py:545} INFO - Filling up the DagBag from /home/airflow/.local/lib/python3.12/site-packages/airflow/example_dags/example_python_operator.py
[2024-08-04T04:52:34.944+0000] {processor.py:840} INFO - DAG(s) 'example_python_operator' retrieved from /home/airflow/.local/lib/python3.12/site-packages/airflow/example_dags/example_python_operator.py
[2024-08-04T04:52:35.039+0000] {logging_mixin.py:188} INFO - [2024-08-04T04:52:35.038+0000] {dag.py:3096} INFO - Sync 1 DAGs
[2024-08-04T04:52:35.101+0000] {logging_mixin.py:188} INFO - [2024-08-04T04:52:35.101+0000] {dag.py:3954} INFO - Setting next_dagrun for example_python_operator to None, run_after=None
[2024-08-04T04:52:35.142+0000] {processor.py:183} INFO - Processing /home/airflow/.local/lib/python3.12/site-packages/airflow/example_dags/example_python_operator.py took 0.284 seconds
[2024-08-04T04:53:05.853+0000] {processor.py:161} INFO - Started process (PID=471) to work on /home/airflow/.local/lib/python3.12/site-packages/airflow/example_dags/example_python_operator.py
[2024-08-04T04:53:05.854+0000] {processor.py:830} INFO - Processing file /home/airflow/.local/lib/python3.12/site-packages/airflow/example_dags/example_python_operator.py for tasks to queue
[2024-08-04T04:53:05.856+0000] {logging_mixin.py:188} INFO - [2024-08-04T04:53:05.856+0000] {dagbag.py:545} INFO - Filling up the DagBag from /home/airflow/.local/lib/python3.12/site-packages/airflow/example_dags/example_python_operator.py
[2024-08-04T04:53:05.868+0000] {processor.py:840} INFO - DAG(s) 'example_python_operator' retrieved from /home/airflow/.local/lib/python3.12/site-packages/airflow/example_dags/example_python_operator.py
[2024-08-04T04:53:05.892+0000] {logging_mixin.py:188} INFO - [2024-08-04T04:53:05.892+0000] {dag.py:3096} INFO - Sync 1 DAGs
[2024-08-04T04:53:05.905+0000] {logging_mixin.py:188} INFO - [2024-08-04T04:53:05.905+0000] {dag.py:3954} INFO - Setting next_dagrun for example_python_operator to None, run_after=None
[2024-08-04T04:53:05.924+0000] {processor.py:183} INFO - Processing /home/airflow/.local/lib/python3.12/site-packages/airflow/example_dags/example_python_operator.py took 0.078 seconds
[2024-08-04T04:53:36.043+0000] {processor.py:161} INFO - Started process (PID=529) to work on /home/airflow/.local/lib/python3.12/site-packages/airflow/example_dags/example_python_operator.py
[2024-08-04T04:53:36.044+0000] {processor.py:830} INFO - Processing file /home/airflow/.local/lib/python3.12/site-packages/airflow/example_dags/example_python_operator.py for tasks to queue
[2024-08-04T04:53:36.046+0000] {logging_mixin.py:188} INFO - [2024-08-04T04:53:36.046+0000] {dagbag.py:545} INFO - Filling up the DagBag from /home/airflow/.local/lib/python3.12/site-packages/airflow/example_dags/example_python_operator.py
[2024-08-04T04:53:36.057+0000] {processor.py:840} INFO - DAG(s) 'example_python_operator' retrieved from /home/airflow/.local/lib/python3.12/site-packages/airflow/example_dags/example_python_operator.py
[2024-08-04T04:53:36.083+0000] {logging_mixin.py:188} INFO - [2024-08-04T04:53:36.082+0000] {dag.py:3096} INFO - Sync 1 DAGs
[2024-08-04T04:53:36.097+0000] {logging_mixin.py:188} INFO - [2024-08-04T04:53:36.097+0000] {dag.py:3954} INFO - Setting next_dagrun for example_python_operator to None, run_after=None
[2024-08-04T04:53:36.122+0000] {processor.py:183} INFO - Processing /home/airflow/.local/lib/python3.12/site-packages/airflow/example_dags/example_python_operator.py took 0.086 seconds
[2024-08-04T04:54:06.774+0000] {processor.py:161} INFO - Started process (PID=587) to work on /home/airflow/.local/lib/python3.12/site-packages/airflow/example_dags/example_python_operator.py
[2024-08-04T04:54:06.775+0000] {processor.py:830} INFO - Processing file /home/airflow/.local/lib/python3.12/site-packages/airflow/example_dags/example_python_operator.py for tasks to queue
[2024-08-04T04:54:06.777+0000] {logging_mixin.py:188} INFO - [2024-08-04T04:54:06.776+0000] {dagbag.py:545} INFO - Filling up the DagBag from /home/airflow/.local/lib/python3.12/site-packages/airflow/example_dags/example_python_operator.py
[2024-08-04T04:54:06.789+0000] {processor.py:840} INFO - DAG(s) 'example_python_operator' retrieved from /home/airflow/.local/lib/python3.12/site-packages/airflow/example_dags/example_python_operator.py
[2024-08-04T04:54:06.816+0000] {logging_mixin.py:188} INFO - [2024-08-04T04:54:06.816+0000] {dag.py:3096} INFO - Sync 1 DAGs
[2024-08-04T04:54:06.830+0000] {logging_mixin.py:188} INFO - [2024-08-04T04:54:06.830+0000] {dag.py:3954} INFO - Setting next_dagrun for example_python_operator to None, run_after=None
[2024-08-04T04:54:06.849+0000] {processor.py:183} INFO - Processing /home/airflow/.local/lib/python3.12/site-packages/airflow/example_dags/example_python_operator.py took 0.082 seconds
[2024-08-04T04:54:37.225+0000] {processor.py:161} INFO - Started process (PID=647) to work on /home/airflow/.local/lib/python3.12/site-packages/airflow/example_dags/example_python_operator.py
[2024-08-04T04:54:37.226+0000] {processor.py:830} INFO - Processing file /home/airflow/.local/lib/python3.12/site-packages/airflow/example_dags/example_python_operator.py for tasks to queue
[2024-08-04T04:54:37.228+0000] {logging_mixin.py:188} INFO - [2024-08-04T04:54:37.228+0000] {dagbag.py:545} INFO - Filling up the DagBag from /home/airflow/.local/lib/python3.12/site-packages/airflow/example_dags/example_python_operator.py
[2024-08-04T04:54:37.245+0000] {processor.py:840} INFO - DAG(s) 'example_python_operator' retrieved from /home/airflow/.local/lib/python3.12/site-packages/airflow/example_dags/example_python_operator.py
[2024-08-04T04:54:37.270+0000] {logging_mixin.py:188} INFO - [2024-08-04T04:54:37.270+0000] {dag.py:3096} INFO - Sync 1 DAGs
[2024-08-04T04:54:37.282+0000] {logging_mixin.py:188} INFO - [2024-08-04T04:54:37.282+0000] {dag.py:3954} INFO - Setting next_dagrun for example_python_operator to None, run_after=None
[2024-08-04T04:54:37.302+0000] {processor.py:183} INFO - Processing /home/airflow/.local/lib/python3.12/site-packages/airflow/example_dags/example_python_operator.py took 0.085 seconds
[2024-08-04T04:55:07.944+0000] {processor.py:161} INFO - Started process (PID=706) to work on /home/airflow/.local/lib/python3.12/site-packages/airflow/example_dags/example_python_operator.py
[2024-08-04T04:55:07.945+0000] {processor.py:830} INFO - Processing file /home/airflow/.local/lib/python3.12/site-packages/airflow/example_dags/example_python_operator.py for tasks to queue
[2024-08-04T04:55:07.947+0000] {logging_mixin.py:188} INFO - [2024-08-04T04:55:07.947+0000] {dagbag.py:545} INFO - Filling up the DagBag from /home/airflow/.local/lib/python3.12/site-packages/airflow/example_dags/example_python_operator.py
[2024-08-04T04:55:07.960+0000] {processor.py:840} INFO - DAG(s) 'example_python_operator' retrieved from /home/airflow/.local/lib/python3.12/site-packages/airflow/example_dags/example_python_operator.py
[2024-08-04T04:55:07.986+0000] {logging_mixin.py:188} INFO - [2024-08-04T04:55:07.985+0000] {dag.py:3096} INFO - Sync 1 DAGs
[2024-08-04T04:55:07.997+0000] {logging_mixin.py:188} INFO - [2024-08-04T04:55:07.996+0000] {dag.py:3954} INFO - Setting next_dagrun for example_python_operator to None, run_after=None
[2024-08-04T04:55:08.016+0000] {processor.py:183} INFO - Processing /home/airflow/.local/lib/python3.12/site-packages/airflow/example_dags/example_python_operator.py took 0.078 seconds
[2024-08-04T04:55:38.815+0000] {processor.py:161} INFO - Started process (PID=765) to work on /home/airflow/.local/lib/python3.12/site-packages/airflow/example_dags/example_python_operator.py
[2024-08-04T04:55:38.818+0000] {processor.py:830} INFO - Processing file /home/airflow/.local/lib/python3.12/site-packages/airflow/example_dags/example_python_operator.py for tasks to queue
[2024-08-04T04:55:38.820+0000] {logging_mixin.py:188} INFO - [2024-08-04T04:55:38.819+0000] {dagbag.py:545} INFO - Filling up the DagBag from /home/airflow/.local/lib/python3.12/site-packages/airflow/example_dags/example_python_operator.py
[2024-08-04T04:55:38.832+0000] {processor.py:840} INFO - DAG(s) 'example_python_operator' retrieved from /home/airflow/.local/lib/python3.12/site-packages/airflow/example_dags/example_python_operator.py
[2024-08-04T04:55:38.857+0000] {logging_mixin.py:188} INFO - [2024-08-04T04:55:38.857+0000] {dag.py:3096} INFO - Sync 1 DAGs
[2024-08-04T04:55:38.871+0000] {logging_mixin.py:188} INFO - [2024-08-04T04:55:38.871+0000] {dag.py:3954} INFO - Setting next_dagrun for example_python_operator to None, run_after=None
[2024-08-04T04:55:38.890+0000] {processor.py:183} INFO - Processing /home/airflow/.local/lib/python3.12/site-packages/airflow/example_dags/example_python_operator.py took 0.082 seconds
[2024-08-04T04:56:09.226+0000] {processor.py:161} INFO - Started process (PID=824) to work on /home/airflow/.local/lib/python3.12/site-packages/airflow/example_dags/example_python_operator.py
[2024-08-04T04:56:09.227+0000] {processor.py:830} INFO - Processing file /home/airflow/.local/lib/python3.12/site-packages/airflow/example_dags/example_python_operator.py for tasks to queue
[2024-08-04T04:56:09.229+0000] {logging_mixin.py:188} INFO - [2024-08-04T04:56:09.229+0000] {dagbag.py:545} INFO - Filling up the DagBag from /home/airflow/.local/lib/python3.12/site-packages/airflow/example_dags/example_python_operator.py
[2024-08-04T04:56:09.246+0000] {processor.py:840} INFO - DAG(s) 'example_python_operator' retrieved from /home/airflow/.local/lib/python3.12/site-packages/airflow/example_dags/example_python_operator.py
[2024-08-04T04:56:09.277+0000] {logging_mixin.py:188} INFO - [2024-08-04T04:56:09.276+0000] {dag.py:3096} INFO - Sync 1 DAGs
[2024-08-04T04:56:09.287+0000] {logging_mixin.py:188} INFO - [2024-08-04T04:56:09.287+0000] {dag.py:3954} INFO - Setting next_dagrun for example_python_operator to None, run_after=None
[2024-08-04T04:56:09.309+0000] {processor.py:183} INFO - Processing /home/airflow/.local/lib/python3.12/site-packages/airflow/example_dags/example_python_operator.py took 0.091 seconds
[2024-08-04T04:56:39.811+0000] {processor.py:161} INFO - Started process (PID=883) to work on /home/airflow/.local/lib/python3.12/site-packages/airflow/example_dags/example_python_operator.py
[2024-08-04T04:56:39.813+0000] {processor.py:830} INFO - Processing file /home/airflow/.local/lib/python3.12/site-packages/airflow/example_dags/example_python_operator.py for tasks to queue
[2024-08-04T04:56:39.816+0000] {logging_mixin.py:188} INFO - [2024-08-04T04:56:39.815+0000] {dagbag.py:545} INFO - Filling up the DagBag from /home/airflow/.local/lib/python3.12/site-packages/airflow/example_dags/example_python_operator.py
[2024-08-04T04:56:39.838+0000] {processor.py:840} INFO - DAG(s) 'example_python_operator' retrieved from /home/airflow/.local/lib/python3.12/site-packages/airflow/example_dags/example_python_operator.py
[2024-08-04T04:56:39.867+0000] {logging_mixin.py:188} INFO - [2024-08-04T04:56:39.867+0000] {dag.py:3096} INFO - Sync 1 DAGs
[2024-08-04T04:56:39.877+0000] {logging_mixin.py:188} INFO - [2024-08-04T04:56:39.876+0000] {dag.py:3954} INFO - Setting next_dagrun for example_python_operator to None, run_after=None
[2024-08-04T04:56:39.896+0000] {processor.py:183} INFO - Processing /home/airflow/.local/lib/python3.12/site-packages/airflow/example_dags/example_python_operator.py took 0.091 seconds
[2024-08-04T04:57:10.889+0000] {processor.py:161} INFO - Started process (PID=943) to work on /home/airflow/.local/lib/python3.12/site-packages/airflow/example_dags/example_python_operator.py
[2024-08-04T04:57:10.890+0000] {processor.py:830} INFO - Processing file /home/airflow/.local/lib/python3.12/site-packages/airflow/example_dags/example_python_operator.py for tasks to queue
[2024-08-04T04:57:10.899+0000] {logging_mixin.py:188} INFO - [2024-08-04T04:57:10.899+0000] {dagbag.py:545} INFO - Filling up the DagBag from /home/airflow/.local/lib/python3.12/site-packages/airflow/example_dags/example_python_operator.py
[2024-08-04T04:57:10.926+0000] {processor.py:840} INFO - DAG(s) 'example_python_operator' retrieved from /home/airflow/.local/lib/python3.12/site-packages/airflow/example_dags/example_python_operator.py
[2024-08-04T04:57:11.006+0000] {logging_mixin.py:188} INFO - [2024-08-04T04:57:11.005+0000] {dag.py:3096} INFO - Sync 1 DAGs
[2024-08-04T04:57:11.075+0000] {logging_mixin.py:188} INFO - [2024-08-04T04:57:11.074+0000] {dag.py:3954} INFO - Setting next_dagrun for example_python_operator to None, run_after=None
[2024-08-04T04:57:11.151+0000] {processor.py:183} INFO - Processing /home/airflow/.local/lib/python3.12/site-packages/airflow/example_dags/example_python_operator.py took 0.281 seconds
