[2024-08-04T04:49:25.994+0000] {processor.py:161} INFO - Started process (PID=45) to work on /home/airflow/.local/lib/python3.12/site-packages/airflow/example_dags/example_nested_branch_dag.py
[2024-08-04T04:49:25.995+0000] {processor.py:830} INFO - Processing file /home/airflow/.local/lib/python3.12/site-packages/airflow/example_dags/example_nested_branch_dag.py for tasks to queue
[2024-08-04T04:49:25.997+0000] {logging_mixin.py:188} INFO - [2024-08-04T04:49:25.997+0000] {dagbag.py:545} INFO - Filling up the DagBag from /home/airflow/.local/lib/python3.12/site-packages/airflow/example_dags/example_nested_branch_dag.py
[2024-08-04T04:49:26.036+0000] {processor.py:840} INFO - DAG(s) 'example_nested_branch_dag' retrieved from /home/airflow/.local/lib/python3.12/site-packages/airflow/example_dags/example_nested_branch_dag.py
[2024-08-04T04:49:26.598+0000] {logging_mixin.py:188} INFO - [2024-08-04T04:49:26.597+0000] {dag.py:3096} INFO - Sync 1 DAGs
[2024-08-04T04:49:26.670+0000] {logging_mixin.py:188} INFO - [2024-08-04T04:49:26.670+0000] {dag.py:3954} INFO - Setting next_dagrun for example_nested_branch_dag to 2024-08-03 00:00:00+00:00, run_after=2024-08-04 00:00:00+00:00
[2024-08-04T04:49:26.766+0000] {processor.py:183} INFO - Processing /home/airflow/.local/lib/python3.12/site-packages/airflow/example_dags/example_nested_branch_dag.py took 0.778 seconds
[2024-08-04T04:49:56.853+0000] {processor.py:161} INFO - Started process (PID=103) to work on /home/airflow/.local/lib/python3.12/site-packages/airflow/example_dags/example_nested_branch_dag.py
[2024-08-04T04:49:56.854+0000] {processor.py:830} INFO - Processing file /home/airflow/.local/lib/python3.12/site-packages/airflow/example_dags/example_nested_branch_dag.py for tasks to queue
[2024-08-04T04:49:56.856+0000] {logging_mixin.py:188} INFO - [2024-08-04T04:49:56.856+0000] {dagbag.py:545} INFO - Filling up the DagBag from /home/airflow/.local/lib/python3.12/site-packages/airflow/example_dags/example_nested_branch_dag.py
[2024-08-04T04:49:56.868+0000] {processor.py:840} INFO - DAG(s) 'example_nested_branch_dag' retrieved from /home/airflow/.local/lib/python3.12/site-packages/airflow/example_dags/example_nested_branch_dag.py
[2024-08-04T04:49:56.891+0000] {logging_mixin.py:188} INFO - [2024-08-04T04:49:56.891+0000] {dag.py:3096} INFO - Sync 1 DAGs
[2024-08-04T04:49:56.918+0000] {logging_mixin.py:188} INFO - [2024-08-04T04:49:56.918+0000] {dag.py:3954} INFO - Setting next_dagrun for example_nested_branch_dag to 2024-08-03 00:00:00+00:00, run_after=2024-08-04 00:00:00+00:00
[2024-08-04T04:49:56.940+0000] {processor.py:183} INFO - Processing /home/airflow/.local/lib/python3.12/site-packages/airflow/example_dags/example_nested_branch_dag.py took 0.104 seconds
[2024-08-04T04:50:27.471+0000] {processor.py:161} INFO - Started process (PID=161) to work on /home/airflow/.local/lib/python3.12/site-packages/airflow/example_dags/example_nested_branch_dag.py
[2024-08-04T04:50:27.474+0000] {processor.py:830} INFO - Processing file /home/airflow/.local/lib/python3.12/site-packages/airflow/example_dags/example_nested_branch_dag.py for tasks to queue
[2024-08-04T04:50:27.477+0000] {logging_mixin.py:188} INFO - [2024-08-04T04:50:27.476+0000] {dagbag.py:545} INFO - Filling up the DagBag from /home/airflow/.local/lib/python3.12/site-packages/airflow/example_dags/example_nested_branch_dag.py
[2024-08-04T04:50:27.494+0000] {processor.py:840} INFO - DAG(s) 'example_nested_branch_dag' retrieved from /home/airflow/.local/lib/python3.12/site-packages/airflow/example_dags/example_nested_branch_dag.py
[2024-08-04T04:50:27.523+0000] {logging_mixin.py:188} INFO - [2024-08-04T04:50:27.523+0000] {dag.py:3096} INFO - Sync 1 DAGs
[2024-08-04T04:50:27.554+0000] {logging_mixin.py:188} INFO - [2024-08-04T04:50:27.553+0000] {dag.py:3954} INFO - Setting next_dagrun for example_nested_branch_dag to 2024-08-03 00:00:00+00:00, run_after=2024-08-04 00:00:00+00:00
[2024-08-04T04:50:27.581+0000] {processor.py:183} INFO - Processing /home/airflow/.local/lib/python3.12/site-packages/airflow/example_dags/example_nested_branch_dag.py took 0.119 seconds
[2024-08-04T04:50:57.968+0000] {processor.py:161} INFO - Started process (PID=219) to work on /home/airflow/.local/lib/python3.12/site-packages/airflow/example_dags/example_nested_branch_dag.py
[2024-08-04T04:50:57.968+0000] {processor.py:830} INFO - Processing file /home/airflow/.local/lib/python3.12/site-packages/airflow/example_dags/example_nested_branch_dag.py for tasks to queue
[2024-08-04T04:50:57.970+0000] {logging_mixin.py:188} INFO - [2024-08-04T04:50:57.970+0000] {dagbag.py:545} INFO - Filling up the DagBag from /home/airflow/.local/lib/python3.12/site-packages/airflow/example_dags/example_nested_branch_dag.py
[2024-08-04T04:50:57.981+0000] {processor.py:840} INFO - DAG(s) 'example_nested_branch_dag' retrieved from /home/airflow/.local/lib/python3.12/site-packages/airflow/example_dags/example_nested_branch_dag.py
[2024-08-04T04:50:58.023+0000] {logging_mixin.py:188} INFO - [2024-08-04T04:50:58.022+0000] {dag.py:3096} INFO - Sync 1 DAGs
[2024-08-04T04:50:58.057+0000] {logging_mixin.py:188} INFO - [2024-08-04T04:50:58.057+0000] {dag.py:3954} INFO - Setting next_dagrun for example_nested_branch_dag to 2024-08-03 00:00:00+00:00, run_after=2024-08-04 00:00:00+00:00
[2024-08-04T04:50:58.139+0000] {processor.py:183} INFO - Processing /home/airflow/.local/lib/python3.12/site-packages/airflow/example_dags/example_nested_branch_dag.py took 0.178 seconds
[2024-08-04T04:51:28.431+0000] {processor.py:161} INFO - Started process (PID=277) to work on /home/airflow/.local/lib/python3.12/site-packages/airflow/example_dags/example_nested_branch_dag.py
[2024-08-04T04:51:28.437+0000] {processor.py:830} INFO - Processing file /home/airflow/.local/lib/python3.12/site-packages/airflow/example_dags/example_nested_branch_dag.py for tasks to queue
[2024-08-04T04:51:28.442+0000] {logging_mixin.py:188} INFO - [2024-08-04T04:51:28.442+0000] {dagbag.py:545} INFO - Filling up the DagBag from /home/airflow/.local/lib/python3.12/site-packages/airflow/example_dags/example_nested_branch_dag.py
[2024-08-04T04:51:28.468+0000] {processor.py:840} INFO - DAG(s) 'example_nested_branch_dag' retrieved from /home/airflow/.local/lib/python3.12/site-packages/airflow/example_dags/example_nested_branch_dag.py
[2024-08-04T04:51:28.541+0000] {logging_mixin.py:188} INFO - [2024-08-04T04:51:28.541+0000] {dag.py:3096} INFO - Sync 1 DAGs
[2024-08-04T04:51:28.598+0000] {logging_mixin.py:188} INFO - [2024-08-04T04:51:28.597+0000] {dag.py:3954} INFO - Setting next_dagrun for example_nested_branch_dag to 2024-08-03 00:00:00+00:00, run_after=2024-08-04 00:00:00+00:00
[2024-08-04T04:51:28.623+0000] {processor.py:183} INFO - Processing /home/airflow/.local/lib/python3.12/site-packages/airflow/example_dags/example_nested_branch_dag.py took 0.207 seconds
[2024-08-04T04:51:59.572+0000] {processor.py:161} INFO - Started process (PID=335) to work on /home/airflow/.local/lib/python3.12/site-packages/airflow/example_dags/example_nested_branch_dag.py
[2024-08-04T04:51:59.592+0000] {processor.py:830} INFO - Processing file /home/airflow/.local/lib/python3.12/site-packages/airflow/example_dags/example_nested_branch_dag.py for tasks to queue
[2024-08-04T04:51:59.594+0000] {logging_mixin.py:188} INFO - [2024-08-04T04:51:59.594+0000] {dagbag.py:545} INFO - Filling up the DagBag from /home/airflow/.local/lib/python3.12/site-packages/airflow/example_dags/example_nested_branch_dag.py
[2024-08-04T04:51:59.722+0000] {processor.py:840} INFO - DAG(s) 'example_nested_branch_dag' retrieved from /home/airflow/.local/lib/python3.12/site-packages/airflow/example_dags/example_nested_branch_dag.py
[2024-08-04T04:51:59.881+0000] {logging_mixin.py:188} INFO - [2024-08-04T04:51:59.880+0000] {dag.py:3096} INFO - Sync 1 DAGs
[2024-08-04T04:51:59.983+0000] {logging_mixin.py:188} INFO - [2024-08-04T04:51:59.983+0000] {dag.py:3954} INFO - Setting next_dagrun for example_nested_branch_dag to 2024-08-03 00:00:00+00:00, run_after=2024-08-04 00:00:00+00:00
[2024-08-04T04:52:00.058+0000] {processor.py:183} INFO - Processing /home/airflow/.local/lib/python3.12/site-packages/airflow/example_dags/example_nested_branch_dag.py took 0.556 seconds
[2024-08-04T04:52:30.580+0000] {processor.py:161} INFO - Started process (PID=400) to work on /home/airflow/.local/lib/python3.12/site-packages/airflow/example_dags/example_nested_branch_dag.py
[2024-08-04T04:52:30.581+0000] {processor.py:830} INFO - Processing file /home/airflow/.local/lib/python3.12/site-packages/airflow/example_dags/example_nested_branch_dag.py for tasks to queue
[2024-08-04T04:52:30.583+0000] {logging_mixin.py:188} INFO - [2024-08-04T04:52:30.582+0000] {dagbag.py:545} INFO - Filling up the DagBag from /home/airflow/.local/lib/python3.12/site-packages/airflow/example_dags/example_nested_branch_dag.py
[2024-08-04T04:52:30.594+0000] {processor.py:840} INFO - DAG(s) 'example_nested_branch_dag' retrieved from /home/airflow/.local/lib/python3.12/site-packages/airflow/example_dags/example_nested_branch_dag.py
[2024-08-04T04:52:30.620+0000] {logging_mixin.py:188} INFO - [2024-08-04T04:52:30.620+0000] {dag.py:3096} INFO - Sync 1 DAGs
[2024-08-04T04:52:30.649+0000] {logging_mixin.py:188} INFO - [2024-08-04T04:52:30.648+0000] {dag.py:3954} INFO - Setting next_dagrun for example_nested_branch_dag to 2024-08-03 00:00:00+00:00, run_after=2024-08-04 00:00:00+00:00
[2024-08-04T04:52:30.672+0000] {processor.py:183} INFO - Processing /home/airflow/.local/lib/python3.12/site-packages/airflow/example_dags/example_nested_branch_dag.py took 0.099 seconds
[2024-08-04T04:53:00.895+0000] {processor.py:161} INFO - Started process (PID=458) to work on /home/airflow/.local/lib/python3.12/site-packages/airflow/example_dags/example_nested_branch_dag.py
[2024-08-04T04:53:00.896+0000] {processor.py:830} INFO - Processing file /home/airflow/.local/lib/python3.12/site-packages/airflow/example_dags/example_nested_branch_dag.py for tasks to queue
[2024-08-04T04:53:00.907+0000] {logging_mixin.py:188} INFO - [2024-08-04T04:53:00.906+0000] {dagbag.py:545} INFO - Filling up the DagBag from /home/airflow/.local/lib/python3.12/site-packages/airflow/example_dags/example_nested_branch_dag.py
[2024-08-04T04:53:00.937+0000] {processor.py:840} INFO - DAG(s) 'example_nested_branch_dag' retrieved from /home/airflow/.local/lib/python3.12/site-packages/airflow/example_dags/example_nested_branch_dag.py
[2024-08-04T04:53:00.985+0000] {logging_mixin.py:188} INFO - [2024-08-04T04:53:00.985+0000] {dag.py:3096} INFO - Sync 1 DAGs
[2024-08-04T04:53:01.015+0000] {logging_mixin.py:188} INFO - [2024-08-04T04:53:01.015+0000] {dag.py:3954} INFO - Setting next_dagrun for example_nested_branch_dag to 2024-08-03 00:00:00+00:00, run_after=2024-08-04 00:00:00+00:00
[2024-08-04T04:53:01.099+0000] {processor.py:183} INFO - Processing /home/airflow/.local/lib/python3.12/site-packages/airflow/example_dags/example_nested_branch_dag.py took 0.225 seconds
[2024-08-04T04:53:32.090+0000] {processor.py:161} INFO - Started process (PID=516) to work on /home/airflow/.local/lib/python3.12/site-packages/airflow/example_dags/example_nested_branch_dag.py
[2024-08-04T04:53:32.091+0000] {processor.py:830} INFO - Processing file /home/airflow/.local/lib/python3.12/site-packages/airflow/example_dags/example_nested_branch_dag.py for tasks to queue
[2024-08-04T04:53:32.092+0000] {logging_mixin.py:188} INFO - [2024-08-04T04:53:32.092+0000] {dagbag.py:545} INFO - Filling up the DagBag from /home/airflow/.local/lib/python3.12/site-packages/airflow/example_dags/example_nested_branch_dag.py
[2024-08-04T04:53:32.105+0000] {processor.py:840} INFO - DAG(s) 'example_nested_branch_dag' retrieved from /home/airflow/.local/lib/python3.12/site-packages/airflow/example_dags/example_nested_branch_dag.py
[2024-08-04T04:53:32.136+0000] {logging_mixin.py:188} INFO - [2024-08-04T04:53:32.136+0000] {dag.py:3096} INFO - Sync 1 DAGs
[2024-08-04T04:53:32.164+0000] {logging_mixin.py:188} INFO - [2024-08-04T04:53:32.163+0000] {dag.py:3954} INFO - Setting next_dagrun for example_nested_branch_dag to 2024-08-03 00:00:00+00:00, run_after=2024-08-04 00:00:00+00:00
[2024-08-04T04:53:32.189+0000] {processor.py:183} INFO - Processing /home/airflow/.local/lib/python3.12/site-packages/airflow/example_dags/example_nested_branch_dag.py took 0.105 seconds
[2024-08-04T04:54:02.846+0000] {processor.py:161} INFO - Started process (PID=574) to work on /home/airflow/.local/lib/python3.12/site-packages/airflow/example_dags/example_nested_branch_dag.py
[2024-08-04T04:54:02.847+0000] {processor.py:830} INFO - Processing file /home/airflow/.local/lib/python3.12/site-packages/airflow/example_dags/example_nested_branch_dag.py for tasks to queue
[2024-08-04T04:54:02.848+0000] {logging_mixin.py:188} INFO - [2024-08-04T04:54:02.848+0000] {dagbag.py:545} INFO - Filling up the DagBag from /home/airflow/.local/lib/python3.12/site-packages/airflow/example_dags/example_nested_branch_dag.py
[2024-08-04T04:54:02.860+0000] {processor.py:840} INFO - DAG(s) 'example_nested_branch_dag' retrieved from /home/airflow/.local/lib/python3.12/site-packages/airflow/example_dags/example_nested_branch_dag.py
[2024-08-04T04:54:02.887+0000] {logging_mixin.py:188} INFO - [2024-08-04T04:54:02.887+0000] {dag.py:3096} INFO - Sync 1 DAGs
[2024-08-04T04:54:02.916+0000] {logging_mixin.py:188} INFO - [2024-08-04T04:54:02.916+0000] {dag.py:3954} INFO - Setting next_dagrun for example_nested_branch_dag to 2024-08-03 00:00:00+00:00, run_after=2024-08-04 00:00:00+00:00
[2024-08-04T04:54:02.941+0000] {processor.py:183} INFO - Processing /home/airflow/.local/lib/python3.12/site-packages/airflow/example_dags/example_nested_branch_dag.py took 0.102 seconds
[2024-08-04T04:54:33.302+0000] {processor.py:161} INFO - Started process (PID=634) to work on /home/airflow/.local/lib/python3.12/site-packages/airflow/example_dags/example_nested_branch_dag.py
[2024-08-04T04:54:33.303+0000] {processor.py:830} INFO - Processing file /home/airflow/.local/lib/python3.12/site-packages/airflow/example_dags/example_nested_branch_dag.py for tasks to queue
[2024-08-04T04:54:33.305+0000] {logging_mixin.py:188} INFO - [2024-08-04T04:54:33.304+0000] {dagbag.py:545} INFO - Filling up the DagBag from /home/airflow/.local/lib/python3.12/site-packages/airflow/example_dags/example_nested_branch_dag.py
[2024-08-04T04:54:33.316+0000] {processor.py:840} INFO - DAG(s) 'example_nested_branch_dag' retrieved from /home/airflow/.local/lib/python3.12/site-packages/airflow/example_dags/example_nested_branch_dag.py
[2024-08-04T04:54:33.343+0000] {logging_mixin.py:188} INFO - [2024-08-04T04:54:33.343+0000] {dag.py:3096} INFO - Sync 1 DAGs
[2024-08-04T04:54:33.370+0000] {logging_mixin.py:188} INFO - [2024-08-04T04:54:33.370+0000] {dag.py:3954} INFO - Setting next_dagrun for example_nested_branch_dag to 2024-08-03 00:00:00+00:00, run_after=2024-08-04 00:00:00+00:00
[2024-08-04T04:54:33.395+0000] {processor.py:183} INFO - Processing /home/airflow/.local/lib/python3.12/site-packages/airflow/example_dags/example_nested_branch_dag.py took 0.099 seconds
[2024-08-04T04:55:03.830+0000] {processor.py:161} INFO - Started process (PID=693) to work on /home/airflow/.local/lib/python3.12/site-packages/airflow/example_dags/example_nested_branch_dag.py
[2024-08-04T04:55:03.831+0000] {processor.py:830} INFO - Processing file /home/airflow/.local/lib/python3.12/site-packages/airflow/example_dags/example_nested_branch_dag.py for tasks to queue
[2024-08-04T04:55:03.832+0000] {logging_mixin.py:188} INFO - [2024-08-04T04:55:03.832+0000] {dagbag.py:545} INFO - Filling up the DagBag from /home/airflow/.local/lib/python3.12/site-packages/airflow/example_dags/example_nested_branch_dag.py
[2024-08-04T04:55:03.851+0000] {processor.py:840} INFO - DAG(s) 'example_nested_branch_dag' retrieved from /home/airflow/.local/lib/python3.12/site-packages/airflow/example_dags/example_nested_branch_dag.py
[2024-08-04T04:55:03.918+0000] {logging_mixin.py:188} INFO - [2024-08-04T04:55:03.915+0000] {dag.py:3096} INFO - Sync 1 DAGs
[2024-08-04T04:55:03.965+0000] {logging_mixin.py:188} INFO - [2024-08-04T04:55:03.965+0000] {dag.py:3954} INFO - Setting next_dagrun for example_nested_branch_dag to 2024-08-03 00:00:00+00:00, run_after=2024-08-04 00:00:00+00:00
[2024-08-04T04:55:03.989+0000] {processor.py:183} INFO - Processing /home/airflow/.local/lib/python3.12/site-packages/airflow/example_dags/example_nested_branch_dag.py took 0.175 seconds
[2024-08-04T04:55:34.868+0000] {processor.py:161} INFO - Started process (PID=752) to work on /home/airflow/.local/lib/python3.12/site-packages/airflow/example_dags/example_nested_branch_dag.py
[2024-08-04T04:55:34.869+0000] {processor.py:830} INFO - Processing file /home/airflow/.local/lib/python3.12/site-packages/airflow/example_dags/example_nested_branch_dag.py for tasks to queue
[2024-08-04T04:55:34.871+0000] {logging_mixin.py:188} INFO - [2024-08-04T04:55:34.871+0000] {dagbag.py:545} INFO - Filling up the DagBag from /home/airflow/.local/lib/python3.12/site-packages/airflow/example_dags/example_nested_branch_dag.py
[2024-08-04T04:55:34.882+0000] {processor.py:840} INFO - DAG(s) 'example_nested_branch_dag' retrieved from /home/airflow/.local/lib/python3.12/site-packages/airflow/example_dags/example_nested_branch_dag.py
[2024-08-04T04:55:34.908+0000] {logging_mixin.py:188} INFO - [2024-08-04T04:55:34.908+0000] {dag.py:3096} INFO - Sync 1 DAGs
[2024-08-04T04:55:34.937+0000] {logging_mixin.py:188} INFO - [2024-08-04T04:55:34.936+0000] {dag.py:3954} INFO - Setting next_dagrun for example_nested_branch_dag to 2024-08-03 00:00:00+00:00, run_after=2024-08-04 00:00:00+00:00
[2024-08-04T04:55:34.969+0000] {processor.py:183} INFO - Processing /home/airflow/.local/lib/python3.12/site-packages/airflow/example_dags/example_nested_branch_dag.py took 0.108 seconds
[2024-08-04T04:56:05.162+0000] {processor.py:161} INFO - Started process (PID=811) to work on /home/airflow/.local/lib/python3.12/site-packages/airflow/example_dags/example_nested_branch_dag.py
[2024-08-04T04:56:05.162+0000] {processor.py:830} INFO - Processing file /home/airflow/.local/lib/python3.12/site-packages/airflow/example_dags/example_nested_branch_dag.py for tasks to queue
[2024-08-04T04:56:05.164+0000] {logging_mixin.py:188} INFO - [2024-08-04T04:56:05.164+0000] {dagbag.py:545} INFO - Filling up the DagBag from /home/airflow/.local/lib/python3.12/site-packages/airflow/example_dags/example_nested_branch_dag.py
[2024-08-04T04:56:05.190+0000] {processor.py:840} INFO - DAG(s) 'example_nested_branch_dag' retrieved from /home/airflow/.local/lib/python3.12/site-packages/airflow/example_dags/example_nested_branch_dag.py
[2024-08-04T04:56:05.267+0000] {logging_mixin.py:188} INFO - [2024-08-04T04:56:05.267+0000] {dag.py:3096} INFO - Sync 1 DAGs
[2024-08-04T04:56:05.327+0000] {logging_mixin.py:188} INFO - [2024-08-04T04:56:05.327+0000] {dag.py:3954} INFO - Setting next_dagrun for example_nested_branch_dag to 2024-08-03 00:00:00+00:00, run_after=2024-08-04 00:00:00+00:00
[2024-08-04T04:56:05.360+0000] {processor.py:183} INFO - Processing /home/airflow/.local/lib/python3.12/site-packages/airflow/example_dags/example_nested_branch_dag.py took 0.205 seconds
[2024-08-04T04:56:35.867+0000] {processor.py:161} INFO - Started process (PID=870) to work on /home/airflow/.local/lib/python3.12/site-packages/airflow/example_dags/example_nested_branch_dag.py
[2024-08-04T04:56:35.871+0000] {processor.py:830} INFO - Processing file /home/airflow/.local/lib/python3.12/site-packages/airflow/example_dags/example_nested_branch_dag.py for tasks to queue
[2024-08-04T04:56:35.886+0000] {logging_mixin.py:188} INFO - [2024-08-04T04:56:35.886+0000] {dagbag.py:545} INFO - Filling up the DagBag from /home/airflow/.local/lib/python3.12/site-packages/airflow/example_dags/example_nested_branch_dag.py
[2024-08-04T04:56:35.946+0000] {processor.py:840} INFO - DAG(s) 'example_nested_branch_dag' retrieved from /home/airflow/.local/lib/python3.12/site-packages/airflow/example_dags/example_nested_branch_dag.py
[2024-08-04T04:56:36.042+0000] {logging_mixin.py:188} INFO - [2024-08-04T04:56:36.041+0000] {dag.py:3096} INFO - Sync 1 DAGs
[2024-08-04T04:56:36.115+0000] {logging_mixin.py:188} INFO - [2024-08-04T04:56:36.115+0000] {dag.py:3954} INFO - Setting next_dagrun for example_nested_branch_dag to 2024-08-03 00:00:00+00:00, run_after=2024-08-04 00:00:00+00:00
[2024-08-04T04:56:36.254+0000] {processor.py:183} INFO - Processing /home/airflow/.local/lib/python3.12/site-packages/airflow/example_dags/example_nested_branch_dag.py took 0.434 seconds
[2024-08-04T04:57:06.735+0000] {processor.py:161} INFO - Started process (PID=930) to work on /home/airflow/.local/lib/python3.12/site-packages/airflow/example_dags/example_nested_branch_dag.py
[2024-08-04T04:57:06.740+0000] {processor.py:830} INFO - Processing file /home/airflow/.local/lib/python3.12/site-packages/airflow/example_dags/example_nested_branch_dag.py for tasks to queue
[2024-08-04T04:57:06.742+0000] {logging_mixin.py:188} INFO - [2024-08-04T04:57:06.742+0000] {dagbag.py:545} INFO - Filling up the DagBag from /home/airflow/.local/lib/python3.12/site-packages/airflow/example_dags/example_nested_branch_dag.py
[2024-08-04T04:57:06.756+0000] {processor.py:840} INFO - DAG(s) 'example_nested_branch_dag' retrieved from /home/airflow/.local/lib/python3.12/site-packages/airflow/example_dags/example_nested_branch_dag.py
[2024-08-04T04:57:06.788+0000] {logging_mixin.py:188} INFO - [2024-08-04T04:57:06.788+0000] {dag.py:3096} INFO - Sync 1 DAGs
[2024-08-04T04:57:06.835+0000] {logging_mixin.py:188} INFO - [2024-08-04T04:57:06.835+0000] {dag.py:3954} INFO - Setting next_dagrun for example_nested_branch_dag to 2024-08-03 00:00:00+00:00, run_after=2024-08-04 00:00:00+00:00
[2024-08-04T04:57:06.862+0000] {processor.py:183} INFO - Processing /home/airflow/.local/lib/python3.12/site-packages/airflow/example_dags/example_nested_branch_dag.py took 0.143 seconds
