[2024-08-04T04:49:23.182+0000] {processor.py:161} INFO - Started process (PID=38) to work on /home/airflow/.local/lib/python3.12/site-packages/airflow/example_dags/example_datasets.py
[2024-08-04T04:49:23.183+0000] {processor.py:830} INFO - Processing file /home/airflow/.local/lib/python3.12/site-packages/airflow/example_dags/example_datasets.py for tasks to queue
[2024-08-04T04:49:23.185+0000] {logging_mixin.py:188} INFO - [2024-08-04T04:49:23.185+0000] {dagbag.py:545} INFO - Filling up the DagBag from /home/airflow/.local/lib/python3.12/site-packages/airflow/example_dags/example_datasets.py
[2024-08-04T04:49:23.275+0000] {processor.py:840} INFO - DAG(s) 'dataset_produces_1', 'dataset_consumes_unknown_never_scheduled', 'consume_1_or_both_2_and_3_with_dataset_expressions', 'conditional_dataset_and_time_based_timetable', 'consume_1_or_2_with_dataset_expressions', 'dataset_consumes_1_and_2', 'dataset_consumes_1_never_scheduled', 'consume_1_and_2_with_dataset_expressions', 'dataset_produces_2', 'dataset_consumes_1' retrieved from /home/airflow/.local/lib/python3.12/site-packages/airflow/example_dags/example_datasets.py
[2024-08-04T04:49:24.053+0000] {logging_mixin.py:188} INFO - [2024-08-04T04:49:24.052+0000] {dag.py:3096} INFO - Sync 10 DAGs
[2024-08-04T04:49:24.164+0000] {logging_mixin.py:188} INFO - [2024-08-04T04:49:24.163+0000] {dag.py:3954} INFO - Setting next_dagrun for conditional_dataset_and_time_based_timetable to 2024-07-31 01:00:00+00:00, run_after=2024-07-31 01:00:00+00:00
[2024-08-04T04:49:24.180+0000] {logging_mixin.py:188} INFO - [2024-08-04T04:49:24.180+0000] {dag.py:3954} INFO - Setting next_dagrun for consume_1_and_2_with_dataset_expressions to None, run_after=None
[2024-08-04T04:49:24.185+0000] {logging_mixin.py:188} INFO - [2024-08-04T04:49:24.185+0000] {dag.py:3954} INFO - Setting next_dagrun for consume_1_or_2_with_dataset_expressions to None, run_after=None
[2024-08-04T04:49:24.190+0000] {logging_mixin.py:188} INFO - [2024-08-04T04:49:24.190+0000] {dag.py:3954} INFO - Setting next_dagrun for consume_1_or_both_2_and_3_with_dataset_expressions to None, run_after=None
[2024-08-04T04:49:24.192+0000] {logging_mixin.py:188} INFO - [2024-08-04T04:49:24.191+0000] {dag.py:3954} INFO - Setting next_dagrun for dataset_consumes_1 to None, run_after=None
[2024-08-04T04:49:24.202+0000] {logging_mixin.py:188} INFO - [2024-08-04T04:49:24.202+0000] {dag.py:3954} INFO - Setting next_dagrun for dataset_consumes_1_and_2 to None, run_after=None
[2024-08-04T04:49:24.204+0000] {logging_mixin.py:188} INFO - [2024-08-04T04:49:24.203+0000] {dag.py:3954} INFO - Setting next_dagrun for dataset_consumes_1_never_scheduled to None, run_after=None
[2024-08-04T04:49:24.205+0000] {logging_mixin.py:188} INFO - [2024-08-04T04:49:24.205+0000] {dag.py:3954} INFO - Setting next_dagrun for dataset_consumes_unknown_never_scheduled to None, run_after=None
[2024-08-04T04:49:24.208+0000] {logging_mixin.py:188} INFO - [2024-08-04T04:49:24.208+0000] {dag.py:3954} INFO - Setting next_dagrun for dataset_produces_1 to 2024-08-03 00:00:00+00:00, run_after=2024-08-04 00:00:00+00:00
[2024-08-04T04:49:24.222+0000] {logging_mixin.py:188} INFO - [2024-08-04T04:49:24.222+0000] {dag.py:3954} INFO - Setting next_dagrun for dataset_produces_2 to None, run_after=None
[2024-08-04T04:49:24.333+0000] {processor.py:183} INFO - Processing /home/airflow/.local/lib/python3.12/site-packages/airflow/example_dags/example_datasets.py took 1.158 seconds
[2024-08-04T04:49:54.385+0000] {processor.py:161} INFO - Started process (PID=97) to work on /home/airflow/.local/lib/python3.12/site-packages/airflow/example_dags/example_datasets.py
[2024-08-04T04:49:54.385+0000] {processor.py:830} INFO - Processing file /home/airflow/.local/lib/python3.12/site-packages/airflow/example_dags/example_datasets.py for tasks to queue
[2024-08-04T04:49:54.387+0000] {logging_mixin.py:188} INFO - [2024-08-04T04:49:54.386+0000] {dagbag.py:545} INFO - Filling up the DagBag from /home/airflow/.local/lib/python3.12/site-packages/airflow/example_dags/example_datasets.py
[2024-08-04T04:49:54.398+0000] {processor.py:840} INFO - DAG(s) 'dataset_consumes_unknown_never_scheduled', 'dataset_produces_1', 'consume_1_or_both_2_and_3_with_dataset_expressions', 'dataset_produces_2', 'dataset_consumes_1', 'consume_1_and_2_with_dataset_expressions', 'consume_1_or_2_with_dataset_expressions', 'conditional_dataset_and_time_based_timetable', 'dataset_consumes_1_never_scheduled', 'dataset_consumes_1_and_2' retrieved from /home/airflow/.local/lib/python3.12/site-packages/airflow/example_dags/example_datasets.py
[2024-08-04T04:49:54.443+0000] {logging_mixin.py:188} INFO - [2024-08-04T04:49:54.443+0000] {dag.py:3096} INFO - Sync 10 DAGs
[2024-08-04T04:49:54.467+0000] {logging_mixin.py:188} INFO - [2024-08-04T04:49:54.467+0000] {dag.py:3954} INFO - Setting next_dagrun for conditional_dataset_and_time_based_timetable to 2024-07-31 01:00:00+00:00, run_after=2024-07-31 01:00:00+00:00
[2024-08-04T04:49:54.470+0000] {logging_mixin.py:188} INFO - [2024-08-04T04:49:54.470+0000] {dag.py:3954} INFO - Setting next_dagrun for consume_1_and_2_with_dataset_expressions to None, run_after=None
[2024-08-04T04:49:54.471+0000] {logging_mixin.py:188} INFO - [2024-08-04T04:49:54.471+0000] {dag.py:3954} INFO - Setting next_dagrun for consume_1_or_2_with_dataset_expressions to None, run_after=None
[2024-08-04T04:49:54.472+0000] {logging_mixin.py:188} INFO - [2024-08-04T04:49:54.472+0000] {dag.py:3954} INFO - Setting next_dagrun for consume_1_or_both_2_and_3_with_dataset_expressions to None, run_after=None
[2024-08-04T04:49:54.473+0000] {logging_mixin.py:188} INFO - [2024-08-04T04:49:54.473+0000] {dag.py:3954} INFO - Setting next_dagrun for dataset_consumes_1 to None, run_after=None
[2024-08-04T04:49:54.474+0000] {logging_mixin.py:188} INFO - [2024-08-04T04:49:54.474+0000] {dag.py:3954} INFO - Setting next_dagrun for dataset_consumes_1_and_2 to None, run_after=None
[2024-08-04T04:49:54.475+0000] {logging_mixin.py:188} INFO - [2024-08-04T04:49:54.475+0000] {dag.py:3954} INFO - Setting next_dagrun for dataset_consumes_1_never_scheduled to None, run_after=None
[2024-08-04T04:49:54.476+0000] {logging_mixin.py:188} INFO - [2024-08-04T04:49:54.476+0000] {dag.py:3954} INFO - Setting next_dagrun for dataset_consumes_unknown_never_scheduled to None, run_after=None
[2024-08-04T04:49:54.478+0000] {logging_mixin.py:188} INFO - [2024-08-04T04:49:54.478+0000] {dag.py:3954} INFO - Setting next_dagrun for dataset_produces_1 to 2024-08-03 00:00:00+00:00, run_after=2024-08-04 00:00:00+00:00
[2024-08-04T04:49:54.479+0000] {logging_mixin.py:188} INFO - [2024-08-04T04:49:54.479+0000] {dag.py:3954} INFO - Setting next_dagrun for dataset_produces_2 to None, run_after=None
[2024-08-04T04:49:54.512+0000] {processor.py:183} INFO - Processing /home/airflow/.local/lib/python3.12/site-packages/airflow/example_dags/example_datasets.py took 0.132 seconds
[2024-08-04T04:50:24.911+0000] {processor.py:161} INFO - Started process (PID=154) to work on /home/airflow/.local/lib/python3.12/site-packages/airflow/example_dags/example_datasets.py
[2024-08-04T04:50:24.912+0000] {processor.py:830} INFO - Processing file /home/airflow/.local/lib/python3.12/site-packages/airflow/example_dags/example_datasets.py for tasks to queue
[2024-08-04T04:50:24.914+0000] {logging_mixin.py:188} INFO - [2024-08-04T04:50:24.913+0000] {dagbag.py:545} INFO - Filling up the DagBag from /home/airflow/.local/lib/python3.12/site-packages/airflow/example_dags/example_datasets.py
[2024-08-04T04:50:24.931+0000] {processor.py:840} INFO - DAG(s) 'consume_1_and_2_with_dataset_expressions', 'consume_1_or_both_2_and_3_with_dataset_expressions', 'dataset_consumes_1', 'conditional_dataset_and_time_based_timetable', 'consume_1_or_2_with_dataset_expressions', 'dataset_consumes_1_never_scheduled', 'dataset_consumes_1_and_2', 'dataset_produces_1', 'dataset_produces_2', 'dataset_consumes_unknown_never_scheduled' retrieved from /home/airflow/.local/lib/python3.12/site-packages/airflow/example_dags/example_datasets.py
[2024-08-04T04:50:24.990+0000] {logging_mixin.py:188} INFO - [2024-08-04T04:50:24.990+0000] {dag.py:3096} INFO - Sync 10 DAGs
[2024-08-04T04:50:25.018+0000] {logging_mixin.py:188} INFO - [2024-08-04T04:50:25.017+0000] {dag.py:3954} INFO - Setting next_dagrun for conditional_dataset_and_time_based_timetable to 2024-07-31 01:00:00+00:00, run_after=2024-07-31 01:00:00+00:00
[2024-08-04T04:50:25.022+0000] {logging_mixin.py:188} INFO - [2024-08-04T04:50:25.022+0000] {dag.py:3954} INFO - Setting next_dagrun for consume_1_and_2_with_dataset_expressions to None, run_after=None
[2024-08-04T04:50:25.024+0000] {logging_mixin.py:188} INFO - [2024-08-04T04:50:25.023+0000] {dag.py:3954} INFO - Setting next_dagrun for consume_1_or_2_with_dataset_expressions to None, run_after=None
[2024-08-04T04:50:25.025+0000] {logging_mixin.py:188} INFO - [2024-08-04T04:50:25.025+0000] {dag.py:3954} INFO - Setting next_dagrun for consume_1_or_both_2_and_3_with_dataset_expressions to None, run_after=None
[2024-08-04T04:50:25.027+0000] {logging_mixin.py:188} INFO - [2024-08-04T04:50:25.026+0000] {dag.py:3954} INFO - Setting next_dagrun for dataset_consumes_1 to None, run_after=None
[2024-08-04T04:50:25.028+0000] {logging_mixin.py:188} INFO - [2024-08-04T04:50:25.028+0000] {dag.py:3954} INFO - Setting next_dagrun for dataset_consumes_1_and_2 to None, run_after=None
[2024-08-04T04:50:25.029+0000] {logging_mixin.py:188} INFO - [2024-08-04T04:50:25.029+0000] {dag.py:3954} INFO - Setting next_dagrun for dataset_consumes_1_never_scheduled to None, run_after=None
[2024-08-04T04:50:25.030+0000] {logging_mixin.py:188} INFO - [2024-08-04T04:50:25.030+0000] {dag.py:3954} INFO - Setting next_dagrun for dataset_consumes_unknown_never_scheduled to None, run_after=None
[2024-08-04T04:50:25.033+0000] {logging_mixin.py:188} INFO - [2024-08-04T04:50:25.033+0000] {dag.py:3954} INFO - Setting next_dagrun for dataset_produces_1 to 2024-08-03 00:00:00+00:00, run_after=2024-08-04 00:00:00+00:00
[2024-08-04T04:50:25.035+0000] {logging_mixin.py:188} INFO - [2024-08-04T04:50:25.035+0000] {dag.py:3954} INFO - Setting next_dagrun for dataset_produces_2 to None, run_after=None
[2024-08-04T04:50:25.078+0000] {processor.py:183} INFO - Processing /home/airflow/.local/lib/python3.12/site-packages/airflow/example_dags/example_datasets.py took 0.178 seconds
[2024-08-04T04:50:55.475+0000] {processor.py:161} INFO - Started process (PID=212) to work on /home/airflow/.local/lib/python3.12/site-packages/airflow/example_dags/example_datasets.py
[2024-08-04T04:50:55.476+0000] {processor.py:830} INFO - Processing file /home/airflow/.local/lib/python3.12/site-packages/airflow/example_dags/example_datasets.py for tasks to queue
[2024-08-04T04:50:55.478+0000] {logging_mixin.py:188} INFO - [2024-08-04T04:50:55.477+0000] {dagbag.py:545} INFO - Filling up the DagBag from /home/airflow/.local/lib/python3.12/site-packages/airflow/example_dags/example_datasets.py
[2024-08-04T04:50:55.495+0000] {processor.py:840} INFO - DAG(s) 'dataset_produces_2', 'dataset_produces_1', 'consume_1_or_both_2_and_3_with_dataset_expressions', 'consume_1_and_2_with_dataset_expressions', 'conditional_dataset_and_time_based_timetable', 'consume_1_or_2_with_dataset_expressions', 'dataset_consumes_1_never_scheduled', 'dataset_consumes_1', 'dataset_consumes_unknown_never_scheduled', 'dataset_consumes_1_and_2' retrieved from /home/airflow/.local/lib/python3.12/site-packages/airflow/example_dags/example_datasets.py
[2024-08-04T04:50:55.553+0000] {logging_mixin.py:188} INFO - [2024-08-04T04:50:55.552+0000] {dag.py:3096} INFO - Sync 10 DAGs
[2024-08-04T04:50:55.583+0000] {logging_mixin.py:188} INFO - [2024-08-04T04:50:55.583+0000] {dag.py:3954} INFO - Setting next_dagrun for conditional_dataset_and_time_based_timetable to 2024-07-31 01:00:00+00:00, run_after=2024-07-31 01:00:00+00:00
[2024-08-04T04:50:55.588+0000] {logging_mixin.py:188} INFO - [2024-08-04T04:50:55.588+0000] {dag.py:3954} INFO - Setting next_dagrun for consume_1_and_2_with_dataset_expressions to None, run_after=None
[2024-08-04T04:50:55.589+0000] {logging_mixin.py:188} INFO - [2024-08-04T04:50:55.589+0000] {dag.py:3954} INFO - Setting next_dagrun for consume_1_or_2_with_dataset_expressions to None, run_after=None
[2024-08-04T04:50:55.591+0000] {logging_mixin.py:188} INFO - [2024-08-04T04:50:55.591+0000] {dag.py:3954} INFO - Setting next_dagrun for consume_1_or_both_2_and_3_with_dataset_expressions to None, run_after=None
[2024-08-04T04:50:55.592+0000] {logging_mixin.py:188} INFO - [2024-08-04T04:50:55.592+0000] {dag.py:3954} INFO - Setting next_dagrun for dataset_consumes_1 to None, run_after=None
[2024-08-04T04:50:55.593+0000] {logging_mixin.py:188} INFO - [2024-08-04T04:50:55.593+0000] {dag.py:3954} INFO - Setting next_dagrun for dataset_consumes_1_and_2 to None, run_after=None
[2024-08-04T04:50:55.595+0000] {logging_mixin.py:188} INFO - [2024-08-04T04:50:55.594+0000] {dag.py:3954} INFO - Setting next_dagrun for dataset_consumes_1_never_scheduled to None, run_after=None
[2024-08-04T04:50:55.596+0000] {logging_mixin.py:188} INFO - [2024-08-04T04:50:55.596+0000] {dag.py:3954} INFO - Setting next_dagrun for dataset_consumes_unknown_never_scheduled to None, run_after=None
[2024-08-04T04:50:55.600+0000] {logging_mixin.py:188} INFO - [2024-08-04T04:50:55.599+0000] {dag.py:3954} INFO - Setting next_dagrun for dataset_produces_1 to 2024-08-03 00:00:00+00:00, run_after=2024-08-04 00:00:00+00:00
[2024-08-04T04:50:55.601+0000] {logging_mixin.py:188} INFO - [2024-08-04T04:50:55.601+0000] {dag.py:3954} INFO - Setting next_dagrun for dataset_produces_2 to None, run_after=None
[2024-08-04T04:50:55.646+0000] {processor.py:183} INFO - Processing /home/airflow/.local/lib/python3.12/site-packages/airflow/example_dags/example_datasets.py took 0.177 seconds
[2024-08-04T04:51:25.732+0000] {processor.py:161} INFO - Started process (PID=270) to work on /home/airflow/.local/lib/python3.12/site-packages/airflow/example_dags/example_datasets.py
[2024-08-04T04:51:25.741+0000] {processor.py:830} INFO - Processing file /home/airflow/.local/lib/python3.12/site-packages/airflow/example_dags/example_datasets.py for tasks to queue
[2024-08-04T04:51:25.743+0000] {logging_mixin.py:188} INFO - [2024-08-04T04:51:25.743+0000] {dagbag.py:545} INFO - Filling up the DagBag from /home/airflow/.local/lib/python3.12/site-packages/airflow/example_dags/example_datasets.py
[2024-08-04T04:51:25.792+0000] {processor.py:840} INFO - DAG(s) 'consume_1_or_both_2_and_3_with_dataset_expressions', 'dataset_consumes_1_and_2', 'dataset_consumes_unknown_never_scheduled', 'dataset_produces_2', 'consume_1_and_2_with_dataset_expressions', 'conditional_dataset_and_time_based_timetable', 'consume_1_or_2_with_dataset_expressions', 'dataset_consumes_1_never_scheduled', 'dataset_consumes_1', 'dataset_produces_1' retrieved from /home/airflow/.local/lib/python3.12/site-packages/airflow/example_dags/example_datasets.py
[2024-08-04T04:51:25.980+0000] {logging_mixin.py:188} INFO - [2024-08-04T04:51:25.980+0000] {dag.py:3096} INFO - Sync 10 DAGs
[2024-08-04T04:51:26.092+0000] {logging_mixin.py:188} INFO - [2024-08-04T04:51:26.092+0000] {dag.py:3954} INFO - Setting next_dagrun for conditional_dataset_and_time_based_timetable to 2024-07-31 01:00:00+00:00, run_after=2024-07-31 01:00:00+00:00
[2024-08-04T04:51:26.122+0000] {logging_mixin.py:188} INFO - [2024-08-04T04:51:26.122+0000] {dag.py:3954} INFO - Setting next_dagrun for consume_1_and_2_with_dataset_expressions to None, run_after=None
[2024-08-04T04:51:26.126+0000] {logging_mixin.py:188} INFO - [2024-08-04T04:51:26.126+0000] {dag.py:3954} INFO - Setting next_dagrun for consume_1_or_2_with_dataset_expressions to None, run_after=None
[2024-08-04T04:51:26.127+0000] {logging_mixin.py:188} INFO - [2024-08-04T04:51:26.127+0000] {dag.py:3954} INFO - Setting next_dagrun for consume_1_or_both_2_and_3_with_dataset_expressions to None, run_after=None
[2024-08-04T04:51:26.128+0000] {logging_mixin.py:188} INFO - [2024-08-04T04:51:26.128+0000] {dag.py:3954} INFO - Setting next_dagrun for dataset_consumes_1 to None, run_after=None
[2024-08-04T04:51:26.135+0000] {logging_mixin.py:188} INFO - [2024-08-04T04:51:26.135+0000] {dag.py:3954} INFO - Setting next_dagrun for dataset_consumes_1_and_2 to None, run_after=None
[2024-08-04T04:51:26.149+0000] {logging_mixin.py:188} INFO - [2024-08-04T04:51:26.148+0000] {dag.py:3954} INFO - Setting next_dagrun for dataset_consumes_1_never_scheduled to None, run_after=None
[2024-08-04T04:51:26.151+0000] {logging_mixin.py:188} INFO - [2024-08-04T04:51:26.151+0000] {dag.py:3954} INFO - Setting next_dagrun for dataset_consumes_unknown_never_scheduled to None, run_after=None
[2024-08-04T04:51:26.160+0000] {logging_mixin.py:188} INFO - [2024-08-04T04:51:26.160+0000] {dag.py:3954} INFO - Setting next_dagrun for dataset_produces_1 to 2024-08-03 00:00:00+00:00, run_after=2024-08-04 00:00:00+00:00
[2024-08-04T04:51:26.165+0000] {logging_mixin.py:188} INFO - [2024-08-04T04:51:26.165+0000] {dag.py:3954} INFO - Setting next_dagrun for dataset_produces_2 to None, run_after=None
[2024-08-04T04:51:26.309+0000] {processor.py:183} INFO - Processing /home/airflow/.local/lib/python3.12/site-packages/airflow/example_dags/example_datasets.py took 0.592 seconds
[2024-08-04T04:51:56.813+0000] {processor.py:161} INFO - Started process (PID=328) to work on /home/airflow/.local/lib/python3.12/site-packages/airflow/example_dags/example_datasets.py
[2024-08-04T04:51:56.814+0000] {processor.py:830} INFO - Processing file /home/airflow/.local/lib/python3.12/site-packages/airflow/example_dags/example_datasets.py for tasks to queue
[2024-08-04T04:51:56.815+0000] {logging_mixin.py:188} INFO - [2024-08-04T04:51:56.815+0000] {dagbag.py:545} INFO - Filling up the DagBag from /home/airflow/.local/lib/python3.12/site-packages/airflow/example_dags/example_datasets.py
[2024-08-04T04:51:56.835+0000] {processor.py:840} INFO - DAG(s) 'dataset_consumes_1_and_2', 'dataset_consumes_1_never_scheduled', 'dataset_consumes_1', 'dataset_produces_2', 'consume_1_or_2_with_dataset_expressions', 'dataset_produces_1', 'conditional_dataset_and_time_based_timetable', 'dataset_consumes_unknown_never_scheduled', 'consume_1_or_both_2_and_3_with_dataset_expressions', 'consume_1_and_2_with_dataset_expressions' retrieved from /home/airflow/.local/lib/python3.12/site-packages/airflow/example_dags/example_datasets.py
[2024-08-04T04:51:56.890+0000] {logging_mixin.py:188} INFO - [2024-08-04T04:51:56.889+0000] {dag.py:3096} INFO - Sync 10 DAGs
[2024-08-04T04:51:56.918+0000] {logging_mixin.py:188} INFO - [2024-08-04T04:51:56.918+0000] {dag.py:3954} INFO - Setting next_dagrun for conditional_dataset_and_time_based_timetable to 2024-07-31 01:00:00+00:00, run_after=2024-07-31 01:00:00+00:00
[2024-08-04T04:51:56.923+0000] {logging_mixin.py:188} INFO - [2024-08-04T04:51:56.923+0000] {dag.py:3954} INFO - Setting next_dagrun for consume_1_and_2_with_dataset_expressions to None, run_after=None
[2024-08-04T04:51:56.924+0000] {logging_mixin.py:188} INFO - [2024-08-04T04:51:56.924+0000] {dag.py:3954} INFO - Setting next_dagrun for consume_1_or_2_with_dataset_expressions to None, run_after=None
[2024-08-04T04:51:56.925+0000] {logging_mixin.py:188} INFO - [2024-08-04T04:51:56.925+0000] {dag.py:3954} INFO - Setting next_dagrun for consume_1_or_both_2_and_3_with_dataset_expressions to None, run_after=None
[2024-08-04T04:51:56.927+0000] {logging_mixin.py:188} INFO - [2024-08-04T04:51:56.927+0000] {dag.py:3954} INFO - Setting next_dagrun for dataset_consumes_1 to None, run_after=None
[2024-08-04T04:51:56.928+0000] {logging_mixin.py:188} INFO - [2024-08-04T04:51:56.928+0000] {dag.py:3954} INFO - Setting next_dagrun for dataset_consumes_1_and_2 to None, run_after=None
[2024-08-04T04:51:56.929+0000] {logging_mixin.py:188} INFO - [2024-08-04T04:51:56.929+0000] {dag.py:3954} INFO - Setting next_dagrun for dataset_consumes_1_never_scheduled to None, run_after=None
[2024-08-04T04:51:56.931+0000] {logging_mixin.py:188} INFO - [2024-08-04T04:51:56.930+0000] {dag.py:3954} INFO - Setting next_dagrun for dataset_consumes_unknown_never_scheduled to None, run_after=None
[2024-08-04T04:51:56.934+0000] {logging_mixin.py:188} INFO - [2024-08-04T04:51:56.933+0000] {dag.py:3954} INFO - Setting next_dagrun for dataset_produces_1 to 2024-08-03 00:00:00+00:00, run_after=2024-08-04 00:00:00+00:00
[2024-08-04T04:51:56.935+0000] {logging_mixin.py:188} INFO - [2024-08-04T04:51:56.935+0000] {dag.py:3954} INFO - Setting next_dagrun for dataset_produces_2 to None, run_after=None
[2024-08-04T04:51:56.980+0000] {processor.py:183} INFO - Processing /home/airflow/.local/lib/python3.12/site-packages/airflow/example_dags/example_datasets.py took 0.173 seconds
[2024-08-04T04:52:27.083+0000] {processor.py:161} INFO - Started process (PID=386) to work on /home/airflow/.local/lib/python3.12/site-packages/airflow/example_dags/example_datasets.py
[2024-08-04T04:52:27.084+0000] {processor.py:830} INFO - Processing file /home/airflow/.local/lib/python3.12/site-packages/airflow/example_dags/example_datasets.py for tasks to queue
[2024-08-04T04:52:27.085+0000] {logging_mixin.py:188} INFO - [2024-08-04T04:52:27.085+0000] {dagbag.py:545} INFO - Filling up the DagBag from /home/airflow/.local/lib/python3.12/site-packages/airflow/example_dags/example_datasets.py
[2024-08-04T04:52:27.103+0000] {processor.py:840} INFO - DAG(s) 'dataset_consumes_1', 'consume_1_or_2_with_dataset_expressions', 'dataset_consumes_1_and_2', 'conditional_dataset_and_time_based_timetable', 'dataset_produces_1', 'dataset_consumes_1_never_scheduled', 'consume_1_or_both_2_and_3_with_dataset_expressions', 'dataset_produces_2', 'consume_1_and_2_with_dataset_expressions', 'dataset_consumes_unknown_never_scheduled' retrieved from /home/airflow/.local/lib/python3.12/site-packages/airflow/example_dags/example_datasets.py
[2024-08-04T04:52:27.162+0000] {logging_mixin.py:188} INFO - [2024-08-04T04:52:27.161+0000] {dag.py:3096} INFO - Sync 10 DAGs
[2024-08-04T04:52:27.191+0000] {logging_mixin.py:188} INFO - [2024-08-04T04:52:27.190+0000] {dag.py:3954} INFO - Setting next_dagrun for conditional_dataset_and_time_based_timetable to 2024-07-31 01:00:00+00:00, run_after=2024-07-31 01:00:00+00:00
[2024-08-04T04:52:27.195+0000] {logging_mixin.py:188} INFO - [2024-08-04T04:52:27.195+0000] {dag.py:3954} INFO - Setting next_dagrun for consume_1_and_2_with_dataset_expressions to None, run_after=None
[2024-08-04T04:52:27.197+0000] {logging_mixin.py:188} INFO - [2024-08-04T04:52:27.197+0000] {dag.py:3954} INFO - Setting next_dagrun for consume_1_or_2_with_dataset_expressions to None, run_after=None
[2024-08-04T04:52:27.198+0000] {logging_mixin.py:188} INFO - [2024-08-04T04:52:27.198+0000] {dag.py:3954} INFO - Setting next_dagrun for consume_1_or_both_2_and_3_with_dataset_expressions to None, run_after=None
[2024-08-04T04:52:27.200+0000] {logging_mixin.py:188} INFO - [2024-08-04T04:52:27.200+0000] {dag.py:3954} INFO - Setting next_dagrun for dataset_consumes_1 to None, run_after=None
[2024-08-04T04:52:27.202+0000] {logging_mixin.py:188} INFO - [2024-08-04T04:52:27.201+0000] {dag.py:3954} INFO - Setting next_dagrun for dataset_consumes_1_and_2 to None, run_after=None
[2024-08-04T04:52:27.203+0000] {logging_mixin.py:188} INFO - [2024-08-04T04:52:27.203+0000] {dag.py:3954} INFO - Setting next_dagrun for dataset_consumes_1_never_scheduled to None, run_after=None
[2024-08-04T04:52:27.204+0000] {logging_mixin.py:188} INFO - [2024-08-04T04:52:27.204+0000] {dag.py:3954} INFO - Setting next_dagrun for dataset_consumes_unknown_never_scheduled to None, run_after=None
[2024-08-04T04:52:27.207+0000] {logging_mixin.py:188} INFO - [2024-08-04T04:52:27.207+0000] {dag.py:3954} INFO - Setting next_dagrun for dataset_produces_1 to 2024-08-03 00:00:00+00:00, run_after=2024-08-04 00:00:00+00:00
[2024-08-04T04:52:27.209+0000] {logging_mixin.py:188} INFO - [2024-08-04T04:52:27.209+0000] {dag.py:3954} INFO - Setting next_dagrun for dataset_produces_2 to None, run_after=None
[2024-08-04T04:52:27.251+0000] {processor.py:183} INFO - Processing /home/airflow/.local/lib/python3.12/site-packages/airflow/example_dags/example_datasets.py took 0.174 seconds
[2024-08-04T04:52:57.314+0000] {processor.py:161} INFO - Started process (PID=445) to work on /home/airflow/.local/lib/python3.12/site-packages/airflow/example_dags/example_datasets.py
[2024-08-04T04:52:57.315+0000] {processor.py:830} INFO - Processing file /home/airflow/.local/lib/python3.12/site-packages/airflow/example_dags/example_datasets.py for tasks to queue
[2024-08-04T04:52:57.317+0000] {logging_mixin.py:188} INFO - [2024-08-04T04:52:57.317+0000] {dagbag.py:545} INFO - Filling up the DagBag from /home/airflow/.local/lib/python3.12/site-packages/airflow/example_dags/example_datasets.py
[2024-08-04T04:52:57.333+0000] {processor.py:840} INFO - DAG(s) 'dataset_consumes_1_and_2', 'consume_1_and_2_with_dataset_expressions', 'consume_1_or_both_2_and_3_with_dataset_expressions', 'dataset_consumes_unknown_never_scheduled', 'dataset_consumes_1', 'conditional_dataset_and_time_based_timetable', 'dataset_produces_2', 'consume_1_or_2_with_dataset_expressions', 'dataset_consumes_1_never_scheduled', 'dataset_produces_1' retrieved from /home/airflow/.local/lib/python3.12/site-packages/airflow/example_dags/example_datasets.py
[2024-08-04T04:52:57.392+0000] {logging_mixin.py:188} INFO - [2024-08-04T04:52:57.392+0000] {dag.py:3096} INFO - Sync 10 DAGs
[2024-08-04T04:52:57.421+0000] {logging_mixin.py:188} INFO - [2024-08-04T04:52:57.421+0000] {dag.py:3954} INFO - Setting next_dagrun for conditional_dataset_and_time_based_timetable to 2024-07-31 01:00:00+00:00, run_after=2024-07-31 01:00:00+00:00
[2024-08-04T04:52:57.426+0000] {logging_mixin.py:188} INFO - [2024-08-04T04:52:57.425+0000] {dag.py:3954} INFO - Setting next_dagrun for consume_1_and_2_with_dataset_expressions to None, run_after=None
[2024-08-04T04:52:57.427+0000] {logging_mixin.py:188} INFO - [2024-08-04T04:52:57.427+0000] {dag.py:3954} INFO - Setting next_dagrun for consume_1_or_2_with_dataset_expressions to None, run_after=None
[2024-08-04T04:52:57.428+0000] {logging_mixin.py:188} INFO - [2024-08-04T04:52:57.428+0000] {dag.py:3954} INFO - Setting next_dagrun for consume_1_or_both_2_and_3_with_dataset_expressions to None, run_after=None
[2024-08-04T04:52:57.429+0000] {logging_mixin.py:188} INFO - [2024-08-04T04:52:57.429+0000] {dag.py:3954} INFO - Setting next_dagrun for dataset_consumes_1 to None, run_after=None
[2024-08-04T04:52:57.431+0000] {logging_mixin.py:188} INFO - [2024-08-04T04:52:57.430+0000] {dag.py:3954} INFO - Setting next_dagrun for dataset_consumes_1_and_2 to None, run_after=None
[2024-08-04T04:52:57.432+0000] {logging_mixin.py:188} INFO - [2024-08-04T04:52:57.432+0000] {dag.py:3954} INFO - Setting next_dagrun for dataset_consumes_1_never_scheduled to None, run_after=None
[2024-08-04T04:52:57.433+0000] {logging_mixin.py:188} INFO - [2024-08-04T04:52:57.433+0000] {dag.py:3954} INFO - Setting next_dagrun for dataset_consumes_unknown_never_scheduled to None, run_after=None
[2024-08-04T04:52:57.436+0000] {logging_mixin.py:188} INFO - [2024-08-04T04:52:57.436+0000] {dag.py:3954} INFO - Setting next_dagrun for dataset_produces_1 to 2024-08-03 00:00:00+00:00, run_after=2024-08-04 00:00:00+00:00
[2024-08-04T04:52:57.437+0000] {logging_mixin.py:188} INFO - [2024-08-04T04:52:57.437+0000] {dag.py:3954} INFO - Setting next_dagrun for dataset_produces_2 to None, run_after=None
[2024-08-04T04:52:57.480+0000] {processor.py:183} INFO - Processing /home/airflow/.local/lib/python3.12/site-packages/airflow/example_dags/example_datasets.py took 0.173 seconds
[2024-08-04T04:53:27.600+0000] {processor.py:161} INFO - Started process (PID=503) to work on /home/airflow/.local/lib/python3.12/site-packages/airflow/example_dags/example_datasets.py
[2024-08-04T04:53:27.603+0000] {processor.py:830} INFO - Processing file /home/airflow/.local/lib/python3.12/site-packages/airflow/example_dags/example_datasets.py for tasks to queue
[2024-08-04T04:53:27.605+0000] {logging_mixin.py:188} INFO - [2024-08-04T04:53:27.605+0000] {dagbag.py:545} INFO - Filling up the DagBag from /home/airflow/.local/lib/python3.12/site-packages/airflow/example_dags/example_datasets.py
[2024-08-04T04:53:27.622+0000] {processor.py:840} INFO - DAG(s) 'dataset_produces_2', 'dataset_consumes_1_never_scheduled', 'dataset_produces_1', 'dataset_consumes_1_and_2', 'conditional_dataset_and_time_based_timetable', 'dataset_consumes_unknown_never_scheduled', 'consume_1_or_both_2_and_3_with_dataset_expressions', 'dataset_consumes_1', 'consume_1_or_2_with_dataset_expressions', 'consume_1_and_2_with_dataset_expressions' retrieved from /home/airflow/.local/lib/python3.12/site-packages/airflow/example_dags/example_datasets.py
[2024-08-04T04:53:27.679+0000] {logging_mixin.py:188} INFO - [2024-08-04T04:53:27.679+0000] {dag.py:3096} INFO - Sync 10 DAGs
[2024-08-04T04:53:27.710+0000] {logging_mixin.py:188} INFO - [2024-08-04T04:53:27.709+0000] {dag.py:3954} INFO - Setting next_dagrun for conditional_dataset_and_time_based_timetable to 2024-07-31 01:00:00+00:00, run_after=2024-07-31 01:00:00+00:00
[2024-08-04T04:53:27.720+0000] {logging_mixin.py:188} INFO - [2024-08-04T04:53:27.719+0000] {dag.py:3954} INFO - Setting next_dagrun for consume_1_and_2_with_dataset_expressions to None, run_after=None
[2024-08-04T04:53:27.721+0000] {logging_mixin.py:188} INFO - [2024-08-04T04:53:27.721+0000] {dag.py:3954} INFO - Setting next_dagrun for consume_1_or_2_with_dataset_expressions to None, run_after=None
[2024-08-04T04:53:27.723+0000] {logging_mixin.py:188} INFO - [2024-08-04T04:53:27.722+0000] {dag.py:3954} INFO - Setting next_dagrun for consume_1_or_both_2_and_3_with_dataset_expressions to None, run_after=None
[2024-08-04T04:53:27.724+0000] {logging_mixin.py:188} INFO - [2024-08-04T04:53:27.724+0000] {dag.py:3954} INFO - Setting next_dagrun for dataset_consumes_1 to None, run_after=None
[2024-08-04T04:53:27.725+0000] {logging_mixin.py:188} INFO - [2024-08-04T04:53:27.725+0000] {dag.py:3954} INFO - Setting next_dagrun for dataset_consumes_1_and_2 to None, run_after=None
[2024-08-04T04:53:27.727+0000] {logging_mixin.py:188} INFO - [2024-08-04T04:53:27.727+0000] {dag.py:3954} INFO - Setting next_dagrun for dataset_consumes_1_never_scheduled to None, run_after=None
[2024-08-04T04:53:27.728+0000] {logging_mixin.py:188} INFO - [2024-08-04T04:53:27.728+0000] {dag.py:3954} INFO - Setting next_dagrun for dataset_consumes_unknown_never_scheduled to None, run_after=None
[2024-08-04T04:53:27.731+0000] {logging_mixin.py:188} INFO - [2024-08-04T04:53:27.731+0000] {dag.py:3954} INFO - Setting next_dagrun for dataset_produces_1 to 2024-08-03 00:00:00+00:00, run_after=2024-08-04 00:00:00+00:00
[2024-08-04T04:53:27.733+0000] {logging_mixin.py:188} INFO - [2024-08-04T04:53:27.733+0000] {dag.py:3954} INFO - Setting next_dagrun for dataset_produces_2 to None, run_after=None
[2024-08-04T04:53:27.775+0000] {processor.py:183} INFO - Processing /home/airflow/.local/lib/python3.12/site-packages/airflow/example_dags/example_datasets.py took 0.181 seconds
[2024-08-04T04:53:58.382+0000] {processor.py:161} INFO - Started process (PID=561) to work on /home/airflow/.local/lib/python3.12/site-packages/airflow/example_dags/example_datasets.py
[2024-08-04T04:53:58.383+0000] {processor.py:830} INFO - Processing file /home/airflow/.local/lib/python3.12/site-packages/airflow/example_dags/example_datasets.py for tasks to queue
[2024-08-04T04:53:58.385+0000] {logging_mixin.py:188} INFO - [2024-08-04T04:53:58.385+0000] {dagbag.py:545} INFO - Filling up the DagBag from /home/airflow/.local/lib/python3.12/site-packages/airflow/example_dags/example_datasets.py
[2024-08-04T04:53:58.402+0000] {processor.py:840} INFO - DAG(s) 'conditional_dataset_and_time_based_timetable', 'dataset_consumes_1', 'dataset_consumes_1_and_2', 'dataset_produces_2', 'consume_1_and_2_with_dataset_expressions', 'dataset_produces_1', 'consume_1_or_both_2_and_3_with_dataset_expressions', 'consume_1_or_2_with_dataset_expressions', 'dataset_consumes_unknown_never_scheduled', 'dataset_consumes_1_never_scheduled' retrieved from /home/airflow/.local/lib/python3.12/site-packages/airflow/example_dags/example_datasets.py
[2024-08-04T04:53:58.458+0000] {logging_mixin.py:188} INFO - [2024-08-04T04:53:58.458+0000] {dag.py:3096} INFO - Sync 10 DAGs
[2024-08-04T04:53:58.487+0000] {logging_mixin.py:188} INFO - [2024-08-04T04:53:58.487+0000] {dag.py:3954} INFO - Setting next_dagrun for conditional_dataset_and_time_based_timetable to 2024-07-31 01:00:00+00:00, run_after=2024-07-31 01:00:00+00:00
[2024-08-04T04:53:58.492+0000] {logging_mixin.py:188} INFO - [2024-08-04T04:53:58.491+0000] {dag.py:3954} INFO - Setting next_dagrun for consume_1_and_2_with_dataset_expressions to None, run_after=None
[2024-08-04T04:53:58.493+0000] {logging_mixin.py:188} INFO - [2024-08-04T04:53:58.493+0000] {dag.py:3954} INFO - Setting next_dagrun for consume_1_or_2_with_dataset_expressions to None, run_after=None
[2024-08-04T04:53:58.494+0000] {logging_mixin.py:188} INFO - [2024-08-04T04:53:58.494+0000] {dag.py:3954} INFO - Setting next_dagrun for consume_1_or_both_2_and_3_with_dataset_expressions to None, run_after=None
[2024-08-04T04:53:58.495+0000] {logging_mixin.py:188} INFO - [2024-08-04T04:53:58.495+0000] {dag.py:3954} INFO - Setting next_dagrun for dataset_consumes_1 to None, run_after=None
[2024-08-04T04:53:58.496+0000] {logging_mixin.py:188} INFO - [2024-08-04T04:53:58.496+0000] {dag.py:3954} INFO - Setting next_dagrun for dataset_consumes_1_and_2 to None, run_after=None
[2024-08-04T04:53:58.498+0000] {logging_mixin.py:188} INFO - [2024-08-04T04:53:58.497+0000] {dag.py:3954} INFO - Setting next_dagrun for dataset_consumes_1_never_scheduled to None, run_after=None
[2024-08-04T04:53:58.499+0000] {logging_mixin.py:188} INFO - [2024-08-04T04:53:58.499+0000] {dag.py:3954} INFO - Setting next_dagrun for dataset_consumes_unknown_never_scheduled to None, run_after=None
[2024-08-04T04:53:58.502+0000] {logging_mixin.py:188} INFO - [2024-08-04T04:53:58.502+0000] {dag.py:3954} INFO - Setting next_dagrun for dataset_produces_1 to 2024-08-03 00:00:00+00:00, run_after=2024-08-04 00:00:00+00:00
[2024-08-04T04:53:58.503+0000] {logging_mixin.py:188} INFO - [2024-08-04T04:53:58.503+0000] {dag.py:3954} INFO - Setting next_dagrun for dataset_produces_2 to None, run_after=None
[2024-08-04T04:53:58.556+0000] {processor.py:183} INFO - Processing /home/airflow/.local/lib/python3.12/site-packages/airflow/example_dags/example_datasets.py took 0.180 seconds
[2024-08-04T04:54:28.768+0000] {processor.py:161} INFO - Started process (PID=620) to work on /home/airflow/.local/lib/python3.12/site-packages/airflow/example_dags/example_datasets.py
[2024-08-04T04:54:28.769+0000] {processor.py:830} INFO - Processing file /home/airflow/.local/lib/python3.12/site-packages/airflow/example_dags/example_datasets.py for tasks to queue
[2024-08-04T04:54:28.771+0000] {logging_mixin.py:188} INFO - [2024-08-04T04:54:28.771+0000] {dagbag.py:545} INFO - Filling up the DagBag from /home/airflow/.local/lib/python3.12/site-packages/airflow/example_dags/example_datasets.py
[2024-08-04T04:54:28.788+0000] {processor.py:840} INFO - DAG(s) 'dataset_consumes_1', 'dataset_consumes_1_never_scheduled', 'dataset_produces_2', 'dataset_consumes_unknown_never_scheduled', 'dataset_consumes_1_and_2', 'consume_1_or_both_2_and_3_with_dataset_expressions', 'consume_1_and_2_with_dataset_expressions', 'conditional_dataset_and_time_based_timetable', 'dataset_produces_1', 'consume_1_or_2_with_dataset_expressions' retrieved from /home/airflow/.local/lib/python3.12/site-packages/airflow/example_dags/example_datasets.py
[2024-08-04T04:54:28.871+0000] {logging_mixin.py:188} INFO - [2024-08-04T04:54:28.871+0000] {dag.py:3096} INFO - Sync 10 DAGs
[2024-08-04T04:54:28.903+0000] {logging_mixin.py:188} INFO - [2024-08-04T04:54:28.902+0000] {dag.py:3954} INFO - Setting next_dagrun for conditional_dataset_and_time_based_timetable to 2024-07-31 01:00:00+00:00, run_after=2024-07-31 01:00:00+00:00
[2024-08-04T04:54:28.907+0000] {logging_mixin.py:188} INFO - [2024-08-04T04:54:28.907+0000] {dag.py:3954} INFO - Setting next_dagrun for consume_1_and_2_with_dataset_expressions to None, run_after=None
[2024-08-04T04:54:28.909+0000] {logging_mixin.py:188} INFO - [2024-08-04T04:54:28.908+0000] {dag.py:3954} INFO - Setting next_dagrun for consume_1_or_2_with_dataset_expressions to None, run_after=None
[2024-08-04T04:54:28.910+0000] {logging_mixin.py:188} INFO - [2024-08-04T04:54:28.910+0000] {dag.py:3954} INFO - Setting next_dagrun for consume_1_or_both_2_and_3_with_dataset_expressions to None, run_after=None
[2024-08-04T04:54:28.911+0000] {logging_mixin.py:188} INFO - [2024-08-04T04:54:28.911+0000] {dag.py:3954} INFO - Setting next_dagrun for dataset_consumes_1 to None, run_after=None
[2024-08-04T04:54:28.912+0000] {logging_mixin.py:188} INFO - [2024-08-04T04:54:28.912+0000] {dag.py:3954} INFO - Setting next_dagrun for dataset_consumes_1_and_2 to None, run_after=None
[2024-08-04T04:54:28.914+0000] {logging_mixin.py:188} INFO - [2024-08-04T04:54:28.914+0000] {dag.py:3954} INFO - Setting next_dagrun for dataset_consumes_1_never_scheduled to None, run_after=None
[2024-08-04T04:54:28.915+0000] {logging_mixin.py:188} INFO - [2024-08-04T04:54:28.915+0000] {dag.py:3954} INFO - Setting next_dagrun for dataset_consumes_unknown_never_scheduled to None, run_after=None
[2024-08-04T04:54:28.918+0000] {logging_mixin.py:188} INFO - [2024-08-04T04:54:28.918+0000] {dag.py:3954} INFO - Setting next_dagrun for dataset_produces_1 to 2024-08-03 00:00:00+00:00, run_after=2024-08-04 00:00:00+00:00
[2024-08-04T04:54:28.919+0000] {logging_mixin.py:188} INFO - [2024-08-04T04:54:28.919+0000] {dag.py:3954} INFO - Setting next_dagrun for dataset_produces_2 to None, run_after=None
[2024-08-04T04:54:28.971+0000] {processor.py:183} INFO - Processing /home/airflow/.local/lib/python3.12/site-packages/airflow/example_dags/example_datasets.py took 0.210 seconds
[2024-08-04T04:54:59.318+0000] {processor.py:161} INFO - Started process (PID=680) to work on /home/airflow/.local/lib/python3.12/site-packages/airflow/example_dags/example_datasets.py
[2024-08-04T04:54:59.319+0000] {processor.py:830} INFO - Processing file /home/airflow/.local/lib/python3.12/site-packages/airflow/example_dags/example_datasets.py for tasks to queue
[2024-08-04T04:54:59.320+0000] {logging_mixin.py:188} INFO - [2024-08-04T04:54:59.320+0000] {dagbag.py:545} INFO - Filling up the DagBag from /home/airflow/.local/lib/python3.12/site-packages/airflow/example_dags/example_datasets.py
[2024-08-04T04:54:59.338+0000] {processor.py:840} INFO - DAG(s) 'dataset_consumes_1_never_scheduled', 'dataset_consumes_unknown_never_scheduled', 'dataset_produces_2', 'consume_1_or_2_with_dataset_expressions', 'dataset_produces_1', 'consume_1_or_both_2_and_3_with_dataset_expressions', 'conditional_dataset_and_time_based_timetable', 'consume_1_and_2_with_dataset_expressions', 'dataset_consumes_1_and_2', 'dataset_consumes_1' retrieved from /home/airflow/.local/lib/python3.12/site-packages/airflow/example_dags/example_datasets.py
[2024-08-04T04:54:59.394+0000] {logging_mixin.py:188} INFO - [2024-08-04T04:54:59.394+0000] {dag.py:3096} INFO - Sync 10 DAGs
[2024-08-04T04:54:59.426+0000] {logging_mixin.py:188} INFO - [2024-08-04T04:54:59.426+0000] {dag.py:3954} INFO - Setting next_dagrun for conditional_dataset_and_time_based_timetable to 2024-07-31 01:00:00+00:00, run_after=2024-07-31 01:00:00+00:00
[2024-08-04T04:54:59.431+0000] {logging_mixin.py:188} INFO - [2024-08-04T04:54:59.431+0000] {dag.py:3954} INFO - Setting next_dagrun for consume_1_and_2_with_dataset_expressions to None, run_after=None
[2024-08-04T04:54:59.433+0000] {logging_mixin.py:188} INFO - [2024-08-04T04:54:59.432+0000] {dag.py:3954} INFO - Setting next_dagrun for consume_1_or_2_with_dataset_expressions to None, run_after=None
[2024-08-04T04:54:59.434+0000] {logging_mixin.py:188} INFO - [2024-08-04T04:54:59.434+0000] {dag.py:3954} INFO - Setting next_dagrun for consume_1_or_both_2_and_3_with_dataset_expressions to None, run_after=None
[2024-08-04T04:54:59.446+0000] {logging_mixin.py:188} INFO - [2024-08-04T04:54:59.446+0000] {dag.py:3954} INFO - Setting next_dagrun for dataset_consumes_1 to None, run_after=None
[2024-08-04T04:54:59.448+0000] {logging_mixin.py:188} INFO - [2024-08-04T04:54:59.447+0000] {dag.py:3954} INFO - Setting next_dagrun for dataset_consumes_1_and_2 to None, run_after=None
[2024-08-04T04:54:59.449+0000] {logging_mixin.py:188} INFO - [2024-08-04T04:54:59.449+0000] {dag.py:3954} INFO - Setting next_dagrun for dataset_consumes_1_never_scheduled to None, run_after=None
[2024-08-04T04:54:59.450+0000] {logging_mixin.py:188} INFO - [2024-08-04T04:54:59.450+0000] {dag.py:3954} INFO - Setting next_dagrun for dataset_consumes_unknown_never_scheduled to None, run_after=None
[2024-08-04T04:54:59.454+0000] {logging_mixin.py:188} INFO - [2024-08-04T04:54:59.453+0000] {dag.py:3954} INFO - Setting next_dagrun for dataset_produces_1 to 2024-08-03 00:00:00+00:00, run_after=2024-08-04 00:00:00+00:00
[2024-08-04T04:54:59.455+0000] {logging_mixin.py:188} INFO - [2024-08-04T04:54:59.455+0000] {dag.py:3954} INFO - Setting next_dagrun for dataset_produces_2 to None, run_after=None
[2024-08-04T04:54:59.500+0000] {processor.py:183} INFO - Processing /home/airflow/.local/lib/python3.12/site-packages/airflow/example_dags/example_datasets.py took 0.189 seconds
[2024-08-04T04:55:30.362+0000] {processor.py:161} INFO - Started process (PID=739) to work on /home/airflow/.local/lib/python3.12/site-packages/airflow/example_dags/example_datasets.py
[2024-08-04T04:55:30.367+0000] {processor.py:830} INFO - Processing file /home/airflow/.local/lib/python3.12/site-packages/airflow/example_dags/example_datasets.py for tasks to queue
[2024-08-04T04:55:30.373+0000] {logging_mixin.py:188} INFO - [2024-08-04T04:55:30.373+0000] {dagbag.py:545} INFO - Filling up the DagBag from /home/airflow/.local/lib/python3.12/site-packages/airflow/example_dags/example_datasets.py
[2024-08-04T04:55:30.398+0000] {processor.py:840} INFO - DAG(s) 'conditional_dataset_and_time_based_timetable', 'consume_1_or_both_2_and_3_with_dataset_expressions', 'consume_1_and_2_with_dataset_expressions', 'dataset_consumes_1', 'consume_1_or_2_with_dataset_expressions', 'dataset_consumes_1_and_2', 'dataset_produces_2', 'dataset_consumes_unknown_never_scheduled', 'dataset_produces_1', 'dataset_consumes_1_never_scheduled' retrieved from /home/airflow/.local/lib/python3.12/site-packages/airflow/example_dags/example_datasets.py
[2024-08-04T04:55:30.477+0000] {logging_mixin.py:188} INFO - [2024-08-04T04:55:30.477+0000] {dag.py:3096} INFO - Sync 10 DAGs
[2024-08-04T04:55:30.511+0000] {logging_mixin.py:188} INFO - [2024-08-04T04:55:30.511+0000] {dag.py:3954} INFO - Setting next_dagrun for conditional_dataset_and_time_based_timetable to 2024-07-31 01:00:00+00:00, run_after=2024-07-31 01:00:00+00:00
[2024-08-04T04:55:30.516+0000] {logging_mixin.py:188} INFO - [2024-08-04T04:55:30.515+0000] {dag.py:3954} INFO - Setting next_dagrun for consume_1_and_2_with_dataset_expressions to None, run_after=None
[2024-08-04T04:55:30.517+0000] {logging_mixin.py:188} INFO - [2024-08-04T04:55:30.517+0000] {dag.py:3954} INFO - Setting next_dagrun for consume_1_or_2_with_dataset_expressions to None, run_after=None
[2024-08-04T04:55:30.518+0000] {logging_mixin.py:188} INFO - [2024-08-04T04:55:30.518+0000] {dag.py:3954} INFO - Setting next_dagrun for consume_1_or_both_2_and_3_with_dataset_expressions to None, run_after=None
[2024-08-04T04:55:30.519+0000] {logging_mixin.py:188} INFO - [2024-08-04T04:55:30.519+0000] {dag.py:3954} INFO - Setting next_dagrun for dataset_consumes_1 to None, run_after=None
[2024-08-04T04:55:30.521+0000] {logging_mixin.py:188} INFO - [2024-08-04T04:55:30.521+0000] {dag.py:3954} INFO - Setting next_dagrun for dataset_consumes_1_and_2 to None, run_after=None
[2024-08-04T04:55:30.522+0000] {logging_mixin.py:188} INFO - [2024-08-04T04:55:30.522+0000] {dag.py:3954} INFO - Setting next_dagrun for dataset_consumes_1_never_scheduled to None, run_after=None
[2024-08-04T04:55:30.523+0000] {logging_mixin.py:188} INFO - [2024-08-04T04:55:30.523+0000] {dag.py:3954} INFO - Setting next_dagrun for dataset_consumes_unknown_never_scheduled to None, run_after=None
[2024-08-04T04:55:30.526+0000] {logging_mixin.py:188} INFO - [2024-08-04T04:55:30.526+0000] {dag.py:3954} INFO - Setting next_dagrun for dataset_produces_1 to 2024-08-03 00:00:00+00:00, run_after=2024-08-04 00:00:00+00:00
[2024-08-04T04:55:30.528+0000] {logging_mixin.py:188} INFO - [2024-08-04T04:55:30.527+0000] {dag.py:3954} INFO - Setting next_dagrun for dataset_produces_2 to None, run_after=None
[2024-08-04T04:55:30.570+0000] {processor.py:183} INFO - Processing /home/airflow/.local/lib/python3.12/site-packages/airflow/example_dags/example_datasets.py took 0.229 seconds
[2024-08-04T04:56:01.013+0000] {processor.py:161} INFO - Started process (PID=804) to work on /home/airflow/.local/lib/python3.12/site-packages/airflow/example_dags/example_datasets.py
[2024-08-04T04:56:01.024+0000] {processor.py:830} INFO - Processing file /home/airflow/.local/lib/python3.12/site-packages/airflow/example_dags/example_datasets.py for tasks to queue
[2024-08-04T04:56:01.044+0000] {logging_mixin.py:188} INFO - [2024-08-04T04:56:01.044+0000] {dagbag.py:545} INFO - Filling up the DagBag from /home/airflow/.local/lib/python3.12/site-packages/airflow/example_dags/example_datasets.py
[2024-08-04T04:56:01.090+0000] {processor.py:840} INFO - DAG(s) 'dataset_consumes_unknown_never_scheduled', 'dataset_consumes_1_and_2', 'consume_1_or_both_2_and_3_with_dataset_expressions', 'consume_1_and_2_with_dataset_expressions', 'dataset_consumes_1', 'dataset_produces_1', 'consume_1_or_2_with_dataset_expressions', 'conditional_dataset_and_time_based_timetable', 'dataset_produces_2', 'dataset_consumes_1_never_scheduled' retrieved from /home/airflow/.local/lib/python3.12/site-packages/airflow/example_dags/example_datasets.py
[2024-08-04T04:56:01.281+0000] {logging_mixin.py:188} INFO - [2024-08-04T04:56:01.280+0000] {dag.py:3096} INFO - Sync 10 DAGs
[2024-08-04T04:56:01.406+0000] {logging_mixin.py:188} INFO - [2024-08-04T04:56:01.406+0000] {dag.py:3954} INFO - Setting next_dagrun for conditional_dataset_and_time_based_timetable to 2024-07-31 01:00:00+00:00, run_after=2024-07-31 01:00:00+00:00
[2024-08-04T04:56:01.430+0000] {logging_mixin.py:188} INFO - [2024-08-04T04:56:01.430+0000] {dag.py:3954} INFO - Setting next_dagrun for consume_1_and_2_with_dataset_expressions to None, run_after=None
[2024-08-04T04:56:01.432+0000] {logging_mixin.py:188} INFO - [2024-08-04T04:56:01.432+0000] {dag.py:3954} INFO - Setting next_dagrun for consume_1_or_2_with_dataset_expressions to None, run_after=None
[2024-08-04T04:56:01.435+0000] {logging_mixin.py:188} INFO - [2024-08-04T04:56:01.434+0000] {dag.py:3954} INFO - Setting next_dagrun for consume_1_or_both_2_and_3_with_dataset_expressions to None, run_after=None
[2024-08-04T04:56:01.449+0000] {logging_mixin.py:188} INFO - [2024-08-04T04:56:01.449+0000] {dag.py:3954} INFO - Setting next_dagrun for dataset_consumes_1 to None, run_after=None
[2024-08-04T04:56:01.451+0000] {logging_mixin.py:188} INFO - [2024-08-04T04:56:01.450+0000] {dag.py:3954} INFO - Setting next_dagrun for dataset_consumes_1_and_2 to None, run_after=None
[2024-08-04T04:56:01.460+0000] {logging_mixin.py:188} INFO - [2024-08-04T04:56:01.459+0000] {dag.py:3954} INFO - Setting next_dagrun for dataset_consumes_1_never_scheduled to None, run_after=None
[2024-08-04T04:56:01.462+0000] {logging_mixin.py:188} INFO - [2024-08-04T04:56:01.461+0000] {dag.py:3954} INFO - Setting next_dagrun for dataset_consumes_unknown_never_scheduled to None, run_after=None
[2024-08-04T04:56:01.475+0000] {logging_mixin.py:188} INFO - [2024-08-04T04:56:01.475+0000] {dag.py:3954} INFO - Setting next_dagrun for dataset_produces_1 to 2024-08-03 00:00:00+00:00, run_after=2024-08-04 00:00:00+00:00
[2024-08-04T04:56:01.482+0000] {logging_mixin.py:188} INFO - [2024-08-04T04:56:01.482+0000] {dag.py:3954} INFO - Setting next_dagrun for dataset_produces_2 to None, run_after=None
[2024-08-04T04:56:01.695+0000] {processor.py:183} INFO - Processing /home/airflow/.local/lib/python3.12/site-packages/airflow/example_dags/example_datasets.py took 0.688 seconds
[2024-08-04T04:56:32.327+0000] {processor.py:161} INFO - Started process (PID=863) to work on /home/airflow/.local/lib/python3.12/site-packages/airflow/example_dags/example_datasets.py
[2024-08-04T04:56:32.328+0000] {processor.py:830} INFO - Processing file /home/airflow/.local/lib/python3.12/site-packages/airflow/example_dags/example_datasets.py for tasks to queue
[2024-08-04T04:56:32.330+0000] {logging_mixin.py:188} INFO - [2024-08-04T04:56:32.330+0000] {dagbag.py:545} INFO - Filling up the DagBag from /home/airflow/.local/lib/python3.12/site-packages/airflow/example_dags/example_datasets.py
[2024-08-04T04:56:32.349+0000] {processor.py:840} INFO - DAG(s) 'dataset_produces_1', 'consume_1_or_both_2_and_3_with_dataset_expressions', 'consume_1_or_2_with_dataset_expressions', 'consume_1_and_2_with_dataset_expressions', 'dataset_consumes_unknown_never_scheduled', 'dataset_consumes_1_never_scheduled', 'dataset_produces_2', 'dataset_consumes_1_and_2', 'conditional_dataset_and_time_based_timetable', 'dataset_consumes_1' retrieved from /home/airflow/.local/lib/python3.12/site-packages/airflow/example_dags/example_datasets.py
[2024-08-04T04:56:32.409+0000] {logging_mixin.py:188} INFO - [2024-08-04T04:56:32.409+0000] {dag.py:3096} INFO - Sync 10 DAGs
[2024-08-04T04:56:32.438+0000] {logging_mixin.py:188} INFO - [2024-08-04T04:56:32.437+0000] {dag.py:3954} INFO - Setting next_dagrun for conditional_dataset_and_time_based_timetable to 2024-07-31 01:00:00+00:00, run_after=2024-07-31 01:00:00+00:00
[2024-08-04T04:56:32.442+0000] {logging_mixin.py:188} INFO - [2024-08-04T04:56:32.442+0000] {dag.py:3954} INFO - Setting next_dagrun for consume_1_and_2_with_dataset_expressions to None, run_after=None
[2024-08-04T04:56:32.444+0000] {logging_mixin.py:188} INFO - [2024-08-04T04:56:32.443+0000] {dag.py:3954} INFO - Setting next_dagrun for consume_1_or_2_with_dataset_expressions to None, run_after=None
[2024-08-04T04:56:32.450+0000] {logging_mixin.py:188} INFO - [2024-08-04T04:56:32.450+0000] {dag.py:3954} INFO - Setting next_dagrun for consume_1_or_both_2_and_3_with_dataset_expressions to None, run_after=None
[2024-08-04T04:56:32.451+0000] {logging_mixin.py:188} INFO - [2024-08-04T04:56:32.451+0000] {dag.py:3954} INFO - Setting next_dagrun for dataset_consumes_1 to None, run_after=None
[2024-08-04T04:56:32.453+0000] {logging_mixin.py:188} INFO - [2024-08-04T04:56:32.452+0000] {dag.py:3954} INFO - Setting next_dagrun for dataset_consumes_1_and_2 to None, run_after=None
[2024-08-04T04:56:32.454+0000] {logging_mixin.py:188} INFO - [2024-08-04T04:56:32.454+0000] {dag.py:3954} INFO - Setting next_dagrun for dataset_consumes_1_never_scheduled to None, run_after=None
[2024-08-04T04:56:32.455+0000] {logging_mixin.py:188} INFO - [2024-08-04T04:56:32.455+0000] {dag.py:3954} INFO - Setting next_dagrun for dataset_consumes_unknown_never_scheduled to None, run_after=None
[2024-08-04T04:56:32.463+0000] {logging_mixin.py:188} INFO - [2024-08-04T04:56:32.463+0000] {dag.py:3954} INFO - Setting next_dagrun for dataset_produces_1 to 2024-08-03 00:00:00+00:00, run_after=2024-08-04 00:00:00+00:00
[2024-08-04T04:56:32.465+0000] {logging_mixin.py:188} INFO - [2024-08-04T04:56:32.464+0000] {dag.py:3954} INFO - Setting next_dagrun for dataset_produces_2 to None, run_after=None
[2024-08-04T04:56:32.541+0000] {processor.py:183} INFO - Processing /home/airflow/.local/lib/python3.12/site-packages/airflow/example_dags/example_datasets.py took 0.219 seconds
[2024-08-04T04:57:03.281+0000] {processor.py:161} INFO - Started process (PID=923) to work on /home/airflow/.local/lib/python3.12/site-packages/airflow/example_dags/example_datasets.py
[2024-08-04T04:57:03.282+0000] {processor.py:830} INFO - Processing file /home/airflow/.local/lib/python3.12/site-packages/airflow/example_dags/example_datasets.py for tasks to queue
[2024-08-04T04:57:03.283+0000] {logging_mixin.py:188} INFO - [2024-08-04T04:57:03.283+0000] {dagbag.py:545} INFO - Filling up the DagBag from /home/airflow/.local/lib/python3.12/site-packages/airflow/example_dags/example_datasets.py
[2024-08-04T04:57:03.300+0000] {processor.py:840} INFO - DAG(s) 'dataset_consumes_1_and_2', 'consume_1_and_2_with_dataset_expressions', 'consume_1_or_2_with_dataset_expressions', 'dataset_produces_2', 'dataset_consumes_unknown_never_scheduled', 'conditional_dataset_and_time_based_timetable', 'consume_1_or_both_2_and_3_with_dataset_expressions', 'dataset_produces_1', 'dataset_consumes_1', 'dataset_consumes_1_never_scheduled' retrieved from /home/airflow/.local/lib/python3.12/site-packages/airflow/example_dags/example_datasets.py
[2024-08-04T04:57:03.359+0000] {logging_mixin.py:188} INFO - [2024-08-04T04:57:03.359+0000] {dag.py:3096} INFO - Sync 10 DAGs
[2024-08-04T04:57:03.390+0000] {logging_mixin.py:188} INFO - [2024-08-04T04:57:03.390+0000] {dag.py:3954} INFO - Setting next_dagrun for conditional_dataset_and_time_based_timetable to 2024-07-31 01:00:00+00:00, run_after=2024-07-31 01:00:00+00:00
[2024-08-04T04:57:03.395+0000] {logging_mixin.py:188} INFO - [2024-08-04T04:57:03.395+0000] {dag.py:3954} INFO - Setting next_dagrun for consume_1_and_2_with_dataset_expressions to None, run_after=None
[2024-08-04T04:57:03.397+0000] {logging_mixin.py:188} INFO - [2024-08-04T04:57:03.396+0000] {dag.py:3954} INFO - Setting next_dagrun for consume_1_or_2_with_dataset_expressions to None, run_after=None
[2024-08-04T04:57:03.398+0000] {logging_mixin.py:188} INFO - [2024-08-04T04:57:03.398+0000] {dag.py:3954} INFO - Setting next_dagrun for consume_1_or_both_2_and_3_with_dataset_expressions to None, run_after=None
[2024-08-04T04:57:03.400+0000] {logging_mixin.py:188} INFO - [2024-08-04T04:57:03.399+0000] {dag.py:3954} INFO - Setting next_dagrun for dataset_consumes_1 to None, run_after=None
[2024-08-04T04:57:03.401+0000] {logging_mixin.py:188} INFO - [2024-08-04T04:57:03.401+0000] {dag.py:3954} INFO - Setting next_dagrun for dataset_consumes_1_and_2 to None, run_after=None
[2024-08-04T04:57:03.402+0000] {logging_mixin.py:188} INFO - [2024-08-04T04:57:03.402+0000] {dag.py:3954} INFO - Setting next_dagrun for dataset_consumes_1_never_scheduled to None, run_after=None
[2024-08-04T04:57:03.404+0000] {logging_mixin.py:188} INFO - [2024-08-04T04:57:03.404+0000] {dag.py:3954} INFO - Setting next_dagrun for dataset_consumes_unknown_never_scheduled to None, run_after=None
[2024-08-04T04:57:03.407+0000] {logging_mixin.py:188} INFO - [2024-08-04T04:57:03.407+0000] {dag.py:3954} INFO - Setting next_dagrun for dataset_produces_1 to 2024-08-03 00:00:00+00:00, run_after=2024-08-04 00:00:00+00:00
[2024-08-04T04:57:03.408+0000] {logging_mixin.py:188} INFO - [2024-08-04T04:57:03.408+0000] {dag.py:3954} INFO - Setting next_dagrun for dataset_produces_2 to None, run_after=None
[2024-08-04T04:57:03.452+0000] {processor.py:183} INFO - Processing /home/airflow/.local/lib/python3.12/site-packages/airflow/example_dags/example_datasets.py took 0.177 seconds
