[2024-08-04T04:49:26.529+0000] {processor.py:161} INFO - Started process (PID=46) to work on /home/airflow/.local/lib/python3.12/site-packages/airflow/example_dags/example_short_circuit_decorator.py
[2024-08-04T04:49:26.542+0000] {processor.py:830} INFO - Processing file /home/airflow/.local/lib/python3.12/site-packages/airflow/example_dags/example_short_circuit_decorator.py for tasks to queue
[2024-08-04T04:49:26.552+0000] {logging_mixin.py:188} INFO - [2024-08-04T04:49:26.551+0000] {dagbag.py:545} INFO - Filling up the DagBag from /home/airflow/.local/lib/python3.12/site-packages/airflow/example_dags/example_short_circuit_decorator.py
[2024-08-04T04:49:26.587+0000] {processor.py:840} INFO - DAG(s) 'example_short_circuit_decorator' retrieved from /home/airflow/.local/lib/python3.12/site-packages/airflow/example_dags/example_short_circuit_decorator.py
[2024-08-04T04:49:27.206+0000] {logging_mixin.py:188} INFO - [2024-08-04T04:49:27.205+0000] {dag.py:3096} INFO - Sync 1 DAGs
[2024-08-04T04:49:27.230+0000] {logging_mixin.py:188} INFO - [2024-08-04T04:49:27.230+0000] {dag.py:3954} INFO - Setting next_dagrun for example_short_circuit_decorator to 2024-08-03 00:00:00+00:00, run_after=2024-08-04 00:00:00+00:00
[2024-08-04T04:49:27.285+0000] {processor.py:183} INFO - Processing /home/airflow/.local/lib/python3.12/site-packages/airflow/example_dags/example_short_circuit_decorator.py took 0.764 seconds
[2024-08-04T04:49:57.873+0000] {processor.py:161} INFO - Started process (PID=104) to work on /home/airflow/.local/lib/python3.12/site-packages/airflow/example_dags/example_short_circuit_decorator.py
[2024-08-04T04:49:57.873+0000] {processor.py:830} INFO - Processing file /home/airflow/.local/lib/python3.12/site-packages/airflow/example_dags/example_short_circuit_decorator.py for tasks to queue
[2024-08-04T04:49:57.875+0000] {logging_mixin.py:188} INFO - [2024-08-04T04:49:57.874+0000] {dagbag.py:545} INFO - Filling up the DagBag from /home/airflow/.local/lib/python3.12/site-packages/airflow/example_dags/example_short_circuit_decorator.py
[2024-08-04T04:49:57.882+0000] {processor.py:840} INFO - DAG(s) 'example_short_circuit_decorator' retrieved from /home/airflow/.local/lib/python3.12/site-packages/airflow/example_dags/example_short_circuit_decorator.py
[2024-08-04T04:49:57.900+0000] {logging_mixin.py:188} INFO - [2024-08-04T04:49:57.900+0000] {dag.py:3096} INFO - Sync 1 DAGs
[2024-08-04T04:49:57.917+0000] {logging_mixin.py:188} INFO - [2024-08-04T04:49:57.917+0000] {dag.py:3954} INFO - Setting next_dagrun for example_short_circuit_decorator to 2024-08-03 00:00:00+00:00, run_after=2024-08-04 00:00:00+00:00
[2024-08-04T04:49:57.937+0000] {processor.py:183} INFO - Processing /home/airflow/.local/lib/python3.12/site-packages/airflow/example_dags/example_short_circuit_decorator.py took 0.069 seconds
[2024-08-04T04:50:28.547+0000] {processor.py:161} INFO - Started process (PID=162) to work on /home/airflow/.local/lib/python3.12/site-packages/airflow/example_dags/example_short_circuit_decorator.py
[2024-08-04T04:50:28.548+0000] {processor.py:830} INFO - Processing file /home/airflow/.local/lib/python3.12/site-packages/airflow/example_dags/example_short_circuit_decorator.py for tasks to queue
[2024-08-04T04:50:28.550+0000] {logging_mixin.py:188} INFO - [2024-08-04T04:50:28.550+0000] {dagbag.py:545} INFO - Filling up the DagBag from /home/airflow/.local/lib/python3.12/site-packages/airflow/example_dags/example_short_circuit_decorator.py
[2024-08-04T04:50:28.561+0000] {processor.py:840} INFO - DAG(s) 'example_short_circuit_decorator' retrieved from /home/airflow/.local/lib/python3.12/site-packages/airflow/example_dags/example_short_circuit_decorator.py
[2024-08-04T04:50:28.591+0000] {logging_mixin.py:188} INFO - [2024-08-04T04:50:28.591+0000] {dag.py:3096} INFO - Sync 1 DAGs
[2024-08-04T04:50:28.655+0000] {logging_mixin.py:188} INFO - [2024-08-04T04:50:28.655+0000] {dag.py:3954} INFO - Setting next_dagrun for example_short_circuit_decorator to 2024-08-03 00:00:00+00:00, run_after=2024-08-04 00:00:00+00:00
[2024-08-04T04:50:28.692+0000] {processor.py:183} INFO - Processing /home/airflow/.local/lib/python3.12/site-packages/airflow/example_dags/example_short_circuit_decorator.py took 0.152 seconds
[2024-08-04T04:50:59.035+0000] {processor.py:161} INFO - Started process (PID=220) to work on /home/airflow/.local/lib/python3.12/site-packages/airflow/example_dags/example_short_circuit_decorator.py
[2024-08-04T04:50:59.036+0000] {processor.py:830} INFO - Processing file /home/airflow/.local/lib/python3.12/site-packages/airflow/example_dags/example_short_circuit_decorator.py for tasks to queue
[2024-08-04T04:50:59.038+0000] {logging_mixin.py:188} INFO - [2024-08-04T04:50:59.037+0000] {dagbag.py:545} INFO - Filling up the DagBag from /home/airflow/.local/lib/python3.12/site-packages/airflow/example_dags/example_short_circuit_decorator.py
[2024-08-04T04:50:59.048+0000] {processor.py:840} INFO - DAG(s) 'example_short_circuit_decorator' retrieved from /home/airflow/.local/lib/python3.12/site-packages/airflow/example_dags/example_short_circuit_decorator.py
[2024-08-04T04:50:59.078+0000] {logging_mixin.py:188} INFO - [2024-08-04T04:50:59.077+0000] {dag.py:3096} INFO - Sync 1 DAGs
[2024-08-04T04:50:59.104+0000] {logging_mixin.py:188} INFO - [2024-08-04T04:50:59.104+0000] {dag.py:3954} INFO - Setting next_dagrun for example_short_circuit_decorator to 2024-08-03 00:00:00+00:00, run_after=2024-08-04 00:00:00+00:00
[2024-08-04T04:50:59.130+0000] {processor.py:183} INFO - Processing /home/airflow/.local/lib/python3.12/site-packages/airflow/example_dags/example_short_circuit_decorator.py took 0.100 seconds
[2024-08-04T04:51:29.576+0000] {processor.py:161} INFO - Started process (PID=278) to work on /home/airflow/.local/lib/python3.12/site-packages/airflow/example_dags/example_short_circuit_decorator.py
[2024-08-04T04:51:29.578+0000] {processor.py:830} INFO - Processing file /home/airflow/.local/lib/python3.12/site-packages/airflow/example_dags/example_short_circuit_decorator.py for tasks to queue
[2024-08-04T04:51:29.579+0000] {logging_mixin.py:188} INFO - [2024-08-04T04:51:29.579+0000] {dagbag.py:545} INFO - Filling up the DagBag from /home/airflow/.local/lib/python3.12/site-packages/airflow/example_dags/example_short_circuit_decorator.py
[2024-08-04T04:51:29.590+0000] {processor.py:840} INFO - DAG(s) 'example_short_circuit_decorator' retrieved from /home/airflow/.local/lib/python3.12/site-packages/airflow/example_dags/example_short_circuit_decorator.py
[2024-08-04T04:51:29.640+0000] {logging_mixin.py:188} INFO - [2024-08-04T04:51:29.639+0000] {dag.py:3096} INFO - Sync 1 DAGs
[2024-08-04T04:51:29.681+0000] {logging_mixin.py:188} INFO - [2024-08-04T04:51:29.681+0000] {dag.py:3954} INFO - Setting next_dagrun for example_short_circuit_decorator to 2024-08-03 00:00:00+00:00, run_after=2024-08-04 00:00:00+00:00
[2024-08-04T04:51:29.730+0000] {processor.py:183} INFO - Processing /home/airflow/.local/lib/python3.12/site-packages/airflow/example_dags/example_short_circuit_decorator.py took 0.159 seconds
[2024-08-04T04:52:00.157+0000] {processor.py:161} INFO - Started process (PID=342) to work on /home/airflow/.local/lib/python3.12/site-packages/airflow/example_dags/example_short_circuit_decorator.py
[2024-08-04T04:52:00.158+0000] {processor.py:830} INFO - Processing file /home/airflow/.local/lib/python3.12/site-packages/airflow/example_dags/example_short_circuit_decorator.py for tasks to queue
[2024-08-04T04:52:00.178+0000] {logging_mixin.py:188} INFO - [2024-08-04T04:52:00.177+0000] {dagbag.py:545} INFO - Filling up the DagBag from /home/airflow/.local/lib/python3.12/site-packages/airflow/example_dags/example_short_circuit_decorator.py
[2024-08-04T04:52:00.213+0000] {processor.py:840} INFO - DAG(s) 'example_short_circuit_decorator' retrieved from /home/airflow/.local/lib/python3.12/site-packages/airflow/example_dags/example_short_circuit_decorator.py
[2024-08-04T04:52:00.299+0000] {logging_mixin.py:188} INFO - [2024-08-04T04:52:00.299+0000] {dag.py:3096} INFO - Sync 1 DAGs
[2024-08-04T04:52:00.378+0000] {logging_mixin.py:188} INFO - [2024-08-04T04:52:00.378+0000] {dag.py:3954} INFO - Setting next_dagrun for example_short_circuit_decorator to 2024-08-03 00:00:00+00:00, run_after=2024-08-04 00:00:00+00:00
[2024-08-04T04:52:00.443+0000] {processor.py:183} INFO - Processing /home/airflow/.local/lib/python3.12/site-packages/airflow/example_dags/example_short_circuit_decorator.py took 0.305 seconds
[2024-08-04T04:52:30.709+0000] {processor.py:161} INFO - Started process (PID=401) to work on /home/airflow/.local/lib/python3.12/site-packages/airflow/example_dags/example_short_circuit_decorator.py
[2024-08-04T04:52:30.710+0000] {processor.py:830} INFO - Processing file /home/airflow/.local/lib/python3.12/site-packages/airflow/example_dags/example_short_circuit_decorator.py for tasks to queue
[2024-08-04T04:52:30.712+0000] {logging_mixin.py:188} INFO - [2024-08-04T04:52:30.711+0000] {dagbag.py:545} INFO - Filling up the DagBag from /home/airflow/.local/lib/python3.12/site-packages/airflow/example_dags/example_short_circuit_decorator.py
[2024-08-04T04:52:30.719+0000] {processor.py:840} INFO - DAG(s) 'example_short_circuit_decorator' retrieved from /home/airflow/.local/lib/python3.12/site-packages/airflow/example_dags/example_short_circuit_decorator.py
[2024-08-04T04:52:30.738+0000] {logging_mixin.py:188} INFO - [2024-08-04T04:52:30.738+0000] {dag.py:3096} INFO - Sync 1 DAGs
[2024-08-04T04:52:30.756+0000] {logging_mixin.py:188} INFO - [2024-08-04T04:52:30.756+0000] {dag.py:3954} INFO - Setting next_dagrun for example_short_circuit_decorator to 2024-08-03 00:00:00+00:00, run_after=2024-08-04 00:00:00+00:00
[2024-08-04T04:52:30.777+0000] {processor.py:183} INFO - Processing /home/airflow/.local/lib/python3.12/site-packages/airflow/example_dags/example_short_circuit_decorator.py took 0.074 seconds
[2024-08-04T04:53:01.145+0000] {processor.py:161} INFO - Started process (PID=459) to work on /home/airflow/.local/lib/python3.12/site-packages/airflow/example_dags/example_short_circuit_decorator.py
[2024-08-04T04:53:01.146+0000] {processor.py:830} INFO - Processing file /home/airflow/.local/lib/python3.12/site-packages/airflow/example_dags/example_short_circuit_decorator.py for tasks to queue
[2024-08-04T04:53:01.148+0000] {logging_mixin.py:188} INFO - [2024-08-04T04:53:01.148+0000] {dagbag.py:545} INFO - Filling up the DagBag from /home/airflow/.local/lib/python3.12/site-packages/airflow/example_dags/example_short_circuit_decorator.py
[2024-08-04T04:53:01.164+0000] {processor.py:840} INFO - DAG(s) 'example_short_circuit_decorator' retrieved from /home/airflow/.local/lib/python3.12/site-packages/airflow/example_dags/example_short_circuit_decorator.py
[2024-08-04T04:53:01.218+0000] {logging_mixin.py:188} INFO - [2024-08-04T04:53:01.218+0000] {dag.py:3096} INFO - Sync 1 DAGs
[2024-08-04T04:53:01.253+0000] {logging_mixin.py:188} INFO - [2024-08-04T04:53:01.253+0000] {dag.py:3954} INFO - Setting next_dagrun for example_short_circuit_decorator to 2024-08-03 00:00:00+00:00, run_after=2024-08-04 00:00:00+00:00
[2024-08-04T04:53:01.279+0000] {processor.py:183} INFO - Processing /home/airflow/.local/lib/python3.12/site-packages/airflow/example_dags/example_short_circuit_decorator.py took 0.142 seconds
[2024-08-04T04:53:32.218+0000] {processor.py:161} INFO - Started process (PID=517) to work on /home/airflow/.local/lib/python3.12/site-packages/airflow/example_dags/example_short_circuit_decorator.py
[2024-08-04T04:53:32.218+0000] {processor.py:830} INFO - Processing file /home/airflow/.local/lib/python3.12/site-packages/airflow/example_dags/example_short_circuit_decorator.py for tasks to queue
[2024-08-04T04:53:32.220+0000] {logging_mixin.py:188} INFO - [2024-08-04T04:53:32.220+0000] {dagbag.py:545} INFO - Filling up the DagBag from /home/airflow/.local/lib/python3.12/site-packages/airflow/example_dags/example_short_circuit_decorator.py
[2024-08-04T04:53:32.231+0000] {processor.py:840} INFO - DAG(s) 'example_short_circuit_decorator' retrieved from /home/airflow/.local/lib/python3.12/site-packages/airflow/example_dags/example_short_circuit_decorator.py
[2024-08-04T04:53:32.258+0000] {logging_mixin.py:188} INFO - [2024-08-04T04:53:32.258+0000] {dag.py:3096} INFO - Sync 1 DAGs
[2024-08-04T04:53:32.285+0000] {logging_mixin.py:188} INFO - [2024-08-04T04:53:32.285+0000] {dag.py:3954} INFO - Setting next_dagrun for example_short_circuit_decorator to 2024-08-03 00:00:00+00:00, run_after=2024-08-04 00:00:00+00:00
[2024-08-04T04:53:32.313+0000] {processor.py:183} INFO - Processing /home/airflow/.local/lib/python3.12/site-packages/airflow/example_dags/example_short_circuit_decorator.py took 0.102 seconds
[2024-08-04T04:54:02.972+0000] {processor.py:161} INFO - Started process (PID=575) to work on /home/airflow/.local/lib/python3.12/site-packages/airflow/example_dags/example_short_circuit_decorator.py
[2024-08-04T04:54:02.972+0000] {processor.py:830} INFO - Processing file /home/airflow/.local/lib/python3.12/site-packages/airflow/example_dags/example_short_circuit_decorator.py for tasks to queue
[2024-08-04T04:54:02.974+0000] {logging_mixin.py:188} INFO - [2024-08-04T04:54:02.973+0000] {dagbag.py:545} INFO - Filling up the DagBag from /home/airflow/.local/lib/python3.12/site-packages/airflow/example_dags/example_short_circuit_decorator.py
[2024-08-04T04:54:02.982+0000] {processor.py:840} INFO - DAG(s) 'example_short_circuit_decorator' retrieved from /home/airflow/.local/lib/python3.12/site-packages/airflow/example_dags/example_short_circuit_decorator.py
[2024-08-04T04:54:03.013+0000] {logging_mixin.py:188} INFO - [2024-08-04T04:54:03.013+0000] {dag.py:3096} INFO - Sync 1 DAGs
[2024-08-04T04:54:03.059+0000] {logging_mixin.py:188} INFO - [2024-08-04T04:54:03.058+0000] {dag.py:3954} INFO - Setting next_dagrun for example_short_circuit_decorator to 2024-08-03 00:00:00+00:00, run_after=2024-08-04 00:00:00+00:00
[2024-08-04T04:54:03.088+0000] {processor.py:183} INFO - Processing /home/airflow/.local/lib/python3.12/site-packages/airflow/example_dags/example_short_circuit_decorator.py took 0.122 seconds
[2024-08-04T04:54:33.425+0000] {processor.py:161} INFO - Started process (PID=635) to work on /home/airflow/.local/lib/python3.12/site-packages/airflow/example_dags/example_short_circuit_decorator.py
[2024-08-04T04:54:33.426+0000] {processor.py:830} INFO - Processing file /home/airflow/.local/lib/python3.12/site-packages/airflow/example_dags/example_short_circuit_decorator.py for tasks to queue
[2024-08-04T04:54:33.428+0000] {logging_mixin.py:188} INFO - [2024-08-04T04:54:33.427+0000] {dagbag.py:545} INFO - Filling up the DagBag from /home/airflow/.local/lib/python3.12/site-packages/airflow/example_dags/example_short_circuit_decorator.py
[2024-08-04T04:54:33.439+0000] {processor.py:840} INFO - DAG(s) 'example_short_circuit_decorator' retrieved from /home/airflow/.local/lib/python3.12/site-packages/airflow/example_dags/example_short_circuit_decorator.py
[2024-08-04T04:54:33.469+0000] {logging_mixin.py:188} INFO - [2024-08-04T04:54:33.469+0000] {dag.py:3096} INFO - Sync 1 DAGs
[2024-08-04T04:54:33.495+0000] {logging_mixin.py:188} INFO - [2024-08-04T04:54:33.495+0000] {dag.py:3954} INFO - Setting next_dagrun for example_short_circuit_decorator to 2024-08-03 00:00:00+00:00, run_after=2024-08-04 00:00:00+00:00
[2024-08-04T04:54:33.521+0000] {processor.py:183} INFO - Processing /home/airflow/.local/lib/python3.12/site-packages/airflow/example_dags/example_short_circuit_decorator.py took 0.102 seconds
[2024-08-04T04:55:03.994+0000] {processor.py:161} INFO - Started process (PID=694) to work on /home/airflow/.local/lib/python3.12/site-packages/airflow/example_dags/example_short_circuit_decorator.py
[2024-08-04T04:55:03.995+0000] {processor.py:830} INFO - Processing file /home/airflow/.local/lib/python3.12/site-packages/airflow/example_dags/example_short_circuit_decorator.py for tasks to queue
[2024-08-04T04:55:03.996+0000] {logging_mixin.py:188} INFO - [2024-08-04T04:55:03.996+0000] {dagbag.py:545} INFO - Filling up the DagBag from /home/airflow/.local/lib/python3.12/site-packages/airflow/example_dags/example_short_circuit_decorator.py
[2024-08-04T04:55:04.007+0000] {processor.py:840} INFO - DAG(s) 'example_short_circuit_decorator' retrieved from /home/airflow/.local/lib/python3.12/site-packages/airflow/example_dags/example_short_circuit_decorator.py
[2024-08-04T04:55:04.035+0000] {logging_mixin.py:188} INFO - [2024-08-04T04:55:04.035+0000] {dag.py:3096} INFO - Sync 1 DAGs
[2024-08-04T04:55:04.062+0000] {logging_mixin.py:188} INFO - [2024-08-04T04:55:04.062+0000] {dag.py:3954} INFO - Setting next_dagrun for example_short_circuit_decorator to 2024-08-03 00:00:00+00:00, run_after=2024-08-04 00:00:00+00:00
[2024-08-04T04:55:04.090+0000] {processor.py:183} INFO - Processing /home/airflow/.local/lib/python3.12/site-packages/airflow/example_dags/example_short_circuit_decorator.py took 0.102 seconds
[2024-08-04T04:55:35.003+0000] {processor.py:161} INFO - Started process (PID=753) to work on /home/airflow/.local/lib/python3.12/site-packages/airflow/example_dags/example_short_circuit_decorator.py
[2024-08-04T04:55:35.006+0000] {processor.py:830} INFO - Processing file /home/airflow/.local/lib/python3.12/site-packages/airflow/example_dags/example_short_circuit_decorator.py for tasks to queue
[2024-08-04T04:55:35.008+0000] {logging_mixin.py:188} INFO - [2024-08-04T04:55:35.007+0000] {dagbag.py:545} INFO - Filling up the DagBag from /home/airflow/.local/lib/python3.12/site-packages/airflow/example_dags/example_short_circuit_decorator.py
[2024-08-04T04:55:35.019+0000] {processor.py:840} INFO - DAG(s) 'example_short_circuit_decorator' retrieved from /home/airflow/.local/lib/python3.12/site-packages/airflow/example_dags/example_short_circuit_decorator.py
[2024-08-04T04:55:35.047+0000] {logging_mixin.py:188} INFO - [2024-08-04T04:55:35.047+0000] {dag.py:3096} INFO - Sync 1 DAGs
[2024-08-04T04:55:35.073+0000] {logging_mixin.py:188} INFO - [2024-08-04T04:55:35.073+0000] {dag.py:3954} INFO - Setting next_dagrun for example_short_circuit_decorator to 2024-08-03 00:00:00+00:00, run_after=2024-08-04 00:00:00+00:00
[2024-08-04T04:55:35.106+0000] {processor.py:183} INFO - Processing /home/airflow/.local/lib/python3.12/site-packages/airflow/example_dags/example_short_circuit_decorator.py took 0.109 seconds
[2024-08-04T04:56:05.394+0000] {processor.py:161} INFO - Started process (PID=812) to work on /home/airflow/.local/lib/python3.12/site-packages/airflow/example_dags/example_short_circuit_decorator.py
[2024-08-04T04:56:05.394+0000] {processor.py:830} INFO - Processing file /home/airflow/.local/lib/python3.12/site-packages/airflow/example_dags/example_short_circuit_decorator.py for tasks to queue
[2024-08-04T04:56:05.396+0000] {logging_mixin.py:188} INFO - [2024-08-04T04:56:05.396+0000] {dagbag.py:545} INFO - Filling up the DagBag from /home/airflow/.local/lib/python3.12/site-packages/airflow/example_dags/example_short_circuit_decorator.py
[2024-08-04T04:56:05.403+0000] {processor.py:840} INFO - DAG(s) 'example_short_circuit_decorator' retrieved from /home/airflow/.local/lib/python3.12/site-packages/airflow/example_dags/example_short_circuit_decorator.py
[2024-08-04T04:56:05.422+0000] {logging_mixin.py:188} INFO - [2024-08-04T04:56:05.422+0000] {dag.py:3096} INFO - Sync 1 DAGs
[2024-08-04T04:56:05.439+0000] {logging_mixin.py:188} INFO - [2024-08-04T04:56:05.439+0000] {dag.py:3954} INFO - Setting next_dagrun for example_short_circuit_decorator to 2024-08-03 00:00:00+00:00, run_after=2024-08-04 00:00:00+00:00
[2024-08-04T04:56:05.458+0000] {processor.py:183} INFO - Processing /home/airflow/.local/lib/python3.12/site-packages/airflow/example_dags/example_short_circuit_decorator.py took 0.069 seconds
[2024-08-04T04:56:36.389+0000] {processor.py:161} INFO - Started process (PID=871) to work on /home/airflow/.local/lib/python3.12/site-packages/airflow/example_dags/example_short_circuit_decorator.py
[2024-08-04T04:56:36.437+0000] {processor.py:830} INFO - Processing file /home/airflow/.local/lib/python3.12/site-packages/airflow/example_dags/example_short_circuit_decorator.py for tasks to queue
[2024-08-04T04:56:36.439+0000] {logging_mixin.py:188} INFO - [2024-08-04T04:56:36.439+0000] {dagbag.py:545} INFO - Filling up the DagBag from /home/airflow/.local/lib/python3.12/site-packages/airflow/example_dags/example_short_circuit_decorator.py
[2024-08-04T04:56:36.482+0000] {processor.py:840} INFO - DAG(s) 'example_short_circuit_decorator' retrieved from /home/airflow/.local/lib/python3.12/site-packages/airflow/example_dags/example_short_circuit_decorator.py
[2024-08-04T04:56:36.560+0000] {logging_mixin.py:188} INFO - [2024-08-04T04:56:36.559+0000] {dag.py:3096} INFO - Sync 1 DAGs
[2024-08-04T04:56:36.691+0000] {logging_mixin.py:188} INFO - [2024-08-04T04:56:36.691+0000] {dag.py:3954} INFO - Setting next_dagrun for example_short_circuit_decorator to 2024-08-03 00:00:00+00:00, run_after=2024-08-04 00:00:00+00:00
[2024-08-04T04:56:36.778+0000] {processor.py:183} INFO - Processing /home/airflow/.local/lib/python3.12/site-packages/airflow/example_dags/example_short_circuit_decorator.py took 0.399 seconds
[2024-08-04T04:57:06.895+0000] {processor.py:161} INFO - Started process (PID=931) to work on /home/airflow/.local/lib/python3.12/site-packages/airflow/example_dags/example_short_circuit_decorator.py
[2024-08-04T04:57:06.896+0000] {processor.py:830} INFO - Processing file /home/airflow/.local/lib/python3.12/site-packages/airflow/example_dags/example_short_circuit_decorator.py for tasks to queue
[2024-08-04T04:57:06.897+0000] {logging_mixin.py:188} INFO - [2024-08-04T04:57:06.897+0000] {dagbag.py:545} INFO - Filling up the DagBag from /home/airflow/.local/lib/python3.12/site-packages/airflow/example_dags/example_short_circuit_decorator.py
[2024-08-04T04:57:06.907+0000] {processor.py:840} INFO - DAG(s) 'example_short_circuit_decorator' retrieved from /home/airflow/.local/lib/python3.12/site-packages/airflow/example_dags/example_short_circuit_decorator.py
[2024-08-04T04:57:06.937+0000] {logging_mixin.py:188} INFO - [2024-08-04T04:57:06.937+0000] {dag.py:3096} INFO - Sync 1 DAGs
[2024-08-04T04:57:06.971+0000] {logging_mixin.py:188} INFO - [2024-08-04T04:57:06.970+0000] {dag.py:3954} INFO - Setting next_dagrun for example_short_circuit_decorator to 2024-08-03 00:00:00+00:00, run_after=2024-08-04 00:00:00+00:00
[2024-08-04T04:57:07.023+0000] {processor.py:183} INFO - Processing /home/airflow/.local/lib/python3.12/site-packages/airflow/example_dags/example_short_circuit_decorator.py took 0.134 seconds
