[2024-08-04T04:49:21.402+0000] {processor.py:161} INFO - Started process (PID=34) to work on /home/airflow/.local/lib/python3.12/site-packages/airflow/example_dags/example_sla_dag.py
[2024-08-04T04:49:21.414+0000] {processor.py:830} INFO - Processing file /home/airflow/.local/lib/python3.12/site-packages/airflow/example_dags/example_sla_dag.py for tasks to queue
[2024-08-04T04:49:21.416+0000] {logging_mixin.py:188} INFO - [2024-08-04T04:49:21.416+0000] {dagbag.py:545} INFO - Filling up the DagBag from /home/airflow/.local/lib/python3.12/site-packages/airflow/example_dags/example_sla_dag.py
[2024-08-04T04:49:21.468+0000] {processor.py:840} INFO - DAG(s) 'example_sla_dag' retrieved from /home/airflow/.local/lib/python3.12/site-packages/airflow/example_dags/example_sla_dag.py
[2024-08-04T04:49:22.147+0000] {logging_mixin.py:188} INFO - [2024-08-04T04:49:22.147+0000] {dag.py:3096} INFO - Sync 1 DAGs
[2024-08-04T04:49:22.307+0000] {logging_mixin.py:188} INFO - [2024-08-04T04:49:22.307+0000] {dag.py:3954} INFO - Setting next_dagrun for example_sla_dag to 2024-08-04 04:46:00+00:00, run_after=2024-08-04 04:48:00+00:00
[2024-08-04T04:49:22.394+0000] {processor.py:183} INFO - Processing /home/airflow/.local/lib/python3.12/site-packages/airflow/example_dags/example_sla_dag.py took 1.018 seconds
[2024-08-04T04:49:53.044+0000] {processor.py:161} INFO - Started process (PID=92) to work on /home/airflow/.local/lib/python3.12/site-packages/airflow/example_dags/example_sla_dag.py
[2024-08-04T04:49:53.045+0000] {processor.py:830} INFO - Processing file /home/airflow/.local/lib/python3.12/site-packages/airflow/example_dags/example_sla_dag.py for tasks to queue
[2024-08-04T04:49:53.046+0000] {logging_mixin.py:188} INFO - [2024-08-04T04:49:53.046+0000] {dagbag.py:545} INFO - Filling up the DagBag from /home/airflow/.local/lib/python3.12/site-packages/airflow/example_dags/example_sla_dag.py
[2024-08-04T04:49:53.055+0000] {processor.py:840} INFO - DAG(s) 'example_sla_dag' retrieved from /home/airflow/.local/lib/python3.12/site-packages/airflow/example_dags/example_sla_dag.py
[2024-08-04T04:49:53.076+0000] {logging_mixin.py:188} INFO - [2024-08-04T04:49:53.076+0000] {dag.py:3096} INFO - Sync 1 DAGs
[2024-08-04T04:49:53.105+0000] {logging_mixin.py:188} INFO - [2024-08-04T04:49:53.104+0000] {dag.py:3954} INFO - Setting next_dagrun for example_sla_dag to 2024-08-04 04:46:00+00:00, run_after=2024-08-04 04:48:00+00:00
[2024-08-04T04:49:53.133+0000] {processor.py:183} INFO - Processing /home/airflow/.local/lib/python3.12/site-packages/airflow/example_dags/example_sla_dag.py took 0.094 seconds
[2024-08-04T04:50:23.626+0000] {processor.py:161} INFO - Started process (PID=150) to work on /home/airflow/.local/lib/python3.12/site-packages/airflow/example_dags/example_sla_dag.py
[2024-08-04T04:50:23.629+0000] {processor.py:830} INFO - Processing file /home/airflow/.local/lib/python3.12/site-packages/airflow/example_dags/example_sla_dag.py for tasks to queue
[2024-08-04T04:50:23.632+0000] {logging_mixin.py:188} INFO - [2024-08-04T04:50:23.631+0000] {dagbag.py:545} INFO - Filling up the DagBag from /home/airflow/.local/lib/python3.12/site-packages/airflow/example_dags/example_sla_dag.py
[2024-08-04T04:50:23.660+0000] {processor.py:840} INFO - DAG(s) 'example_sla_dag' retrieved from /home/airflow/.local/lib/python3.12/site-packages/airflow/example_dags/example_sla_dag.py
[2024-08-04T04:50:23.688+0000] {logging_mixin.py:188} INFO - [2024-08-04T04:50:23.688+0000] {dag.py:3096} INFO - Sync 1 DAGs
[2024-08-04T04:50:23.717+0000] {logging_mixin.py:188} INFO - [2024-08-04T04:50:23.716+0000] {dag.py:3954} INFO - Setting next_dagrun for example_sla_dag to 2024-08-04 04:48:00+00:00, run_after=2024-08-04 04:50:00+00:00
[2024-08-04T04:50:23.746+0000] {processor.py:183} INFO - Processing /home/airflow/.local/lib/python3.12/site-packages/airflow/example_dags/example_sla_dag.py took 0.126 seconds
[2024-08-04T04:50:54.176+0000] {processor.py:161} INFO - Started process (PID=208) to work on /home/airflow/.local/lib/python3.12/site-packages/airflow/example_dags/example_sla_dag.py
[2024-08-04T04:50:54.189+0000] {processor.py:830} INFO - Processing file /home/airflow/.local/lib/python3.12/site-packages/airflow/example_dags/example_sla_dag.py for tasks to queue
[2024-08-04T04:50:54.192+0000] {logging_mixin.py:188} INFO - [2024-08-04T04:50:54.191+0000] {dagbag.py:545} INFO - Filling up the DagBag from /home/airflow/.local/lib/python3.12/site-packages/airflow/example_dags/example_sla_dag.py
[2024-08-04T04:50:54.203+0000] {processor.py:840} INFO - DAG(s) 'example_sla_dag' retrieved from /home/airflow/.local/lib/python3.12/site-packages/airflow/example_dags/example_sla_dag.py
[2024-08-04T04:50:54.261+0000] {logging_mixin.py:188} INFO - [2024-08-04T04:50:54.261+0000] {dag.py:3096} INFO - Sync 1 DAGs
[2024-08-04T04:50:54.314+0000] {logging_mixin.py:188} INFO - [2024-08-04T04:50:54.314+0000] {dag.py:3954} INFO - Setting next_dagrun for example_sla_dag to 2024-08-04 04:48:00+00:00, run_after=2024-08-04 04:50:00+00:00
[2024-08-04T04:50:54.348+0000] {processor.py:183} INFO - Processing /home/airflow/.local/lib/python3.12/site-packages/airflow/example_dags/example_sla_dag.py took 0.178 seconds
[2024-08-04T04:51:24.427+0000] {processor.py:161} INFO - Started process (PID=266) to work on /home/airflow/.local/lib/python3.12/site-packages/airflow/example_dags/example_sla_dag.py
[2024-08-04T04:51:24.428+0000] {processor.py:830} INFO - Processing file /home/airflow/.local/lib/python3.12/site-packages/airflow/example_dags/example_sla_dag.py for tasks to queue
[2024-08-04T04:51:24.430+0000] {logging_mixin.py:188} INFO - [2024-08-04T04:51:24.430+0000] {dagbag.py:545} INFO - Filling up the DagBag from /home/airflow/.local/lib/python3.12/site-packages/airflow/example_dags/example_sla_dag.py
[2024-08-04T04:51:24.440+0000] {processor.py:840} INFO - DAG(s) 'example_sla_dag' retrieved from /home/airflow/.local/lib/python3.12/site-packages/airflow/example_dags/example_sla_dag.py
[2024-08-04T04:51:24.462+0000] {logging_mixin.py:188} INFO - [2024-08-04T04:51:24.462+0000] {dag.py:3096} INFO - Sync 1 DAGs
[2024-08-04T04:51:24.492+0000] {logging_mixin.py:188} INFO - [2024-08-04T04:51:24.492+0000] {dag.py:3954} INFO - Setting next_dagrun for example_sla_dag to 2024-08-04 04:48:00+00:00, run_after=2024-08-04 04:50:00+00:00
[2024-08-04T04:51:24.517+0000] {processor.py:183} INFO - Processing /home/airflow/.local/lib/python3.12/site-packages/airflow/example_dags/example_sla_dag.py took 0.096 seconds
[2024-08-04T04:51:54.595+0000] {processor.py:161} INFO - Started process (PID=324) to work on /home/airflow/.local/lib/python3.12/site-packages/airflow/example_dags/example_sla_dag.py
[2024-08-04T04:51:54.596+0000] {processor.py:830} INFO - Processing file /home/airflow/.local/lib/python3.12/site-packages/airflow/example_dags/example_sla_dag.py for tasks to queue
[2024-08-04T04:51:54.597+0000] {logging_mixin.py:188} INFO - [2024-08-04T04:51:54.597+0000] {dagbag.py:545} INFO - Filling up the DagBag from /home/airflow/.local/lib/python3.12/site-packages/airflow/example_dags/example_sla_dag.py
[2024-08-04T04:51:54.605+0000] {processor.py:840} INFO - DAG(s) 'example_sla_dag' retrieved from /home/airflow/.local/lib/python3.12/site-packages/airflow/example_dags/example_sla_dag.py
[2024-08-04T04:51:54.626+0000] {logging_mixin.py:188} INFO - [2024-08-04T04:51:54.626+0000] {dag.py:3096} INFO - Sync 1 DAGs
[2024-08-04T04:51:54.646+0000] {logging_mixin.py:188} INFO - [2024-08-04T04:51:54.645+0000] {dag.py:3954} INFO - Setting next_dagrun for example_sla_dag to 2024-08-04 04:48:00+00:00, run_after=2024-08-04 04:50:00+00:00
[2024-08-04T04:51:54.666+0000] {processor.py:183} INFO - Processing /home/airflow/.local/lib/python3.12/site-packages/airflow/example_dags/example_sla_dag.py took 0.075 seconds
[2024-08-04T04:52:24.908+0000] {processor.py:161} INFO - Started process (PID=382) to work on /home/airflow/.local/lib/python3.12/site-packages/airflow/example_dags/example_sla_dag.py
[2024-08-04T04:52:24.909+0000] {processor.py:830} INFO - Processing file /home/airflow/.local/lib/python3.12/site-packages/airflow/example_dags/example_sla_dag.py for tasks to queue
[2024-08-04T04:52:24.911+0000] {logging_mixin.py:188} INFO - [2024-08-04T04:52:24.910+0000] {dagbag.py:545} INFO - Filling up the DagBag from /home/airflow/.local/lib/python3.12/site-packages/airflow/example_dags/example_sla_dag.py
[2024-08-04T04:52:24.920+0000] {processor.py:840} INFO - DAG(s) 'example_sla_dag' retrieved from /home/airflow/.local/lib/python3.12/site-packages/airflow/example_dags/example_sla_dag.py
[2024-08-04T04:52:24.950+0000] {logging_mixin.py:188} INFO - [2024-08-04T04:52:24.950+0000] {dag.py:3096} INFO - Sync 1 DAGs
[2024-08-04T04:52:24.998+0000] {logging_mixin.py:188} INFO - [2024-08-04T04:52:24.997+0000] {dag.py:3954} INFO - Setting next_dagrun for example_sla_dag to 2024-08-04 04:50:00+00:00, run_after=2024-08-04 04:52:00+00:00
[2024-08-04T04:52:25.025+0000] {processor.py:183} INFO - Processing /home/airflow/.local/lib/python3.12/site-packages/airflow/example_dags/example_sla_dag.py took 0.123 seconds
[2024-08-04T04:52:55.139+0000] {processor.py:161} INFO - Started process (PID=441) to work on /home/airflow/.local/lib/python3.12/site-packages/airflow/example_dags/example_sla_dag.py
[2024-08-04T04:52:55.140+0000] {processor.py:830} INFO - Processing file /home/airflow/.local/lib/python3.12/site-packages/airflow/example_dags/example_sla_dag.py for tasks to queue
[2024-08-04T04:52:55.142+0000] {logging_mixin.py:188} INFO - [2024-08-04T04:52:55.142+0000] {dagbag.py:545} INFO - Filling up the DagBag from /home/airflow/.local/lib/python3.12/site-packages/airflow/example_dags/example_sla_dag.py
[2024-08-04T04:52:55.151+0000] {processor.py:840} INFO - DAG(s) 'example_sla_dag' retrieved from /home/airflow/.local/lib/python3.12/site-packages/airflow/example_dags/example_sla_dag.py
[2024-08-04T04:52:55.173+0000] {logging_mixin.py:188} INFO - [2024-08-04T04:52:55.173+0000] {dag.py:3096} INFO - Sync 1 DAGs
[2024-08-04T04:52:55.205+0000] {logging_mixin.py:188} INFO - [2024-08-04T04:52:55.205+0000] {dag.py:3954} INFO - Setting next_dagrun for example_sla_dag to 2024-08-04 04:50:00+00:00, run_after=2024-08-04 04:52:00+00:00
[2024-08-04T04:52:55.244+0000] {processor.py:183} INFO - Processing /home/airflow/.local/lib/python3.12/site-packages/airflow/example_dags/example_sla_dag.py took 0.112 seconds
[2024-08-04T04:53:25.425+0000] {processor.py:161} INFO - Started process (PID=499) to work on /home/airflow/.local/lib/python3.12/site-packages/airflow/example_dags/example_sla_dag.py
[2024-08-04T04:53:25.426+0000] {processor.py:830} INFO - Processing file /home/airflow/.local/lib/python3.12/site-packages/airflow/example_dags/example_sla_dag.py for tasks to queue
[2024-08-04T04:53:25.428+0000] {logging_mixin.py:188} INFO - [2024-08-04T04:53:25.427+0000] {dagbag.py:545} INFO - Filling up the DagBag from /home/airflow/.local/lib/python3.12/site-packages/airflow/example_dags/example_sla_dag.py
[2024-08-04T04:53:25.437+0000] {processor.py:840} INFO - DAG(s) 'example_sla_dag' retrieved from /home/airflow/.local/lib/python3.12/site-packages/airflow/example_dags/example_sla_dag.py
[2024-08-04T04:53:25.459+0000] {logging_mixin.py:188} INFO - [2024-08-04T04:53:25.458+0000] {dag.py:3096} INFO - Sync 1 DAGs
[2024-08-04T04:53:25.489+0000] {logging_mixin.py:188} INFO - [2024-08-04T04:53:25.489+0000] {dag.py:3954} INFO - Setting next_dagrun for example_sla_dag to 2024-08-04 04:50:00+00:00, run_after=2024-08-04 04:52:00+00:00
[2024-08-04T04:53:25.513+0000] {processor.py:183} INFO - Processing /home/airflow/.local/lib/python3.12/site-packages/airflow/example_dags/example_sla_dag.py took 0.094 seconds
[2024-08-04T04:53:56.191+0000] {processor.py:161} INFO - Started process (PID=557) to work on /home/airflow/.local/lib/python3.12/site-packages/airflow/example_dags/example_sla_dag.py
[2024-08-04T04:53:56.192+0000] {processor.py:830} INFO - Processing file /home/airflow/.local/lib/python3.12/site-packages/airflow/example_dags/example_sla_dag.py for tasks to queue
[2024-08-04T04:53:56.194+0000] {logging_mixin.py:188} INFO - [2024-08-04T04:53:56.194+0000] {dagbag.py:545} INFO - Filling up the DagBag from /home/airflow/.local/lib/python3.12/site-packages/airflow/example_dags/example_sla_dag.py
[2024-08-04T04:53:56.203+0000] {processor.py:840} INFO - DAG(s) 'example_sla_dag' retrieved from /home/airflow/.local/lib/python3.12/site-packages/airflow/example_dags/example_sla_dag.py
[2024-08-04T04:53:56.249+0000] {logging_mixin.py:188} INFO - [2024-08-04T04:53:56.248+0000] {dag.py:3096} INFO - Sync 1 DAGs
[2024-08-04T04:53:56.284+0000] {logging_mixin.py:188} INFO - [2024-08-04T04:53:56.284+0000] {dag.py:3954} INFO - Setting next_dagrun for example_sla_dag to 2024-08-04 04:50:00+00:00, run_after=2024-08-04 04:52:00+00:00
[2024-08-04T04:53:56.308+0000] {processor.py:183} INFO - Processing /home/airflow/.local/lib/python3.12/site-packages/airflow/example_dags/example_sla_dag.py took 0.123 seconds
[2024-08-04T04:54:26.604+0000] {processor.py:161} INFO - Started process (PID=616) to work on /home/airflow/.local/lib/python3.12/site-packages/airflow/example_dags/example_sla_dag.py
[2024-08-04T04:54:26.605+0000] {processor.py:830} INFO - Processing file /home/airflow/.local/lib/python3.12/site-packages/airflow/example_dags/example_sla_dag.py for tasks to queue
[2024-08-04T04:54:26.607+0000] {logging_mixin.py:188} INFO - [2024-08-04T04:54:26.607+0000] {dagbag.py:545} INFO - Filling up the DagBag from /home/airflow/.local/lib/python3.12/site-packages/airflow/example_dags/example_sla_dag.py
[2024-08-04T04:54:26.616+0000] {processor.py:840} INFO - DAG(s) 'example_sla_dag' retrieved from /home/airflow/.local/lib/python3.12/site-packages/airflow/example_dags/example_sla_dag.py
[2024-08-04T04:54:26.638+0000] {logging_mixin.py:188} INFO - [2024-08-04T04:54:26.638+0000] {dag.py:3096} INFO - Sync 1 DAGs
[2024-08-04T04:54:26.668+0000] {logging_mixin.py:188} INFO - [2024-08-04T04:54:26.668+0000] {dag.py:3954} INFO - Setting next_dagrun for example_sla_dag to 2024-08-04 04:52:00+00:00, run_after=2024-08-04 04:54:00+00:00
[2024-08-04T04:54:26.693+0000] {processor.py:183} INFO - Processing /home/airflow/.local/lib/python3.12/site-packages/airflow/example_dags/example_sla_dag.py took 0.094 seconds
[2024-08-04T04:54:57.080+0000] {processor.py:161} INFO - Started process (PID=676) to work on /home/airflow/.local/lib/python3.12/site-packages/airflow/example_dags/example_sla_dag.py
[2024-08-04T04:54:57.082+0000] {processor.py:830} INFO - Processing file /home/airflow/.local/lib/python3.12/site-packages/airflow/example_dags/example_sla_dag.py for tasks to queue
[2024-08-04T04:54:57.083+0000] {logging_mixin.py:188} INFO - [2024-08-04T04:54:57.083+0000] {dagbag.py:545} INFO - Filling up the DagBag from /home/airflow/.local/lib/python3.12/site-packages/airflow/example_dags/example_sla_dag.py
[2024-08-04T04:54:57.098+0000] {processor.py:840} INFO - DAG(s) 'example_sla_dag' retrieved from /home/airflow/.local/lib/python3.12/site-packages/airflow/example_dags/example_sla_dag.py
[2024-08-04T04:54:57.150+0000] {logging_mixin.py:188} INFO - [2024-08-04T04:54:57.149+0000] {dag.py:3096} INFO - Sync 1 DAGs
[2024-08-04T04:54:57.196+0000] {logging_mixin.py:188} INFO - [2024-08-04T04:54:57.196+0000] {dag.py:3954} INFO - Setting next_dagrun for example_sla_dag to 2024-08-04 04:52:00+00:00, run_after=2024-08-04 04:54:00+00:00
[2024-08-04T04:54:57.245+0000] {processor.py:183} INFO - Processing /home/airflow/.local/lib/python3.12/site-packages/airflow/example_dags/example_sla_dag.py took 0.174 seconds
[2024-08-04T04:55:28.023+0000] {processor.py:161} INFO - Started process (PID=735) to work on /home/airflow/.local/lib/python3.12/site-packages/airflow/example_dags/example_sla_dag.py
[2024-08-04T04:55:28.028+0000] {processor.py:830} INFO - Processing file /home/airflow/.local/lib/python3.12/site-packages/airflow/example_dags/example_sla_dag.py for tasks to queue
[2024-08-04T04:55:28.030+0000] {logging_mixin.py:188} INFO - [2024-08-04T04:55:28.029+0000] {dagbag.py:545} INFO - Filling up the DagBag from /home/airflow/.local/lib/python3.12/site-packages/airflow/example_dags/example_sla_dag.py
[2024-08-04T04:55:28.039+0000] {processor.py:840} INFO - DAG(s) 'example_sla_dag' retrieved from /home/airflow/.local/lib/python3.12/site-packages/airflow/example_dags/example_sla_dag.py
[2024-08-04T04:55:28.086+0000] {logging_mixin.py:188} INFO - [2024-08-04T04:55:28.086+0000] {dag.py:3096} INFO - Sync 1 DAGs
[2024-08-04T04:55:28.164+0000] {logging_mixin.py:188} INFO - [2024-08-04T04:55:28.162+0000] {dag.py:3954} INFO - Setting next_dagrun for example_sla_dag to 2024-08-04 04:52:00+00:00, run_after=2024-08-04 04:54:00+00:00
[2024-08-04T04:55:28.219+0000] {processor.py:183} INFO - Processing /home/airflow/.local/lib/python3.12/site-packages/airflow/example_dags/example_sla_dag.py took 0.203 seconds
[2024-08-04T04:55:58.691+0000] {processor.py:161} INFO - Started process (PID=794) to work on /home/airflow/.local/lib/python3.12/site-packages/airflow/example_dags/example_sla_dag.py
[2024-08-04T04:55:58.692+0000] {processor.py:830} INFO - Processing file /home/airflow/.local/lib/python3.12/site-packages/airflow/example_dags/example_sla_dag.py for tasks to queue
[2024-08-04T04:55:58.694+0000] {logging_mixin.py:188} INFO - [2024-08-04T04:55:58.694+0000] {dagbag.py:545} INFO - Filling up the DagBag from /home/airflow/.local/lib/python3.12/site-packages/airflow/example_dags/example_sla_dag.py
[2024-08-04T04:55:58.704+0000] {processor.py:840} INFO - DAG(s) 'example_sla_dag' retrieved from /home/airflow/.local/lib/python3.12/site-packages/airflow/example_dags/example_sla_dag.py
[2024-08-04T04:55:58.749+0000] {logging_mixin.py:188} INFO - [2024-08-04T04:55:58.749+0000] {dag.py:3096} INFO - Sync 1 DAGs
[2024-08-04T04:55:58.789+0000] {logging_mixin.py:188} INFO - [2024-08-04T04:55:58.789+0000] {dag.py:3954} INFO - Setting next_dagrun for example_sla_dag to 2024-08-04 04:52:00+00:00, run_after=2024-08-04 04:54:00+00:00
[2024-08-04T04:55:58.817+0000] {processor.py:183} INFO - Processing /home/airflow/.local/lib/python3.12/site-packages/airflow/example_dags/example_sla_dag.py took 0.137 seconds
[2024-08-04T04:56:28.934+0000] {processor.py:161} INFO - Started process (PID=853) to work on /home/airflow/.local/lib/python3.12/site-packages/airflow/example_dags/example_sla_dag.py
[2024-08-04T04:56:28.934+0000] {processor.py:830} INFO - Processing file /home/airflow/.local/lib/python3.12/site-packages/airflow/example_dags/example_sla_dag.py for tasks to queue
[2024-08-04T04:56:28.936+0000] {logging_mixin.py:188} INFO - [2024-08-04T04:56:28.936+0000] {dagbag.py:545} INFO - Filling up the DagBag from /home/airflow/.local/lib/python3.12/site-packages/airflow/example_dags/example_sla_dag.py
[2024-08-04T04:56:28.947+0000] {processor.py:840} INFO - DAG(s) 'example_sla_dag' retrieved from /home/airflow/.local/lib/python3.12/site-packages/airflow/example_dags/example_sla_dag.py
[2024-08-04T04:56:28.964+0000] {logging_mixin.py:188} INFO - [2024-08-04T04:56:28.964+0000] {dag.py:3096} INFO - Sync 1 DAGs
[2024-08-04T04:56:28.983+0000] {logging_mixin.py:188} INFO - [2024-08-04T04:56:28.983+0000] {dag.py:3954} INFO - Setting next_dagrun for example_sla_dag to 2024-08-04 04:54:00+00:00, run_after=2024-08-04 04:56:00+00:00
[2024-08-04T04:56:29.003+0000] {processor.py:183} INFO - Processing /home/airflow/.local/lib/python3.12/site-packages/airflow/example_dags/example_sla_dag.py took 0.076 seconds
[2024-08-04T04:56:59.080+0000] {processor.py:161} INFO - Started process (PID=912) to work on /home/airflow/.local/lib/python3.12/site-packages/airflow/example_dags/example_sla_dag.py
[2024-08-04T04:56:59.081+0000] {processor.py:830} INFO - Processing file /home/airflow/.local/lib/python3.12/site-packages/airflow/example_dags/example_sla_dag.py for tasks to queue
[2024-08-04T04:56:59.082+0000] {logging_mixin.py:188} INFO - [2024-08-04T04:56:59.082+0000] {dagbag.py:545} INFO - Filling up the DagBag from /home/airflow/.local/lib/python3.12/site-packages/airflow/example_dags/example_sla_dag.py
[2024-08-04T04:56:59.089+0000] {processor.py:840} INFO - DAG(s) 'example_sla_dag' retrieved from /home/airflow/.local/lib/python3.12/site-packages/airflow/example_dags/example_sla_dag.py
[2024-08-04T04:56:59.105+0000] {logging_mixin.py:188} INFO - [2024-08-04T04:56:59.105+0000] {dag.py:3096} INFO - Sync 1 DAGs
[2024-08-04T04:56:59.125+0000] {logging_mixin.py:188} INFO - [2024-08-04T04:56:59.125+0000] {dag.py:3954} INFO - Setting next_dagrun for example_sla_dag to 2024-08-04 04:54:00+00:00, run_after=2024-08-04 04:56:00+00:00
[2024-08-04T04:56:59.148+0000] {processor.py:183} INFO - Processing /home/airflow/.local/lib/python3.12/site-packages/airflow/example_dags/example_sla_dag.py took 0.072 seconds
