[2024-08-04T04:49:30.724+0000] {processor.py:161} INFO - Started process (PID=63) to work on /home/airflow/.local/lib/python3.12/site-packages/airflow/example_dags/example_display_name.py
[2024-08-04T04:49:30.729+0000] {processor.py:830} INFO - Processing file /home/airflow/.local/lib/python3.12/site-packages/airflow/example_dags/example_display_name.py for tasks to queue
[2024-08-04T04:49:30.734+0000] {logging_mixin.py:188} INFO - [2024-08-04T04:49:30.734+0000] {dagbag.py:545} INFO - Filling up the DagBag from /home/airflow/.local/lib/python3.12/site-packages/airflow/example_dags/example_display_name.py
[2024-08-04T04:49:30.756+0000] {processor.py:840} INFO - DAG(s) 'example_display_name' retrieved from /home/airflow/.local/lib/python3.12/site-packages/airflow/example_dags/example_display_name.py
[2024-08-04T04:49:31.184+0000] {logging_mixin.py:188} INFO - [2024-08-04T04:49:31.184+0000] {dag.py:3096} INFO - Sync 1 DAGs
[2024-08-04T04:49:31.217+0000] {logging_mixin.py:188} INFO - [2024-08-04T04:49:31.217+0000] {dag.py:3954} INFO - Setting next_dagrun for example_display_name to None, run_after=None
[2024-08-04T04:49:31.280+0000] {processor.py:183} INFO - Processing /home/airflow/.local/lib/python3.12/site-packages/airflow/example_dags/example_display_name.py took 0.574 seconds
[2024-08-04T04:50:01.656+0000] {processor.py:161} INFO - Started process (PID=121) to work on /home/airflow/.local/lib/python3.12/site-packages/airflow/example_dags/example_display_name.py
[2024-08-04T04:50:01.657+0000] {processor.py:830} INFO - Processing file /home/airflow/.local/lib/python3.12/site-packages/airflow/example_dags/example_display_name.py for tasks to queue
[2024-08-04T04:50:01.659+0000] {logging_mixin.py:188} INFO - [2024-08-04T04:50:01.658+0000] {dagbag.py:545} INFO - Filling up the DagBag from /home/airflow/.local/lib/python3.12/site-packages/airflow/example_dags/example_display_name.py
[2024-08-04T04:50:01.664+0000] {processor.py:840} INFO - DAG(s) 'example_display_name' retrieved from /home/airflow/.local/lib/python3.12/site-packages/airflow/example_dags/example_display_name.py
[2024-08-04T04:50:01.686+0000] {logging_mixin.py:188} INFO - [2024-08-04T04:50:01.685+0000] {dag.py:3096} INFO - Sync 1 DAGs
[2024-08-04T04:50:01.701+0000] {logging_mixin.py:188} INFO - [2024-08-04T04:50:01.701+0000] {dag.py:3954} INFO - Setting next_dagrun for example_display_name to None, run_after=None
[2024-08-04T04:50:01.726+0000] {processor.py:183} INFO - Processing /home/airflow/.local/lib/python3.12/site-packages/airflow/example_dags/example_display_name.py took 0.077 seconds
[2024-08-04T04:50:32.262+0000] {processor.py:161} INFO - Started process (PID=179) to work on /home/airflow/.local/lib/python3.12/site-packages/airflow/example_dags/example_display_name.py
[2024-08-04T04:50:32.263+0000] {processor.py:830} INFO - Processing file /home/airflow/.local/lib/python3.12/site-packages/airflow/example_dags/example_display_name.py for tasks to queue
[2024-08-04T04:50:32.265+0000] {logging_mixin.py:188} INFO - [2024-08-04T04:50:32.264+0000] {dagbag.py:545} INFO - Filling up the DagBag from /home/airflow/.local/lib/python3.12/site-packages/airflow/example_dags/example_display_name.py
[2024-08-04T04:50:32.269+0000] {processor.py:840} INFO - DAG(s) 'example_display_name' retrieved from /home/airflow/.local/lib/python3.12/site-packages/airflow/example_dags/example_display_name.py
[2024-08-04T04:50:32.291+0000] {logging_mixin.py:188} INFO - [2024-08-04T04:50:32.290+0000] {dag.py:3096} INFO - Sync 1 DAGs
[2024-08-04T04:50:32.305+0000] {logging_mixin.py:188} INFO - [2024-08-04T04:50:32.305+0000] {dag.py:3954} INFO - Setting next_dagrun for example_display_name to None, run_after=None
[2024-08-04T04:50:32.331+0000] {processor.py:183} INFO - Processing /home/airflow/.local/lib/python3.12/site-packages/airflow/example_dags/example_display_name.py took 0.075 seconds
[2024-08-04T04:51:02.825+0000] {processor.py:161} INFO - Started process (PID=237) to work on /home/airflow/.local/lib/python3.12/site-packages/airflow/example_dags/example_display_name.py
[2024-08-04T04:51:02.826+0000] {processor.py:830} INFO - Processing file /home/airflow/.local/lib/python3.12/site-packages/airflow/example_dags/example_display_name.py for tasks to queue
[2024-08-04T04:51:02.828+0000] {logging_mixin.py:188} INFO - [2024-08-04T04:51:02.827+0000] {dagbag.py:545} INFO - Filling up the DagBag from /home/airflow/.local/lib/python3.12/site-packages/airflow/example_dags/example_display_name.py
[2024-08-04T04:51:02.834+0000] {processor.py:840} INFO - DAG(s) 'example_display_name' retrieved from /home/airflow/.local/lib/python3.12/site-packages/airflow/example_dags/example_display_name.py
[2024-08-04T04:51:02.856+0000] {logging_mixin.py:188} INFO - [2024-08-04T04:51:02.856+0000] {dag.py:3096} INFO - Sync 1 DAGs
[2024-08-04T04:51:02.872+0000] {logging_mixin.py:188} INFO - [2024-08-04T04:51:02.872+0000] {dag.py:3954} INFO - Setting next_dagrun for example_display_name to None, run_after=None
[2024-08-04T04:51:02.898+0000] {processor.py:183} INFO - Processing /home/airflow/.local/lib/python3.12/site-packages/airflow/example_dags/example_display_name.py took 0.077 seconds
[2024-08-04T04:51:33.415+0000] {processor.py:161} INFO - Started process (PID=295) to work on /home/airflow/.local/lib/python3.12/site-packages/airflow/example_dags/example_display_name.py
[2024-08-04T04:51:33.415+0000] {processor.py:830} INFO - Processing file /home/airflow/.local/lib/python3.12/site-packages/airflow/example_dags/example_display_name.py for tasks to queue
[2024-08-04T04:51:33.417+0000] {logging_mixin.py:188} INFO - [2024-08-04T04:51:33.417+0000] {dagbag.py:545} INFO - Filling up the DagBag from /home/airflow/.local/lib/python3.12/site-packages/airflow/example_dags/example_display_name.py
[2024-08-04T04:51:33.424+0000] {processor.py:840} INFO - DAG(s) 'example_display_name' retrieved from /home/airflow/.local/lib/python3.12/site-packages/airflow/example_dags/example_display_name.py
[2024-08-04T04:51:33.446+0000] {logging_mixin.py:188} INFO - [2024-08-04T04:51:33.446+0000] {dag.py:3096} INFO - Sync 1 DAGs
[2024-08-04T04:51:33.461+0000] {logging_mixin.py:188} INFO - [2024-08-04T04:51:33.461+0000] {dag.py:3954} INFO - Setting next_dagrun for example_display_name to None, run_after=None
[2024-08-04T04:51:33.485+0000] {processor.py:183} INFO - Processing /home/airflow/.local/lib/python3.12/site-packages/airflow/example_dags/example_display_name.py took 0.083 seconds
[2024-08-04T04:52:04.183+0000] {processor.py:161} INFO - Started process (PID=353) to work on /home/airflow/.local/lib/python3.12/site-packages/airflow/example_dags/example_display_name.py
[2024-08-04T04:52:04.193+0000] {processor.py:830} INFO - Processing file /home/airflow/.local/lib/python3.12/site-packages/airflow/example_dags/example_display_name.py for tasks to queue
[2024-08-04T04:52:04.197+0000] {logging_mixin.py:188} INFO - [2024-08-04T04:52:04.197+0000] {dagbag.py:545} INFO - Filling up the DagBag from /home/airflow/.local/lib/python3.12/site-packages/airflow/example_dags/example_display_name.py
[2024-08-04T04:52:04.205+0000] {processor.py:840} INFO - DAG(s) 'example_display_name' retrieved from /home/airflow/.local/lib/python3.12/site-packages/airflow/example_dags/example_display_name.py
[2024-08-04T04:52:04.244+0000] {logging_mixin.py:188} INFO - [2024-08-04T04:52:04.244+0000] {dag.py:3096} INFO - Sync 1 DAGs
[2024-08-04T04:52:04.261+0000] {logging_mixin.py:188} INFO - [2024-08-04T04:52:04.261+0000] {dag.py:3954} INFO - Setting next_dagrun for example_display_name to None, run_after=None
[2024-08-04T04:52:04.287+0000] {processor.py:183} INFO - Processing /home/airflow/.local/lib/python3.12/site-packages/airflow/example_dags/example_display_name.py took 0.119 seconds
[2024-08-04T04:52:34.837+0000] {processor.py:161} INFO - Started process (PID=412) to work on /home/airflow/.local/lib/python3.12/site-packages/airflow/example_dags/example_display_name.py
[2024-08-04T04:52:34.838+0000] {processor.py:830} INFO - Processing file /home/airflow/.local/lib/python3.12/site-packages/airflow/example_dags/example_display_name.py for tasks to queue
[2024-08-04T04:52:34.840+0000] {logging_mixin.py:188} INFO - [2024-08-04T04:52:34.839+0000] {dagbag.py:545} INFO - Filling up the DagBag from /home/airflow/.local/lib/python3.12/site-packages/airflow/example_dags/example_display_name.py
[2024-08-04T04:52:34.853+0000] {processor.py:840} INFO - DAG(s) 'example_display_name' retrieved from /home/airflow/.local/lib/python3.12/site-packages/airflow/example_dags/example_display_name.py
[2024-08-04T04:52:34.918+0000] {logging_mixin.py:188} INFO - [2024-08-04T04:52:34.917+0000] {dag.py:3096} INFO - Sync 1 DAGs
[2024-08-04T04:52:34.977+0000] {logging_mixin.py:188} INFO - [2024-08-04T04:52:34.976+0000] {dag.py:3954} INFO - Setting next_dagrun for example_display_name to None, run_after=None
[2024-08-04T04:52:35.061+0000] {processor.py:183} INFO - Processing /home/airflow/.local/lib/python3.12/site-packages/airflow/example_dags/example_display_name.py took 0.270 seconds
[2024-08-04T04:53:05.813+0000] {processor.py:161} INFO - Started process (PID=470) to work on /home/airflow/.local/lib/python3.12/site-packages/airflow/example_dags/example_display_name.py
[2024-08-04T04:53:05.814+0000] {processor.py:830} INFO - Processing file /home/airflow/.local/lib/python3.12/site-packages/airflow/example_dags/example_display_name.py for tasks to queue
[2024-08-04T04:53:05.815+0000] {logging_mixin.py:188} INFO - [2024-08-04T04:53:05.815+0000] {dagbag.py:545} INFO - Filling up the DagBag from /home/airflow/.local/lib/python3.12/site-packages/airflow/example_dags/example_display_name.py
[2024-08-04T04:53:05.821+0000] {processor.py:840} INFO - DAG(s) 'example_display_name' retrieved from /home/airflow/.local/lib/python3.12/site-packages/airflow/example_dags/example_display_name.py
[2024-08-04T04:53:05.843+0000] {logging_mixin.py:188} INFO - [2024-08-04T04:53:05.843+0000] {dag.py:3096} INFO - Sync 1 DAGs
[2024-08-04T04:53:05.859+0000] {logging_mixin.py:188} INFO - [2024-08-04T04:53:05.859+0000] {dag.py:3954} INFO - Setting next_dagrun for example_display_name to None, run_after=None
[2024-08-04T04:53:05.884+0000] {processor.py:183} INFO - Processing /home/airflow/.local/lib/python3.12/site-packages/airflow/example_dags/example_display_name.py took 0.077 seconds
[2024-08-04T04:53:35.999+0000] {processor.py:161} INFO - Started process (PID=528) to work on /home/airflow/.local/lib/python3.12/site-packages/airflow/example_dags/example_display_name.py
[2024-08-04T04:53:36.000+0000] {processor.py:830} INFO - Processing file /home/airflow/.local/lib/python3.12/site-packages/airflow/example_dags/example_display_name.py for tasks to queue
[2024-08-04T04:53:36.002+0000] {logging_mixin.py:188} INFO - [2024-08-04T04:53:36.001+0000] {dagbag.py:545} INFO - Filling up the DagBag from /home/airflow/.local/lib/python3.12/site-packages/airflow/example_dags/example_display_name.py
[2024-08-04T04:53:36.007+0000] {processor.py:840} INFO - DAG(s) 'example_display_name' retrieved from /home/airflow/.local/lib/python3.12/site-packages/airflow/example_dags/example_display_name.py
[2024-08-04T04:53:36.028+0000] {logging_mixin.py:188} INFO - [2024-08-04T04:53:36.028+0000] {dag.py:3096} INFO - Sync 1 DAGs
[2024-08-04T04:53:36.043+0000] {logging_mixin.py:188} INFO - [2024-08-04T04:53:36.043+0000] {dag.py:3954} INFO - Setting next_dagrun for example_display_name to None, run_after=None
[2024-08-04T04:53:36.069+0000] {processor.py:183} INFO - Processing /home/airflow/.local/lib/python3.12/site-packages/airflow/example_dags/example_display_name.py took 0.077 seconds
[2024-08-04T04:54:06.705+0000] {processor.py:161} INFO - Started process (PID=586) to work on /home/airflow/.local/lib/python3.12/site-packages/airflow/example_dags/example_display_name.py
[2024-08-04T04:54:06.706+0000] {processor.py:830} INFO - Processing file /home/airflow/.local/lib/python3.12/site-packages/airflow/example_dags/example_display_name.py for tasks to queue
[2024-08-04T04:54:06.708+0000] {logging_mixin.py:188} INFO - [2024-08-04T04:54:06.708+0000] {dagbag.py:545} INFO - Filling up the DagBag from /home/airflow/.local/lib/python3.12/site-packages/airflow/example_dags/example_display_name.py
[2024-08-04T04:54:06.717+0000] {processor.py:840} INFO - DAG(s) 'example_display_name' retrieved from /home/airflow/.local/lib/python3.12/site-packages/airflow/example_dags/example_display_name.py
[2024-08-04T04:54:06.762+0000] {logging_mixin.py:188} INFO - [2024-08-04T04:54:06.761+0000] {dag.py:3096} INFO - Sync 1 DAGs
[2024-08-04T04:54:06.778+0000] {logging_mixin.py:188} INFO - [2024-08-04T04:54:06.778+0000] {dag.py:3954} INFO - Setting next_dagrun for example_display_name to None, run_after=None
[2024-08-04T04:54:06.809+0000] {processor.py:183} INFO - Processing /home/airflow/.local/lib/python3.12/site-packages/airflow/example_dags/example_display_name.py took 0.112 seconds
[2024-08-04T04:54:37.174+0000] {processor.py:161} INFO - Started process (PID=646) to work on /home/airflow/.local/lib/python3.12/site-packages/airflow/example_dags/example_display_name.py
[2024-08-04T04:54:37.175+0000] {processor.py:830} INFO - Processing file /home/airflow/.local/lib/python3.12/site-packages/airflow/example_dags/example_display_name.py for tasks to queue
[2024-08-04T04:54:37.180+0000] {logging_mixin.py:188} INFO - [2024-08-04T04:54:37.180+0000] {dagbag.py:545} INFO - Filling up the DagBag from /home/airflow/.local/lib/python3.12/site-packages/airflow/example_dags/example_display_name.py
[2024-08-04T04:54:37.188+0000] {processor.py:840} INFO - DAG(s) 'example_display_name' retrieved from /home/airflow/.local/lib/python3.12/site-packages/airflow/example_dags/example_display_name.py
[2024-08-04T04:54:37.214+0000] {logging_mixin.py:188} INFO - [2024-08-04T04:54:37.213+0000] {dag.py:3096} INFO - Sync 1 DAGs
[2024-08-04T04:54:37.230+0000] {logging_mixin.py:188} INFO - [2024-08-04T04:54:37.230+0000] {dag.py:3954} INFO - Setting next_dagrun for example_display_name to None, run_after=None
[2024-08-04T04:54:37.259+0000] {processor.py:183} INFO - Processing /home/airflow/.local/lib/python3.12/site-packages/airflow/example_dags/example_display_name.py took 0.099 seconds
[2024-08-04T04:55:07.890+0000] {processor.py:161} INFO - Started process (PID=705) to work on /home/airflow/.local/lib/python3.12/site-packages/airflow/example_dags/example_display_name.py
[2024-08-04T04:55:07.891+0000] {processor.py:830} INFO - Processing file /home/airflow/.local/lib/python3.12/site-packages/airflow/example_dags/example_display_name.py for tasks to queue
[2024-08-04T04:55:07.893+0000] {logging_mixin.py:188} INFO - [2024-08-04T04:55:07.893+0000] {dagbag.py:545} INFO - Filling up the DagBag from /home/airflow/.local/lib/python3.12/site-packages/airflow/example_dags/example_display_name.py
[2024-08-04T04:55:07.899+0000] {processor.py:840} INFO - DAG(s) 'example_display_name' retrieved from /home/airflow/.local/lib/python3.12/site-packages/airflow/example_dags/example_display_name.py
[2024-08-04T04:55:07.929+0000] {logging_mixin.py:188} INFO - [2024-08-04T04:55:07.929+0000] {dag.py:3096} INFO - Sync 1 DAGs
[2024-08-04T04:55:07.945+0000] {logging_mixin.py:188} INFO - [2024-08-04T04:55:07.944+0000] {dag.py:3954} INFO - Setting next_dagrun for example_display_name to None, run_after=None
[2024-08-04T04:55:07.971+0000] {processor.py:183} INFO - Processing /home/airflow/.local/lib/python3.12/site-packages/airflow/example_dags/example_display_name.py took 0.088 seconds
[2024-08-04T04:55:38.773+0000] {processor.py:161} INFO - Started process (PID=764) to work on /home/airflow/.local/lib/python3.12/site-packages/airflow/example_dags/example_display_name.py
[2024-08-04T04:55:38.774+0000] {processor.py:830} INFO - Processing file /home/airflow/.local/lib/python3.12/site-packages/airflow/example_dags/example_display_name.py for tasks to queue
[2024-08-04T04:55:38.776+0000] {logging_mixin.py:188} INFO - [2024-08-04T04:55:38.776+0000] {dagbag.py:545} INFO - Filling up the DagBag from /home/airflow/.local/lib/python3.12/site-packages/airflow/example_dags/example_display_name.py
[2024-08-04T04:55:38.782+0000] {processor.py:840} INFO - DAG(s) 'example_display_name' retrieved from /home/airflow/.local/lib/python3.12/site-packages/airflow/example_dags/example_display_name.py
[2024-08-04T04:55:38.803+0000] {logging_mixin.py:188} INFO - [2024-08-04T04:55:38.803+0000] {dag.py:3096} INFO - Sync 1 DAGs
[2024-08-04T04:55:38.829+0000] {logging_mixin.py:188} INFO - [2024-08-04T04:55:38.829+0000] {dag.py:3954} INFO - Setting next_dagrun for example_display_name to None, run_after=None
[2024-08-04T04:55:38.854+0000] {processor.py:183} INFO - Processing /home/airflow/.local/lib/python3.12/site-packages/airflow/example_dags/example_display_name.py took 0.086 seconds
[2024-08-04T04:56:09.133+0000] {processor.py:161} INFO - Started process (PID=823) to work on /home/airflow/.local/lib/python3.12/site-packages/airflow/example_dags/example_display_name.py
[2024-08-04T04:56:09.137+0000] {processor.py:830} INFO - Processing file /home/airflow/.local/lib/python3.12/site-packages/airflow/example_dags/example_display_name.py for tasks to queue
[2024-08-04T04:56:09.139+0000] {logging_mixin.py:188} INFO - [2024-08-04T04:56:09.138+0000] {dagbag.py:545} INFO - Filling up the DagBag from /home/airflow/.local/lib/python3.12/site-packages/airflow/example_dags/example_display_name.py
[2024-08-04T04:56:09.145+0000] {processor.py:840} INFO - DAG(s) 'example_display_name' retrieved from /home/airflow/.local/lib/python3.12/site-packages/airflow/example_dags/example_display_name.py
[2024-08-04T04:56:09.169+0000] {logging_mixin.py:188} INFO - [2024-08-04T04:56:09.168+0000] {dag.py:3096} INFO - Sync 1 DAGs
[2024-08-04T04:56:09.185+0000] {logging_mixin.py:188} INFO - [2024-08-04T04:56:09.185+0000] {dag.py:3954} INFO - Setting next_dagrun for example_display_name to None, run_after=None
[2024-08-04T04:56:09.237+0000] {processor.py:183} INFO - Processing /home/airflow/.local/lib/python3.12/site-packages/airflow/example_dags/example_display_name.py took 0.121 seconds
[2024-08-04T04:56:39.742+0000] {processor.py:161} INFO - Started process (PID=882) to work on /home/airflow/.local/lib/python3.12/site-packages/airflow/example_dags/example_display_name.py
[2024-08-04T04:56:39.743+0000] {processor.py:830} INFO - Processing file /home/airflow/.local/lib/python3.12/site-packages/airflow/example_dags/example_display_name.py for tasks to queue
[2024-08-04T04:56:39.744+0000] {logging_mixin.py:188} INFO - [2024-08-04T04:56:39.744+0000] {dagbag.py:545} INFO - Filling up the DagBag from /home/airflow/.local/lib/python3.12/site-packages/airflow/example_dags/example_display_name.py
[2024-08-04T04:56:39.750+0000] {processor.py:840} INFO - DAG(s) 'example_display_name' retrieved from /home/airflow/.local/lib/python3.12/site-packages/airflow/example_dags/example_display_name.py
[2024-08-04T04:56:39.774+0000] {logging_mixin.py:188} INFO - [2024-08-04T04:56:39.774+0000] {dag.py:3096} INFO - Sync 1 DAGs
[2024-08-04T04:56:39.790+0000] {logging_mixin.py:188} INFO - [2024-08-04T04:56:39.789+0000] {dag.py:3954} INFO - Setting next_dagrun for example_display_name to None, run_after=None
[2024-08-04T04:56:39.823+0000] {processor.py:183} INFO - Processing /home/airflow/.local/lib/python3.12/site-packages/airflow/example_dags/example_display_name.py took 0.086 seconds
[2024-08-04T04:57:10.704+0000] {processor.py:161} INFO - Started process (PID=942) to work on /home/airflow/.local/lib/python3.12/site-packages/airflow/example_dags/example_display_name.py
[2024-08-04T04:57:10.705+0000] {processor.py:830} INFO - Processing file /home/airflow/.local/lib/python3.12/site-packages/airflow/example_dags/example_display_name.py for tasks to queue
[2024-08-04T04:57:10.707+0000] {logging_mixin.py:188} INFO - [2024-08-04T04:57:10.707+0000] {dagbag.py:545} INFO - Filling up the DagBag from /home/airflow/.local/lib/python3.12/site-packages/airflow/example_dags/example_display_name.py
[2024-08-04T04:57:10.719+0000] {processor.py:840} INFO - DAG(s) 'example_display_name' retrieved from /home/airflow/.local/lib/python3.12/site-packages/airflow/example_dags/example_display_name.py
[2024-08-04T04:57:10.824+0000] {logging_mixin.py:188} INFO - [2024-08-04T04:57:10.824+0000] {dag.py:3096} INFO - Sync 1 DAGs
[2024-08-04T04:57:10.855+0000] {logging_mixin.py:188} INFO - [2024-08-04T04:57:10.855+0000] {dag.py:3954} INFO - Setting next_dagrun for example_display_name to None, run_after=None
[2024-08-04T04:57:10.921+0000] {processor.py:183} INFO - Processing /home/airflow/.local/lib/python3.12/site-packages/airflow/example_dags/example_display_name.py took 0.238 seconds
