[2024-08-04T04:49:28.813+0000] {processor.py:161} INFO - Started process (PID=52) to work on /home/airflow/.local/lib/python3.12/site-packages/airflow/example_dags/example_subdag_operator.py
[2024-08-04T04:49:28.814+0000] {processor.py:830} INFO - Processing file /home/airflow/.local/lib/python3.12/site-packages/airflow/example_dags/example_subdag_operator.py for tasks to queue
[2024-08-04T04:49:28.826+0000] {logging_mixin.py:188} INFO - [2024-08-04T04:49:28.825+0000] {dagbag.py:545} INFO - Filling up the DagBag from /home/airflow/.local/lib/python3.12/site-packages/airflow/example_dags/example_subdag_operator.py
[2024-08-04T04:49:28.915+0000] {processor.py:840} INFO - DAG(s) 'example_subdag_operator.section-1', 'example_subdag_operator.section-2', 'example_subdag_operator' retrieved from /home/airflow/.local/lib/python3.12/site-packages/airflow/example_dags/example_subdag_operator.py
[2024-08-04T04:49:29.480+0000] {logging_mixin.py:188} INFO - [2024-08-04T04:49:29.480+0000] {dag.py:3096} INFO - Sync 3 DAGs
[2024-08-04T04:49:29.508+0000] {logging_mixin.py:188} INFO - [2024-08-04T04:49:29.507+0000] {dag.py:3954} INFO - Setting next_dagrun for example_subdag_operator to 2022-01-01 00:00:00+00:00, run_after=2022-01-01 00:00:00+00:00
[2024-08-04T04:49:29.512+0000] {logging_mixin.py:188} INFO - [2024-08-04T04:49:29.511+0000] {dag.py:3954} INFO - Setting next_dagrun for example_subdag_operator.section-1 to None, run_after=None
[2024-08-04T04:49:29.513+0000] {logging_mixin.py:188} INFO - [2024-08-04T04:49:29.513+0000] {dag.py:3954} INFO - Setting next_dagrun for example_subdag_operator.section-2 to None, run_after=None
[2024-08-04T04:49:29.524+0000] {logging_mixin.py:188} INFO - [2024-08-04T04:49:29.524+0000] {dag.py:3096} INFO - Sync 2 DAGs
[2024-08-04T04:49:29.535+0000] {logging_mixin.py:188} INFO - [2024-08-04T04:49:29.535+0000] {dag.py:3954} INFO - Setting next_dagrun for example_subdag_operator.section-1 to None, run_after=None
[2024-08-04T04:49:29.536+0000] {logging_mixin.py:188} INFO - [2024-08-04T04:49:29.536+0000] {dag.py:3954} INFO - Setting next_dagrun for example_subdag_operator.section-2 to None, run_after=None
[2024-08-04T04:49:29.574+0000] {processor.py:183} INFO - Processing /home/airflow/.local/lib/python3.12/site-packages/airflow/example_dags/example_subdag_operator.py took 0.797 seconds
[2024-08-04T04:50:00.271+0000] {processor.py:161} INFO - Started process (PID=116) to work on /home/airflow/.local/lib/python3.12/site-packages/airflow/example_dags/example_subdag_operator.py
[2024-08-04T04:50:00.272+0000] {processor.py:830} INFO - Processing file /home/airflow/.local/lib/python3.12/site-packages/airflow/example_dags/example_subdag_operator.py for tasks to queue
[2024-08-04T04:50:00.273+0000] {logging_mixin.py:188} INFO - [2024-08-04T04:50:00.273+0000] {dagbag.py:545} INFO - Filling up the DagBag from /home/airflow/.local/lib/python3.12/site-packages/airflow/example_dags/example_subdag_operator.py
[2024-08-04T04:50:00.301+0000] {processor.py:840} INFO - DAG(s) 'example_subdag_operator.section-1', 'example_subdag_operator.section-2', 'example_subdag_operator' retrieved from /home/airflow/.local/lib/python3.12/site-packages/airflow/example_dags/example_subdag_operator.py
[2024-08-04T04:50:00.320+0000] {logging_mixin.py:188} INFO - [2024-08-04T04:50:00.320+0000] {dag.py:3096} INFO - Sync 3 DAGs
[2024-08-04T04:50:00.347+0000] {logging_mixin.py:188} INFO - [2024-08-04T04:50:00.347+0000] {dag.py:3954} INFO - Setting next_dagrun for example_subdag_operator to 2022-01-01 00:00:00+00:00, run_after=2022-01-01 00:00:00+00:00
[2024-08-04T04:50:00.350+0000] {logging_mixin.py:188} INFO - [2024-08-04T04:50:00.350+0000] {dag.py:3954} INFO - Setting next_dagrun for example_subdag_operator.section-1 to None, run_after=None
[2024-08-04T04:50:00.351+0000] {logging_mixin.py:188} INFO - [2024-08-04T04:50:00.351+0000] {dag.py:3954} INFO - Setting next_dagrun for example_subdag_operator.section-2 to None, run_after=None
[2024-08-04T04:50:00.358+0000] {logging_mixin.py:188} INFO - [2024-08-04T04:50:00.358+0000] {dag.py:3096} INFO - Sync 2 DAGs
[2024-08-04T04:50:00.363+0000] {logging_mixin.py:188} INFO - [2024-08-04T04:50:00.363+0000] {dag.py:3954} INFO - Setting next_dagrun for example_subdag_operator.section-1 to None, run_after=None
[2024-08-04T04:50:00.364+0000] {logging_mixin.py:188} INFO - [2024-08-04T04:50:00.364+0000] {dag.py:3954} INFO - Setting next_dagrun for example_subdag_operator.section-2 to None, run_after=None
[2024-08-04T04:50:00.379+0000] {processor.py:183} INFO - Processing /home/airflow/.local/lib/python3.12/site-packages/airflow/example_dags/example_subdag_operator.py took 0.125 seconds
[2024-08-04T04:50:30.879+0000] {processor.py:161} INFO - Started process (PID=174) to work on /home/airflow/.local/lib/python3.12/site-packages/airflow/example_dags/example_subdag_operator.py
[2024-08-04T04:50:30.880+0000] {processor.py:830} INFO - Processing file /home/airflow/.local/lib/python3.12/site-packages/airflow/example_dags/example_subdag_operator.py for tasks to queue
[2024-08-04T04:50:30.882+0000] {logging_mixin.py:188} INFO - [2024-08-04T04:50:30.881+0000] {dagbag.py:545} INFO - Filling up the DagBag from /home/airflow/.local/lib/python3.12/site-packages/airflow/example_dags/example_subdag_operator.py
[2024-08-04T04:50:30.917+0000] {processor.py:840} INFO - DAG(s) 'example_subdag_operator.section-1', 'example_subdag_operator.section-2', 'example_subdag_operator' retrieved from /home/airflow/.local/lib/python3.12/site-packages/airflow/example_dags/example_subdag_operator.py
[2024-08-04T04:50:30.939+0000] {logging_mixin.py:188} INFO - [2024-08-04T04:50:30.939+0000] {dag.py:3096} INFO - Sync 3 DAGs
[2024-08-04T04:50:30.966+0000] {logging_mixin.py:188} INFO - [2024-08-04T04:50:30.966+0000] {dag.py:3954} INFO - Setting next_dagrun for example_subdag_operator to 2022-01-01 00:00:00+00:00, run_after=2022-01-01 00:00:00+00:00
[2024-08-04T04:50:30.970+0000] {logging_mixin.py:188} INFO - [2024-08-04T04:50:30.970+0000] {dag.py:3954} INFO - Setting next_dagrun for example_subdag_operator.section-1 to None, run_after=None
[2024-08-04T04:50:30.971+0000] {logging_mixin.py:188} INFO - [2024-08-04T04:50:30.971+0000] {dag.py:3954} INFO - Setting next_dagrun for example_subdag_operator.section-2 to None, run_after=None
[2024-08-04T04:50:30.979+0000] {logging_mixin.py:188} INFO - [2024-08-04T04:50:30.979+0000] {dag.py:3096} INFO - Sync 2 DAGs
[2024-08-04T04:50:30.985+0000] {logging_mixin.py:188} INFO - [2024-08-04T04:50:30.985+0000] {dag.py:3954} INFO - Setting next_dagrun for example_subdag_operator.section-1 to None, run_after=None
[2024-08-04T04:50:30.986+0000] {logging_mixin.py:188} INFO - [2024-08-04T04:50:30.985+0000] {dag.py:3954} INFO - Setting next_dagrun for example_subdag_operator.section-2 to None, run_after=None
[2024-08-04T04:50:31.001+0000] {processor.py:183} INFO - Processing /home/airflow/.local/lib/python3.12/site-packages/airflow/example_dags/example_subdag_operator.py took 0.128 seconds
[2024-08-04T04:51:01.411+0000] {processor.py:161} INFO - Started process (PID=232) to work on /home/airflow/.local/lib/python3.12/site-packages/airflow/example_dags/example_subdag_operator.py
[2024-08-04T04:51:01.411+0000] {processor.py:830} INFO - Processing file /home/airflow/.local/lib/python3.12/site-packages/airflow/example_dags/example_subdag_operator.py for tasks to queue
[2024-08-04T04:51:01.413+0000] {logging_mixin.py:188} INFO - [2024-08-04T04:51:01.413+0000] {dagbag.py:545} INFO - Filling up the DagBag from /home/airflow/.local/lib/python3.12/site-packages/airflow/example_dags/example_subdag_operator.py
[2024-08-04T04:51:01.439+0000] {processor.py:840} INFO - DAG(s) 'example_subdag_operator.section-1', 'example_subdag_operator.section-2', 'example_subdag_operator' retrieved from /home/airflow/.local/lib/python3.12/site-packages/airflow/example_dags/example_subdag_operator.py
[2024-08-04T04:51:01.459+0000] {logging_mixin.py:188} INFO - [2024-08-04T04:51:01.458+0000] {dag.py:3096} INFO - Sync 3 DAGs
[2024-08-04T04:51:01.484+0000] {logging_mixin.py:188} INFO - [2024-08-04T04:51:01.484+0000] {dag.py:3954} INFO - Setting next_dagrun for example_subdag_operator to 2022-01-01 00:00:00+00:00, run_after=2022-01-01 00:00:00+00:00
[2024-08-04T04:51:01.487+0000] {logging_mixin.py:188} INFO - [2024-08-04T04:51:01.487+0000] {dag.py:3954} INFO - Setting next_dagrun for example_subdag_operator.section-1 to None, run_after=None
[2024-08-04T04:51:01.489+0000] {logging_mixin.py:188} INFO - [2024-08-04T04:51:01.489+0000] {dag.py:3954} INFO - Setting next_dagrun for example_subdag_operator.section-2 to None, run_after=None
[2024-08-04T04:51:01.496+0000] {logging_mixin.py:188} INFO - [2024-08-04T04:51:01.496+0000] {dag.py:3096} INFO - Sync 2 DAGs
[2024-08-04T04:51:01.502+0000] {logging_mixin.py:188} INFO - [2024-08-04T04:51:01.502+0000] {dag.py:3954} INFO - Setting next_dagrun for example_subdag_operator.section-1 to None, run_after=None
[2024-08-04T04:51:01.502+0000] {logging_mixin.py:188} INFO - [2024-08-04T04:51:01.502+0000] {dag.py:3954} INFO - Setting next_dagrun for example_subdag_operator.section-2 to None, run_after=None
[2024-08-04T04:51:01.519+0000] {processor.py:183} INFO - Processing /home/airflow/.local/lib/python3.12/site-packages/airflow/example_dags/example_subdag_operator.py took 0.114 seconds
[2024-08-04T04:51:32.021+0000] {processor.py:161} INFO - Started process (PID=290) to work on /home/airflow/.local/lib/python3.12/site-packages/airflow/example_dags/example_subdag_operator.py
[2024-08-04T04:51:32.029+0000] {processor.py:830} INFO - Processing file /home/airflow/.local/lib/python3.12/site-packages/airflow/example_dags/example_subdag_operator.py for tasks to queue
[2024-08-04T04:51:32.031+0000] {logging_mixin.py:188} INFO - [2024-08-04T04:51:32.031+0000] {dagbag.py:545} INFO - Filling up the DagBag from /home/airflow/.local/lib/python3.12/site-packages/airflow/example_dags/example_subdag_operator.py
[2024-08-04T04:51:32.059+0000] {processor.py:840} INFO - DAG(s) 'example_subdag_operator.section-1', 'example_subdag_operator.section-2', 'example_subdag_operator' retrieved from /home/airflow/.local/lib/python3.12/site-packages/airflow/example_dags/example_subdag_operator.py
[2024-08-04T04:51:32.079+0000] {logging_mixin.py:188} INFO - [2024-08-04T04:51:32.078+0000] {dag.py:3096} INFO - Sync 3 DAGs
[2024-08-04T04:51:32.105+0000] {logging_mixin.py:188} INFO - [2024-08-04T04:51:32.105+0000] {dag.py:3954} INFO - Setting next_dagrun for example_subdag_operator to 2022-01-01 00:00:00+00:00, run_after=2022-01-01 00:00:00+00:00
[2024-08-04T04:51:32.108+0000] {logging_mixin.py:188} INFO - [2024-08-04T04:51:32.108+0000] {dag.py:3954} INFO - Setting next_dagrun for example_subdag_operator.section-1 to None, run_after=None
[2024-08-04T04:51:32.110+0000] {logging_mixin.py:188} INFO - [2024-08-04T04:51:32.110+0000] {dag.py:3954} INFO - Setting next_dagrun for example_subdag_operator.section-2 to None, run_after=None
[2024-08-04T04:51:32.118+0000] {logging_mixin.py:188} INFO - [2024-08-04T04:51:32.118+0000] {dag.py:3096} INFO - Sync 2 DAGs
[2024-08-04T04:51:32.123+0000] {logging_mixin.py:188} INFO - [2024-08-04T04:51:32.123+0000] {dag.py:3954} INFO - Setting next_dagrun for example_subdag_operator.section-1 to None, run_after=None
[2024-08-04T04:51:32.124+0000] {logging_mixin.py:188} INFO - [2024-08-04T04:51:32.123+0000] {dag.py:3954} INFO - Setting next_dagrun for example_subdag_operator.section-2 to None, run_after=None
[2024-08-04T04:51:32.139+0000] {processor.py:183} INFO - Processing /home/airflow/.local/lib/python3.12/site-packages/airflow/example_dags/example_subdag_operator.py took 0.129 seconds
[2024-08-04T04:52:02.389+0000] {processor.py:161} INFO - Started process (PID=348) to work on /home/airflow/.local/lib/python3.12/site-packages/airflow/example_dags/example_subdag_operator.py
[2024-08-04T04:52:02.394+0000] {processor.py:830} INFO - Processing file /home/airflow/.local/lib/python3.12/site-packages/airflow/example_dags/example_subdag_operator.py for tasks to queue
[2024-08-04T04:52:02.395+0000] {logging_mixin.py:188} INFO - [2024-08-04T04:52:02.395+0000] {dagbag.py:545} INFO - Filling up the DagBag from /home/airflow/.local/lib/python3.12/site-packages/airflow/example_dags/example_subdag_operator.py
[2024-08-04T04:52:02.474+0000] {processor.py:840} INFO - DAG(s) 'example_subdag_operator.section-1', 'example_subdag_operator.section-2', 'example_subdag_operator' retrieved from /home/airflow/.local/lib/python3.12/site-packages/airflow/example_dags/example_subdag_operator.py
[2024-08-04T04:52:02.558+0000] {logging_mixin.py:188} INFO - [2024-08-04T04:52:02.557+0000] {dag.py:3096} INFO - Sync 3 DAGs
[2024-08-04T04:52:02.634+0000] {logging_mixin.py:188} INFO - [2024-08-04T04:52:02.634+0000] {dag.py:3954} INFO - Setting next_dagrun for example_subdag_operator to 2022-01-01 00:00:00+00:00, run_after=2022-01-01 00:00:00+00:00
[2024-08-04T04:52:02.656+0000] {logging_mixin.py:188} INFO - [2024-08-04T04:52:02.655+0000] {dag.py:3954} INFO - Setting next_dagrun for example_subdag_operator.section-1 to None, run_after=None
[2024-08-04T04:52:02.657+0000] {logging_mixin.py:188} INFO - [2024-08-04T04:52:02.657+0000] {dag.py:3954} INFO - Setting next_dagrun for example_subdag_operator.section-2 to None, run_after=None
[2024-08-04T04:52:02.675+0000] {logging_mixin.py:188} INFO - [2024-08-04T04:52:02.675+0000] {dag.py:3096} INFO - Sync 2 DAGs
[2024-08-04T04:52:02.688+0000] {logging_mixin.py:188} INFO - [2024-08-04T04:52:02.688+0000] {dag.py:3954} INFO - Setting next_dagrun for example_subdag_operator.section-1 to None, run_after=None
[2024-08-04T04:52:02.697+0000] {logging_mixin.py:188} INFO - [2024-08-04T04:52:02.697+0000] {dag.py:3954} INFO - Setting next_dagrun for example_subdag_operator.section-2 to None, run_after=None
[2024-08-04T04:52:02.735+0000] {processor.py:183} INFO - Processing /home/airflow/.local/lib/python3.12/site-packages/airflow/example_dags/example_subdag_operator.py took 0.360 seconds
[2024-08-04T04:52:33.089+0000] {processor.py:161} INFO - Started process (PID=407) to work on /home/airflow/.local/lib/python3.12/site-packages/airflow/example_dags/example_subdag_operator.py
[2024-08-04T04:52:33.091+0000] {processor.py:830} INFO - Processing file /home/airflow/.local/lib/python3.12/site-packages/airflow/example_dags/example_subdag_operator.py for tasks to queue
[2024-08-04T04:52:33.093+0000] {logging_mixin.py:188} INFO - [2024-08-04T04:52:33.092+0000] {dagbag.py:545} INFO - Filling up the DagBag from /home/airflow/.local/lib/python3.12/site-packages/airflow/example_dags/example_subdag_operator.py
[2024-08-04T04:52:33.120+0000] {processor.py:840} INFO - DAG(s) 'example_subdag_operator.section-1', 'example_subdag_operator.section-2', 'example_subdag_operator' retrieved from /home/airflow/.local/lib/python3.12/site-packages/airflow/example_dags/example_subdag_operator.py
[2024-08-04T04:52:33.152+0000] {logging_mixin.py:188} INFO - [2024-08-04T04:52:33.151+0000] {dag.py:3096} INFO - Sync 3 DAGs
[2024-08-04T04:52:33.186+0000] {logging_mixin.py:188} INFO - [2024-08-04T04:52:33.186+0000] {dag.py:3954} INFO - Setting next_dagrun for example_subdag_operator to 2022-01-01 00:00:00+00:00, run_after=2022-01-01 00:00:00+00:00
[2024-08-04T04:52:33.196+0000] {logging_mixin.py:188} INFO - [2024-08-04T04:52:33.196+0000] {dag.py:3954} INFO - Setting next_dagrun for example_subdag_operator.section-1 to None, run_after=None
[2024-08-04T04:52:33.198+0000] {logging_mixin.py:188} INFO - [2024-08-04T04:52:33.197+0000] {dag.py:3954} INFO - Setting next_dagrun for example_subdag_operator.section-2 to None, run_after=None
[2024-08-04T04:52:33.206+0000] {logging_mixin.py:188} INFO - [2024-08-04T04:52:33.206+0000] {dag.py:3096} INFO - Sync 2 DAGs
[2024-08-04T04:52:33.212+0000] {logging_mixin.py:188} INFO - [2024-08-04T04:52:33.212+0000] {dag.py:3954} INFO - Setting next_dagrun for example_subdag_operator.section-1 to None, run_after=None
[2024-08-04T04:52:33.213+0000] {logging_mixin.py:188} INFO - [2024-08-04T04:52:33.212+0000] {dag.py:3954} INFO - Setting next_dagrun for example_subdag_operator.section-2 to None, run_after=None
[2024-08-04T04:52:33.241+0000] {processor.py:183} INFO - Processing /home/airflow/.local/lib/python3.12/site-packages/airflow/example_dags/example_subdag_operator.py took 0.158 seconds
[2024-08-04T04:53:03.452+0000] {processor.py:161} INFO - Started process (PID=465) to work on /home/airflow/.local/lib/python3.12/site-packages/airflow/example_dags/example_subdag_operator.py
[2024-08-04T04:53:03.453+0000] {processor.py:830} INFO - Processing file /home/airflow/.local/lib/python3.12/site-packages/airflow/example_dags/example_subdag_operator.py for tasks to queue
[2024-08-04T04:53:03.455+0000] {logging_mixin.py:188} INFO - [2024-08-04T04:53:03.455+0000] {dagbag.py:545} INFO - Filling up the DagBag from /home/airflow/.local/lib/python3.12/site-packages/airflow/example_dags/example_subdag_operator.py
[2024-08-04T04:53:03.482+0000] {processor.py:840} INFO - DAG(s) 'example_subdag_operator.section-1', 'example_subdag_operator.section-2', 'example_subdag_operator' retrieved from /home/airflow/.local/lib/python3.12/site-packages/airflow/example_dags/example_subdag_operator.py
[2024-08-04T04:53:03.502+0000] {logging_mixin.py:188} INFO - [2024-08-04T04:53:03.502+0000] {dag.py:3096} INFO - Sync 3 DAGs
[2024-08-04T04:53:03.525+0000] {logging_mixin.py:188} INFO - [2024-08-04T04:53:03.525+0000] {dag.py:3954} INFO - Setting next_dagrun for example_subdag_operator to 2022-01-01 00:00:00+00:00, run_after=2022-01-01 00:00:00+00:00
[2024-08-04T04:53:03.529+0000] {logging_mixin.py:188} INFO - [2024-08-04T04:53:03.529+0000] {dag.py:3954} INFO - Setting next_dagrun for example_subdag_operator.section-1 to None, run_after=None
[2024-08-04T04:53:03.530+0000] {logging_mixin.py:188} INFO - [2024-08-04T04:53:03.530+0000] {dag.py:3954} INFO - Setting next_dagrun for example_subdag_operator.section-2 to None, run_after=None
[2024-08-04T04:53:03.537+0000] {logging_mixin.py:188} INFO - [2024-08-04T04:53:03.537+0000] {dag.py:3096} INFO - Sync 2 DAGs
[2024-08-04T04:53:03.542+0000] {logging_mixin.py:188} INFO - [2024-08-04T04:53:03.542+0000] {dag.py:3954} INFO - Setting next_dagrun for example_subdag_operator.section-1 to None, run_after=None
[2024-08-04T04:53:03.543+0000] {logging_mixin.py:188} INFO - [2024-08-04T04:53:03.543+0000] {dag.py:3954} INFO - Setting next_dagrun for example_subdag_operator.section-2 to None, run_after=None
[2024-08-04T04:53:03.558+0000] {processor.py:183} INFO - Processing /home/airflow/.local/lib/python3.12/site-packages/airflow/example_dags/example_subdag_operator.py took 0.112 seconds
[2024-08-04T04:53:33.617+0000] {processor.py:161} INFO - Started process (PID=523) to work on /home/airflow/.local/lib/python3.12/site-packages/airflow/example_dags/example_subdag_operator.py
[2024-08-04T04:53:33.618+0000] {processor.py:830} INFO - Processing file /home/airflow/.local/lib/python3.12/site-packages/airflow/example_dags/example_subdag_operator.py for tasks to queue
[2024-08-04T04:53:33.620+0000] {logging_mixin.py:188} INFO - [2024-08-04T04:53:33.620+0000] {dagbag.py:545} INFO - Filling up the DagBag from /home/airflow/.local/lib/python3.12/site-packages/airflow/example_dags/example_subdag_operator.py
[2024-08-04T04:53:33.647+0000] {processor.py:840} INFO - DAG(s) 'example_subdag_operator.section-1', 'example_subdag_operator.section-2', 'example_subdag_operator' retrieved from /home/airflow/.local/lib/python3.12/site-packages/airflow/example_dags/example_subdag_operator.py
[2024-08-04T04:53:33.669+0000] {logging_mixin.py:188} INFO - [2024-08-04T04:53:33.668+0000] {dag.py:3096} INFO - Sync 3 DAGs
[2024-08-04T04:53:33.694+0000] {logging_mixin.py:188} INFO - [2024-08-04T04:53:33.693+0000] {dag.py:3954} INFO - Setting next_dagrun for example_subdag_operator to 2022-01-01 00:00:00+00:00, run_after=2022-01-01 00:00:00+00:00
[2024-08-04T04:53:33.699+0000] {logging_mixin.py:188} INFO - [2024-08-04T04:53:33.699+0000] {dag.py:3954} INFO - Setting next_dagrun for example_subdag_operator.section-1 to None, run_after=None
[2024-08-04T04:53:33.700+0000] {logging_mixin.py:188} INFO - [2024-08-04T04:53:33.700+0000] {dag.py:3954} INFO - Setting next_dagrun for example_subdag_operator.section-2 to None, run_after=None
[2024-08-04T04:53:33.709+0000] {logging_mixin.py:188} INFO - [2024-08-04T04:53:33.708+0000] {dag.py:3096} INFO - Sync 2 DAGs
[2024-08-04T04:53:33.715+0000] {logging_mixin.py:188} INFO - [2024-08-04T04:53:33.715+0000] {dag.py:3954} INFO - Setting next_dagrun for example_subdag_operator.section-1 to None, run_after=None
[2024-08-04T04:53:33.716+0000] {logging_mixin.py:188} INFO - [2024-08-04T04:53:33.715+0000] {dag.py:3954} INFO - Setting next_dagrun for example_subdag_operator.section-2 to None, run_after=None
[2024-08-04T04:53:33.734+0000] {processor.py:183} INFO - Processing /home/airflow/.local/lib/python3.12/site-packages/airflow/example_dags/example_subdag_operator.py took 0.123 seconds
[2024-08-04T04:54:04.412+0000] {processor.py:161} INFO - Started process (PID=581) to work on /home/airflow/.local/lib/python3.12/site-packages/airflow/example_dags/example_subdag_operator.py
[2024-08-04T04:54:04.413+0000] {processor.py:830} INFO - Processing file /home/airflow/.local/lib/python3.12/site-packages/airflow/example_dags/example_subdag_operator.py for tasks to queue
[2024-08-04T04:54:04.415+0000] {logging_mixin.py:188} INFO - [2024-08-04T04:54:04.415+0000] {dagbag.py:545} INFO - Filling up the DagBag from /home/airflow/.local/lib/python3.12/site-packages/airflow/example_dags/example_subdag_operator.py
[2024-08-04T04:54:04.442+0000] {processor.py:840} INFO - DAG(s) 'example_subdag_operator.section-1', 'example_subdag_operator.section-2', 'example_subdag_operator' retrieved from /home/airflow/.local/lib/python3.12/site-packages/airflow/example_dags/example_subdag_operator.py
[2024-08-04T04:54:04.461+0000] {logging_mixin.py:188} INFO - [2024-08-04T04:54:04.461+0000] {dag.py:3096} INFO - Sync 3 DAGs
[2024-08-04T04:54:04.488+0000] {logging_mixin.py:188} INFO - [2024-08-04T04:54:04.488+0000] {dag.py:3954} INFO - Setting next_dagrun for example_subdag_operator to 2022-01-01 00:00:00+00:00, run_after=2022-01-01 00:00:00+00:00
[2024-08-04T04:54:04.492+0000] {logging_mixin.py:188} INFO - [2024-08-04T04:54:04.492+0000] {dag.py:3954} INFO - Setting next_dagrun for example_subdag_operator.section-1 to None, run_after=None
[2024-08-04T04:54:04.494+0000] {logging_mixin.py:188} INFO - [2024-08-04T04:54:04.494+0000] {dag.py:3954} INFO - Setting next_dagrun for example_subdag_operator.section-2 to None, run_after=None
[2024-08-04T04:54:04.502+0000] {logging_mixin.py:188} INFO - [2024-08-04T04:54:04.502+0000] {dag.py:3096} INFO - Sync 2 DAGs
[2024-08-04T04:54:04.508+0000] {logging_mixin.py:188} INFO - [2024-08-04T04:54:04.508+0000] {dag.py:3954} INFO - Setting next_dagrun for example_subdag_operator.section-1 to None, run_after=None
[2024-08-04T04:54:04.509+0000] {logging_mixin.py:188} INFO - [2024-08-04T04:54:04.509+0000] {dag.py:3954} INFO - Setting next_dagrun for example_subdag_operator.section-2 to None, run_after=None
[2024-08-04T04:54:04.527+0000] {processor.py:183} INFO - Processing /home/airflow/.local/lib/python3.12/site-packages/airflow/example_dags/example_subdag_operator.py took 0.120 seconds
[2024-08-04T04:54:34.736+0000] {processor.py:161} INFO - Started process (PID=641) to work on /home/airflow/.local/lib/python3.12/site-packages/airflow/example_dags/example_subdag_operator.py
[2024-08-04T04:54:34.737+0000] {processor.py:830} INFO - Processing file /home/airflow/.local/lib/python3.12/site-packages/airflow/example_dags/example_subdag_operator.py for tasks to queue
[2024-08-04T04:54:34.739+0000] {logging_mixin.py:188} INFO - [2024-08-04T04:54:34.739+0000] {dagbag.py:545} INFO - Filling up the DagBag from /home/airflow/.local/lib/python3.12/site-packages/airflow/example_dags/example_subdag_operator.py
[2024-08-04T04:54:34.766+0000] {processor.py:840} INFO - DAG(s) 'example_subdag_operator.section-1', 'example_subdag_operator.section-2', 'example_subdag_operator' retrieved from /home/airflow/.local/lib/python3.12/site-packages/airflow/example_dags/example_subdag_operator.py
[2024-08-04T04:54:34.787+0000] {logging_mixin.py:188} INFO - [2024-08-04T04:54:34.787+0000] {dag.py:3096} INFO - Sync 3 DAGs
[2024-08-04T04:54:34.812+0000] {logging_mixin.py:188} INFO - [2024-08-04T04:54:34.812+0000] {dag.py:3954} INFO - Setting next_dagrun for example_subdag_operator to 2022-01-01 00:00:00+00:00, run_after=2022-01-01 00:00:00+00:00
[2024-08-04T04:54:34.817+0000] {logging_mixin.py:188} INFO - [2024-08-04T04:54:34.817+0000] {dag.py:3954} INFO - Setting next_dagrun for example_subdag_operator.section-1 to None, run_after=None
[2024-08-04T04:54:34.818+0000] {logging_mixin.py:188} INFO - [2024-08-04T04:54:34.818+0000] {dag.py:3954} INFO - Setting next_dagrun for example_subdag_operator.section-2 to None, run_after=None
[2024-08-04T04:54:34.826+0000] {logging_mixin.py:188} INFO - [2024-08-04T04:54:34.826+0000] {dag.py:3096} INFO - Sync 2 DAGs
[2024-08-04T04:54:34.832+0000] {logging_mixin.py:188} INFO - [2024-08-04T04:54:34.832+0000] {dag.py:3954} INFO - Setting next_dagrun for example_subdag_operator.section-1 to None, run_after=None
[2024-08-04T04:54:34.833+0000] {logging_mixin.py:188} INFO - [2024-08-04T04:54:34.833+0000] {dag.py:3954} INFO - Setting next_dagrun for example_subdag_operator.section-2 to None, run_after=None
[2024-08-04T04:54:34.849+0000] {processor.py:183} INFO - Processing /home/airflow/.local/lib/python3.12/site-packages/airflow/example_dags/example_subdag_operator.py took 0.120 seconds
[2024-08-04T04:55:05.369+0000] {processor.py:161} INFO - Started process (PID=700) to work on /home/airflow/.local/lib/python3.12/site-packages/airflow/example_dags/example_subdag_operator.py
[2024-08-04T04:55:05.370+0000] {processor.py:830} INFO - Processing file /home/airflow/.local/lib/python3.12/site-packages/airflow/example_dags/example_subdag_operator.py for tasks to queue
[2024-08-04T04:55:05.372+0000] {logging_mixin.py:188} INFO - [2024-08-04T04:55:05.371+0000] {dagbag.py:545} INFO - Filling up the DagBag from /home/airflow/.local/lib/python3.12/site-packages/airflow/example_dags/example_subdag_operator.py
[2024-08-04T04:55:05.469+0000] {processor.py:840} INFO - DAG(s) 'example_subdag_operator.section-1', 'example_subdag_operator.section-2', 'example_subdag_operator' retrieved from /home/airflow/.local/lib/python3.12/site-packages/airflow/example_dags/example_subdag_operator.py
[2024-08-04T04:55:05.500+0000] {logging_mixin.py:188} INFO - [2024-08-04T04:55:05.499+0000] {dag.py:3096} INFO - Sync 3 DAGs
[2024-08-04T04:55:05.553+0000] {logging_mixin.py:188} INFO - [2024-08-04T04:55:05.552+0000] {dag.py:3954} INFO - Setting next_dagrun for example_subdag_operator to 2022-01-01 00:00:00+00:00, run_after=2022-01-01 00:00:00+00:00
[2024-08-04T04:55:05.566+0000] {logging_mixin.py:188} INFO - [2024-08-04T04:55:05.565+0000] {dag.py:3954} INFO - Setting next_dagrun for example_subdag_operator.section-1 to None, run_after=None
[2024-08-04T04:55:05.574+0000] {logging_mixin.py:188} INFO - [2024-08-04T04:55:05.574+0000] {dag.py:3954} INFO - Setting next_dagrun for example_subdag_operator.section-2 to None, run_after=None
[2024-08-04T04:55:05.590+0000] {logging_mixin.py:188} INFO - [2024-08-04T04:55:05.590+0000] {dag.py:3096} INFO - Sync 2 DAGs
[2024-08-04T04:55:05.596+0000] {logging_mixin.py:188} INFO - [2024-08-04T04:55:05.596+0000] {dag.py:3954} INFO - Setting next_dagrun for example_subdag_operator.section-1 to None, run_after=None
[2024-08-04T04:55:05.597+0000] {logging_mixin.py:188} INFO - [2024-08-04T04:55:05.596+0000] {dag.py:3954} INFO - Setting next_dagrun for example_subdag_operator.section-2 to None, run_after=None
[2024-08-04T04:55:05.621+0000] {processor.py:183} INFO - Processing /home/airflow/.local/lib/python3.12/site-packages/airflow/example_dags/example_subdag_operator.py took 0.263 seconds
[2024-08-04T04:55:36.420+0000] {processor.py:161} INFO - Started process (PID=759) to work on /home/airflow/.local/lib/python3.12/site-packages/airflow/example_dags/example_subdag_operator.py
[2024-08-04T04:55:36.423+0000] {processor.py:830} INFO - Processing file /home/airflow/.local/lib/python3.12/site-packages/airflow/example_dags/example_subdag_operator.py for tasks to queue
[2024-08-04T04:55:36.424+0000] {logging_mixin.py:188} INFO - [2024-08-04T04:55:36.424+0000] {dagbag.py:545} INFO - Filling up the DagBag from /home/airflow/.local/lib/python3.12/site-packages/airflow/example_dags/example_subdag_operator.py
[2024-08-04T04:55:36.451+0000] {processor.py:840} INFO - DAG(s) 'example_subdag_operator.section-1', 'example_subdag_operator.section-2', 'example_subdag_operator' retrieved from /home/airflow/.local/lib/python3.12/site-packages/airflow/example_dags/example_subdag_operator.py
[2024-08-04T04:55:36.466+0000] {logging_mixin.py:188} INFO - [2024-08-04T04:55:36.466+0000] {dag.py:3096} INFO - Sync 3 DAGs
[2024-08-04T04:55:36.491+0000] {logging_mixin.py:188} INFO - [2024-08-04T04:55:36.490+0000] {dag.py:3954} INFO - Setting next_dagrun for example_subdag_operator to 2022-01-01 00:00:00+00:00, run_after=2022-01-01 00:00:00+00:00
[2024-08-04T04:55:36.494+0000] {logging_mixin.py:188} INFO - [2024-08-04T04:55:36.494+0000] {dag.py:3954} INFO - Setting next_dagrun for example_subdag_operator.section-1 to None, run_after=None
[2024-08-04T04:55:36.496+0000] {logging_mixin.py:188} INFO - [2024-08-04T04:55:36.495+0000] {dag.py:3954} INFO - Setting next_dagrun for example_subdag_operator.section-2 to None, run_after=None
[2024-08-04T04:55:36.503+0000] {logging_mixin.py:188} INFO - [2024-08-04T04:55:36.503+0000] {dag.py:3096} INFO - Sync 2 DAGs
[2024-08-04T04:55:36.509+0000] {logging_mixin.py:188} INFO - [2024-08-04T04:55:36.509+0000] {dag.py:3954} INFO - Setting next_dagrun for example_subdag_operator.section-1 to None, run_after=None
[2024-08-04T04:55:36.509+0000] {logging_mixin.py:188} INFO - [2024-08-04T04:55:36.509+0000] {dag.py:3954} INFO - Setting next_dagrun for example_subdag_operator.section-2 to None, run_after=None
[2024-08-04T04:55:36.525+0000] {processor.py:183} INFO - Processing /home/airflow/.local/lib/python3.12/site-packages/airflow/example_dags/example_subdag_operator.py took 0.112 seconds
[2024-08-04T04:56:06.713+0000] {processor.py:161} INFO - Started process (PID=818) to work on /home/airflow/.local/lib/python3.12/site-packages/airflow/example_dags/example_subdag_operator.py
[2024-08-04T04:56:06.713+0000] {processor.py:830} INFO - Processing file /home/airflow/.local/lib/python3.12/site-packages/airflow/example_dags/example_subdag_operator.py for tasks to queue
[2024-08-04T04:56:06.715+0000] {logging_mixin.py:188} INFO - [2024-08-04T04:56:06.715+0000] {dagbag.py:545} INFO - Filling up the DagBag from /home/airflow/.local/lib/python3.12/site-packages/airflow/example_dags/example_subdag_operator.py
[2024-08-04T04:56:06.741+0000] {processor.py:840} INFO - DAG(s) 'example_subdag_operator.section-1', 'example_subdag_operator.section-2', 'example_subdag_operator' retrieved from /home/airflow/.local/lib/python3.12/site-packages/airflow/example_dags/example_subdag_operator.py
[2024-08-04T04:56:06.760+0000] {logging_mixin.py:188} INFO - [2024-08-04T04:56:06.760+0000] {dag.py:3096} INFO - Sync 3 DAGs
[2024-08-04T04:56:06.784+0000] {logging_mixin.py:188} INFO - [2024-08-04T04:56:06.784+0000] {dag.py:3954} INFO - Setting next_dagrun for example_subdag_operator to 2022-01-01 00:00:00+00:00, run_after=2022-01-01 00:00:00+00:00
[2024-08-04T04:56:06.789+0000] {logging_mixin.py:188} INFO - [2024-08-04T04:56:06.788+0000] {dag.py:3954} INFO - Setting next_dagrun for example_subdag_operator.section-1 to None, run_after=None
[2024-08-04T04:56:06.790+0000] {logging_mixin.py:188} INFO - [2024-08-04T04:56:06.790+0000] {dag.py:3954} INFO - Setting next_dagrun for example_subdag_operator.section-2 to None, run_after=None
[2024-08-04T04:56:06.797+0000] {logging_mixin.py:188} INFO - [2024-08-04T04:56:06.796+0000] {dag.py:3096} INFO - Sync 2 DAGs
[2024-08-04T04:56:06.802+0000] {logging_mixin.py:188} INFO - [2024-08-04T04:56:06.802+0000] {dag.py:3954} INFO - Setting next_dagrun for example_subdag_operator.section-1 to None, run_after=None
[2024-08-04T04:56:06.803+0000] {logging_mixin.py:188} INFO - [2024-08-04T04:56:06.802+0000] {dag.py:3954} INFO - Setting next_dagrun for example_subdag_operator.section-2 to None, run_after=None
[2024-08-04T04:56:06.818+0000] {processor.py:183} INFO - Processing /home/airflow/.local/lib/python3.12/site-packages/airflow/example_dags/example_subdag_operator.py took 0.112 seconds
[2024-08-04T04:56:37.343+0000] {processor.py:161} INFO - Started process (PID=877) to work on /home/airflow/.local/lib/python3.12/site-packages/airflow/example_dags/example_subdag_operator.py
[2024-08-04T04:56:37.347+0000] {processor.py:830} INFO - Processing file /home/airflow/.local/lib/python3.12/site-packages/airflow/example_dags/example_subdag_operator.py for tasks to queue
[2024-08-04T04:56:37.352+0000] {logging_mixin.py:188} INFO - [2024-08-04T04:56:37.352+0000] {dagbag.py:545} INFO - Filling up the DagBag from /home/airflow/.local/lib/python3.12/site-packages/airflow/example_dags/example_subdag_operator.py
[2024-08-04T04:56:37.399+0000] {processor.py:840} INFO - DAG(s) 'example_subdag_operator.section-1', 'example_subdag_operator.section-2', 'example_subdag_operator' retrieved from /home/airflow/.local/lib/python3.12/site-packages/airflow/example_dags/example_subdag_operator.py
[2024-08-04T04:56:37.446+0000] {logging_mixin.py:188} INFO - [2024-08-04T04:56:37.445+0000] {dag.py:3096} INFO - Sync 3 DAGs
[2024-08-04T04:56:37.512+0000] {logging_mixin.py:188} INFO - [2024-08-04T04:56:37.512+0000] {dag.py:3954} INFO - Setting next_dagrun for example_subdag_operator to 2022-01-01 00:00:00+00:00, run_after=2022-01-01 00:00:00+00:00
[2024-08-04T04:56:37.517+0000] {logging_mixin.py:188} INFO - [2024-08-04T04:56:37.517+0000] {dag.py:3954} INFO - Setting next_dagrun for example_subdag_operator.section-1 to None, run_after=None
[2024-08-04T04:56:37.519+0000] {logging_mixin.py:188} INFO - [2024-08-04T04:56:37.518+0000] {dag.py:3954} INFO - Setting next_dagrun for example_subdag_operator.section-2 to None, run_after=None
[2024-08-04T04:56:37.526+0000] {logging_mixin.py:188} INFO - [2024-08-04T04:56:37.526+0000] {dag.py:3096} INFO - Sync 2 DAGs
[2024-08-04T04:56:37.532+0000] {logging_mixin.py:188} INFO - [2024-08-04T04:56:37.532+0000] {dag.py:3954} INFO - Setting next_dagrun for example_subdag_operator.section-1 to None, run_after=None
[2024-08-04T04:56:37.533+0000] {logging_mixin.py:188} INFO - [2024-08-04T04:56:37.533+0000] {dag.py:3954} INFO - Setting next_dagrun for example_subdag_operator.section-2 to None, run_after=None
[2024-08-04T04:56:37.575+0000] {processor.py:183} INFO - Processing /home/airflow/.local/lib/python3.12/site-packages/airflow/example_dags/example_subdag_operator.py took 0.263 seconds
[2024-08-04T04:57:07.845+0000] {processor.py:161} INFO - Started process (PID=937) to work on /home/airflow/.local/lib/python3.12/site-packages/airflow/example_dags/example_subdag_operator.py
[2024-08-04T04:57:07.852+0000] {processor.py:830} INFO - Processing file /home/airflow/.local/lib/python3.12/site-packages/airflow/example_dags/example_subdag_operator.py for tasks to queue
[2024-08-04T04:57:07.854+0000] {logging_mixin.py:188} INFO - [2024-08-04T04:57:07.854+0000] {dagbag.py:545} INFO - Filling up the DagBag from /home/airflow/.local/lib/python3.12/site-packages/airflow/example_dags/example_subdag_operator.py
[2024-08-04T04:57:07.904+0000] {processor.py:840} INFO - DAG(s) 'example_subdag_operator.section-1', 'example_subdag_operator.section-2', 'example_subdag_operator' retrieved from /home/airflow/.local/lib/python3.12/site-packages/airflow/example_dags/example_subdag_operator.py
[2024-08-04T04:57:07.975+0000] {logging_mixin.py:188} INFO - [2024-08-04T04:57:07.975+0000] {dag.py:3096} INFO - Sync 3 DAGs
[2024-08-04T04:57:08.109+0000] {logging_mixin.py:188} INFO - [2024-08-04T04:57:08.109+0000] {dag.py:3954} INFO - Setting next_dagrun for example_subdag_operator to 2022-01-01 00:00:00+00:00, run_after=2022-01-01 00:00:00+00:00
[2024-08-04T04:57:08.129+0000] {logging_mixin.py:188} INFO - [2024-08-04T04:57:08.129+0000] {dag.py:3954} INFO - Setting next_dagrun for example_subdag_operator.section-1 to None, run_after=None
[2024-08-04T04:57:08.141+0000] {logging_mixin.py:188} INFO - [2024-08-04T04:57:08.141+0000] {dag.py:3954} INFO - Setting next_dagrun for example_subdag_operator.section-2 to None, run_after=None
[2024-08-04T04:57:08.187+0000] {logging_mixin.py:188} INFO - [2024-08-04T04:57:08.187+0000] {dag.py:3096} INFO - Sync 2 DAGs
[2024-08-04T04:57:08.230+0000] {logging_mixin.py:188} INFO - [2024-08-04T04:57:08.230+0000] {dag.py:3954} INFO - Setting next_dagrun for example_subdag_operator.section-1 to None, run_after=None
[2024-08-04T04:57:08.231+0000] {logging_mixin.py:188} INFO - [2024-08-04T04:57:08.231+0000] {dag.py:3954} INFO - Setting next_dagrun for example_subdag_operator.section-2 to None, run_after=None
[2024-08-04T04:57:08.294+0000] {processor.py:183} INFO - Processing /home/airflow/.local/lib/python3.12/site-packages/airflow/example_dags/example_subdag_operator.py took 0.458 seconds
