[2024-08-04T04:49:31.627+0000] {processor.py:161} INFO - Started process (PID=66) to work on /home/airflow/.local/lib/python3.12/site-packages/airflow/example_dags/example_dag_decorator.py
[2024-08-04T04:49:31.628+0000] {processor.py:830} INFO - Processing file /home/airflow/.local/lib/python3.12/site-packages/airflow/example_dags/example_dag_decorator.py for tasks to queue
[2024-08-04T04:49:31.637+0000] {logging_mixin.py:188} INFO - [2024-08-04T04:49:31.637+0000] {dagbag.py:545} INFO - Filling up the DagBag from /home/airflow/.local/lib/python3.12/site-packages/airflow/example_dags/example_dag_decorator.py
[2024-08-04T04:49:33.327+0000] {processor.py:840} INFO - DAG(s) 'example_dag_decorator' retrieved from /home/airflow/.local/lib/python3.12/site-packages/airflow/example_dags/example_dag_decorator.py
[2024-08-04T04:49:33.884+0000] {logging_mixin.py:188} INFO - [2024-08-04T04:49:33.884+0000] {dag.py:3096} INFO - Sync 1 DAGs
[2024-08-04T04:49:33.934+0000] {logging_mixin.py:188} INFO - [2024-08-04T04:49:33.934+0000] {dag.py:3954} INFO - Setting next_dagrun for example_dag_decorator to None, run_after=None
[2024-08-04T04:49:33.988+0000] {processor.py:183} INFO - Processing /home/airflow/.local/lib/python3.12/site-packages/airflow/example_dags/example_dag_decorator.py took 2.379 seconds
[2024-08-04T04:50:04.936+0000] {processor.py:161} INFO - Started process (PID=126) to work on /home/airflow/.local/lib/python3.12/site-packages/airflow/example_dags/example_dag_decorator.py
[2024-08-04T04:50:04.937+0000] {processor.py:830} INFO - Processing file /home/airflow/.local/lib/python3.12/site-packages/airflow/example_dags/example_dag_decorator.py for tasks to queue
[2024-08-04T04:50:04.939+0000] {logging_mixin.py:188} INFO - [2024-08-04T04:50:04.939+0000] {dagbag.py:545} INFO - Filling up the DagBag from /home/airflow/.local/lib/python3.12/site-packages/airflow/example_dags/example_dag_decorator.py
[2024-08-04T04:50:05.084+0000] {processor.py:840} INFO - DAG(s) 'example_dag_decorator' retrieved from /home/airflow/.local/lib/python3.12/site-packages/airflow/example_dags/example_dag_decorator.py
[2024-08-04T04:50:05.248+0000] {logging_mixin.py:188} INFO - [2024-08-04T04:50:05.247+0000] {dag.py:3096} INFO - Sync 1 DAGs
[2024-08-04T04:50:05.261+0000] {logging_mixin.py:188} INFO - [2024-08-04T04:50:05.261+0000] {dag.py:3954} INFO - Setting next_dagrun for example_dag_decorator to None, run_after=None
[2024-08-04T04:50:05.286+0000] {processor.py:183} INFO - Processing /home/airflow/.local/lib/python3.12/site-packages/airflow/example_dags/example_dag_decorator.py took 0.356 seconds
[2024-08-04T04:50:35.548+0000] {processor.py:161} INFO - Started process (PID=184) to work on /home/airflow/.local/lib/python3.12/site-packages/airflow/example_dags/example_dag_decorator.py
[2024-08-04T04:50:35.551+0000] {processor.py:830} INFO - Processing file /home/airflow/.local/lib/python3.12/site-packages/airflow/example_dags/example_dag_decorator.py for tasks to queue
[2024-08-04T04:50:35.552+0000] {logging_mixin.py:188} INFO - [2024-08-04T04:50:35.552+0000] {dagbag.py:545} INFO - Filling up the DagBag from /home/airflow/.local/lib/python3.12/site-packages/airflow/example_dags/example_dag_decorator.py
[2024-08-04T04:50:35.699+0000] {processor.py:840} INFO - DAG(s) 'example_dag_decorator' retrieved from /home/airflow/.local/lib/python3.12/site-packages/airflow/example_dags/example_dag_decorator.py
[2024-08-04T04:50:35.853+0000] {logging_mixin.py:188} INFO - [2024-08-04T04:50:35.852+0000] {dag.py:3096} INFO - Sync 1 DAGs
[2024-08-04T04:50:35.865+0000] {logging_mixin.py:188} INFO - [2024-08-04T04:50:35.864+0000] {dag.py:3954} INFO - Setting next_dagrun for example_dag_decorator to None, run_after=None
[2024-08-04T04:50:35.890+0000] {processor.py:183} INFO - Processing /home/airflow/.local/lib/python3.12/site-packages/airflow/example_dags/example_dag_decorator.py took 0.348 seconds
[2024-08-04T04:51:06.128+0000] {processor.py:161} INFO - Started process (PID=242) to work on /home/airflow/.local/lib/python3.12/site-packages/airflow/example_dags/example_dag_decorator.py
[2024-08-04T04:51:06.129+0000] {processor.py:830} INFO - Processing file /home/airflow/.local/lib/python3.12/site-packages/airflow/example_dags/example_dag_decorator.py for tasks to queue
[2024-08-04T04:51:06.131+0000] {logging_mixin.py:188} INFO - [2024-08-04T04:51:06.131+0000] {dagbag.py:545} INFO - Filling up the DagBag from /home/airflow/.local/lib/python3.12/site-packages/airflow/example_dags/example_dag_decorator.py
[2024-08-04T04:51:06.276+0000] {processor.py:840} INFO - DAG(s) 'example_dag_decorator' retrieved from /home/airflow/.local/lib/python3.12/site-packages/airflow/example_dags/example_dag_decorator.py
[2024-08-04T04:51:06.416+0000] {logging_mixin.py:188} INFO - [2024-08-04T04:51:06.416+0000] {dag.py:3096} INFO - Sync 1 DAGs
[2024-08-04T04:51:06.430+0000] {logging_mixin.py:188} INFO - [2024-08-04T04:51:06.430+0000] {dag.py:3954} INFO - Setting next_dagrun for example_dag_decorator to None, run_after=None
[2024-08-04T04:51:06.461+0000] {processor.py:183} INFO - Processing /home/airflow/.local/lib/python3.12/site-packages/airflow/example_dags/example_dag_decorator.py took 0.339 seconds
[2024-08-04T04:51:36.679+0000] {processor.py:161} INFO - Started process (PID=300) to work on /home/airflow/.local/lib/python3.12/site-packages/airflow/example_dags/example_dag_decorator.py
[2024-08-04T04:51:36.680+0000] {processor.py:830} INFO - Processing file /home/airflow/.local/lib/python3.12/site-packages/airflow/example_dags/example_dag_decorator.py for tasks to queue
[2024-08-04T04:51:36.682+0000] {logging_mixin.py:188} INFO - [2024-08-04T04:51:36.681+0000] {dagbag.py:545} INFO - Filling up the DagBag from /home/airflow/.local/lib/python3.12/site-packages/airflow/example_dags/example_dag_decorator.py
[2024-08-04T04:51:36.835+0000] {processor.py:840} INFO - DAG(s) 'example_dag_decorator' retrieved from /home/airflow/.local/lib/python3.12/site-packages/airflow/example_dags/example_dag_decorator.py
[2024-08-04T04:51:36.981+0000] {logging_mixin.py:188} INFO - [2024-08-04T04:51:36.980+0000] {dag.py:3096} INFO - Sync 1 DAGs
[2024-08-04T04:51:36.991+0000] {logging_mixin.py:188} INFO - [2024-08-04T04:51:36.991+0000] {dag.py:3954} INFO - Setting next_dagrun for example_dag_decorator to None, run_after=None
[2024-08-04T04:51:37.018+0000] {processor.py:183} INFO - Processing /home/airflow/.local/lib/python3.12/site-packages/airflow/example_dags/example_dag_decorator.py took 0.345 seconds
[2024-08-04T04:52:07.506+0000] {processor.py:161} INFO - Started process (PID=358) to work on /home/airflow/.local/lib/python3.12/site-packages/airflow/example_dags/example_dag_decorator.py
[2024-08-04T04:52:07.507+0000] {processor.py:830} INFO - Processing file /home/airflow/.local/lib/python3.12/site-packages/airflow/example_dags/example_dag_decorator.py for tasks to queue
[2024-08-04T04:52:07.509+0000] {logging_mixin.py:188} INFO - [2024-08-04T04:52:07.508+0000] {dagbag.py:545} INFO - Filling up the DagBag from /home/airflow/.local/lib/python3.12/site-packages/airflow/example_dags/example_dag_decorator.py
[2024-08-04T04:52:07.653+0000] {processor.py:840} INFO - DAG(s) 'example_dag_decorator' retrieved from /home/airflow/.local/lib/python3.12/site-packages/airflow/example_dags/example_dag_decorator.py
[2024-08-04T04:52:07.796+0000] {logging_mixin.py:188} INFO - [2024-08-04T04:52:07.796+0000] {dag.py:3096} INFO - Sync 1 DAGs
[2024-08-04T04:52:07.810+0000] {logging_mixin.py:188} INFO - [2024-08-04T04:52:07.810+0000] {dag.py:3954} INFO - Setting next_dagrun for example_dag_decorator to None, run_after=None
[2024-08-04T04:52:07.837+0000] {processor.py:183} INFO - Processing /home/airflow/.local/lib/python3.12/site-packages/airflow/example_dags/example_dag_decorator.py took 0.337 seconds
[2024-08-04T04:52:38.480+0000] {processor.py:161} INFO - Started process (PID=417) to work on /home/airflow/.local/lib/python3.12/site-packages/airflow/example_dags/example_dag_decorator.py
[2024-08-04T04:52:38.481+0000] {processor.py:830} INFO - Processing file /home/airflow/.local/lib/python3.12/site-packages/airflow/example_dags/example_dag_decorator.py for tasks to queue
[2024-08-04T04:52:38.483+0000] {logging_mixin.py:188} INFO - [2024-08-04T04:52:38.482+0000] {dagbag.py:545} INFO - Filling up the DagBag from /home/airflow/.local/lib/python3.12/site-packages/airflow/example_dags/example_dag_decorator.py
[2024-08-04T04:52:38.635+0000] {processor.py:840} INFO - DAG(s) 'example_dag_decorator' retrieved from /home/airflow/.local/lib/python3.12/site-packages/airflow/example_dags/example_dag_decorator.py
[2024-08-04T04:52:38.773+0000] {logging_mixin.py:188} INFO - [2024-08-04T04:52:38.773+0000] {dag.py:3096} INFO - Sync 1 DAGs
[2024-08-04T04:52:38.786+0000] {logging_mixin.py:188} INFO - [2024-08-04T04:52:38.786+0000] {dag.py:3954} INFO - Setting next_dagrun for example_dag_decorator to None, run_after=None
[2024-08-04T04:52:38.810+0000] {processor.py:183} INFO - Processing /home/airflow/.local/lib/python3.12/site-packages/airflow/example_dags/example_dag_decorator.py took 0.336 seconds
[2024-08-04T04:53:09.197+0000] {processor.py:161} INFO - Started process (PID=475) to work on /home/airflow/.local/lib/python3.12/site-packages/airflow/example_dags/example_dag_decorator.py
[2024-08-04T04:53:09.198+0000] {processor.py:830} INFO - Processing file /home/airflow/.local/lib/python3.12/site-packages/airflow/example_dags/example_dag_decorator.py for tasks to queue
[2024-08-04T04:53:09.210+0000] {logging_mixin.py:188} INFO - [2024-08-04T04:53:09.209+0000] {dagbag.py:545} INFO - Filling up the DagBag from /home/airflow/.local/lib/python3.12/site-packages/airflow/example_dags/example_dag_decorator.py
[2024-08-04T04:53:09.878+0000] {processor.py:840} INFO - DAG(s) 'example_dag_decorator' retrieved from /home/airflow/.local/lib/python3.12/site-packages/airflow/example_dags/example_dag_decorator.py
[2024-08-04T04:53:10.340+0000] {logging_mixin.py:188} INFO - [2024-08-04T04:53:10.340+0000] {dag.py:3096} INFO - Sync 1 DAGs
[2024-08-04T04:53:10.375+0000] {logging_mixin.py:188} INFO - [2024-08-04T04:53:10.375+0000] {dag.py:3954} INFO - Setting next_dagrun for example_dag_decorator to None, run_after=None
[2024-08-04T04:53:10.459+0000] {processor.py:183} INFO - Processing /home/airflow/.local/lib/python3.12/site-packages/airflow/example_dags/example_dag_decorator.py took 1.277 seconds
[2024-08-04T04:53:41.418+0000] {processor.py:161} INFO - Started process (PID=536) to work on /home/airflow/.local/lib/python3.12/site-packages/airflow/example_dags/example_dag_decorator.py
[2024-08-04T04:53:41.419+0000] {processor.py:830} INFO - Processing file /home/airflow/.local/lib/python3.12/site-packages/airflow/example_dags/example_dag_decorator.py for tasks to queue
[2024-08-04T04:53:41.421+0000] {logging_mixin.py:188} INFO - [2024-08-04T04:53:41.421+0000] {dagbag.py:545} INFO - Filling up the DagBag from /home/airflow/.local/lib/python3.12/site-packages/airflow/example_dags/example_dag_decorator.py
[2024-08-04T04:53:41.660+0000] {processor.py:840} INFO - DAG(s) 'example_dag_decorator' retrieved from /home/airflow/.local/lib/python3.12/site-packages/airflow/example_dags/example_dag_decorator.py
[2024-08-04T04:53:41.796+0000] {logging_mixin.py:188} INFO - [2024-08-04T04:53:41.796+0000] {dag.py:3096} INFO - Sync 1 DAGs
[2024-08-04T04:53:41.809+0000] {logging_mixin.py:188} INFO - [2024-08-04T04:53:41.809+0000] {dag.py:3954} INFO - Setting next_dagrun for example_dag_decorator to None, run_after=None
[2024-08-04T04:53:41.835+0000] {processor.py:183} INFO - Processing /home/airflow/.local/lib/python3.12/site-packages/airflow/example_dags/example_dag_decorator.py took 0.422 seconds
[2024-08-04T04:54:12.159+0000] {processor.py:161} INFO - Started process (PID=594) to work on /home/airflow/.local/lib/python3.12/site-packages/airflow/example_dags/example_dag_decorator.py
[2024-08-04T04:54:12.160+0000] {processor.py:830} INFO - Processing file /home/airflow/.local/lib/python3.12/site-packages/airflow/example_dags/example_dag_decorator.py for tasks to queue
[2024-08-04T04:54:12.166+0000] {logging_mixin.py:188} INFO - [2024-08-04T04:54:12.166+0000] {dagbag.py:545} INFO - Filling up the DagBag from /home/airflow/.local/lib/python3.12/site-packages/airflow/example_dags/example_dag_decorator.py
[2024-08-04T04:54:12.332+0000] {processor.py:840} INFO - DAG(s) 'example_dag_decorator' retrieved from /home/airflow/.local/lib/python3.12/site-packages/airflow/example_dags/example_dag_decorator.py
[2024-08-04T04:54:12.403+0000] {logging_mixin.py:188} INFO - [2024-08-04T04:54:12.403+0000] {dag.py:3096} INFO - Sync 1 DAGs
[2024-08-04T04:54:12.435+0000] {logging_mixin.py:188} INFO - [2024-08-04T04:54:12.435+0000] {dag.py:3954} INFO - Setting next_dagrun for example_dag_decorator to None, run_after=None
[2024-08-04T04:54:12.508+0000] {processor.py:183} INFO - Processing /home/airflow/.local/lib/python3.12/site-packages/airflow/example_dags/example_dag_decorator.py took 0.373 seconds
[2024-08-04T04:54:42.589+0000] {processor.py:161} INFO - Started process (PID=654) to work on /home/airflow/.local/lib/python3.12/site-packages/airflow/example_dags/example_dag_decorator.py
[2024-08-04T04:54:42.590+0000] {processor.py:830} INFO - Processing file /home/airflow/.local/lib/python3.12/site-packages/airflow/example_dags/example_dag_decorator.py for tasks to queue
[2024-08-04T04:54:42.592+0000] {logging_mixin.py:188} INFO - [2024-08-04T04:54:42.591+0000] {dagbag.py:545} INFO - Filling up the DagBag from /home/airflow/.local/lib/python3.12/site-packages/airflow/example_dags/example_dag_decorator.py
[2024-08-04T04:54:42.739+0000] {processor.py:840} INFO - DAG(s) 'example_dag_decorator' retrieved from /home/airflow/.local/lib/python3.12/site-packages/airflow/example_dags/example_dag_decorator.py
[2024-08-04T04:54:42.873+0000] {logging_mixin.py:188} INFO - [2024-08-04T04:54:42.873+0000] {dag.py:3096} INFO - Sync 1 DAGs
[2024-08-04T04:54:42.886+0000] {logging_mixin.py:188} INFO - [2024-08-04T04:54:42.885+0000] {dag.py:3954} INFO - Setting next_dagrun for example_dag_decorator to None, run_after=None
[2024-08-04T04:54:42.912+0000] {processor.py:183} INFO - Processing /home/airflow/.local/lib/python3.12/site-packages/airflow/example_dags/example_dag_decorator.py took 0.329 seconds
[2024-08-04T04:55:13.226+0000] {processor.py:161} INFO - Started process (PID=713) to work on /home/airflow/.local/lib/python3.12/site-packages/airflow/example_dags/example_dag_decorator.py
[2024-08-04T04:55:13.227+0000] {processor.py:830} INFO - Processing file /home/airflow/.local/lib/python3.12/site-packages/airflow/example_dags/example_dag_decorator.py for tasks to queue
[2024-08-04T04:55:13.228+0000] {logging_mixin.py:188} INFO - [2024-08-04T04:55:13.228+0000] {dagbag.py:545} INFO - Filling up the DagBag from /home/airflow/.local/lib/python3.12/site-packages/airflow/example_dags/example_dag_decorator.py
[2024-08-04T04:55:13.379+0000] {processor.py:840} INFO - DAG(s) 'example_dag_decorator' retrieved from /home/airflow/.local/lib/python3.12/site-packages/airflow/example_dags/example_dag_decorator.py
[2024-08-04T04:55:13.515+0000] {logging_mixin.py:188} INFO - [2024-08-04T04:55:13.514+0000] {dag.py:3096} INFO - Sync 1 DAGs
[2024-08-04T04:55:13.747+0000] {logging_mixin.py:188} INFO - [2024-08-04T04:55:13.746+0000] {dag.py:3954} INFO - Setting next_dagrun for example_dag_decorator to None, run_after=None
[2024-08-04T04:55:13.768+0000] {processor.py:183} INFO - Processing /home/airflow/.local/lib/python3.12/site-packages/airflow/example_dags/example_dag_decorator.py took 0.548 seconds
[2024-08-04T04:55:44.167+0000] {processor.py:161} INFO - Started process (PID=772) to work on /home/airflow/.local/lib/python3.12/site-packages/airflow/example_dags/example_dag_decorator.py
[2024-08-04T04:55:44.168+0000] {processor.py:830} INFO - Processing file /home/airflow/.local/lib/python3.12/site-packages/airflow/example_dags/example_dag_decorator.py for tasks to queue
[2024-08-04T04:55:44.170+0000] {logging_mixin.py:188} INFO - [2024-08-04T04:55:44.170+0000] {dagbag.py:545} INFO - Filling up the DagBag from /home/airflow/.local/lib/python3.12/site-packages/airflow/example_dags/example_dag_decorator.py
[2024-08-04T04:55:44.317+0000] {processor.py:840} INFO - DAG(s) 'example_dag_decorator' retrieved from /home/airflow/.local/lib/python3.12/site-packages/airflow/example_dags/example_dag_decorator.py
[2024-08-04T04:55:44.452+0000] {logging_mixin.py:188} INFO - [2024-08-04T04:55:44.452+0000] {dag.py:3096} INFO - Sync 1 DAGs
[2024-08-04T04:55:44.466+0000] {logging_mixin.py:188} INFO - [2024-08-04T04:55:44.466+0000] {dag.py:3954} INFO - Setting next_dagrun for example_dag_decorator to None, run_after=None
[2024-08-04T04:55:44.653+0000] {processor.py:183} INFO - Processing /home/airflow/.local/lib/python3.12/site-packages/airflow/example_dags/example_dag_decorator.py took 0.492 seconds
[2024-08-04T04:56:14.786+0000] {processor.py:161} INFO - Started process (PID=834) to work on /home/airflow/.local/lib/python3.12/site-packages/airflow/example_dags/example_dag_decorator.py
[2024-08-04T04:56:14.787+0000] {processor.py:830} INFO - Processing file /home/airflow/.local/lib/python3.12/site-packages/airflow/example_dags/example_dag_decorator.py for tasks to queue
[2024-08-04T04:56:14.789+0000] {logging_mixin.py:188} INFO - [2024-08-04T04:56:14.788+0000] {dagbag.py:545} INFO - Filling up the DagBag from /home/airflow/.local/lib/python3.12/site-packages/airflow/example_dags/example_dag_decorator.py
[2024-08-04T04:56:14.928+0000] {processor.py:840} INFO - DAG(s) 'example_dag_decorator' retrieved from /home/airflow/.local/lib/python3.12/site-packages/airflow/example_dags/example_dag_decorator.py
[2024-08-04T04:56:15.076+0000] {logging_mixin.py:188} INFO - [2024-08-04T04:56:15.076+0000] {dag.py:3096} INFO - Sync 1 DAGs
[2024-08-04T04:56:15.089+0000] {logging_mixin.py:188} INFO - [2024-08-04T04:56:15.089+0000] {dag.py:3954} INFO - Setting next_dagrun for example_dag_decorator to None, run_after=None
[2024-08-04T04:56:15.117+0000] {processor.py:183} INFO - Processing /home/airflow/.local/lib/python3.12/site-packages/airflow/example_dags/example_dag_decorator.py took 0.338 seconds
[2024-08-04T04:56:45.184+0000] {processor.py:161} INFO - Started process (PID=890) to work on /home/airflow/.local/lib/python3.12/site-packages/airflow/example_dags/example_dag_decorator.py
[2024-08-04T04:56:45.185+0000] {processor.py:830} INFO - Processing file /home/airflow/.local/lib/python3.12/site-packages/airflow/example_dags/example_dag_decorator.py for tasks to queue
[2024-08-04T04:56:45.187+0000] {logging_mixin.py:188} INFO - [2024-08-04T04:56:45.186+0000] {dagbag.py:545} INFO - Filling up the DagBag from /home/airflow/.local/lib/python3.12/site-packages/airflow/example_dags/example_dag_decorator.py
[2024-08-04T04:56:45.376+0000] {processor.py:840} INFO - DAG(s) 'example_dag_decorator' retrieved from /home/airflow/.local/lib/python3.12/site-packages/airflow/example_dags/example_dag_decorator.py
[2024-08-04T04:56:45.576+0000] {logging_mixin.py:188} INFO - [2024-08-04T04:56:45.575+0000] {dag.py:3096} INFO - Sync 1 DAGs
[2024-08-04T04:56:45.589+0000] {logging_mixin.py:188} INFO - [2024-08-04T04:56:45.589+0000] {dag.py:3954} INFO - Setting next_dagrun for example_dag_decorator to None, run_after=None
[2024-08-04T04:56:45.614+0000] {processor.py:183} INFO - Processing /home/airflow/.local/lib/python3.12/site-packages/airflow/example_dags/example_dag_decorator.py took 0.435 seconds
[2024-08-04T04:57:15.709+0000] {processor.py:161} INFO - Started process (PID=952) to work on /home/airflow/.local/lib/python3.12/site-packages/airflow/example_dags/example_dag_decorator.py
[2024-08-04T04:57:15.710+0000] {processor.py:830} INFO - Processing file /home/airflow/.local/lib/python3.12/site-packages/airflow/example_dags/example_dag_decorator.py for tasks to queue
[2024-08-04T04:57:15.711+0000] {logging_mixin.py:188} INFO - [2024-08-04T04:57:15.711+0000] {dagbag.py:545} INFO - Filling up the DagBag from /home/airflow/.local/lib/python3.12/site-packages/airflow/example_dags/example_dag_decorator.py
[2024-08-04T04:57:15.863+0000] {processor.py:840} INFO - DAG(s) 'example_dag_decorator' retrieved from /home/airflow/.local/lib/python3.12/site-packages/airflow/example_dags/example_dag_decorator.py
[2024-08-04T04:57:16.156+0000] {logging_mixin.py:188} INFO - [2024-08-04T04:57:16.156+0000] {dag.py:3096} INFO - Sync 1 DAGs
[2024-08-04T04:57:16.169+0000] {logging_mixin.py:188} INFO - [2024-08-04T04:57:16.169+0000] {dag.py:3954} INFO - Setting next_dagrun for example_dag_decorator to None, run_after=None
[2024-08-04T04:57:16.202+0000] {processor.py:183} INFO - Processing /home/airflow/.local/lib/python3.12/site-packages/airflow/example_dags/example_dag_decorator.py took 0.498 seconds
