[2024-08-04T04:49:24.339+0000] {processor.py:161} INFO - Started process (PID=40) to work on /home/airflow/.local/lib/python3.12/site-packages/airflow/example_dags/example_bash_decorator.py
[2024-08-04T04:49:24.349+0000] {processor.py:830} INFO - Processing file /home/airflow/.local/lib/python3.12/site-packages/airflow/example_dags/example_bash_decorator.py for tasks to queue
[2024-08-04T04:49:24.351+0000] {logging_mixin.py:188} INFO - [2024-08-04T04:49:24.351+0000] {dagbag.py:545} INFO - Filling up the DagBag from /home/airflow/.local/lib/python3.12/site-packages/airflow/example_dags/example_bash_decorator.py
[2024-08-04T04:49:24.502+0000] {processor.py:840} INFO - DAG(s) 'example_bash_decorator' retrieved from /home/airflow/.local/lib/python3.12/site-packages/airflow/example_dags/example_bash_decorator.py
[2024-08-04T04:49:24.938+0000] {logging_mixin.py:188} INFO - [2024-08-04T04:49:24.938+0000] {dag.py:3096} INFO - Sync 1 DAGs
[2024-08-04T04:49:24.977+0000] {logging_mixin.py:188} INFO - [2024-08-04T04:49:24.977+0000] {dag.py:3954} INFO - Setting next_dagrun for example_bash_decorator to None, run_after=None
[2024-08-04T04:49:25.024+0000] {processor.py:183} INFO - Processing /home/airflow/.local/lib/python3.12/site-packages/airflow/example_dags/example_bash_decorator.py took 0.709 seconds
[2024-08-04T04:49:55.398+0000] {processor.py:161} INFO - Started process (PID=98) to work on /home/airflow/.local/lib/python3.12/site-packages/airflow/example_dags/example_bash_decorator.py
[2024-08-04T04:49:55.399+0000] {processor.py:830} INFO - Processing file /home/airflow/.local/lib/python3.12/site-packages/airflow/example_dags/example_bash_decorator.py for tasks to queue
[2024-08-04T04:49:55.401+0000] {logging_mixin.py:188} INFO - [2024-08-04T04:49:55.401+0000] {dagbag.py:545} INFO - Filling up the DagBag from /home/airflow/.local/lib/python3.12/site-packages/airflow/example_dags/example_bash_decorator.py
[2024-08-04T04:49:55.418+0000] {processor.py:840} INFO - DAG(s) 'example_bash_decorator' retrieved from /home/airflow/.local/lib/python3.12/site-packages/airflow/example_dags/example_bash_decorator.py
[2024-08-04T04:49:55.449+0000] {logging_mixin.py:188} INFO - [2024-08-04T04:49:55.449+0000] {dag.py:3096} INFO - Sync 1 DAGs
[2024-08-04T04:49:55.465+0000] {logging_mixin.py:188} INFO - [2024-08-04T04:49:55.464+0000] {dag.py:3954} INFO - Setting next_dagrun for example_bash_decorator to None, run_after=None
[2024-08-04T04:49:55.532+0000] {processor.py:183} INFO - Processing /home/airflow/.local/lib/python3.12/site-packages/airflow/example_dags/example_bash_decorator.py took 0.140 seconds
[2024-08-04T04:50:26.113+0000] {processor.py:161} INFO - Started process (PID=156) to work on /home/airflow/.local/lib/python3.12/site-packages/airflow/example_dags/example_bash_decorator.py
[2024-08-04T04:50:26.114+0000] {processor.py:830} INFO - Processing file /home/airflow/.local/lib/python3.12/site-packages/airflow/example_dags/example_bash_decorator.py for tasks to queue
[2024-08-04T04:50:26.116+0000] {logging_mixin.py:188} INFO - [2024-08-04T04:50:26.116+0000] {dagbag.py:545} INFO - Filling up the DagBag from /home/airflow/.local/lib/python3.12/site-packages/airflow/example_dags/example_bash_decorator.py
[2024-08-04T04:50:26.135+0000] {processor.py:840} INFO - DAG(s) 'example_bash_decorator' retrieved from /home/airflow/.local/lib/python3.12/site-packages/airflow/example_dags/example_bash_decorator.py
[2024-08-04T04:50:26.165+0000] {logging_mixin.py:188} INFO - [2024-08-04T04:50:26.165+0000] {dag.py:3096} INFO - Sync 1 DAGs
[2024-08-04T04:50:26.185+0000] {logging_mixin.py:188} INFO - [2024-08-04T04:50:26.185+0000] {dag.py:3954} INFO - Setting next_dagrun for example_bash_decorator to None, run_after=None
[2024-08-04T04:50:26.226+0000] {processor.py:183} INFO - Processing /home/airflow/.local/lib/python3.12/site-packages/airflow/example_dags/example_bash_decorator.py took 0.119 seconds
[2024-08-04T04:50:56.681+0000] {processor.py:161} INFO - Started process (PID=214) to work on /home/airflow/.local/lib/python3.12/site-packages/airflow/example_dags/example_bash_decorator.py
[2024-08-04T04:50:56.682+0000] {processor.py:830} INFO - Processing file /home/airflow/.local/lib/python3.12/site-packages/airflow/example_dags/example_bash_decorator.py for tasks to queue
[2024-08-04T04:50:56.683+0000] {logging_mixin.py:188} INFO - [2024-08-04T04:50:56.683+0000] {dagbag.py:545} INFO - Filling up the DagBag from /home/airflow/.local/lib/python3.12/site-packages/airflow/example_dags/example_bash_decorator.py
[2024-08-04T04:50:56.699+0000] {processor.py:840} INFO - DAG(s) 'example_bash_decorator' retrieved from /home/airflow/.local/lib/python3.12/site-packages/airflow/example_dags/example_bash_decorator.py
[2024-08-04T04:50:56.729+0000] {logging_mixin.py:188} INFO - [2024-08-04T04:50:56.729+0000] {dag.py:3096} INFO - Sync 1 DAGs
[2024-08-04T04:50:56.744+0000] {logging_mixin.py:188} INFO - [2024-08-04T04:50:56.744+0000] {dag.py:3954} INFO - Setting next_dagrun for example_bash_decorator to None, run_after=None
[2024-08-04T04:50:56.770+0000] {processor.py:183} INFO - Processing /home/airflow/.local/lib/python3.12/site-packages/airflow/example_dags/example_bash_decorator.py took 0.095 seconds
[2024-08-04T04:51:27.368+0000] {processor.py:161} INFO - Started process (PID=272) to work on /home/airflow/.local/lib/python3.12/site-packages/airflow/example_dags/example_bash_decorator.py
[2024-08-04T04:51:27.382+0000] {processor.py:830} INFO - Processing file /home/airflow/.local/lib/python3.12/site-packages/airflow/example_dags/example_bash_decorator.py for tasks to queue
[2024-08-04T04:51:27.384+0000] {logging_mixin.py:188} INFO - [2024-08-04T04:51:27.383+0000] {dagbag.py:545} INFO - Filling up the DagBag from /home/airflow/.local/lib/python3.12/site-packages/airflow/example_dags/example_bash_decorator.py
[2024-08-04T04:51:27.428+0000] {processor.py:840} INFO - DAG(s) 'example_bash_decorator' retrieved from /home/airflow/.local/lib/python3.12/site-packages/airflow/example_dags/example_bash_decorator.py
[2024-08-04T04:51:27.594+0000] {logging_mixin.py:188} INFO - [2024-08-04T04:51:27.594+0000] {dag.py:3096} INFO - Sync 1 DAGs
[2024-08-04T04:51:27.722+0000] {logging_mixin.py:188} INFO - [2024-08-04T04:51:27.721+0000] {dag.py:3954} INFO - Setting next_dagrun for example_bash_decorator to None, run_after=None
[2024-08-04T04:51:27.836+0000] {processor.py:183} INFO - Processing /home/airflow/.local/lib/python3.12/site-packages/airflow/example_dags/example_bash_decorator.py took 0.475 seconds
[2024-08-04T04:51:58.014+0000] {processor.py:161} INFO - Started process (PID=330) to work on /home/airflow/.local/lib/python3.12/site-packages/airflow/example_dags/example_bash_decorator.py
[2024-08-04T04:51:58.015+0000] {processor.py:830} INFO - Processing file /home/airflow/.local/lib/python3.12/site-packages/airflow/example_dags/example_bash_decorator.py for tasks to queue
[2024-08-04T04:51:58.016+0000] {logging_mixin.py:188} INFO - [2024-08-04T04:51:58.016+0000] {dagbag.py:545} INFO - Filling up the DagBag from /home/airflow/.local/lib/python3.12/site-packages/airflow/example_dags/example_bash_decorator.py
[2024-08-04T04:51:58.028+0000] {processor.py:840} INFO - DAG(s) 'example_bash_decorator' retrieved from /home/airflow/.local/lib/python3.12/site-packages/airflow/example_dags/example_bash_decorator.py
[2024-08-04T04:51:58.056+0000] {logging_mixin.py:188} INFO - [2024-08-04T04:51:58.056+0000] {dag.py:3096} INFO - Sync 1 DAGs
[2024-08-04T04:51:58.074+0000] {logging_mixin.py:188} INFO - [2024-08-04T04:51:58.073+0000] {dag.py:3954} INFO - Setting next_dagrun for example_bash_decorator to None, run_after=None
[2024-08-04T04:51:58.100+0000] {processor.py:183} INFO - Processing /home/airflow/.local/lib/python3.12/site-packages/airflow/example_dags/example_bash_decorator.py took 0.091 seconds
[2024-08-04T04:52:28.305+0000] {processor.py:161} INFO - Started process (PID=388) to work on /home/airflow/.local/lib/python3.12/site-packages/airflow/example_dags/example_bash_decorator.py
[2024-08-04T04:52:28.306+0000] {processor.py:830} INFO - Processing file /home/airflow/.local/lib/python3.12/site-packages/airflow/example_dags/example_bash_decorator.py for tasks to queue
[2024-08-04T04:52:28.309+0000] {logging_mixin.py:188} INFO - [2024-08-04T04:52:28.309+0000] {dagbag.py:545} INFO - Filling up the DagBag from /home/airflow/.local/lib/python3.12/site-packages/airflow/example_dags/example_bash_decorator.py
[2024-08-04T04:52:28.364+0000] {processor.py:840} INFO - DAG(s) 'example_bash_decorator' retrieved from /home/airflow/.local/lib/python3.12/site-packages/airflow/example_dags/example_bash_decorator.py
[2024-08-04T04:52:28.396+0000] {logging_mixin.py:188} INFO - [2024-08-04T04:52:28.395+0000] {dag.py:3096} INFO - Sync 1 DAGs
[2024-08-04T04:52:28.411+0000] {logging_mixin.py:188} INFO - [2024-08-04T04:52:28.411+0000] {dag.py:3954} INFO - Setting next_dagrun for example_bash_decorator to None, run_after=None
[2024-08-04T04:52:28.437+0000] {processor.py:183} INFO - Processing /home/airflow/.local/lib/python3.12/site-packages/airflow/example_dags/example_bash_decorator.py took 0.149 seconds
[2024-08-04T04:52:58.516+0000] {processor.py:161} INFO - Started process (PID=447) to work on /home/airflow/.local/lib/python3.12/site-packages/airflow/example_dags/example_bash_decorator.py
[2024-08-04T04:52:58.522+0000] {processor.py:830} INFO - Processing file /home/airflow/.local/lib/python3.12/site-packages/airflow/example_dags/example_bash_decorator.py for tasks to queue
[2024-08-04T04:52:58.523+0000] {logging_mixin.py:188} INFO - [2024-08-04T04:52:58.523+0000] {dagbag.py:545} INFO - Filling up the DagBag from /home/airflow/.local/lib/python3.12/site-packages/airflow/example_dags/example_bash_decorator.py
[2024-08-04T04:52:58.540+0000] {processor.py:840} INFO - DAG(s) 'example_bash_decorator' retrieved from /home/airflow/.local/lib/python3.12/site-packages/airflow/example_dags/example_bash_decorator.py
[2024-08-04T04:52:58.586+0000] {logging_mixin.py:188} INFO - [2024-08-04T04:52:58.585+0000] {dag.py:3096} INFO - Sync 1 DAGs
[2024-08-04T04:52:58.618+0000] {logging_mixin.py:188} INFO - [2024-08-04T04:52:58.617+0000] {dag.py:3954} INFO - Setting next_dagrun for example_bash_decorator to None, run_after=None
[2024-08-04T04:52:58.666+0000] {processor.py:183} INFO - Processing /home/airflow/.local/lib/python3.12/site-packages/airflow/example_dags/example_bash_decorator.py took 0.156 seconds
[2024-08-04T04:53:28.809+0000] {processor.py:161} INFO - Started process (PID=505) to work on /home/airflow/.local/lib/python3.12/site-packages/airflow/example_dags/example_bash_decorator.py
[2024-08-04T04:53:28.810+0000] {processor.py:830} INFO - Processing file /home/airflow/.local/lib/python3.12/site-packages/airflow/example_dags/example_bash_decorator.py for tasks to queue
[2024-08-04T04:53:28.812+0000] {logging_mixin.py:188} INFO - [2024-08-04T04:53:28.812+0000] {dagbag.py:545} INFO - Filling up the DagBag from /home/airflow/.local/lib/python3.12/site-packages/airflow/example_dags/example_bash_decorator.py
[2024-08-04T04:53:28.829+0000] {processor.py:840} INFO - DAG(s) 'example_bash_decorator' retrieved from /home/airflow/.local/lib/python3.12/site-packages/airflow/example_dags/example_bash_decorator.py
[2024-08-04T04:53:28.859+0000] {logging_mixin.py:188} INFO - [2024-08-04T04:53:28.858+0000] {dag.py:3096} INFO - Sync 1 DAGs
[2024-08-04T04:53:28.874+0000] {logging_mixin.py:188} INFO - [2024-08-04T04:53:28.874+0000] {dag.py:3954} INFO - Setting next_dagrun for example_bash_decorator to None, run_after=None
[2024-08-04T04:53:28.914+0000] {processor.py:183} INFO - Processing /home/airflow/.local/lib/python3.12/site-packages/airflow/example_dags/example_bash_decorator.py took 0.111 seconds
[2024-08-04T04:53:59.594+0000] {processor.py:161} INFO - Started process (PID=563) to work on /home/airflow/.local/lib/python3.12/site-packages/airflow/example_dags/example_bash_decorator.py
[2024-08-04T04:53:59.595+0000] {processor.py:830} INFO - Processing file /home/airflow/.local/lib/python3.12/site-packages/airflow/example_dags/example_bash_decorator.py for tasks to queue
[2024-08-04T04:53:59.597+0000] {logging_mixin.py:188} INFO - [2024-08-04T04:53:59.597+0000] {dagbag.py:545} INFO - Filling up the DagBag from /home/airflow/.local/lib/python3.12/site-packages/airflow/example_dags/example_bash_decorator.py
[2024-08-04T04:53:59.613+0000] {processor.py:840} INFO - DAG(s) 'example_bash_decorator' retrieved from /home/airflow/.local/lib/python3.12/site-packages/airflow/example_dags/example_bash_decorator.py
[2024-08-04T04:53:59.642+0000] {logging_mixin.py:188} INFO - [2024-08-04T04:53:59.642+0000] {dag.py:3096} INFO - Sync 1 DAGs
[2024-08-04T04:53:59.658+0000] {logging_mixin.py:188} INFO - [2024-08-04T04:53:59.658+0000] {dag.py:3954} INFO - Setting next_dagrun for example_bash_decorator to None, run_after=None
[2024-08-04T04:53:59.682+0000] {processor.py:183} INFO - Processing /home/airflow/.local/lib/python3.12/site-packages/airflow/example_dags/example_bash_decorator.py took 0.093 seconds
[2024-08-04T04:54:30.011+0000] {processor.py:161} INFO - Started process (PID=622) to work on /home/airflow/.local/lib/python3.12/site-packages/airflow/example_dags/example_bash_decorator.py
[2024-08-04T04:54:30.021+0000] {processor.py:830} INFO - Processing file /home/airflow/.local/lib/python3.12/site-packages/airflow/example_dags/example_bash_decorator.py for tasks to queue
[2024-08-04T04:54:30.028+0000] {logging_mixin.py:188} INFO - [2024-08-04T04:54:30.027+0000] {dagbag.py:545} INFO - Filling up the DagBag from /home/airflow/.local/lib/python3.12/site-packages/airflow/example_dags/example_bash_decorator.py
[2024-08-04T04:54:30.054+0000] {processor.py:840} INFO - DAG(s) 'example_bash_decorator' retrieved from /home/airflow/.local/lib/python3.12/site-packages/airflow/example_dags/example_bash_decorator.py
[2024-08-04T04:54:30.084+0000] {logging_mixin.py:188} INFO - [2024-08-04T04:54:30.084+0000] {dag.py:3096} INFO - Sync 1 DAGs
[2024-08-04T04:54:30.100+0000] {logging_mixin.py:188} INFO - [2024-08-04T04:54:30.100+0000] {dag.py:3954} INFO - Setting next_dagrun for example_bash_decorator to None, run_after=None
[2024-08-04T04:54:30.124+0000] {processor.py:183} INFO - Processing /home/airflow/.local/lib/python3.12/site-packages/airflow/example_dags/example_bash_decorator.py took 0.124 seconds
[2024-08-04T04:55:00.543+0000] {processor.py:161} INFO - Started process (PID=688) to work on /home/airflow/.local/lib/python3.12/site-packages/airflow/example_dags/example_bash_decorator.py
[2024-08-04T04:55:00.544+0000] {processor.py:830} INFO - Processing file /home/airflow/.local/lib/python3.12/site-packages/airflow/example_dags/example_bash_decorator.py for tasks to queue
[2024-08-04T04:55:00.546+0000] {logging_mixin.py:188} INFO - [2024-08-04T04:55:00.546+0000] {dagbag.py:545} INFO - Filling up the DagBag from /home/airflow/.local/lib/python3.12/site-packages/airflow/example_dags/example_bash_decorator.py
[2024-08-04T04:55:00.565+0000] {processor.py:840} INFO - DAG(s) 'example_bash_decorator' retrieved from /home/airflow/.local/lib/python3.12/site-packages/airflow/example_dags/example_bash_decorator.py
[2024-08-04T04:55:00.594+0000] {logging_mixin.py:188} INFO - [2024-08-04T04:55:00.594+0000] {dag.py:3096} INFO - Sync 1 DAGs
[2024-08-04T04:55:00.609+0000] {logging_mixin.py:188} INFO - [2024-08-04T04:55:00.609+0000] {dag.py:3954} INFO - Setting next_dagrun for example_bash_decorator to None, run_after=None
[2024-08-04T04:55:00.634+0000] {processor.py:183} INFO - Processing /home/airflow/.local/lib/python3.12/site-packages/airflow/example_dags/example_bash_decorator.py took 0.098 seconds
[2024-08-04T04:55:31.605+0000] {processor.py:161} INFO - Started process (PID=747) to work on /home/airflow/.local/lib/python3.12/site-packages/airflow/example_dags/example_bash_decorator.py
[2024-08-04T04:55:31.606+0000] {processor.py:830} INFO - Processing file /home/airflow/.local/lib/python3.12/site-packages/airflow/example_dags/example_bash_decorator.py for tasks to queue
[2024-08-04T04:55:31.608+0000] {logging_mixin.py:188} INFO - [2024-08-04T04:55:31.608+0000] {dagbag.py:545} INFO - Filling up the DagBag from /home/airflow/.local/lib/python3.12/site-packages/airflow/example_dags/example_bash_decorator.py
[2024-08-04T04:55:31.624+0000] {processor.py:840} INFO - DAG(s) 'example_bash_decorator' retrieved from /home/airflow/.local/lib/python3.12/site-packages/airflow/example_dags/example_bash_decorator.py
[2024-08-04T04:55:31.663+0000] {logging_mixin.py:188} INFO - [2024-08-04T04:55:31.663+0000] {dag.py:3096} INFO - Sync 1 DAGs
[2024-08-04T04:55:31.678+0000] {logging_mixin.py:188} INFO - [2024-08-04T04:55:31.678+0000] {dag.py:3954} INFO - Setting next_dagrun for example_bash_decorator to None, run_after=None
[2024-08-04T04:55:31.704+0000] {processor.py:183} INFO - Processing /home/airflow/.local/lib/python3.12/site-packages/airflow/example_dags/example_bash_decorator.py took 0.105 seconds
[2024-08-04T04:56:01.822+0000] {processor.py:161} INFO - Started process (PID=806) to work on /home/airflow/.local/lib/python3.12/site-packages/airflow/example_dags/example_bash_decorator.py
[2024-08-04T04:56:01.822+0000] {processor.py:830} INFO - Processing file /home/airflow/.local/lib/python3.12/site-packages/airflow/example_dags/example_bash_decorator.py for tasks to queue
[2024-08-04T04:56:01.834+0000] {logging_mixin.py:188} INFO - [2024-08-04T04:56:01.833+0000] {dagbag.py:545} INFO - Filling up the DagBag from /home/airflow/.local/lib/python3.12/site-packages/airflow/example_dags/example_bash_decorator.py
[2024-08-04T04:56:01.866+0000] {processor.py:840} INFO - DAG(s) 'example_bash_decorator' retrieved from /home/airflow/.local/lib/python3.12/site-packages/airflow/example_dags/example_bash_decorator.py
[2024-08-04T04:56:01.955+0000] {logging_mixin.py:188} INFO - [2024-08-04T04:56:01.955+0000] {dag.py:3096} INFO - Sync 1 DAGs
[2024-08-04T04:56:01.991+0000] {logging_mixin.py:188} INFO - [2024-08-04T04:56:01.991+0000] {dag.py:3954} INFO - Setting next_dagrun for example_bash_decorator to None, run_after=None
[2024-08-04T04:56:02.034+0000] {processor.py:183} INFO - Processing /home/airflow/.local/lib/python3.12/site-packages/airflow/example_dags/example_bash_decorator.py took 0.229 seconds
[2024-08-04T04:56:32.485+0000] {processor.py:161} INFO - Started process (PID=865) to work on /home/airflow/.local/lib/python3.12/site-packages/airflow/example_dags/example_bash_decorator.py
[2024-08-04T04:56:32.486+0000] {processor.py:830} INFO - Processing file /home/airflow/.local/lib/python3.12/site-packages/airflow/example_dags/example_bash_decorator.py for tasks to queue
[2024-08-04T04:56:32.488+0000] {logging_mixin.py:188} INFO - [2024-08-04T04:56:32.487+0000] {dagbag.py:545} INFO - Filling up the DagBag from /home/airflow/.local/lib/python3.12/site-packages/airflow/example_dags/example_bash_decorator.py
[2024-08-04T04:56:32.504+0000] {processor.py:840} INFO - DAG(s) 'example_bash_decorator' retrieved from /home/airflow/.local/lib/python3.12/site-packages/airflow/example_dags/example_bash_decorator.py
[2024-08-04T04:56:32.555+0000] {logging_mixin.py:188} INFO - [2024-08-04T04:56:32.555+0000] {dag.py:3096} INFO - Sync 1 DAGs
[2024-08-04T04:56:32.571+0000] {logging_mixin.py:188} INFO - [2024-08-04T04:56:32.571+0000] {dag.py:3954} INFO - Setting next_dagrun for example_bash_decorator to None, run_after=None
[2024-08-04T04:56:32.614+0000] {processor.py:183} INFO - Processing /home/airflow/.local/lib/python3.12/site-packages/airflow/example_dags/example_bash_decorator.py took 0.136 seconds
[2024-08-04T04:57:03.443+0000] {processor.py:161} INFO - Started process (PID=925) to work on /home/airflow/.local/lib/python3.12/site-packages/airflow/example_dags/example_bash_decorator.py
[2024-08-04T04:57:03.444+0000] {processor.py:830} INFO - Processing file /home/airflow/.local/lib/python3.12/site-packages/airflow/example_dags/example_bash_decorator.py for tasks to queue
[2024-08-04T04:57:03.447+0000] {logging_mixin.py:188} INFO - [2024-08-04T04:57:03.446+0000] {dagbag.py:545} INFO - Filling up the DagBag from /home/airflow/.local/lib/python3.12/site-packages/airflow/example_dags/example_bash_decorator.py
[2024-08-04T04:57:03.462+0000] {processor.py:840} INFO - DAG(s) 'example_bash_decorator' retrieved from /home/airflow/.local/lib/python3.12/site-packages/airflow/example_dags/example_bash_decorator.py
[2024-08-04T04:57:03.491+0000] {logging_mixin.py:188} INFO - [2024-08-04T04:57:03.491+0000] {dag.py:3096} INFO - Sync 1 DAGs
[2024-08-04T04:57:03.507+0000] {logging_mixin.py:188} INFO - [2024-08-04T04:57:03.507+0000] {dag.py:3954} INFO - Setting next_dagrun for example_bash_decorator to None, run_after=None
[2024-08-04T04:57:03.532+0000] {processor.py:183} INFO - Processing /home/airflow/.local/lib/python3.12/site-packages/airflow/example_dags/example_bash_decorator.py took 0.095 seconds
