[2024-08-04T04:49:28.652+0000] {processor.py:161} INFO - Started process (PID=51) to work on /home/airflow/.local/lib/python3.12/site-packages/airflow/example_dags/example_skip_dag.py
[2024-08-04T04:49:28.660+0000] {processor.py:830} INFO - Processing file /home/airflow/.local/lib/python3.12/site-packages/airflow/example_dags/example_skip_dag.py for tasks to queue
[2024-08-04T04:49:28.664+0000] {logging_mixin.py:188} INFO - [2024-08-04T04:49:28.663+0000] {dagbag.py:545} INFO - Filling up the DagBag from /home/airflow/.local/lib/python3.12/site-packages/airflow/example_dags/example_skip_dag.py
[2024-08-04T04:49:28.723+0000] {processor.py:840} INFO - DAG(s) 'example_skip_dag' retrieved from /home/airflow/.local/lib/python3.12/site-packages/airflow/example_dags/example_skip_dag.py
[2024-08-04T04:49:29.266+0000] {logging_mixin.py:188} INFO - [2024-08-04T04:49:29.265+0000] {dag.py:3096} INFO - Sync 1 DAGs
[2024-08-04T04:49:29.389+0000] {logging_mixin.py:188} INFO - [2024-08-04T04:49:29.388+0000] {dag.py:3954} INFO - Setting next_dagrun for example_skip_dag to 2024-08-03 00:00:00+00:00, run_after=2024-08-04 00:00:00+00:00
[2024-08-04T04:49:29.454+0000] {processor.py:183} INFO - Processing /home/airflow/.local/lib/python3.12/site-packages/airflow/example_dags/example_skip_dag.py took 0.832 seconds
[2024-08-04T04:50:00.246+0000] {processor.py:161} INFO - Started process (PID=115) to work on /home/airflow/.local/lib/python3.12/site-packages/airflow/example_dags/example_skip_dag.py
[2024-08-04T04:50:00.250+0000] {processor.py:830} INFO - Processing file /home/airflow/.local/lib/python3.12/site-packages/airflow/example_dags/example_skip_dag.py for tasks to queue
[2024-08-04T04:50:00.257+0000] {logging_mixin.py:188} INFO - [2024-08-04T04:50:00.256+0000] {dagbag.py:545} INFO - Filling up the DagBag from /home/airflow/.local/lib/python3.12/site-packages/airflow/example_dags/example_skip_dag.py
[2024-08-04T04:50:00.272+0000] {processor.py:840} INFO - DAG(s) 'example_skip_dag' retrieved from /home/airflow/.local/lib/python3.12/site-packages/airflow/example_dags/example_skip_dag.py
[2024-08-04T04:50:00.308+0000] {logging_mixin.py:188} INFO - [2024-08-04T04:50:00.308+0000] {dag.py:3096} INFO - Sync 1 DAGs
[2024-08-04T04:50:00.335+0000] {logging_mixin.py:188} INFO - [2024-08-04T04:50:00.335+0000] {dag.py:3954} INFO - Setting next_dagrun for example_skip_dag to 2024-08-03 00:00:00+00:00, run_after=2024-08-04 00:00:00+00:00
[2024-08-04T04:50:00.363+0000] {processor.py:183} INFO - Processing /home/airflow/.local/lib/python3.12/site-packages/airflow/example_dags/example_skip_dag.py took 0.123 seconds
[2024-08-04T04:50:30.869+0000] {processor.py:161} INFO - Started process (PID=173) to work on /home/airflow/.local/lib/python3.12/site-packages/airflow/example_dags/example_skip_dag.py
[2024-08-04T04:50:30.871+0000] {processor.py:830} INFO - Processing file /home/airflow/.local/lib/python3.12/site-packages/airflow/example_dags/example_skip_dag.py for tasks to queue
[2024-08-04T04:50:30.873+0000] {logging_mixin.py:188} INFO - [2024-08-04T04:50:30.873+0000] {dagbag.py:545} INFO - Filling up the DagBag from /home/airflow/.local/lib/python3.12/site-packages/airflow/example_dags/example_skip_dag.py
[2024-08-04T04:50:30.881+0000] {processor.py:840} INFO - DAG(s) 'example_skip_dag' retrieved from /home/airflow/.local/lib/python3.12/site-packages/airflow/example_dags/example_skip_dag.py
[2024-08-04T04:50:30.911+0000] {logging_mixin.py:188} INFO - [2024-08-04T04:50:30.911+0000] {dag.py:3096} INFO - Sync 1 DAGs
[2024-08-04T04:50:30.940+0000] {logging_mixin.py:188} INFO - [2024-08-04T04:50:30.939+0000] {dag.py:3954} INFO - Setting next_dagrun for example_skip_dag to 2024-08-03 00:00:00+00:00, run_after=2024-08-04 00:00:00+00:00
[2024-08-04T04:50:30.967+0000] {processor.py:183} INFO - Processing /home/airflow/.local/lib/python3.12/site-packages/airflow/example_dags/example_skip_dag.py took 0.105 seconds
[2024-08-04T04:51:01.407+0000] {processor.py:161} INFO - Started process (PID=231) to work on /home/airflow/.local/lib/python3.12/site-packages/airflow/example_dags/example_skip_dag.py
[2024-08-04T04:51:01.408+0000] {processor.py:830} INFO - Processing file /home/airflow/.local/lib/python3.12/site-packages/airflow/example_dags/example_skip_dag.py for tasks to queue
[2024-08-04T04:51:01.409+0000] {logging_mixin.py:188} INFO - [2024-08-04T04:51:01.409+0000] {dagbag.py:545} INFO - Filling up the DagBag from /home/airflow/.local/lib/python3.12/site-packages/airflow/example_dags/example_skip_dag.py
[2024-08-04T04:51:01.418+0000] {processor.py:840} INFO - DAG(s) 'example_skip_dag' retrieved from /home/airflow/.local/lib/python3.12/site-packages/airflow/example_dags/example_skip_dag.py
[2024-08-04T04:51:01.444+0000] {logging_mixin.py:188} INFO - [2024-08-04T04:51:01.443+0000] {dag.py:3096} INFO - Sync 1 DAGs
[2024-08-04T04:51:01.469+0000] {logging_mixin.py:188} INFO - [2024-08-04T04:51:01.469+0000] {dag.py:3954} INFO - Setting next_dagrun for example_skip_dag to 2024-08-03 00:00:00+00:00, run_after=2024-08-04 00:00:00+00:00
[2024-08-04T04:51:01.495+0000] {processor.py:183} INFO - Processing /home/airflow/.local/lib/python3.12/site-packages/airflow/example_dags/example_skip_dag.py took 0.103 seconds
[2024-08-04T04:51:32.006+0000] {processor.py:161} INFO - Started process (PID=289) to work on /home/airflow/.local/lib/python3.12/site-packages/airflow/example_dags/example_skip_dag.py
[2024-08-04T04:51:32.015+0000] {processor.py:830} INFO - Processing file /home/airflow/.local/lib/python3.12/site-packages/airflow/example_dags/example_skip_dag.py for tasks to queue
[2024-08-04T04:51:32.017+0000] {logging_mixin.py:188} INFO - [2024-08-04T04:51:32.017+0000] {dagbag.py:545} INFO - Filling up the DagBag from /home/airflow/.local/lib/python3.12/site-packages/airflow/example_dags/example_skip_dag.py
[2024-08-04T04:51:32.029+0000] {processor.py:840} INFO - DAG(s) 'example_skip_dag' retrieved from /home/airflow/.local/lib/python3.12/site-packages/airflow/example_dags/example_skip_dag.py
[2024-08-04T04:51:32.065+0000] {logging_mixin.py:188} INFO - [2024-08-04T04:51:32.064+0000] {dag.py:3096} INFO - Sync 1 DAGs
[2024-08-04T04:51:32.090+0000] {logging_mixin.py:188} INFO - [2024-08-04T04:51:32.090+0000] {dag.py:3954} INFO - Setting next_dagrun for example_skip_dag to 2024-08-03 00:00:00+00:00, run_after=2024-08-04 00:00:00+00:00
[2024-08-04T04:51:32.117+0000] {processor.py:183} INFO - Processing /home/airflow/.local/lib/python3.12/site-packages/airflow/example_dags/example_skip_dag.py took 0.124 seconds
[2024-08-04T04:52:02.159+0000] {processor.py:161} INFO - Started process (PID=347) to work on /home/airflow/.local/lib/python3.12/site-packages/airflow/example_dags/example_skip_dag.py
[2024-08-04T04:52:02.165+0000] {processor.py:830} INFO - Processing file /home/airflow/.local/lib/python3.12/site-packages/airflow/example_dags/example_skip_dag.py for tasks to queue
[2024-08-04T04:52:02.175+0000] {logging_mixin.py:188} INFO - [2024-08-04T04:52:02.175+0000] {dagbag.py:545} INFO - Filling up the DagBag from /home/airflow/.local/lib/python3.12/site-packages/airflow/example_dags/example_skip_dag.py
[2024-08-04T04:52:02.187+0000] {processor.py:840} INFO - DAG(s) 'example_skip_dag' retrieved from /home/airflow/.local/lib/python3.12/site-packages/airflow/example_dags/example_skip_dag.py
[2024-08-04T04:52:02.244+0000] {logging_mixin.py:188} INFO - [2024-08-04T04:52:02.243+0000] {dag.py:3096} INFO - Sync 1 DAGs
[2024-08-04T04:52:02.294+0000] {logging_mixin.py:188} INFO - [2024-08-04T04:52:02.294+0000] {dag.py:3954} INFO - Setting next_dagrun for example_skip_dag to 2024-08-03 00:00:00+00:00, run_after=2024-08-04 00:00:00+00:00
[2024-08-04T04:52:02.344+0000] {processor.py:183} INFO - Processing /home/airflow/.local/lib/python3.12/site-packages/airflow/example_dags/example_skip_dag.py took 0.199 seconds
[2024-08-04T04:52:33.056+0000] {processor.py:161} INFO - Started process (PID=406) to work on /home/airflow/.local/lib/python3.12/site-packages/airflow/example_dags/example_skip_dag.py
[2024-08-04T04:52:33.057+0000] {processor.py:830} INFO - Processing file /home/airflow/.local/lib/python3.12/site-packages/airflow/example_dags/example_skip_dag.py for tasks to queue
[2024-08-04T04:52:33.059+0000] {logging_mixin.py:188} INFO - [2024-08-04T04:52:33.058+0000] {dagbag.py:545} INFO - Filling up the DagBag from /home/airflow/.local/lib/python3.12/site-packages/airflow/example_dags/example_skip_dag.py
[2024-08-04T04:52:33.066+0000] {processor.py:840} INFO - DAG(s) 'example_skip_dag' retrieved from /home/airflow/.local/lib/python3.12/site-packages/airflow/example_dags/example_skip_dag.py
[2024-08-04T04:52:33.091+0000] {logging_mixin.py:188} INFO - [2024-08-04T04:52:33.091+0000] {dag.py:3096} INFO - Sync 1 DAGs
[2024-08-04T04:52:33.119+0000] {logging_mixin.py:188} INFO - [2024-08-04T04:52:33.119+0000] {dag.py:3954} INFO - Setting next_dagrun for example_skip_dag to 2024-08-03 00:00:00+00:00, run_after=2024-08-04 00:00:00+00:00
[2024-08-04T04:52:33.168+0000] {processor.py:183} INFO - Processing /home/airflow/.local/lib/python3.12/site-packages/airflow/example_dags/example_skip_dag.py took 0.119 seconds
[2024-08-04T04:53:03.435+0000] {processor.py:161} INFO - Started process (PID=464) to work on /home/airflow/.local/lib/python3.12/site-packages/airflow/example_dags/example_skip_dag.py
[2024-08-04T04:53:03.436+0000] {processor.py:830} INFO - Processing file /home/airflow/.local/lib/python3.12/site-packages/airflow/example_dags/example_skip_dag.py for tasks to queue
[2024-08-04T04:53:03.438+0000] {logging_mixin.py:188} INFO - [2024-08-04T04:53:03.438+0000] {dagbag.py:545} INFO - Filling up the DagBag from /home/airflow/.local/lib/python3.12/site-packages/airflow/example_dags/example_skip_dag.py
[2024-08-04T04:53:03.445+0000] {processor.py:840} INFO - DAG(s) 'example_skip_dag' retrieved from /home/airflow/.local/lib/python3.12/site-packages/airflow/example_dags/example_skip_dag.py
[2024-08-04T04:53:03.471+0000] {logging_mixin.py:188} INFO - [2024-08-04T04:53:03.471+0000] {dag.py:3096} INFO - Sync 1 DAGs
[2024-08-04T04:53:03.497+0000] {logging_mixin.py:188} INFO - [2024-08-04T04:53:03.497+0000] {dag.py:3954} INFO - Setting next_dagrun for example_skip_dag to 2024-08-03 00:00:00+00:00, run_after=2024-08-04 00:00:00+00:00
[2024-08-04T04:53:03.521+0000] {processor.py:183} INFO - Processing /home/airflow/.local/lib/python3.12/site-packages/airflow/example_dags/example_skip_dag.py took 0.093 seconds
[2024-08-04T04:53:33.609+0000] {processor.py:161} INFO - Started process (PID=522) to work on /home/airflow/.local/lib/python3.12/site-packages/airflow/example_dags/example_skip_dag.py
[2024-08-04T04:53:33.610+0000] {processor.py:830} INFO - Processing file /home/airflow/.local/lib/python3.12/site-packages/airflow/example_dags/example_skip_dag.py for tasks to queue
[2024-08-04T04:53:33.612+0000] {logging_mixin.py:188} INFO - [2024-08-04T04:53:33.611+0000] {dagbag.py:545} INFO - Filling up the DagBag from /home/airflow/.local/lib/python3.12/site-packages/airflow/example_dags/example_skip_dag.py
[2024-08-04T04:53:33.619+0000] {processor.py:840} INFO - DAG(s) 'example_skip_dag' retrieved from /home/airflow/.local/lib/python3.12/site-packages/airflow/example_dags/example_skip_dag.py
[2024-08-04T04:53:33.646+0000] {logging_mixin.py:188} INFO - [2024-08-04T04:53:33.645+0000] {dag.py:3096} INFO - Sync 1 DAGs
[2024-08-04T04:53:33.672+0000] {logging_mixin.py:188} INFO - [2024-08-04T04:53:33.672+0000] {dag.py:3954} INFO - Setting next_dagrun for example_skip_dag to 2024-08-03 00:00:00+00:00, run_after=2024-08-04 00:00:00+00:00
[2024-08-04T04:53:33.697+0000] {processor.py:183} INFO - Processing /home/airflow/.local/lib/python3.12/site-packages/airflow/example_dags/example_skip_dag.py took 0.095 seconds
[2024-08-04T04:54:04.328+0000] {processor.py:161} INFO - Started process (PID=580) to work on /home/airflow/.local/lib/python3.12/site-packages/airflow/example_dags/example_skip_dag.py
[2024-08-04T04:54:04.329+0000] {processor.py:830} INFO - Processing file /home/airflow/.local/lib/python3.12/site-packages/airflow/example_dags/example_skip_dag.py for tasks to queue
[2024-08-04T04:54:04.330+0000] {logging_mixin.py:188} INFO - [2024-08-04T04:54:04.330+0000] {dagbag.py:545} INFO - Filling up the DagBag from /home/airflow/.local/lib/python3.12/site-packages/airflow/example_dags/example_skip_dag.py
[2024-08-04T04:54:04.335+0000] {processor.py:840} INFO - DAG(s) 'example_skip_dag' retrieved from /home/airflow/.local/lib/python3.12/site-packages/airflow/example_dags/example_skip_dag.py
[2024-08-04T04:54:04.352+0000] {logging_mixin.py:188} INFO - [2024-08-04T04:54:04.352+0000] {dag.py:3096} INFO - Sync 1 DAGs
[2024-08-04T04:54:04.370+0000] {logging_mixin.py:188} INFO - [2024-08-04T04:54:04.369+0000] {dag.py:3954} INFO - Setting next_dagrun for example_skip_dag to 2024-08-03 00:00:00+00:00, run_after=2024-08-04 00:00:00+00:00
[2024-08-04T04:54:04.390+0000] {processor.py:183} INFO - Processing /home/airflow/.local/lib/python3.12/site-packages/airflow/example_dags/example_skip_dag.py took 0.066 seconds
[2024-08-04T04:54:34.718+0000] {processor.py:161} INFO - Started process (PID=640) to work on /home/airflow/.local/lib/python3.12/site-packages/airflow/example_dags/example_skip_dag.py
[2024-08-04T04:54:34.719+0000] {processor.py:830} INFO - Processing file /home/airflow/.local/lib/python3.12/site-packages/airflow/example_dags/example_skip_dag.py for tasks to queue
[2024-08-04T04:54:34.721+0000] {logging_mixin.py:188} INFO - [2024-08-04T04:54:34.720+0000] {dagbag.py:545} INFO - Filling up the DagBag from /home/airflow/.local/lib/python3.12/site-packages/airflow/example_dags/example_skip_dag.py
[2024-08-04T04:54:34.727+0000] {processor.py:840} INFO - DAG(s) 'example_skip_dag' retrieved from /home/airflow/.local/lib/python3.12/site-packages/airflow/example_dags/example_skip_dag.py
[2024-08-04T04:54:34.755+0000] {logging_mixin.py:188} INFO - [2024-08-04T04:54:34.754+0000] {dag.py:3096} INFO - Sync 1 DAGs
[2024-08-04T04:54:34.781+0000] {logging_mixin.py:188} INFO - [2024-08-04T04:54:34.781+0000] {dag.py:3954} INFO - Setting next_dagrun for example_skip_dag to 2024-08-03 00:00:00+00:00, run_after=2024-08-04 00:00:00+00:00
[2024-08-04T04:54:34.814+0000] {processor.py:183} INFO - Processing /home/airflow/.local/lib/python3.12/site-packages/airflow/example_dags/example_skip_dag.py took 0.102 seconds
[2024-08-04T04:55:05.358+0000] {processor.py:161} INFO - Started process (PID=699) to work on /home/airflow/.local/lib/python3.12/site-packages/airflow/example_dags/example_skip_dag.py
[2024-08-04T04:55:05.359+0000] {processor.py:830} INFO - Processing file /home/airflow/.local/lib/python3.12/site-packages/airflow/example_dags/example_skip_dag.py for tasks to queue
[2024-08-04T04:55:05.361+0000] {logging_mixin.py:188} INFO - [2024-08-04T04:55:05.361+0000] {dagbag.py:545} INFO - Filling up the DagBag from /home/airflow/.local/lib/python3.12/site-packages/airflow/example_dags/example_skip_dag.py
[2024-08-04T04:55:05.368+0000] {processor.py:840} INFO - DAG(s) 'example_skip_dag' retrieved from /home/airflow/.local/lib/python3.12/site-packages/airflow/example_dags/example_skip_dag.py
[2024-08-04T04:55:05.405+0000] {logging_mixin.py:188} INFO - [2024-08-04T04:55:05.405+0000] {dag.py:3096} INFO - Sync 1 DAGs
[2024-08-04T04:55:05.468+0000] {logging_mixin.py:188} INFO - [2024-08-04T04:55:05.468+0000] {dag.py:3954} INFO - Setting next_dagrun for example_skip_dag to 2024-08-03 00:00:00+00:00, run_after=2024-08-04 00:00:00+00:00
[2024-08-04T04:55:05.530+0000] {processor.py:183} INFO - Processing /home/airflow/.local/lib/python3.12/site-packages/airflow/example_dags/example_skip_dag.py took 0.179 seconds
[2024-08-04T04:55:36.377+0000] {processor.py:161} INFO - Started process (PID=758) to work on /home/airflow/.local/lib/python3.12/site-packages/airflow/example_dags/example_skip_dag.py
[2024-08-04T04:55:36.380+0000] {processor.py:830} INFO - Processing file /home/airflow/.local/lib/python3.12/site-packages/airflow/example_dags/example_skip_dag.py for tasks to queue
[2024-08-04T04:55:36.382+0000] {logging_mixin.py:188} INFO - [2024-08-04T04:55:36.382+0000] {dagbag.py:545} INFO - Filling up the DagBag from /home/airflow/.local/lib/python3.12/site-packages/airflow/example_dags/example_skip_dag.py
[2024-08-04T04:55:36.390+0000] {processor.py:840} INFO - DAG(s) 'example_skip_dag' retrieved from /home/airflow/.local/lib/python3.12/site-packages/airflow/example_dags/example_skip_dag.py
[2024-08-04T04:55:36.421+0000] {logging_mixin.py:188} INFO - [2024-08-04T04:55:36.420+0000] {dag.py:3096} INFO - Sync 1 DAGs
[2024-08-04T04:55:36.448+0000] {logging_mixin.py:188} INFO - [2024-08-04T04:55:36.447+0000] {dag.py:3954} INFO - Setting next_dagrun for example_skip_dag to 2024-08-03 00:00:00+00:00, run_after=2024-08-04 00:00:00+00:00
[2024-08-04T04:55:36.473+0000] {processor.py:183} INFO - Processing /home/airflow/.local/lib/python3.12/site-packages/airflow/example_dags/example_skip_dag.py took 0.105 seconds
[2024-08-04T04:56:06.699+0000] {processor.py:161} INFO - Started process (PID=817) to work on /home/airflow/.local/lib/python3.12/site-packages/airflow/example_dags/example_skip_dag.py
[2024-08-04T04:56:06.700+0000] {processor.py:830} INFO - Processing file /home/airflow/.local/lib/python3.12/site-packages/airflow/example_dags/example_skip_dag.py for tasks to queue
[2024-08-04T04:56:06.702+0000] {logging_mixin.py:188} INFO - [2024-08-04T04:56:06.701+0000] {dagbag.py:545} INFO - Filling up the DagBag from /home/airflow/.local/lib/python3.12/site-packages/airflow/example_dags/example_skip_dag.py
[2024-08-04T04:56:06.709+0000] {processor.py:840} INFO - DAG(s) 'example_skip_dag' retrieved from /home/airflow/.local/lib/python3.12/site-packages/airflow/example_dags/example_skip_dag.py
[2024-08-04T04:56:06.734+0000] {logging_mixin.py:188} INFO - [2024-08-04T04:56:06.734+0000] {dag.py:3096} INFO - Sync 1 DAGs
[2024-08-04T04:56:06.760+0000] {logging_mixin.py:188} INFO - [2024-08-04T04:56:06.760+0000] {dag.py:3954} INFO - Setting next_dagrun for example_skip_dag to 2024-08-03 00:00:00+00:00, run_after=2024-08-04 00:00:00+00:00
[2024-08-04T04:56:06.785+0000] {processor.py:183} INFO - Processing /home/airflow/.local/lib/python3.12/site-packages/airflow/example_dags/example_skip_dag.py took 0.092 seconds
[2024-08-04T04:56:37.154+0000] {processor.py:161} INFO - Started process (PID=876) to work on /home/airflow/.local/lib/python3.12/site-packages/airflow/example_dags/example_skip_dag.py
[2024-08-04T04:56:37.160+0000] {processor.py:830} INFO - Processing file /home/airflow/.local/lib/python3.12/site-packages/airflow/example_dags/example_skip_dag.py for tasks to queue
[2024-08-04T04:56:37.162+0000] {logging_mixin.py:188} INFO - [2024-08-04T04:56:37.162+0000] {dagbag.py:545} INFO - Filling up the DagBag from /home/airflow/.local/lib/python3.12/site-packages/airflow/example_dags/example_skip_dag.py
[2024-08-04T04:56:37.181+0000] {processor.py:840} INFO - DAG(s) 'example_skip_dag' retrieved from /home/airflow/.local/lib/python3.12/site-packages/airflow/example_dags/example_skip_dag.py
[2024-08-04T04:56:37.219+0000] {logging_mixin.py:188} INFO - [2024-08-04T04:56:37.218+0000] {dag.py:3096} INFO - Sync 1 DAGs
[2024-08-04T04:56:37.245+0000] {logging_mixin.py:188} INFO - [2024-08-04T04:56:37.245+0000] {dag.py:3954} INFO - Setting next_dagrun for example_skip_dag to 2024-08-03 00:00:00+00:00, run_after=2024-08-04 00:00:00+00:00
[2024-08-04T04:56:37.275+0000] {processor.py:183} INFO - Processing /home/airflow/.local/lib/python3.12/site-packages/airflow/example_dags/example_skip_dag.py took 0.131 seconds
[2024-08-04T04:57:07.650+0000] {processor.py:161} INFO - Started process (PID=936) to work on /home/airflow/.local/lib/python3.12/site-packages/airflow/example_dags/example_skip_dag.py
[2024-08-04T04:57:07.653+0000] {processor.py:830} INFO - Processing file /home/airflow/.local/lib/python3.12/site-packages/airflow/example_dags/example_skip_dag.py for tasks to queue
[2024-08-04T04:57:07.657+0000] {logging_mixin.py:188} INFO - [2024-08-04T04:57:07.657+0000] {dagbag.py:545} INFO - Filling up the DagBag from /home/airflow/.local/lib/python3.12/site-packages/airflow/example_dags/example_skip_dag.py
[2024-08-04T04:57:07.670+0000] {processor.py:840} INFO - DAG(s) 'example_skip_dag' retrieved from /home/airflow/.local/lib/python3.12/site-packages/airflow/example_dags/example_skip_dag.py
[2024-08-04T04:57:07.738+0000] {logging_mixin.py:188} INFO - [2024-08-04T04:57:07.737+0000] {dag.py:3096} INFO - Sync 1 DAGs
[2024-08-04T04:57:07.774+0000] {logging_mixin.py:188} INFO - [2024-08-04T04:57:07.774+0000] {dag.py:3954} INFO - Setting next_dagrun for example_skip_dag to 2024-08-03 00:00:00+00:00, run_after=2024-08-04 00:00:00+00:00
[2024-08-04T04:57:07.801+0000] {processor.py:183} INFO - Processing /home/airflow/.local/lib/python3.12/site-packages/airflow/example_dags/example_skip_dag.py took 0.172 seconds
