[2024-08-04T04:49:36.730+0000] {processor.py:161} INFO - Started process (PID=80) to work on /home/airflow/.local/lib/python3.12/site-packages/airflow/example_dags/example_short_circuit_operator.py
[2024-08-04T04:49:36.735+0000] {processor.py:830} INFO - Processing file /home/airflow/.local/lib/python3.12/site-packages/airflow/example_dags/example_short_circuit_operator.py for tasks to queue
[2024-08-04T04:49:36.745+0000] {logging_mixin.py:188} INFO - [2024-08-04T04:49:36.745+0000] {dagbag.py:545} INFO - Filling up the DagBag from /home/airflow/.local/lib/python3.12/site-packages/airflow/example_dags/example_short_circuit_operator.py
[2024-08-04T04:49:36.769+0000] {processor.py:840} INFO - DAG(s) 'example_short_circuit_operator' retrieved from /home/airflow/.local/lib/python3.12/site-packages/airflow/example_dags/example_short_circuit_operator.py
[2024-08-04T04:49:37.006+0000] {logging_mixin.py:188} INFO - [2024-08-04T04:49:37.006+0000] {dag.py:3096} INFO - Sync 1 DAGs
[2024-08-04T04:49:37.076+0000] {logging_mixin.py:188} INFO - [2024-08-04T04:49:37.076+0000] {dag.py:3954} INFO - Setting next_dagrun for example_short_circuit_operator to 2024-08-03 00:00:00+00:00, run_after=2024-08-04 00:00:00+00:00
[2024-08-04T04:49:37.105+0000] {processor.py:183} INFO - Processing /home/airflow/.local/lib/python3.12/site-packages/airflow/example_dags/example_short_circuit_operator.py took 0.384 seconds
[2024-08-04T04:50:07.309+0000] {processor.py:161} INFO - Started process (PID=138) to work on /home/airflow/.local/lib/python3.12/site-packages/airflow/example_dags/example_short_circuit_operator.py
[2024-08-04T04:50:07.310+0000] {processor.py:830} INFO - Processing file /home/airflow/.local/lib/python3.12/site-packages/airflow/example_dags/example_short_circuit_operator.py for tasks to queue
[2024-08-04T04:50:07.312+0000] {logging_mixin.py:188} INFO - [2024-08-04T04:50:07.311+0000] {dagbag.py:545} INFO - Filling up the DagBag from /home/airflow/.local/lib/python3.12/site-packages/airflow/example_dags/example_short_circuit_operator.py
[2024-08-04T04:50:07.321+0000] {processor.py:840} INFO - DAG(s) 'example_short_circuit_operator' retrieved from /home/airflow/.local/lib/python3.12/site-packages/airflow/example_dags/example_short_circuit_operator.py
[2024-08-04T04:50:07.349+0000] {logging_mixin.py:188} INFO - [2024-08-04T04:50:07.349+0000] {dag.py:3096} INFO - Sync 1 DAGs
[2024-08-04T04:50:07.370+0000] {logging_mixin.py:188} INFO - [2024-08-04T04:50:07.370+0000] {dag.py:3954} INFO - Setting next_dagrun for example_short_circuit_operator to 2024-08-03 00:00:00+00:00, run_after=2024-08-04 00:00:00+00:00
[2024-08-04T04:50:07.395+0000] {processor.py:183} INFO - Processing /home/airflow/.local/lib/python3.12/site-packages/airflow/example_dags/example_short_circuit_operator.py took 0.092 seconds
[2024-08-04T04:50:38.310+0000] {processor.py:161} INFO - Started process (PID=196) to work on /home/airflow/.local/lib/python3.12/site-packages/airflow/example_dags/example_short_circuit_operator.py
[2024-08-04T04:50:38.311+0000] {processor.py:830} INFO - Processing file /home/airflow/.local/lib/python3.12/site-packages/airflow/example_dags/example_short_circuit_operator.py for tasks to queue
[2024-08-04T04:50:38.313+0000] {logging_mixin.py:188} INFO - [2024-08-04T04:50:38.313+0000] {dagbag.py:545} INFO - Filling up the DagBag from /home/airflow/.local/lib/python3.12/site-packages/airflow/example_dags/example_short_circuit_operator.py
[2024-08-04T04:50:38.322+0000] {processor.py:840} INFO - DAG(s) 'example_short_circuit_operator' retrieved from /home/airflow/.local/lib/python3.12/site-packages/airflow/example_dags/example_short_circuit_operator.py
[2024-08-04T04:50:38.351+0000] {logging_mixin.py:188} INFO - [2024-08-04T04:50:38.351+0000] {dag.py:3096} INFO - Sync 1 DAGs
[2024-08-04T04:50:38.379+0000] {logging_mixin.py:188} INFO - [2024-08-04T04:50:38.378+0000] {dag.py:3954} INFO - Setting next_dagrun for example_short_circuit_operator to 2024-08-03 00:00:00+00:00, run_after=2024-08-04 00:00:00+00:00
[2024-08-04T04:50:38.405+0000] {processor.py:183} INFO - Processing /home/airflow/.local/lib/python3.12/site-packages/airflow/example_dags/example_short_circuit_operator.py took 0.100 seconds
[2024-08-04T04:51:08.893+0000] {processor.py:161} INFO - Started process (PID=254) to work on /home/airflow/.local/lib/python3.12/site-packages/airflow/example_dags/example_short_circuit_operator.py
[2024-08-04T04:51:08.894+0000] {processor.py:830} INFO - Processing file /home/airflow/.local/lib/python3.12/site-packages/airflow/example_dags/example_short_circuit_operator.py for tasks to queue
[2024-08-04T04:51:08.896+0000] {logging_mixin.py:188} INFO - [2024-08-04T04:51:08.895+0000] {dagbag.py:545} INFO - Filling up the DagBag from /home/airflow/.local/lib/python3.12/site-packages/airflow/example_dags/example_short_circuit_operator.py
[2024-08-04T04:51:08.905+0000] {processor.py:840} INFO - DAG(s) 'example_short_circuit_operator' retrieved from /home/airflow/.local/lib/python3.12/site-packages/airflow/example_dags/example_short_circuit_operator.py
[2024-08-04T04:51:08.934+0000] {logging_mixin.py:188} INFO - [2024-08-04T04:51:08.934+0000] {dag.py:3096} INFO - Sync 1 DAGs
[2024-08-04T04:51:08.961+0000] {logging_mixin.py:188} INFO - [2024-08-04T04:51:08.961+0000] {dag.py:3954} INFO - Setting next_dagrun for example_short_circuit_operator to 2024-08-03 00:00:00+00:00, run_after=2024-08-04 00:00:00+00:00
[2024-08-04T04:51:08.986+0000] {processor.py:183} INFO - Processing /home/airflow/.local/lib/python3.12/site-packages/airflow/example_dags/example_short_circuit_operator.py took 0.099 seconds
[2024-08-04T04:51:39.566+0000] {processor.py:161} INFO - Started process (PID=312) to work on /home/airflow/.local/lib/python3.12/site-packages/airflow/example_dags/example_short_circuit_operator.py
[2024-08-04T04:51:39.567+0000] {processor.py:830} INFO - Processing file /home/airflow/.local/lib/python3.12/site-packages/airflow/example_dags/example_short_circuit_operator.py for tasks to queue
[2024-08-04T04:51:39.569+0000] {logging_mixin.py:188} INFO - [2024-08-04T04:51:39.568+0000] {dagbag.py:545} INFO - Filling up the DagBag from /home/airflow/.local/lib/python3.12/site-packages/airflow/example_dags/example_short_circuit_operator.py
[2024-08-04T04:51:39.577+0000] {processor.py:840} INFO - DAG(s) 'example_short_circuit_operator' retrieved from /home/airflow/.local/lib/python3.12/site-packages/airflow/example_dags/example_short_circuit_operator.py
[2024-08-04T04:51:39.606+0000] {logging_mixin.py:188} INFO - [2024-08-04T04:51:39.606+0000] {dag.py:3096} INFO - Sync 1 DAGs
[2024-08-04T04:51:39.630+0000] {logging_mixin.py:188} INFO - [2024-08-04T04:51:39.630+0000] {dag.py:3954} INFO - Setting next_dagrun for example_short_circuit_operator to 2024-08-03 00:00:00+00:00, run_after=2024-08-04 00:00:00+00:00
[2024-08-04T04:51:39.676+0000] {processor.py:183} INFO - Processing /home/airflow/.local/lib/python3.12/site-packages/airflow/example_dags/example_short_circuit_operator.py took 0.115 seconds
[2024-08-04T04:52:10.325+0000] {processor.py:161} INFO - Started process (PID=370) to work on /home/airflow/.local/lib/python3.12/site-packages/airflow/example_dags/example_short_circuit_operator.py
[2024-08-04T04:52:10.326+0000] {processor.py:830} INFO - Processing file /home/airflow/.local/lib/python3.12/site-packages/airflow/example_dags/example_short_circuit_operator.py for tasks to queue
[2024-08-04T04:52:10.328+0000] {logging_mixin.py:188} INFO - [2024-08-04T04:52:10.328+0000] {dagbag.py:545} INFO - Filling up the DagBag from /home/airflow/.local/lib/python3.12/site-packages/airflow/example_dags/example_short_circuit_operator.py
[2024-08-04T04:52:10.337+0000] {processor.py:840} INFO - DAG(s) 'example_short_circuit_operator' retrieved from /home/airflow/.local/lib/python3.12/site-packages/airflow/example_dags/example_short_circuit_operator.py
[2024-08-04T04:52:10.367+0000] {logging_mixin.py:188} INFO - [2024-08-04T04:52:10.366+0000] {dag.py:3096} INFO - Sync 1 DAGs
[2024-08-04T04:52:10.395+0000] {logging_mixin.py:188} INFO - [2024-08-04T04:52:10.394+0000] {dag.py:3954} INFO - Setting next_dagrun for example_short_circuit_operator to 2024-08-03 00:00:00+00:00, run_after=2024-08-04 00:00:00+00:00
[2024-08-04T04:52:10.425+0000] {processor.py:183} INFO - Processing /home/airflow/.local/lib/python3.12/site-packages/airflow/example_dags/example_short_circuit_operator.py took 0.106 seconds
[2024-08-04T04:52:41.265+0000] {processor.py:161} INFO - Started process (PID=429) to work on /home/airflow/.local/lib/python3.12/site-packages/airflow/example_dags/example_short_circuit_operator.py
[2024-08-04T04:52:41.266+0000] {processor.py:830} INFO - Processing file /home/airflow/.local/lib/python3.12/site-packages/airflow/example_dags/example_short_circuit_operator.py for tasks to queue
[2024-08-04T04:52:41.268+0000] {logging_mixin.py:188} INFO - [2024-08-04T04:52:41.267+0000] {dagbag.py:545} INFO - Filling up the DagBag from /home/airflow/.local/lib/python3.12/site-packages/airflow/example_dags/example_short_circuit_operator.py
[2024-08-04T04:52:41.276+0000] {processor.py:840} INFO - DAG(s) 'example_short_circuit_operator' retrieved from /home/airflow/.local/lib/python3.12/site-packages/airflow/example_dags/example_short_circuit_operator.py
[2024-08-04T04:52:41.305+0000] {logging_mixin.py:188} INFO - [2024-08-04T04:52:41.305+0000] {dag.py:3096} INFO - Sync 1 DAGs
[2024-08-04T04:52:41.334+0000] {logging_mixin.py:188} INFO - [2024-08-04T04:52:41.334+0000] {dag.py:3954} INFO - Setting next_dagrun for example_short_circuit_operator to 2024-08-03 00:00:00+00:00, run_after=2024-08-04 00:00:00+00:00
[2024-08-04T04:52:41.363+0000] {processor.py:183} INFO - Processing /home/airflow/.local/lib/python3.12/site-packages/airflow/example_dags/example_short_circuit_operator.py took 0.104 seconds
[2024-08-04T04:53:11.986+0000] {processor.py:161} INFO - Started process (PID=487) to work on /home/airflow/.local/lib/python3.12/site-packages/airflow/example_dags/example_short_circuit_operator.py
[2024-08-04T04:53:12.007+0000] {processor.py:830} INFO - Processing file /home/airflow/.local/lib/python3.12/site-packages/airflow/example_dags/example_short_circuit_operator.py for tasks to queue
[2024-08-04T04:53:12.016+0000] {logging_mixin.py:188} INFO - [2024-08-04T04:53:12.016+0000] {dagbag.py:545} INFO - Filling up the DagBag from /home/airflow/.local/lib/python3.12/site-packages/airflow/example_dags/example_short_circuit_operator.py
[2024-08-04T04:53:12.048+0000] {processor.py:840} INFO - DAG(s) 'example_short_circuit_operator' retrieved from /home/airflow/.local/lib/python3.12/site-packages/airflow/example_dags/example_short_circuit_operator.py
[2024-08-04T04:53:12.186+0000] {logging_mixin.py:188} INFO - [2024-08-04T04:53:12.185+0000] {dag.py:3096} INFO - Sync 1 DAGs
[2024-08-04T04:53:12.246+0000] {logging_mixin.py:188} INFO - [2024-08-04T04:53:12.246+0000] {dag.py:3954} INFO - Setting next_dagrun for example_short_circuit_operator to 2024-08-03 00:00:00+00:00, run_after=2024-08-04 00:00:00+00:00
[2024-08-04T04:53:12.357+0000] {processor.py:183} INFO - Processing /home/airflow/.local/lib/python3.12/site-packages/airflow/example_dags/example_short_circuit_operator.py took 0.393 seconds
[2024-08-04T04:53:43.227+0000] {processor.py:161} INFO - Started process (PID=545) to work on /home/airflow/.local/lib/python3.12/site-packages/airflow/example_dags/example_short_circuit_operator.py
[2024-08-04T04:53:43.237+0000] {processor.py:830} INFO - Processing file /home/airflow/.local/lib/python3.12/site-packages/airflow/example_dags/example_short_circuit_operator.py for tasks to queue
[2024-08-04T04:53:43.239+0000] {logging_mixin.py:188} INFO - [2024-08-04T04:53:43.239+0000] {dagbag.py:545} INFO - Filling up the DagBag from /home/airflow/.local/lib/python3.12/site-packages/airflow/example_dags/example_short_circuit_operator.py
[2024-08-04T04:53:43.248+0000] {processor.py:840} INFO - DAG(s) 'example_short_circuit_operator' retrieved from /home/airflow/.local/lib/python3.12/site-packages/airflow/example_dags/example_short_circuit_operator.py
[2024-08-04T04:53:43.314+0000] {logging_mixin.py:188} INFO - [2024-08-04T04:53:43.313+0000] {dag.py:3096} INFO - Sync 1 DAGs
[2024-08-04T04:53:43.360+0000] {logging_mixin.py:188} INFO - [2024-08-04T04:53:43.360+0000] {dag.py:3954} INFO - Setting next_dagrun for example_short_circuit_operator to 2024-08-03 00:00:00+00:00, run_after=2024-08-04 00:00:00+00:00
[2024-08-04T04:53:43.404+0000] {processor.py:183} INFO - Processing /home/airflow/.local/lib/python3.12/site-packages/airflow/example_dags/example_short_circuit_operator.py took 0.192 seconds
[2024-08-04T04:54:13.973+0000] {processor.py:161} INFO - Started process (PID=603) to work on /home/airflow/.local/lib/python3.12/site-packages/airflow/example_dags/example_short_circuit_operator.py
[2024-08-04T04:54:13.974+0000] {processor.py:830} INFO - Processing file /home/airflow/.local/lib/python3.12/site-packages/airflow/example_dags/example_short_circuit_operator.py for tasks to queue
[2024-08-04T04:54:13.976+0000] {logging_mixin.py:188} INFO - [2024-08-04T04:54:13.975+0000] {dagbag.py:545} INFO - Filling up the DagBag from /home/airflow/.local/lib/python3.12/site-packages/airflow/example_dags/example_short_circuit_operator.py
[2024-08-04T04:54:13.985+0000] {processor.py:840} INFO - DAG(s) 'example_short_circuit_operator' retrieved from /home/airflow/.local/lib/python3.12/site-packages/airflow/example_dags/example_short_circuit_operator.py
[2024-08-04T04:54:14.014+0000] {logging_mixin.py:188} INFO - [2024-08-04T04:54:14.013+0000] {dag.py:3096} INFO - Sync 1 DAGs
[2024-08-04T04:54:14.042+0000] {logging_mixin.py:188} INFO - [2024-08-04T04:54:14.042+0000] {dag.py:3954} INFO - Setting next_dagrun for example_short_circuit_operator to 2024-08-03 00:00:00+00:00, run_after=2024-08-04 00:00:00+00:00
[2024-08-04T04:54:14.066+0000] {processor.py:183} INFO - Processing /home/airflow/.local/lib/python3.12/site-packages/airflow/example_dags/example_short_circuit_operator.py took 0.100 seconds
[2024-08-04T04:54:44.189+0000] {processor.py:161} INFO - Started process (PID=663) to work on /home/airflow/.local/lib/python3.12/site-packages/airflow/example_dags/example_short_circuit_operator.py
[2024-08-04T04:54:44.190+0000] {processor.py:830} INFO - Processing file /home/airflow/.local/lib/python3.12/site-packages/airflow/example_dags/example_short_circuit_operator.py for tasks to queue
[2024-08-04T04:54:44.192+0000] {logging_mixin.py:188} INFO - [2024-08-04T04:54:44.191+0000] {dagbag.py:545} INFO - Filling up the DagBag from /home/airflow/.local/lib/python3.12/site-packages/airflow/example_dags/example_short_circuit_operator.py
[2024-08-04T04:54:44.200+0000] {processor.py:840} INFO - DAG(s) 'example_short_circuit_operator' retrieved from /home/airflow/.local/lib/python3.12/site-packages/airflow/example_dags/example_short_circuit_operator.py
[2024-08-04T04:54:44.239+0000] {logging_mixin.py:188} INFO - [2024-08-04T04:54:44.239+0000] {dag.py:3096} INFO - Sync 1 DAGs
[2024-08-04T04:54:44.276+0000] {logging_mixin.py:188} INFO - [2024-08-04T04:54:44.276+0000] {dag.py:3954} INFO - Setting next_dagrun for example_short_circuit_operator to 2024-08-03 00:00:00+00:00, run_after=2024-08-04 00:00:00+00:00
[2024-08-04T04:54:44.300+0000] {processor.py:183} INFO - Processing /home/airflow/.local/lib/python3.12/site-packages/airflow/example_dags/example_short_circuit_operator.py took 0.118 seconds
[2024-08-04T04:55:14.974+0000] {processor.py:161} INFO - Started process (PID=722) to work on /home/airflow/.local/lib/python3.12/site-packages/airflow/example_dags/example_short_circuit_operator.py
[2024-08-04T04:55:14.975+0000] {processor.py:830} INFO - Processing file /home/airflow/.local/lib/python3.12/site-packages/airflow/example_dags/example_short_circuit_operator.py for tasks to queue
[2024-08-04T04:55:14.977+0000] {logging_mixin.py:188} INFO - [2024-08-04T04:55:14.976+0000] {dagbag.py:545} INFO - Filling up the DagBag from /home/airflow/.local/lib/python3.12/site-packages/airflow/example_dags/example_short_circuit_operator.py
[2024-08-04T04:55:14.985+0000] {processor.py:840} INFO - DAG(s) 'example_short_circuit_operator' retrieved from /home/airflow/.local/lib/python3.12/site-packages/airflow/example_dags/example_short_circuit_operator.py
[2024-08-04T04:55:15.012+0000] {logging_mixin.py:188} INFO - [2024-08-04T04:55:15.012+0000] {dag.py:3096} INFO - Sync 1 DAGs
[2024-08-04T04:55:15.038+0000] {logging_mixin.py:188} INFO - [2024-08-04T04:55:15.038+0000] {dag.py:3954} INFO - Setting next_dagrun for example_short_circuit_operator to 2024-08-03 00:00:00+00:00, run_after=2024-08-04 00:00:00+00:00
[2024-08-04T04:55:15.064+0000] {processor.py:183} INFO - Processing /home/airflow/.local/lib/python3.12/site-packages/airflow/example_dags/example_short_circuit_operator.py took 0.097 seconds
[2024-08-04T04:55:46.035+0000] {processor.py:161} INFO - Started process (PID=781) to work on /home/airflow/.local/lib/python3.12/site-packages/airflow/example_dags/example_short_circuit_operator.py
[2024-08-04T04:55:46.037+0000] {processor.py:830} INFO - Processing file /home/airflow/.local/lib/python3.12/site-packages/airflow/example_dags/example_short_circuit_operator.py for tasks to queue
[2024-08-04T04:55:46.039+0000] {logging_mixin.py:188} INFO - [2024-08-04T04:55:46.038+0000] {dagbag.py:545} INFO - Filling up the DagBag from /home/airflow/.local/lib/python3.12/site-packages/airflow/example_dags/example_short_circuit_operator.py
[2024-08-04T04:55:46.047+0000] {processor.py:840} INFO - DAG(s) 'example_short_circuit_operator' retrieved from /home/airflow/.local/lib/python3.12/site-packages/airflow/example_dags/example_short_circuit_operator.py
[2024-08-04T04:55:46.076+0000] {logging_mixin.py:188} INFO - [2024-08-04T04:55:46.076+0000] {dag.py:3096} INFO - Sync 1 DAGs
[2024-08-04T04:55:46.104+0000] {logging_mixin.py:188} INFO - [2024-08-04T04:55:46.103+0000] {dag.py:3954} INFO - Setting next_dagrun for example_short_circuit_operator to 2024-08-03 00:00:00+00:00, run_after=2024-08-04 00:00:00+00:00
[2024-08-04T04:55:46.130+0000] {processor.py:183} INFO - Processing /home/airflow/.local/lib/python3.12/site-packages/airflow/example_dags/example_short_circuit_operator.py took 0.102 seconds
[2024-08-04T04:56:16.238+0000] {processor.py:161} INFO - Started process (PID=840) to work on /home/airflow/.local/lib/python3.12/site-packages/airflow/example_dags/example_short_circuit_operator.py
[2024-08-04T04:56:16.239+0000] {processor.py:830} INFO - Processing file /home/airflow/.local/lib/python3.12/site-packages/airflow/example_dags/example_short_circuit_operator.py for tasks to queue
[2024-08-04T04:56:16.241+0000] {logging_mixin.py:188} INFO - [2024-08-04T04:56:16.240+0000] {dagbag.py:545} INFO - Filling up the DagBag from /home/airflow/.local/lib/python3.12/site-packages/airflow/example_dags/example_short_circuit_operator.py
[2024-08-04T04:56:16.254+0000] {processor.py:840} INFO - DAG(s) 'example_short_circuit_operator' retrieved from /home/airflow/.local/lib/python3.12/site-packages/airflow/example_dags/example_short_circuit_operator.py
[2024-08-04T04:56:16.281+0000] {logging_mixin.py:188} INFO - [2024-08-04T04:56:16.281+0000] {dag.py:3096} INFO - Sync 1 DAGs
[2024-08-04T04:56:16.306+0000] {logging_mixin.py:188} INFO - [2024-08-04T04:56:16.306+0000] {dag.py:3954} INFO - Setting next_dagrun for example_short_circuit_operator to 2024-08-03 00:00:00+00:00, run_after=2024-08-04 00:00:00+00:00
[2024-08-04T04:56:16.331+0000] {processor.py:183} INFO - Processing /home/airflow/.local/lib/python3.12/site-packages/airflow/example_dags/example_short_circuit_operator.py took 0.099 seconds
[2024-08-04T04:56:46.929+0000] {processor.py:161} INFO - Started process (PID=899) to work on /home/airflow/.local/lib/python3.12/site-packages/airflow/example_dags/example_short_circuit_operator.py
[2024-08-04T04:56:46.930+0000] {processor.py:830} INFO - Processing file /home/airflow/.local/lib/python3.12/site-packages/airflow/example_dags/example_short_circuit_operator.py for tasks to queue
[2024-08-04T04:56:46.932+0000] {logging_mixin.py:188} INFO - [2024-08-04T04:56:46.931+0000] {dagbag.py:545} INFO - Filling up the DagBag from /home/airflow/.local/lib/python3.12/site-packages/airflow/example_dags/example_short_circuit_operator.py
[2024-08-04T04:56:46.940+0000] {processor.py:840} INFO - DAG(s) 'example_short_circuit_operator' retrieved from /home/airflow/.local/lib/python3.12/site-packages/airflow/example_dags/example_short_circuit_operator.py
[2024-08-04T04:56:46.970+0000] {logging_mixin.py:188} INFO - [2024-08-04T04:56:46.970+0000] {dag.py:3096} INFO - Sync 1 DAGs
[2024-08-04T04:56:46.996+0000] {logging_mixin.py:188} INFO - [2024-08-04T04:56:46.996+0000] {dag.py:3954} INFO - Setting next_dagrun for example_short_circuit_operator to 2024-08-03 00:00:00+00:00, run_after=2024-08-04 00:00:00+00:00
[2024-08-04T04:56:47.031+0000] {processor.py:183} INFO - Processing /home/airflow/.local/lib/python3.12/site-packages/airflow/example_dags/example_short_circuit_operator.py took 0.108 seconds
[2024-08-04T04:57:17.257+0000] {processor.py:161} INFO - Started process (PID=959) to work on /home/airflow/.local/lib/python3.12/site-packages/airflow/example_dags/example_short_circuit_operator.py
[2024-08-04T04:57:17.258+0000] {processor.py:830} INFO - Processing file /home/airflow/.local/lib/python3.12/site-packages/airflow/example_dags/example_short_circuit_operator.py for tasks to queue
[2024-08-04T04:57:17.260+0000] {logging_mixin.py:188} INFO - [2024-08-04T04:57:17.259+0000] {dagbag.py:545} INFO - Filling up the DagBag from /home/airflow/.local/lib/python3.12/site-packages/airflow/example_dags/example_short_circuit_operator.py
[2024-08-04T04:57:17.268+0000] {processor.py:840} INFO - DAG(s) 'example_short_circuit_operator' retrieved from /home/airflow/.local/lib/python3.12/site-packages/airflow/example_dags/example_short_circuit_operator.py
[2024-08-04T04:57:17.299+0000] {logging_mixin.py:188} INFO - [2024-08-04T04:57:17.298+0000] {dag.py:3096} INFO - Sync 1 DAGs
[2024-08-04T04:57:17.324+0000] {logging_mixin.py:188} INFO - [2024-08-04T04:57:17.324+0000] {dag.py:3954} INFO - Setting next_dagrun for example_short_circuit_operator to 2024-08-03 00:00:00+00:00, run_after=2024-08-04 00:00:00+00:00
[2024-08-04T04:57:17.350+0000] {processor.py:183} INFO - Processing /home/airflow/.local/lib/python3.12/site-packages/airflow/example_dags/example_short_circuit_operator.py took 0.099 seconds
