[2024-08-04T04:49:22.663+0000] {processor.py:161} INFO - Started process (PID=37) to work on /home/airflow/.local/lib/python3.12/site-packages/airflow/example_dags/example_branch_python_dop_operator_3.py
[2024-08-04T04:49:22.664+0000] {processor.py:830} INFO - Processing file /home/airflow/.local/lib/python3.12/site-packages/airflow/example_dags/example_branch_python_dop_operator_3.py for tasks to queue
[2024-08-04T04:49:22.670+0000] {logging_mixin.py:188} INFO - [2024-08-04T04:49:22.669+0000] {dagbag.py:545} INFO - Filling up the DagBag from /home/airflow/.local/lib/python3.12/site-packages/airflow/example_dags/example_branch_python_dop_operator_3.py
[2024-08-04T04:49:22.708+0000] {processor.py:840} INFO - DAG(s) 'example_branch_dop_operator_v3' retrieved from /home/airflow/.local/lib/python3.12/site-packages/airflow/example_dags/example_branch_python_dop_operator_3.py
[2024-08-04T04:49:23.136+0000] {logging_mixin.py:188} INFO - [2024-08-04T04:49:23.136+0000] {dag.py:3096} INFO - Sync 1 DAGs
[2024-08-04T04:49:23.253+0000] {logging_mixin.py:188} INFO - [2024-08-04T04:49:23.245+0000] {dag.py:3954} INFO - Setting next_dagrun for example_branch_dop_operator_v3 to 2024-08-04 04:48:00+00:00, run_after=2024-08-04 04:49:00+00:00
[2024-08-04T04:49:23.331+0000] {processor.py:183} INFO - Processing /home/airflow/.local/lib/python3.12/site-packages/airflow/example_dags/example_branch_python_dop_operator_3.py took 0.696 seconds
[2024-08-04T04:49:54.208+0000] {processor.py:161} INFO - Started process (PID=95) to work on /home/airflow/.local/lib/python3.12/site-packages/airflow/example_dags/example_branch_python_dop_operator_3.py
[2024-08-04T04:49:54.208+0000] {processor.py:830} INFO - Processing file /home/airflow/.local/lib/python3.12/site-packages/airflow/example_dags/example_branch_python_dop_operator_3.py for tasks to queue
[2024-08-04T04:49:54.210+0000] {logging_mixin.py:188} INFO - [2024-08-04T04:49:54.209+0000] {dagbag.py:545} INFO - Filling up the DagBag from /home/airflow/.local/lib/python3.12/site-packages/airflow/example_dags/example_branch_python_dop_operator_3.py
[2024-08-04T04:49:54.216+0000] {processor.py:840} INFO - DAG(s) 'example_branch_dop_operator_v3' retrieved from /home/airflow/.local/lib/python3.12/site-packages/airflow/example_dags/example_branch_python_dop_operator_3.py
[2024-08-04T04:49:54.236+0000] {logging_mixin.py:188} INFO - [2024-08-04T04:49:54.235+0000] {dag.py:3096} INFO - Sync 1 DAGs
[2024-08-04T04:49:54.257+0000] {logging_mixin.py:188} INFO - [2024-08-04T04:49:54.256+0000] {dag.py:3954} INFO - Setting next_dagrun for example_branch_dop_operator_v3 to 2024-08-04 04:48:00+00:00, run_after=2024-08-04 04:49:00+00:00
[2024-08-04T04:49:54.276+0000] {processor.py:183} INFO - Processing /home/airflow/.local/lib/python3.12/site-packages/airflow/example_dags/example_branch_python_dop_operator_3.py took 0.073 seconds
[2024-08-04T04:50:24.884+0000] {processor.py:161} INFO - Started process (PID=153) to work on /home/airflow/.local/lib/python3.12/site-packages/airflow/example_dags/example_branch_python_dop_operator_3.py
[2024-08-04T04:50:24.888+0000] {processor.py:830} INFO - Processing file /home/airflow/.local/lib/python3.12/site-packages/airflow/example_dags/example_branch_python_dop_operator_3.py for tasks to queue
[2024-08-04T04:50:24.890+0000] {logging_mixin.py:188} INFO - [2024-08-04T04:50:24.890+0000] {dagbag.py:545} INFO - Filling up the DagBag from /home/airflow/.local/lib/python3.12/site-packages/airflow/example_dags/example_branch_python_dop_operator_3.py
[2024-08-04T04:50:24.906+0000] {processor.py:840} INFO - DAG(s) 'example_branch_dop_operator_v3' retrieved from /home/airflow/.local/lib/python3.12/site-packages/airflow/example_dags/example_branch_python_dop_operator_3.py
[2024-08-04T04:50:24.936+0000] {logging_mixin.py:188} INFO - [2024-08-04T04:50:24.936+0000] {dag.py:3096} INFO - Sync 1 DAGs
[2024-08-04T04:50:24.981+0000] {logging_mixin.py:188} INFO - [2024-08-04T04:50:24.980+0000] {dag.py:3954} INFO - Setting next_dagrun for example_branch_dop_operator_v3 to 2024-08-04 04:49:00+00:00, run_after=2024-08-04 04:50:00+00:00
[2024-08-04T04:50:25.007+0000] {processor.py:183} INFO - Processing /home/airflow/.local/lib/python3.12/site-packages/airflow/example_dags/example_branch_python_dop_operator_3.py took 0.132 seconds
[2024-08-04T04:50:55.460+0000] {processor.py:161} INFO - Started process (PID=211) to work on /home/airflow/.local/lib/python3.12/site-packages/airflow/example_dags/example_branch_python_dop_operator_3.py
[2024-08-04T04:50:55.462+0000] {processor.py:830} INFO - Processing file /home/airflow/.local/lib/python3.12/site-packages/airflow/example_dags/example_branch_python_dop_operator_3.py for tasks to queue
[2024-08-04T04:50:55.464+0000] {logging_mixin.py:188} INFO - [2024-08-04T04:50:55.464+0000] {dagbag.py:545} INFO - Filling up the DagBag from /home/airflow/.local/lib/python3.12/site-packages/airflow/example_dags/example_branch_python_dop_operator_3.py
[2024-08-04T04:50:55.474+0000] {processor.py:840} INFO - DAG(s) 'example_branch_dop_operator_v3' retrieved from /home/airflow/.local/lib/python3.12/site-packages/airflow/example_dags/example_branch_python_dop_operator_3.py
[2024-08-04T04:50:55.498+0000] {logging_mixin.py:188} INFO - [2024-08-04T04:50:55.497+0000] {dag.py:3096} INFO - Sync 1 DAGs
[2024-08-04T04:50:55.530+0000] {logging_mixin.py:188} INFO - [2024-08-04T04:50:55.530+0000] {dag.py:3954} INFO - Setting next_dagrun for example_branch_dop_operator_v3 to 2024-08-04 04:49:00+00:00, run_after=2024-08-04 04:50:00+00:00
[2024-08-04T04:50:55.556+0000] {processor.py:183} INFO - Processing /home/airflow/.local/lib/python3.12/site-packages/airflow/example_dags/example_branch_python_dop_operator_3.py took 0.103 seconds
[2024-08-04T04:51:25.714+0000] {processor.py:161} INFO - Started process (PID=269) to work on /home/airflow/.local/lib/python3.12/site-packages/airflow/example_dags/example_branch_python_dop_operator_3.py
[2024-08-04T04:51:25.722+0000] {processor.py:830} INFO - Processing file /home/airflow/.local/lib/python3.12/site-packages/airflow/example_dags/example_branch_python_dop_operator_3.py for tasks to queue
[2024-08-04T04:51:25.724+0000] {logging_mixin.py:188} INFO - [2024-08-04T04:51:25.723+0000] {dagbag.py:545} INFO - Filling up the DagBag from /home/airflow/.local/lib/python3.12/site-packages/airflow/example_dags/example_branch_python_dop_operator_3.py
[2024-08-04T04:51:25.762+0000] {processor.py:840} INFO - DAG(s) 'example_branch_dop_operator_v3' retrieved from /home/airflow/.local/lib/python3.12/site-packages/airflow/example_dags/example_branch_python_dop_operator_3.py
[2024-08-04T04:51:25.834+0000] {logging_mixin.py:188} INFO - [2024-08-04T04:51:25.833+0000] {dag.py:3096} INFO - Sync 1 DAGs
[2024-08-04T04:51:25.916+0000] {logging_mixin.py:188} INFO - [2024-08-04T04:51:25.916+0000] {dag.py:3954} INFO - Setting next_dagrun for example_branch_dop_operator_v3 to 2024-08-04 04:50:00+00:00, run_after=2024-08-04 04:51:00+00:00
[2024-08-04T04:51:25.975+0000] {processor.py:183} INFO - Processing /home/airflow/.local/lib/python3.12/site-packages/airflow/example_dags/example_branch_python_dop_operator_3.py took 0.280 seconds
[2024-08-04T04:51:56.800+0000] {processor.py:161} INFO - Started process (PID=327) to work on /home/airflow/.local/lib/python3.12/site-packages/airflow/example_dags/example_branch_python_dop_operator_3.py
[2024-08-04T04:51:56.801+0000] {processor.py:830} INFO - Processing file /home/airflow/.local/lib/python3.12/site-packages/airflow/example_dags/example_branch_python_dop_operator_3.py for tasks to queue
[2024-08-04T04:51:56.803+0000] {logging_mixin.py:188} INFO - [2024-08-04T04:51:56.803+0000] {dagbag.py:545} INFO - Filling up the DagBag from /home/airflow/.local/lib/python3.12/site-packages/airflow/example_dags/example_branch_python_dop_operator_3.py
[2024-08-04T04:51:56.812+0000] {processor.py:840} INFO - DAG(s) 'example_branch_dop_operator_v3' retrieved from /home/airflow/.local/lib/python3.12/site-packages/airflow/example_dags/example_branch_python_dop_operator_3.py
[2024-08-04T04:51:56.838+0000] {logging_mixin.py:188} INFO - [2024-08-04T04:51:56.837+0000] {dag.py:3096} INFO - Sync 1 DAGs
[2024-08-04T04:51:56.870+0000] {logging_mixin.py:188} INFO - [2024-08-04T04:51:56.870+0000] {dag.py:3954} INFO - Setting next_dagrun for example_branch_dop_operator_v3 to 2024-08-04 04:50:00+00:00, run_after=2024-08-04 04:51:00+00:00
[2024-08-04T04:51:56.897+0000] {processor.py:183} INFO - Processing /home/airflow/.local/lib/python3.12/site-packages/airflow/example_dags/example_branch_python_dop_operator_3.py took 0.103 seconds
[2024-08-04T04:52:27.073+0000] {processor.py:161} INFO - Started process (PID=385) to work on /home/airflow/.local/lib/python3.12/site-packages/airflow/example_dags/example_branch_python_dop_operator_3.py
[2024-08-04T04:52:27.075+0000] {processor.py:830} INFO - Processing file /home/airflow/.local/lib/python3.12/site-packages/airflow/example_dags/example_branch_python_dop_operator_3.py for tasks to queue
[2024-08-04T04:52:27.077+0000] {logging_mixin.py:188} INFO - [2024-08-04T04:52:27.076+0000] {dagbag.py:545} INFO - Filling up the DagBag from /home/airflow/.local/lib/python3.12/site-packages/airflow/example_dags/example_branch_python_dop_operator_3.py
[2024-08-04T04:52:27.086+0000] {processor.py:840} INFO - DAG(s) 'example_branch_dop_operator_v3' retrieved from /home/airflow/.local/lib/python3.12/site-packages/airflow/example_dags/example_branch_python_dop_operator_3.py
[2024-08-04T04:52:27.109+0000] {logging_mixin.py:188} INFO - [2024-08-04T04:52:27.109+0000] {dag.py:3096} INFO - Sync 1 DAGs
[2024-08-04T04:52:27.140+0000] {logging_mixin.py:188} INFO - [2024-08-04T04:52:27.140+0000] {dag.py:3954} INFO - Setting next_dagrun for example_branch_dop_operator_v3 to 2024-08-04 04:51:00+00:00, run_after=2024-08-04 04:52:00+00:00
[2024-08-04T04:52:27.165+0000] {processor.py:183} INFO - Processing /home/airflow/.local/lib/python3.12/site-packages/airflow/example_dags/example_branch_python_dop_operator_3.py took 0.098 seconds
[2024-08-04T04:52:57.301+0000] {processor.py:161} INFO - Started process (PID=444) to work on /home/airflow/.local/lib/python3.12/site-packages/airflow/example_dags/example_branch_python_dop_operator_3.py
[2024-08-04T04:52:57.302+0000] {processor.py:830} INFO - Processing file /home/airflow/.local/lib/python3.12/site-packages/airflow/example_dags/example_branch_python_dop_operator_3.py for tasks to queue
[2024-08-04T04:52:57.304+0000] {logging_mixin.py:188} INFO - [2024-08-04T04:52:57.303+0000] {dagbag.py:545} INFO - Filling up the DagBag from /home/airflow/.local/lib/python3.12/site-packages/airflow/example_dags/example_branch_python_dop_operator_3.py
[2024-08-04T04:52:57.313+0000] {processor.py:840} INFO - DAG(s) 'example_branch_dop_operator_v3' retrieved from /home/airflow/.local/lib/python3.12/site-packages/airflow/example_dags/example_branch_python_dop_operator_3.py
[2024-08-04T04:52:57.337+0000] {logging_mixin.py:188} INFO - [2024-08-04T04:52:57.336+0000] {dag.py:3096} INFO - Sync 1 DAGs
[2024-08-04T04:52:57.369+0000] {logging_mixin.py:188} INFO - [2024-08-04T04:52:57.369+0000] {dag.py:3954} INFO - Setting next_dagrun for example_branch_dop_operator_v3 to 2024-08-04 04:51:00+00:00, run_after=2024-08-04 04:52:00+00:00
[2024-08-04T04:52:57.395+0000] {processor.py:183} INFO - Processing /home/airflow/.local/lib/python3.12/site-packages/airflow/example_dags/example_branch_python_dop_operator_3.py took 0.100 seconds
[2024-08-04T04:53:27.588+0000] {processor.py:161} INFO - Started process (PID=502) to work on /home/airflow/.local/lib/python3.12/site-packages/airflow/example_dags/example_branch_python_dop_operator_3.py
[2024-08-04T04:53:27.589+0000] {processor.py:830} INFO - Processing file /home/airflow/.local/lib/python3.12/site-packages/airflow/example_dags/example_branch_python_dop_operator_3.py for tasks to queue
[2024-08-04T04:53:27.591+0000] {logging_mixin.py:188} INFO - [2024-08-04T04:53:27.590+0000] {dagbag.py:545} INFO - Filling up the DagBag from /home/airflow/.local/lib/python3.12/site-packages/airflow/example_dags/example_branch_python_dop_operator_3.py
[2024-08-04T04:53:27.600+0000] {processor.py:840} INFO - DAG(s) 'example_branch_dop_operator_v3' retrieved from /home/airflow/.local/lib/python3.12/site-packages/airflow/example_dags/example_branch_python_dop_operator_3.py
[2024-08-04T04:53:27.623+0000] {logging_mixin.py:188} INFO - [2024-08-04T04:53:27.623+0000] {dag.py:3096} INFO - Sync 1 DAGs
[2024-08-04T04:53:27.656+0000] {logging_mixin.py:188} INFO - [2024-08-04T04:53:27.655+0000] {dag.py:3954} INFO - Setting next_dagrun for example_branch_dop_operator_v3 to 2024-08-04 04:52:00+00:00, run_after=2024-08-04 04:53:00+00:00
[2024-08-04T04:53:27.682+0000] {processor.py:183} INFO - Processing /home/airflow/.local/lib/python3.12/site-packages/airflow/example_dags/example_branch_python_dop_operator_3.py took 0.100 seconds
[2024-08-04T04:53:58.371+0000] {processor.py:161} INFO - Started process (PID=560) to work on /home/airflow/.local/lib/python3.12/site-packages/airflow/example_dags/example_branch_python_dop_operator_3.py
[2024-08-04T04:53:58.372+0000] {processor.py:830} INFO - Processing file /home/airflow/.local/lib/python3.12/site-packages/airflow/example_dags/example_branch_python_dop_operator_3.py for tasks to queue
[2024-08-04T04:53:58.374+0000] {logging_mixin.py:188} INFO - [2024-08-04T04:53:58.373+0000] {dagbag.py:545} INFO - Filling up the DagBag from /home/airflow/.local/lib/python3.12/site-packages/airflow/example_dags/example_branch_python_dop_operator_3.py
[2024-08-04T04:53:58.383+0000] {processor.py:840} INFO - DAG(s) 'example_branch_dop_operator_v3' retrieved from /home/airflow/.local/lib/python3.12/site-packages/airflow/example_dags/example_branch_python_dop_operator_3.py
[2024-08-04T04:53:58.407+0000] {logging_mixin.py:188} INFO - [2024-08-04T04:53:58.407+0000] {dag.py:3096} INFO - Sync 1 DAGs
[2024-08-04T04:53:58.441+0000] {logging_mixin.py:188} INFO - [2024-08-04T04:53:58.441+0000] {dag.py:3954} INFO - Setting next_dagrun for example_branch_dop_operator_v3 to 2024-08-04 04:52:00+00:00, run_after=2024-08-04 04:53:00+00:00
[2024-08-04T04:53:58.467+0000] {processor.py:183} INFO - Processing /home/airflow/.local/lib/python3.12/site-packages/airflow/example_dags/example_branch_python_dop_operator_3.py took 0.102 seconds
[2024-08-04T04:54:28.755+0000] {processor.py:161} INFO - Started process (PID=619) to work on /home/airflow/.local/lib/python3.12/site-packages/airflow/example_dags/example_branch_python_dop_operator_3.py
[2024-08-04T04:54:28.756+0000] {processor.py:830} INFO - Processing file /home/airflow/.local/lib/python3.12/site-packages/airflow/example_dags/example_branch_python_dop_operator_3.py for tasks to queue
[2024-08-04T04:54:28.758+0000] {logging_mixin.py:188} INFO - [2024-08-04T04:54:28.757+0000] {dagbag.py:545} INFO - Filling up the DagBag from /home/airflow/.local/lib/python3.12/site-packages/airflow/example_dags/example_branch_python_dop_operator_3.py
[2024-08-04T04:54:28.767+0000] {processor.py:840} INFO - DAG(s) 'example_branch_dop_operator_v3' retrieved from /home/airflow/.local/lib/python3.12/site-packages/airflow/example_dags/example_branch_python_dop_operator_3.py
[2024-08-04T04:54:28.804+0000] {logging_mixin.py:188} INFO - [2024-08-04T04:54:28.804+0000] {dag.py:3096} INFO - Sync 1 DAGs
[2024-08-04T04:54:28.851+0000] {logging_mixin.py:188} INFO - [2024-08-04T04:54:28.851+0000] {dag.py:3954} INFO - Setting next_dagrun for example_branch_dop_operator_v3 to 2024-08-04 04:53:00+00:00, run_after=2024-08-04 04:54:00+00:00
[2024-08-04T04:54:28.878+0000] {processor.py:183} INFO - Processing /home/airflow/.local/lib/python3.12/site-packages/airflow/example_dags/example_branch_python_dop_operator_3.py took 0.129 seconds
[2024-08-04T04:54:59.306+0000] {processor.py:161} INFO - Started process (PID=679) to work on /home/airflow/.local/lib/python3.12/site-packages/airflow/example_dags/example_branch_python_dop_operator_3.py
[2024-08-04T04:54:59.307+0000] {processor.py:830} INFO - Processing file /home/airflow/.local/lib/python3.12/site-packages/airflow/example_dags/example_branch_python_dop_operator_3.py for tasks to queue
[2024-08-04T04:54:59.308+0000] {logging_mixin.py:188} INFO - [2024-08-04T04:54:59.308+0000] {dagbag.py:545} INFO - Filling up the DagBag from /home/airflow/.local/lib/python3.12/site-packages/airflow/example_dags/example_branch_python_dop_operator_3.py
[2024-08-04T04:54:59.318+0000] {processor.py:840} INFO - DAG(s) 'example_branch_dop_operator_v3' retrieved from /home/airflow/.local/lib/python3.12/site-packages/airflow/example_dags/example_branch_python_dop_operator_3.py
[2024-08-04T04:54:59.341+0000] {logging_mixin.py:188} INFO - [2024-08-04T04:54:59.340+0000] {dag.py:3096} INFO - Sync 1 DAGs
[2024-08-04T04:54:59.378+0000] {logging_mixin.py:188} INFO - [2024-08-04T04:54:59.378+0000] {dag.py:3954} INFO - Setting next_dagrun for example_branch_dop_operator_v3 to 2024-08-04 04:53:00+00:00, run_after=2024-08-04 04:54:00+00:00
[2024-08-04T04:54:59.404+0000] {processor.py:183} INFO - Processing /home/airflow/.local/lib/python3.12/site-packages/airflow/example_dags/example_branch_python_dop_operator_3.py took 0.104 seconds
[2024-08-04T04:55:30.344+0000] {processor.py:161} INFO - Started process (PID=738) to work on /home/airflow/.local/lib/python3.12/site-packages/airflow/example_dags/example_branch_python_dop_operator_3.py
[2024-08-04T04:55:30.345+0000] {processor.py:830} INFO - Processing file /home/airflow/.local/lib/python3.12/site-packages/airflow/example_dags/example_branch_python_dop_operator_3.py for tasks to queue
[2024-08-04T04:55:30.354+0000] {logging_mixin.py:188} INFO - [2024-08-04T04:55:30.354+0000] {dagbag.py:545} INFO - Filling up the DagBag from /home/airflow/.local/lib/python3.12/site-packages/airflow/example_dags/example_branch_python_dop_operator_3.py
[2024-08-04T04:55:30.387+0000] {processor.py:840} INFO - DAG(s) 'example_branch_dop_operator_v3' retrieved from /home/airflow/.local/lib/python3.12/site-packages/airflow/example_dags/example_branch_python_dop_operator_3.py
[2024-08-04T04:55:30.418+0000] {logging_mixin.py:188} INFO - [2024-08-04T04:55:30.417+0000] {dag.py:3096} INFO - Sync 1 DAGs
[2024-08-04T04:55:30.456+0000] {logging_mixin.py:188} INFO - [2024-08-04T04:55:30.455+0000] {dag.py:3954} INFO - Setting next_dagrun for example_branch_dop_operator_v3 to 2024-08-04 04:54:00+00:00, run_after=2024-08-04 04:55:00+00:00
[2024-08-04T04:55:30.489+0000] {processor.py:183} INFO - Processing /home/airflow/.local/lib/python3.12/site-packages/airflow/example_dags/example_branch_python_dop_operator_3.py took 0.153 seconds
[2024-08-04T04:56:00.981+0000] {processor.py:161} INFO - Started process (PID=803) to work on /home/airflow/.local/lib/python3.12/site-packages/airflow/example_dags/example_branch_python_dop_operator_3.py
[2024-08-04T04:56:00.982+0000] {processor.py:830} INFO - Processing file /home/airflow/.local/lib/python3.12/site-packages/airflow/example_dags/example_branch_python_dop_operator_3.py for tasks to queue
[2024-08-04T04:56:00.984+0000] {logging_mixin.py:188} INFO - [2024-08-04T04:56:00.984+0000] {dagbag.py:545} INFO - Filling up the DagBag from /home/airflow/.local/lib/python3.12/site-packages/airflow/example_dags/example_branch_python_dop_operator_3.py
[2024-08-04T04:56:01.010+0000] {processor.py:840} INFO - DAG(s) 'example_branch_dop_operator_v3' retrieved from /home/airflow/.local/lib/python3.12/site-packages/airflow/example_dags/example_branch_python_dop_operator_3.py
[2024-08-04T04:56:01.074+0000] {logging_mixin.py:188} INFO - [2024-08-04T04:56:01.073+0000] {dag.py:3096} INFO - Sync 1 DAGs
[2024-08-04T04:56:01.170+0000] {logging_mixin.py:188} INFO - [2024-08-04T04:56:01.170+0000] {dag.py:3954} INFO - Setting next_dagrun for example_branch_dop_operator_v3 to 2024-08-04 04:55:00+00:00, run_after=2024-08-04 04:56:00+00:00
[2024-08-04T04:56:01.241+0000] {processor.py:183} INFO - Processing /home/airflow/.local/lib/python3.12/site-packages/airflow/example_dags/example_branch_python_dop_operator_3.py took 0.274 seconds
[2024-08-04T04:56:31.315+0000] {processor.py:161} INFO - Started process (PID=862) to work on /home/airflow/.local/lib/python3.12/site-packages/airflow/example_dags/example_branch_python_dop_operator_3.py
[2024-08-04T04:56:31.316+0000] {processor.py:830} INFO - Processing file /home/airflow/.local/lib/python3.12/site-packages/airflow/example_dags/example_branch_python_dop_operator_3.py for tasks to queue
[2024-08-04T04:56:31.317+0000] {logging_mixin.py:188} INFO - [2024-08-04T04:56:31.317+0000] {dagbag.py:545} INFO - Filling up the DagBag from /home/airflow/.local/lib/python3.12/site-packages/airflow/example_dags/example_branch_python_dop_operator_3.py
[2024-08-04T04:56:31.324+0000] {processor.py:840} INFO - DAG(s) 'example_branch_dop_operator_v3' retrieved from /home/airflow/.local/lib/python3.12/site-packages/airflow/example_dags/example_branch_python_dop_operator_3.py
[2024-08-04T04:56:31.344+0000] {logging_mixin.py:188} INFO - [2024-08-04T04:56:31.344+0000] {dag.py:3096} INFO - Sync 1 DAGs
[2024-08-04T04:56:31.365+0000] {logging_mixin.py:188} INFO - [2024-08-04T04:56:31.365+0000] {dag.py:3954} INFO - Setting next_dagrun for example_branch_dop_operator_v3 to 2024-08-04 04:55:00+00:00, run_after=2024-08-04 04:56:00+00:00
[2024-08-04T04:56:31.387+0000] {processor.py:183} INFO - Processing /home/airflow/.local/lib/python3.12/site-packages/airflow/example_dags/example_branch_python_dop_operator_3.py took 0.077 seconds
[2024-08-04T04:57:02.197+0000] {processor.py:161} INFO - Started process (PID=922) to work on /home/airflow/.local/lib/python3.12/site-packages/airflow/example_dags/example_branch_python_dop_operator_3.py
[2024-08-04T04:57:02.198+0000] {processor.py:830} INFO - Processing file /home/airflow/.local/lib/python3.12/site-packages/airflow/example_dags/example_branch_python_dop_operator_3.py for tasks to queue
[2024-08-04T04:57:02.199+0000] {logging_mixin.py:188} INFO - [2024-08-04T04:57:02.199+0000] {dagbag.py:545} INFO - Filling up the DagBag from /home/airflow/.local/lib/python3.12/site-packages/airflow/example_dags/example_branch_python_dop_operator_3.py
[2024-08-04T04:57:02.206+0000] {processor.py:840} INFO - DAG(s) 'example_branch_dop_operator_v3' retrieved from /home/airflow/.local/lib/python3.12/site-packages/airflow/example_dags/example_branch_python_dop_operator_3.py
[2024-08-04T04:57:02.222+0000] {logging_mixin.py:188} INFO - [2024-08-04T04:57:02.222+0000] {dag.py:3096} INFO - Sync 1 DAGs
[2024-08-04T04:57:02.242+0000] {logging_mixin.py:188} INFO - [2024-08-04T04:57:02.242+0000] {dag.py:3954} INFO - Setting next_dagrun for example_branch_dop_operator_v3 to 2024-08-04 04:56:00+00:00, run_after=2024-08-04 04:57:00+00:00
[2024-08-04T04:57:02.263+0000] {processor.py:183} INFO - Processing /home/airflow/.local/lib/python3.12/site-packages/airflow/example_dags/example_branch_python_dop_operator_3.py took 0.071 seconds
