[2024-08-04T04:49:23.510+0000] {processor.py:161} INFO - Started process (PID=39) to work on /home/airflow/.local/lib/python3.12/site-packages/airflow/example_dags/example_sensors.py
[2024-08-04T04:49:23.513+0000] {processor.py:830} INFO - Processing file /home/airflow/.local/lib/python3.12/site-packages/airflow/example_dags/example_sensors.py for tasks to queue
[2024-08-04T04:49:23.519+0000] {logging_mixin.py:188} INFO - [2024-08-04T04:49:23.518+0000] {dagbag.py:545} INFO - Filling up the DagBag from /home/airflow/.local/lib/python3.12/site-packages/airflow/example_dags/example_sensors.py
[2024-08-04T04:49:23.588+0000] {processor.py:840} INFO - DAG(s) 'example_sensors' retrieved from /home/airflow/.local/lib/python3.12/site-packages/airflow/example_dags/example_sensors.py
[2024-08-04T04:49:24.145+0000] {logging_mixin.py:188} INFO - [2024-08-04T04:49:24.145+0000] {dag.py:3096} INFO - Sync 1 DAGs
[2024-08-04T04:49:24.183+0000] {logging_mixin.py:188} INFO - [2024-08-04T04:49:24.183+0000] {dag.py:3954} INFO - Setting next_dagrun for example_sensors to None, run_after=None
[2024-08-04T04:49:24.245+0000] {processor.py:183} INFO - Processing /home/airflow/.local/lib/python3.12/site-packages/airflow/example_dags/example_sensors.py took 0.751 seconds
[2024-08-04T04:49:54.297+0000] {processor.py:161} INFO - Started process (PID=96) to work on /home/airflow/.local/lib/python3.12/site-packages/airflow/example_dags/example_sensors.py
[2024-08-04T04:49:54.297+0000] {processor.py:830} INFO - Processing file /home/airflow/.local/lib/python3.12/site-packages/airflow/example_dags/example_sensors.py for tasks to queue
[2024-08-04T04:49:54.299+0000] {logging_mixin.py:188} INFO - [2024-08-04T04:49:54.298+0000] {dagbag.py:545} INFO - Filling up the DagBag from /home/airflow/.local/lib/python3.12/site-packages/airflow/example_dags/example_sensors.py
[2024-08-04T04:49:54.306+0000] {processor.py:840} INFO - DAG(s) 'example_sensors' retrieved from /home/airflow/.local/lib/python3.12/site-packages/airflow/example_dags/example_sensors.py
[2024-08-04T04:49:54.328+0000] {logging_mixin.py:188} INFO - [2024-08-04T04:49:54.328+0000] {dag.py:3096} INFO - Sync 1 DAGs
[2024-08-04T04:49:54.338+0000] {logging_mixin.py:188} INFO - [2024-08-04T04:49:54.338+0000] {dag.py:3954} INFO - Setting next_dagrun for example_sensors to None, run_after=None
[2024-08-04T04:49:54.358+0000] {processor.py:183} INFO - Processing /home/airflow/.local/lib/python3.12/site-packages/airflow/example_dags/example_sensors.py took 0.066 seconds
[2024-08-04T04:50:25.042+0000] {processor.py:161} INFO - Started process (PID=155) to work on /home/airflow/.local/lib/python3.12/site-packages/airflow/example_dags/example_sensors.py
[2024-08-04T04:50:25.043+0000] {processor.py:830} INFO - Processing file /home/airflow/.local/lib/python3.12/site-packages/airflow/example_dags/example_sensors.py for tasks to queue
[2024-08-04T04:50:25.045+0000] {logging_mixin.py:188} INFO - [2024-08-04T04:50:25.045+0000] {dagbag.py:545} INFO - Filling up the DagBag from /home/airflow/.local/lib/python3.12/site-packages/airflow/example_dags/example_sensors.py
[2024-08-04T04:50:25.056+0000] {processor.py:840} INFO - DAG(s) 'example_sensors' retrieved from /home/airflow/.local/lib/python3.12/site-packages/airflow/example_dags/example_sensors.py
[2024-08-04T04:50:25.087+0000] {logging_mixin.py:188} INFO - [2024-08-04T04:50:25.086+0000] {dag.py:3096} INFO - Sync 1 DAGs
[2024-08-04T04:50:25.100+0000] {logging_mixin.py:188} INFO - [2024-08-04T04:50:25.100+0000] {dag.py:3954} INFO - Setting next_dagrun for example_sensors to None, run_after=None
[2024-08-04T04:50:25.120+0000] {processor.py:183} INFO - Processing /home/airflow/.local/lib/python3.12/site-packages/airflow/example_dags/example_sensors.py took 0.084 seconds
[2024-08-04T04:50:55.590+0000] {processor.py:161} INFO - Started process (PID=213) to work on /home/airflow/.local/lib/python3.12/site-packages/airflow/example_dags/example_sensors.py
[2024-08-04T04:50:55.591+0000] {processor.py:830} INFO - Processing file /home/airflow/.local/lib/python3.12/site-packages/airflow/example_dags/example_sensors.py for tasks to queue
[2024-08-04T04:50:55.594+0000] {logging_mixin.py:188} INFO - [2024-08-04T04:50:55.593+0000] {dagbag.py:545} INFO - Filling up the DagBag from /home/airflow/.local/lib/python3.12/site-packages/airflow/example_dags/example_sensors.py
[2024-08-04T04:50:55.608+0000] {processor.py:840} INFO - DAG(s) 'example_sensors' retrieved from /home/airflow/.local/lib/python3.12/site-packages/airflow/example_dags/example_sensors.py
[2024-08-04T04:50:55.638+0000] {logging_mixin.py:188} INFO - [2024-08-04T04:50:55.637+0000] {dag.py:3096} INFO - Sync 1 DAGs
[2024-08-04T04:50:55.654+0000] {logging_mixin.py:188} INFO - [2024-08-04T04:50:55.654+0000] {dag.py:3954} INFO - Setting next_dagrun for example_sensors to None, run_after=None
[2024-08-04T04:50:55.676+0000] {processor.py:183} INFO - Processing /home/airflow/.local/lib/python3.12/site-packages/airflow/example_dags/example_sensors.py took 0.092 seconds
[2024-08-04T04:51:26.062+0000] {processor.py:161} INFO - Started process (PID=271) to work on /home/airflow/.local/lib/python3.12/site-packages/airflow/example_dags/example_sensors.py
[2024-08-04T04:51:26.085+0000] {processor.py:830} INFO - Processing file /home/airflow/.local/lib/python3.12/site-packages/airflow/example_dags/example_sensors.py for tasks to queue
[2024-08-04T04:51:26.087+0000] {logging_mixin.py:188} INFO - [2024-08-04T04:51:26.087+0000] {dagbag.py:545} INFO - Filling up the DagBag from /home/airflow/.local/lib/python3.12/site-packages/airflow/example_dags/example_sensors.py
[2024-08-04T04:51:26.125+0000] {processor.py:840} INFO - DAG(s) 'example_sensors' retrieved from /home/airflow/.local/lib/python3.12/site-packages/airflow/example_dags/example_sensors.py
[2024-08-04T04:51:26.214+0000] {logging_mixin.py:188} INFO - [2024-08-04T04:51:26.214+0000] {dag.py:3096} INFO - Sync 1 DAGs
[2024-08-04T04:51:26.264+0000] {logging_mixin.py:188} INFO - [2024-08-04T04:51:26.264+0000] {dag.py:3954} INFO - Setting next_dagrun for example_sensors to None, run_after=None
[2024-08-04T04:51:26.370+0000] {processor.py:183} INFO - Processing /home/airflow/.local/lib/python3.12/site-packages/airflow/example_dags/example_sensors.py took 0.330 seconds
[2024-08-04T04:51:56.934+0000] {processor.py:161} INFO - Started process (PID=329) to work on /home/airflow/.local/lib/python3.12/site-packages/airflow/example_dags/example_sensors.py
[2024-08-04T04:51:56.935+0000] {processor.py:830} INFO - Processing file /home/airflow/.local/lib/python3.12/site-packages/airflow/example_dags/example_sensors.py for tasks to queue
[2024-08-04T04:51:56.937+0000] {logging_mixin.py:188} INFO - [2024-08-04T04:51:56.937+0000] {dagbag.py:545} INFO - Filling up the DagBag from /home/airflow/.local/lib/python3.12/site-packages/airflow/example_dags/example_sensors.py
[2024-08-04T04:51:56.951+0000] {processor.py:840} INFO - DAG(s) 'example_sensors' retrieved from /home/airflow/.local/lib/python3.12/site-packages/airflow/example_dags/example_sensors.py
[2024-08-04T04:51:56.979+0000] {logging_mixin.py:188} INFO - [2024-08-04T04:51:56.979+0000] {dag.py:3096} INFO - Sync 1 DAGs
[2024-08-04T04:51:56.993+0000] {logging_mixin.py:188} INFO - [2024-08-04T04:51:56.993+0000] {dag.py:3954} INFO - Setting next_dagrun for example_sensors to None, run_after=None
[2024-08-04T04:51:57.014+0000] {processor.py:183} INFO - Processing /home/airflow/.local/lib/python3.12/site-packages/airflow/example_dags/example_sensors.py took 0.088 seconds
[2024-08-04T04:52:27.198+0000] {processor.py:161} INFO - Started process (PID=387) to work on /home/airflow/.local/lib/python3.12/site-packages/airflow/example_dags/example_sensors.py
[2024-08-04T04:52:27.198+0000] {processor.py:830} INFO - Processing file /home/airflow/.local/lib/python3.12/site-packages/airflow/example_dags/example_sensors.py for tasks to queue
[2024-08-04T04:52:27.200+0000] {logging_mixin.py:188} INFO - [2024-08-04T04:52:27.200+0000] {dagbag.py:545} INFO - Filling up the DagBag from /home/airflow/.local/lib/python3.12/site-packages/airflow/example_dags/example_sensors.py
[2024-08-04T04:52:27.212+0000] {processor.py:840} INFO - DAG(s) 'example_sensors' retrieved from /home/airflow/.local/lib/python3.12/site-packages/airflow/example_dags/example_sensors.py
[2024-08-04T04:52:27.242+0000] {logging_mixin.py:188} INFO - [2024-08-04T04:52:27.242+0000] {dag.py:3096} INFO - Sync 1 DAGs
[2024-08-04T04:52:27.258+0000] {logging_mixin.py:188} INFO - [2024-08-04T04:52:27.258+0000] {dag.py:3954} INFO - Setting next_dagrun for example_sensors to None, run_after=None
[2024-08-04T04:52:27.280+0000] {processor.py:183} INFO - Processing /home/airflow/.local/lib/python3.12/site-packages/airflow/example_dags/example_sensors.py took 0.089 seconds
[2024-08-04T04:52:57.429+0000] {processor.py:161} INFO - Started process (PID=446) to work on /home/airflow/.local/lib/python3.12/site-packages/airflow/example_dags/example_sensors.py
[2024-08-04T04:52:57.430+0000] {processor.py:830} INFO - Processing file /home/airflow/.local/lib/python3.12/site-packages/airflow/example_dags/example_sensors.py for tasks to queue
[2024-08-04T04:52:57.432+0000] {logging_mixin.py:188} INFO - [2024-08-04T04:52:57.432+0000] {dagbag.py:545} INFO - Filling up the DagBag from /home/airflow/.local/lib/python3.12/site-packages/airflow/example_dags/example_sensors.py
[2024-08-04T04:52:57.444+0000] {processor.py:840} INFO - DAG(s) 'example_sensors' retrieved from /home/airflow/.local/lib/python3.12/site-packages/airflow/example_dags/example_sensors.py
[2024-08-04T04:52:57.473+0000] {logging_mixin.py:188} INFO - [2024-08-04T04:52:57.473+0000] {dag.py:3096} INFO - Sync 1 DAGs
[2024-08-04T04:52:57.489+0000] {logging_mixin.py:188} INFO - [2024-08-04T04:52:57.488+0000] {dag.py:3954} INFO - Setting next_dagrun for example_sensors to None, run_after=None
[2024-08-04T04:52:57.511+0000] {processor.py:183} INFO - Processing /home/airflow/.local/lib/python3.12/site-packages/airflow/example_dags/example_sensors.py took 0.090 seconds
[2024-08-04T04:53:27.714+0000] {processor.py:161} INFO - Started process (PID=504) to work on /home/airflow/.local/lib/python3.12/site-packages/airflow/example_dags/example_sensors.py
[2024-08-04T04:53:27.716+0000] {processor.py:830} INFO - Processing file /home/airflow/.local/lib/python3.12/site-packages/airflow/example_dags/example_sensors.py for tasks to queue
[2024-08-04T04:53:27.719+0000] {logging_mixin.py:188} INFO - [2024-08-04T04:53:27.719+0000] {dagbag.py:545} INFO - Filling up the DagBag from /home/airflow/.local/lib/python3.12/site-packages/airflow/example_dags/example_sensors.py
[2024-08-04T04:53:27.730+0000] {processor.py:840} INFO - DAG(s) 'example_sensors' retrieved from /home/airflow/.local/lib/python3.12/site-packages/airflow/example_dags/example_sensors.py
[2024-08-04T04:53:27.763+0000] {logging_mixin.py:188} INFO - [2024-08-04T04:53:27.762+0000] {dag.py:3096} INFO - Sync 1 DAGs
[2024-08-04T04:53:27.777+0000] {logging_mixin.py:188} INFO - [2024-08-04T04:53:27.777+0000] {dag.py:3954} INFO - Setting next_dagrun for example_sensors to None, run_after=None
[2024-08-04T04:53:27.798+0000] {processor.py:183} INFO - Processing /home/airflow/.local/lib/python3.12/site-packages/airflow/example_dags/example_sensors.py took 0.091 seconds
[2024-08-04T04:53:58.525+0000] {processor.py:161} INFO - Started process (PID=562) to work on /home/airflow/.local/lib/python3.12/site-packages/airflow/example_dags/example_sensors.py
[2024-08-04T04:53:58.526+0000] {processor.py:830} INFO - Processing file /home/airflow/.local/lib/python3.12/site-packages/airflow/example_dags/example_sensors.py for tasks to queue
[2024-08-04T04:53:58.528+0000] {logging_mixin.py:188} INFO - [2024-08-04T04:53:58.528+0000] {dagbag.py:545} INFO - Filling up the DagBag from /home/airflow/.local/lib/python3.12/site-packages/airflow/example_dags/example_sensors.py
[2024-08-04T04:53:58.539+0000] {processor.py:840} INFO - DAG(s) 'example_sensors' retrieved from /home/airflow/.local/lib/python3.12/site-packages/airflow/example_dags/example_sensors.py
[2024-08-04T04:53:58.570+0000] {logging_mixin.py:188} INFO - [2024-08-04T04:53:58.570+0000] {dag.py:3096} INFO - Sync 1 DAGs
[2024-08-04T04:53:58.583+0000] {logging_mixin.py:188} INFO - [2024-08-04T04:53:58.583+0000] {dag.py:3954} INFO - Setting next_dagrun for example_sensors to None, run_after=None
[2024-08-04T04:53:58.602+0000] {processor.py:183} INFO - Processing /home/airflow/.local/lib/python3.12/site-packages/airflow/example_dags/example_sensors.py took 0.084 seconds
[2024-08-04T04:54:28.912+0000] {processor.py:161} INFO - Started process (PID=621) to work on /home/airflow/.local/lib/python3.12/site-packages/airflow/example_dags/example_sensors.py
[2024-08-04T04:54:28.913+0000] {processor.py:830} INFO - Processing file /home/airflow/.local/lib/python3.12/site-packages/airflow/example_dags/example_sensors.py for tasks to queue
[2024-08-04T04:54:28.915+0000] {logging_mixin.py:188} INFO - [2024-08-04T04:54:28.915+0000] {dagbag.py:545} INFO - Filling up the DagBag from /home/airflow/.local/lib/python3.12/site-packages/airflow/example_dags/example_sensors.py
[2024-08-04T04:54:28.927+0000] {processor.py:840} INFO - DAG(s) 'example_sensors' retrieved from /home/airflow/.local/lib/python3.12/site-packages/airflow/example_dags/example_sensors.py
[2024-08-04T04:54:28.961+0000] {logging_mixin.py:188} INFO - [2024-08-04T04:54:28.960+0000] {dag.py:3096} INFO - Sync 1 DAGs
[2024-08-04T04:54:28.977+0000] {logging_mixin.py:188} INFO - [2024-08-04T04:54:28.976+0000] {dag.py:3954} INFO - Setting next_dagrun for example_sensors to None, run_after=None
[2024-08-04T04:54:28.999+0000] {processor.py:183} INFO - Processing /home/airflow/.local/lib/python3.12/site-packages/airflow/example_dags/example_sensors.py took 0.095 seconds
[2024-08-04T04:54:59.468+0000] {processor.py:161} INFO - Started process (PID=681) to work on /home/airflow/.local/lib/python3.12/site-packages/airflow/example_dags/example_sensors.py
[2024-08-04T04:54:59.469+0000] {processor.py:830} INFO - Processing file /home/airflow/.local/lib/python3.12/site-packages/airflow/example_dags/example_sensors.py for tasks to queue
[2024-08-04T04:54:59.471+0000] {logging_mixin.py:188} INFO - [2024-08-04T04:54:59.471+0000] {dagbag.py:545} INFO - Filling up the DagBag from /home/airflow/.local/lib/python3.12/site-packages/airflow/example_dags/example_sensors.py
[2024-08-04T04:54:59.482+0000] {processor.py:840} INFO - DAG(s) 'example_sensors' retrieved from /home/airflow/.local/lib/python3.12/site-packages/airflow/example_dags/example_sensors.py
[2024-08-04T04:54:59.511+0000] {logging_mixin.py:188} INFO - [2024-08-04T04:54:59.511+0000] {dag.py:3096} INFO - Sync 1 DAGs
[2024-08-04T04:54:59.524+0000] {logging_mixin.py:188} INFO - [2024-08-04T04:54:59.523+0000] {dag.py:3954} INFO - Setting next_dagrun for example_sensors to None, run_after=None
[2024-08-04T04:54:59.543+0000] {processor.py:183} INFO - Processing /home/airflow/.local/lib/python3.12/site-packages/airflow/example_dags/example_sensors.py took 0.081 seconds
[2024-08-04T04:55:30.522+0000] {processor.py:161} INFO - Started process (PID=746) to work on /home/airflow/.local/lib/python3.12/site-packages/airflow/example_dags/example_sensors.py
[2024-08-04T04:55:30.523+0000] {processor.py:830} INFO - Processing file /home/airflow/.local/lib/python3.12/site-packages/airflow/example_dags/example_sensors.py for tasks to queue
[2024-08-04T04:55:30.525+0000] {logging_mixin.py:188} INFO - [2024-08-04T04:55:30.525+0000] {dagbag.py:545} INFO - Filling up the DagBag from /home/airflow/.local/lib/python3.12/site-packages/airflow/example_dags/example_sensors.py
[2024-08-04T04:55:30.537+0000] {processor.py:840} INFO - DAG(s) 'example_sensors' retrieved from /home/airflow/.local/lib/python3.12/site-packages/airflow/example_dags/example_sensors.py
[2024-08-04T04:55:30.564+0000] {logging_mixin.py:188} INFO - [2024-08-04T04:55:30.564+0000] {dag.py:3096} INFO - Sync 1 DAGs
[2024-08-04T04:55:30.579+0000] {logging_mixin.py:188} INFO - [2024-08-04T04:55:30.579+0000] {dag.py:3954} INFO - Setting next_dagrun for example_sensors to None, run_after=None
[2024-08-04T04:55:30.601+0000] {processor.py:183} INFO - Processing /home/airflow/.local/lib/python3.12/site-packages/airflow/example_dags/example_sensors.py took 0.086 seconds
[2024-08-04T04:56:01.349+0000] {processor.py:161} INFO - Started process (PID=805) to work on /home/airflow/.local/lib/python3.12/site-packages/airflow/example_dags/example_sensors.py
[2024-08-04T04:56:01.365+0000] {processor.py:830} INFO - Processing file /home/airflow/.local/lib/python3.12/site-packages/airflow/example_dags/example_sensors.py for tasks to queue
[2024-08-04T04:56:01.367+0000] {logging_mixin.py:188} INFO - [2024-08-04T04:56:01.367+0000] {dagbag.py:545} INFO - Filling up the DagBag from /home/airflow/.local/lib/python3.12/site-packages/airflow/example_dags/example_sensors.py
[2024-08-04T04:56:01.403+0000] {processor.py:840} INFO - DAG(s) 'example_sensors' retrieved from /home/airflow/.local/lib/python3.12/site-packages/airflow/example_dags/example_sensors.py
[2024-08-04T04:56:01.552+0000] {logging_mixin.py:188} INFO - [2024-08-04T04:56:01.552+0000] {dag.py:3096} INFO - Sync 1 DAGs
[2024-08-04T04:56:01.611+0000] {logging_mixin.py:188} INFO - [2024-08-04T04:56:01.611+0000] {dag.py:3954} INFO - Setting next_dagrun for example_sensors to None, run_after=None
[2024-08-04T04:56:01.725+0000] {processor.py:183} INFO - Processing /home/airflow/.local/lib/python3.12/site-packages/airflow/example_dags/example_sensors.py took 0.401 seconds
[2024-08-04T04:56:32.349+0000] {processor.py:161} INFO - Started process (PID=864) to work on /home/airflow/.local/lib/python3.12/site-packages/airflow/example_dags/example_sensors.py
[2024-08-04T04:56:32.351+0000] {processor.py:830} INFO - Processing file /home/airflow/.local/lib/python3.12/site-packages/airflow/example_dags/example_sensors.py for tasks to queue
[2024-08-04T04:56:32.353+0000] {logging_mixin.py:188} INFO - [2024-08-04T04:56:32.352+0000] {dagbag.py:545} INFO - Filling up the DagBag from /home/airflow/.local/lib/python3.12/site-packages/airflow/example_dags/example_sensors.py
[2024-08-04T04:56:32.364+0000] {processor.py:840} INFO - DAG(s) 'example_sensors' retrieved from /home/airflow/.local/lib/python3.12/site-packages/airflow/example_dags/example_sensors.py
[2024-08-04T04:56:32.398+0000] {logging_mixin.py:188} INFO - [2024-08-04T04:56:32.398+0000] {dag.py:3096} INFO - Sync 1 DAGs
[2024-08-04T04:56:32.415+0000] {logging_mixin.py:188} INFO - [2024-08-04T04:56:32.415+0000] {dag.py:3954} INFO - Setting next_dagrun for example_sensors to None, run_after=None
[2024-08-04T04:56:32.440+0000] {processor.py:183} INFO - Processing /home/airflow/.local/lib/python3.12/site-packages/airflow/example_dags/example_sensors.py took 0.108 seconds
[2024-08-04T04:57:03.296+0000] {processor.py:161} INFO - Started process (PID=924) to work on /home/airflow/.local/lib/python3.12/site-packages/airflow/example_dags/example_sensors.py
[2024-08-04T04:57:03.297+0000] {processor.py:830} INFO - Processing file /home/airflow/.local/lib/python3.12/site-packages/airflow/example_dags/example_sensors.py for tasks to queue
[2024-08-04T04:57:03.299+0000] {logging_mixin.py:188} INFO - [2024-08-04T04:57:03.299+0000] {dagbag.py:545} INFO - Filling up the DagBag from /home/airflow/.local/lib/python3.12/site-packages/airflow/example_dags/example_sensors.py
[2024-08-04T04:57:03.311+0000] {processor.py:840} INFO - DAG(s) 'example_sensors' retrieved from /home/airflow/.local/lib/python3.12/site-packages/airflow/example_dags/example_sensors.py
[2024-08-04T04:57:03.343+0000] {logging_mixin.py:188} INFO - [2024-08-04T04:57:03.342+0000] {dag.py:3096} INFO - Sync 1 DAGs
[2024-08-04T04:57:03.359+0000] {logging_mixin.py:188} INFO - [2024-08-04T04:57:03.359+0000] {dag.py:3954} INFO - Setting next_dagrun for example_sensors to None, run_after=None
[2024-08-04T04:57:03.397+0000] {processor.py:183} INFO - Processing /home/airflow/.local/lib/python3.12/site-packages/airflow/example_dags/example_sensors.py took 0.107 seconds
