[2024-08-04T04:49:22.570+0000] {processor.py:161} INFO - Started process (PID=36) to work on /home/airflow/.local/lib/python3.12/site-packages/airflow/example_dags/example_complex.py
[2024-08-04T04:49:22.571+0000] {processor.py:830} INFO - Processing file /home/airflow/.local/lib/python3.12/site-packages/airflow/example_dags/example_complex.py for tasks to queue
[2024-08-04T04:49:22.573+0000] {logging_mixin.py:188} INFO - [2024-08-04T04:49:22.572+0000] {dagbag.py:545} INFO - Filling up the DagBag from /home/airflow/.local/lib/python3.12/site-packages/airflow/example_dags/example_complex.py
[2024-08-04T04:49:22.634+0000] {processor.py:840} INFO - DAG(s) 'example_complex' retrieved from /home/airflow/.local/lib/python3.12/site-packages/airflow/example_dags/example_complex.py
[2024-08-04T04:49:23.037+0000] {logging_mixin.py:188} INFO - [2024-08-04T04:49:23.037+0000] {dag.py:3096} INFO - Sync 1 DAGs
[2024-08-04T04:49:23.063+0000] {logging_mixin.py:188} INFO - [2024-08-04T04:49:23.063+0000] {dag.py:3954} INFO - Setting next_dagrun for example_complex to None, run_after=None
[2024-08-04T04:49:23.124+0000] {processor.py:183} INFO - Processing /home/airflow/.local/lib/python3.12/site-packages/airflow/example_dags/example_complex.py took 0.603 seconds
[2024-08-04T04:49:53.196+0000] {processor.py:161} INFO - Started process (PID=94) to work on /home/airflow/.local/lib/python3.12/site-packages/airflow/example_dags/example_complex.py
[2024-08-04T04:49:53.197+0000] {processor.py:830} INFO - Processing file /home/airflow/.local/lib/python3.12/site-packages/airflow/example_dags/example_complex.py for tasks to queue
[2024-08-04T04:49:53.198+0000] {logging_mixin.py:188} INFO - [2024-08-04T04:49:53.198+0000] {dagbag.py:545} INFO - Filling up the DagBag from /home/airflow/.local/lib/python3.12/site-packages/airflow/example_dags/example_complex.py
[2024-08-04T04:49:53.207+0000] {processor.py:840} INFO - DAG(s) 'example_complex' retrieved from /home/airflow/.local/lib/python3.12/site-packages/airflow/example_dags/example_complex.py
[2024-08-04T04:49:53.239+0000] {logging_mixin.py:188} INFO - [2024-08-04T04:49:53.239+0000] {dag.py:3096} INFO - Sync 1 DAGs
[2024-08-04T04:49:53.249+0000] {logging_mixin.py:188} INFO - [2024-08-04T04:49:53.249+0000] {dag.py:3954} INFO - Setting next_dagrun for example_complex to None, run_after=None
[2024-08-04T04:49:53.268+0000] {processor.py:183} INFO - Processing /home/airflow/.local/lib/python3.12/site-packages/airflow/example_dags/example_complex.py took 0.076 seconds
[2024-08-04T04:50:23.793+0000] {processor.py:161} INFO - Started process (PID=152) to work on /home/airflow/.local/lib/python3.12/site-packages/airflow/example_dags/example_complex.py
[2024-08-04T04:50:23.827+0000] {processor.py:830} INFO - Processing file /home/airflow/.local/lib/python3.12/site-packages/airflow/example_dags/example_complex.py for tasks to queue
[2024-08-04T04:50:23.832+0000] {logging_mixin.py:188} INFO - [2024-08-04T04:50:23.832+0000] {dagbag.py:545} INFO - Filling up the DagBag from /home/airflow/.local/lib/python3.12/site-packages/airflow/example_dags/example_complex.py
[2024-08-04T04:50:23.849+0000] {processor.py:840} INFO - DAG(s) 'example_complex' retrieved from /home/airflow/.local/lib/python3.12/site-packages/airflow/example_dags/example_complex.py
[2024-08-04T04:50:23.886+0000] {logging_mixin.py:188} INFO - [2024-08-04T04:50:23.885+0000] {dag.py:3096} INFO - Sync 1 DAGs
[2024-08-04T04:50:23.899+0000] {logging_mixin.py:188} INFO - [2024-08-04T04:50:23.899+0000] {dag.py:3954} INFO - Setting next_dagrun for example_complex to None, run_after=None
[2024-08-04T04:50:23.919+0000] {processor.py:183} INFO - Processing /home/airflow/.local/lib/python3.12/site-packages/airflow/example_dags/example_complex.py took 0.132 seconds
[2024-08-04T04:50:54.383+0000] {processor.py:161} INFO - Started process (PID=210) to work on /home/airflow/.local/lib/python3.12/site-packages/airflow/example_dags/example_complex.py
[2024-08-04T04:50:54.384+0000] {processor.py:830} INFO - Processing file /home/airflow/.local/lib/python3.12/site-packages/airflow/example_dags/example_complex.py for tasks to queue
[2024-08-04T04:50:54.386+0000] {logging_mixin.py:188} INFO - [2024-08-04T04:50:54.386+0000] {dagbag.py:545} INFO - Filling up the DagBag from /home/airflow/.local/lib/python3.12/site-packages/airflow/example_dags/example_complex.py
[2024-08-04T04:50:54.414+0000] {processor.py:840} INFO - DAG(s) 'example_complex' retrieved from /home/airflow/.local/lib/python3.12/site-packages/airflow/example_dags/example_complex.py
[2024-08-04T04:50:54.481+0000] {logging_mixin.py:188} INFO - [2024-08-04T04:50:54.480+0000] {dag.py:3096} INFO - Sync 1 DAGs
[2024-08-04T04:50:54.497+0000] {logging_mixin.py:188} INFO - [2024-08-04T04:50:54.497+0000] {dag.py:3954} INFO - Setting next_dagrun for example_complex to None, run_after=None
[2024-08-04T04:50:54.524+0000] {processor.py:183} INFO - Processing /home/airflow/.local/lib/python3.12/site-packages/airflow/example_dags/example_complex.py took 0.150 seconds
[2024-08-04T04:51:24.685+0000] {processor.py:161} INFO - Started process (PID=268) to work on /home/airflow/.local/lib/python3.12/site-packages/airflow/example_dags/example_complex.py
[2024-08-04T04:51:24.686+0000] {processor.py:830} INFO - Processing file /home/airflow/.local/lib/python3.12/site-packages/airflow/example_dags/example_complex.py for tasks to queue
[2024-08-04T04:51:24.688+0000] {logging_mixin.py:188} INFO - [2024-08-04T04:51:24.688+0000] {dagbag.py:545} INFO - Filling up the DagBag from /home/airflow/.local/lib/python3.12/site-packages/airflow/example_dags/example_complex.py
[2024-08-04T04:51:24.702+0000] {processor.py:840} INFO - DAG(s) 'example_complex' retrieved from /home/airflow/.local/lib/python3.12/site-packages/airflow/example_dags/example_complex.py
[2024-08-04T04:51:24.747+0000] {logging_mixin.py:188} INFO - [2024-08-04T04:51:24.747+0000] {dag.py:3096} INFO - Sync 1 DAGs
[2024-08-04T04:51:24.763+0000] {logging_mixin.py:188} INFO - [2024-08-04T04:51:24.763+0000] {dag.py:3954} INFO - Setting next_dagrun for example_complex to None, run_after=None
[2024-08-04T04:51:24.788+0000] {processor.py:183} INFO - Processing /home/airflow/.local/lib/python3.12/site-packages/airflow/example_dags/example_complex.py took 0.110 seconds
[2024-08-04T04:51:55.699+0000] {processor.py:161} INFO - Started process (PID=326) to work on /home/airflow/.local/lib/python3.12/site-packages/airflow/example_dags/example_complex.py
[2024-08-04T04:51:55.700+0000] {processor.py:830} INFO - Processing file /home/airflow/.local/lib/python3.12/site-packages/airflow/example_dags/example_complex.py for tasks to queue
[2024-08-04T04:51:55.701+0000] {logging_mixin.py:188} INFO - [2024-08-04T04:51:55.701+0000] {dagbag.py:545} INFO - Filling up the DagBag from /home/airflow/.local/lib/python3.12/site-packages/airflow/example_dags/example_complex.py
[2024-08-04T04:51:55.712+0000] {processor.py:840} INFO - DAG(s) 'example_complex' retrieved from /home/airflow/.local/lib/python3.12/site-packages/airflow/example_dags/example_complex.py
[2024-08-04T04:51:55.741+0000] {logging_mixin.py:188} INFO - [2024-08-04T04:51:55.740+0000] {dag.py:3096} INFO - Sync 1 DAGs
[2024-08-04T04:51:55.752+0000] {logging_mixin.py:188} INFO - [2024-08-04T04:51:55.751+0000] {dag.py:3954} INFO - Setting next_dagrun for example_complex to None, run_after=None
[2024-08-04T04:51:55.813+0000] {processor.py:183} INFO - Processing /home/airflow/.local/lib/python3.12/site-packages/airflow/example_dags/example_complex.py took 0.119 seconds
[2024-08-04T04:52:26.058+0000] {processor.py:161} INFO - Started process (PID=384) to work on /home/airflow/.local/lib/python3.12/site-packages/airflow/example_dags/example_complex.py
[2024-08-04T04:52:26.059+0000] {processor.py:830} INFO - Processing file /home/airflow/.local/lib/python3.12/site-packages/airflow/example_dags/example_complex.py for tasks to queue
[2024-08-04T04:52:26.060+0000] {logging_mixin.py:188} INFO - [2024-08-04T04:52:26.060+0000] {dagbag.py:545} INFO - Filling up the DagBag from /home/airflow/.local/lib/python3.12/site-packages/airflow/example_dags/example_complex.py
[2024-08-04T04:52:26.069+0000] {processor.py:840} INFO - DAG(s) 'example_complex' retrieved from /home/airflow/.local/lib/python3.12/site-packages/airflow/example_dags/example_complex.py
[2024-08-04T04:52:26.097+0000] {logging_mixin.py:188} INFO - [2024-08-04T04:52:26.097+0000] {dag.py:3096} INFO - Sync 1 DAGs
[2024-08-04T04:52:26.108+0000] {logging_mixin.py:188} INFO - [2024-08-04T04:52:26.108+0000] {dag.py:3954} INFO - Setting next_dagrun for example_complex to None, run_after=None
[2024-08-04T04:52:26.129+0000] {processor.py:183} INFO - Processing /home/airflow/.local/lib/python3.12/site-packages/airflow/example_dags/example_complex.py took 0.076 seconds
[2024-08-04T04:52:56.276+0000] {processor.py:161} INFO - Started process (PID=443) to work on /home/airflow/.local/lib/python3.12/site-packages/airflow/example_dags/example_complex.py
[2024-08-04T04:52:56.277+0000] {processor.py:830} INFO - Processing file /home/airflow/.local/lib/python3.12/site-packages/airflow/example_dags/example_complex.py for tasks to queue
[2024-08-04T04:52:56.278+0000] {logging_mixin.py:188} INFO - [2024-08-04T04:52:56.278+0000] {dagbag.py:545} INFO - Filling up the DagBag from /home/airflow/.local/lib/python3.12/site-packages/airflow/example_dags/example_complex.py
[2024-08-04T04:52:56.288+0000] {processor.py:840} INFO - DAG(s) 'example_complex' retrieved from /home/airflow/.local/lib/python3.12/site-packages/airflow/example_dags/example_complex.py
[2024-08-04T04:52:56.317+0000] {logging_mixin.py:188} INFO - [2024-08-04T04:52:56.316+0000] {dag.py:3096} INFO - Sync 1 DAGs
[2024-08-04T04:52:56.328+0000] {logging_mixin.py:188} INFO - [2024-08-04T04:52:56.328+0000] {dag.py:3954} INFO - Setting next_dagrun for example_complex to None, run_after=None
[2024-08-04T04:52:56.350+0000] {processor.py:183} INFO - Processing /home/airflow/.local/lib/python3.12/site-packages/airflow/example_dags/example_complex.py took 0.078 seconds
[2024-08-04T04:53:26.546+0000] {processor.py:161} INFO - Started process (PID=501) to work on /home/airflow/.local/lib/python3.12/site-packages/airflow/example_dags/example_complex.py
[2024-08-04T04:53:26.546+0000] {processor.py:830} INFO - Processing file /home/airflow/.local/lib/python3.12/site-packages/airflow/example_dags/example_complex.py for tasks to queue
[2024-08-04T04:53:26.548+0000] {logging_mixin.py:188} INFO - [2024-08-04T04:53:26.547+0000] {dagbag.py:545} INFO - Filling up the DagBag from /home/airflow/.local/lib/python3.12/site-packages/airflow/example_dags/example_complex.py
[2024-08-04T04:53:26.556+0000] {processor.py:840} INFO - DAG(s) 'example_complex' retrieved from /home/airflow/.local/lib/python3.12/site-packages/airflow/example_dags/example_complex.py
[2024-08-04T04:53:26.585+0000] {logging_mixin.py:188} INFO - [2024-08-04T04:53:26.585+0000] {dag.py:3096} INFO - Sync 1 DAGs
[2024-08-04T04:53:26.595+0000] {logging_mixin.py:188} INFO - [2024-08-04T04:53:26.595+0000] {dag.py:3954} INFO - Setting next_dagrun for example_complex to None, run_after=None
[2024-08-04T04:53:26.616+0000] {processor.py:183} INFO - Processing /home/airflow/.local/lib/python3.12/site-packages/airflow/example_dags/example_complex.py took 0.075 seconds
[2024-08-04T04:53:57.340+0000] {processor.py:161} INFO - Started process (PID=559) to work on /home/airflow/.local/lib/python3.12/site-packages/airflow/example_dags/example_complex.py
[2024-08-04T04:53:57.341+0000] {processor.py:830} INFO - Processing file /home/airflow/.local/lib/python3.12/site-packages/airflow/example_dags/example_complex.py for tasks to queue
[2024-08-04T04:53:57.342+0000] {logging_mixin.py:188} INFO - [2024-08-04T04:53:57.342+0000] {dagbag.py:545} INFO - Filling up the DagBag from /home/airflow/.local/lib/python3.12/site-packages/airflow/example_dags/example_complex.py
[2024-08-04T04:53:57.352+0000] {processor.py:840} INFO - DAG(s) 'example_complex' retrieved from /home/airflow/.local/lib/python3.12/site-packages/airflow/example_dags/example_complex.py
[2024-08-04T04:53:57.379+0000] {logging_mixin.py:188} INFO - [2024-08-04T04:53:57.378+0000] {dag.py:3096} INFO - Sync 1 DAGs
[2024-08-04T04:53:57.389+0000] {logging_mixin.py:188} INFO - [2024-08-04T04:53:57.389+0000] {dag.py:3954} INFO - Setting next_dagrun for example_complex to None, run_after=None
[2024-08-04T04:53:57.409+0000] {processor.py:183} INFO - Processing /home/airflow/.local/lib/python3.12/site-packages/airflow/example_dags/example_complex.py took 0.074 seconds
[2024-08-04T04:54:27.725+0000] {processor.py:161} INFO - Started process (PID=618) to work on /home/airflow/.local/lib/python3.12/site-packages/airflow/example_dags/example_complex.py
[2024-08-04T04:54:27.726+0000] {processor.py:830} INFO - Processing file /home/airflow/.local/lib/python3.12/site-packages/airflow/example_dags/example_complex.py for tasks to queue
[2024-08-04T04:54:27.727+0000] {logging_mixin.py:188} INFO - [2024-08-04T04:54:27.727+0000] {dagbag.py:545} INFO - Filling up the DagBag from /home/airflow/.local/lib/python3.12/site-packages/airflow/example_dags/example_complex.py
[2024-08-04T04:54:27.738+0000] {processor.py:840} INFO - DAG(s) 'example_complex' retrieved from /home/airflow/.local/lib/python3.12/site-packages/airflow/example_dags/example_complex.py
[2024-08-04T04:54:27.765+0000] {logging_mixin.py:188} INFO - [2024-08-04T04:54:27.765+0000] {dag.py:3096} INFO - Sync 1 DAGs
[2024-08-04T04:54:27.775+0000] {logging_mixin.py:188} INFO - [2024-08-04T04:54:27.775+0000] {dag.py:3954} INFO - Setting next_dagrun for example_complex to None, run_after=None
[2024-08-04T04:54:27.796+0000] {processor.py:183} INFO - Processing /home/airflow/.local/lib/python3.12/site-packages/airflow/example_dags/example_complex.py took 0.076 seconds
[2024-08-04T04:54:58.278+0000] {processor.py:161} INFO - Started process (PID=678) to work on /home/airflow/.local/lib/python3.12/site-packages/airflow/example_dags/example_complex.py
[2024-08-04T04:54:58.279+0000] {processor.py:830} INFO - Processing file /home/airflow/.local/lib/python3.12/site-packages/airflow/example_dags/example_complex.py for tasks to queue
[2024-08-04T04:54:58.280+0000] {logging_mixin.py:188} INFO - [2024-08-04T04:54:58.280+0000] {dagbag.py:545} INFO - Filling up the DagBag from /home/airflow/.local/lib/python3.12/site-packages/airflow/example_dags/example_complex.py
[2024-08-04T04:54:58.291+0000] {processor.py:840} INFO - DAG(s) 'example_complex' retrieved from /home/airflow/.local/lib/python3.12/site-packages/airflow/example_dags/example_complex.py
[2024-08-04T04:54:58.318+0000] {logging_mixin.py:188} INFO - [2024-08-04T04:54:58.317+0000] {dag.py:3096} INFO - Sync 1 DAGs
[2024-08-04T04:54:58.328+0000] {logging_mixin.py:188} INFO - [2024-08-04T04:54:58.328+0000] {dag.py:3954} INFO - Setting next_dagrun for example_complex to None, run_after=None
[2024-08-04T04:54:58.348+0000] {processor.py:183} INFO - Processing /home/airflow/.local/lib/python3.12/site-packages/airflow/example_dags/example_complex.py took 0.074 seconds
[2024-08-04T04:55:29.273+0000] {processor.py:161} INFO - Started process (PID=737) to work on /home/airflow/.local/lib/python3.12/site-packages/airflow/example_dags/example_complex.py
[2024-08-04T04:55:29.274+0000] {processor.py:830} INFO - Processing file /home/airflow/.local/lib/python3.12/site-packages/airflow/example_dags/example_complex.py for tasks to queue
[2024-08-04T04:55:29.275+0000] {logging_mixin.py:188} INFO - [2024-08-04T04:55:29.275+0000] {dagbag.py:545} INFO - Filling up the DagBag from /home/airflow/.local/lib/python3.12/site-packages/airflow/example_dags/example_complex.py
[2024-08-04T04:55:29.285+0000] {processor.py:840} INFO - DAG(s) 'example_complex' retrieved from /home/airflow/.local/lib/python3.12/site-packages/airflow/example_dags/example_complex.py
[2024-08-04T04:55:29.314+0000] {logging_mixin.py:188} INFO - [2024-08-04T04:55:29.314+0000] {dag.py:3096} INFO - Sync 1 DAGs
[2024-08-04T04:55:29.325+0000] {logging_mixin.py:188} INFO - [2024-08-04T04:55:29.324+0000] {dag.py:3954} INFO - Setting next_dagrun for example_complex to None, run_after=None
[2024-08-04T04:55:29.346+0000] {processor.py:183} INFO - Processing /home/airflow/.local/lib/python3.12/site-packages/airflow/example_dags/example_complex.py took 0.077 seconds
[2024-08-04T04:55:59.891+0000] {processor.py:161} INFO - Started process (PID=796) to work on /home/airflow/.local/lib/python3.12/site-packages/airflow/example_dags/example_complex.py
[2024-08-04T04:55:59.901+0000] {processor.py:830} INFO - Processing file /home/airflow/.local/lib/python3.12/site-packages/airflow/example_dags/example_complex.py for tasks to queue
[2024-08-04T04:55:59.903+0000] {logging_mixin.py:188} INFO - [2024-08-04T04:55:59.903+0000] {dagbag.py:545} INFO - Filling up the DagBag from /home/airflow/.local/lib/python3.12/site-packages/airflow/example_dags/example_complex.py
[2024-08-04T04:55:59.932+0000] {processor.py:840} INFO - DAG(s) 'example_complex' retrieved from /home/airflow/.local/lib/python3.12/site-packages/airflow/example_dags/example_complex.py
[2024-08-04T04:56:00.056+0000] {logging_mixin.py:188} INFO - [2024-08-04T04:56:00.056+0000] {dag.py:3096} INFO - Sync 1 DAGs
[2024-08-04T04:56:00.087+0000] {logging_mixin.py:188} INFO - [2024-08-04T04:56:00.087+0000] {dag.py:3954} INFO - Setting next_dagrun for example_complex to None, run_after=None
[2024-08-04T04:56:00.128+0000] {processor.py:183} INFO - Processing /home/airflow/.local/lib/python3.12/site-packages/airflow/example_dags/example_complex.py took 0.249 seconds
[2024-08-04T04:56:30.219+0000] {processor.py:161} INFO - Started process (PID=855) to work on /home/airflow/.local/lib/python3.12/site-packages/airflow/example_dags/example_complex.py
[2024-08-04T04:56:30.219+0000] {processor.py:830} INFO - Processing file /home/airflow/.local/lib/python3.12/site-packages/airflow/example_dags/example_complex.py for tasks to queue
[2024-08-04T04:56:30.221+0000] {logging_mixin.py:188} INFO - [2024-08-04T04:56:30.221+0000] {dagbag.py:545} INFO - Filling up the DagBag from /home/airflow/.local/lib/python3.12/site-packages/airflow/example_dags/example_complex.py
[2024-08-04T04:56:30.232+0000] {processor.py:840} INFO - DAG(s) 'example_complex' retrieved from /home/airflow/.local/lib/python3.12/site-packages/airflow/example_dags/example_complex.py
[2024-08-04T04:56:30.259+0000] {logging_mixin.py:188} INFO - [2024-08-04T04:56:30.259+0000] {dag.py:3096} INFO - Sync 1 DAGs
[2024-08-04T04:56:30.270+0000] {logging_mixin.py:188} INFO - [2024-08-04T04:56:30.269+0000] {dag.py:3954} INFO - Setting next_dagrun for example_complex to None, run_after=None
[2024-08-04T04:56:30.289+0000] {processor.py:183} INFO - Processing /home/airflow/.local/lib/python3.12/site-packages/airflow/example_dags/example_complex.py took 0.078 seconds
[2024-08-04T04:57:01.181+0000] {processor.py:161} INFO - Started process (PID=921) to work on /home/airflow/.local/lib/python3.12/site-packages/airflow/example_dags/example_complex.py
[2024-08-04T04:57:01.182+0000] {processor.py:830} INFO - Processing file /home/airflow/.local/lib/python3.12/site-packages/airflow/example_dags/example_complex.py for tasks to queue
[2024-08-04T04:57:01.183+0000] {logging_mixin.py:188} INFO - [2024-08-04T04:57:01.183+0000] {dagbag.py:545} INFO - Filling up the DagBag from /home/airflow/.local/lib/python3.12/site-packages/airflow/example_dags/example_complex.py
[2024-08-04T04:57:01.192+0000] {processor.py:840} INFO - DAG(s) 'example_complex' retrieved from /home/airflow/.local/lib/python3.12/site-packages/airflow/example_dags/example_complex.py
[2024-08-04T04:57:01.219+0000] {logging_mixin.py:188} INFO - [2024-08-04T04:57:01.219+0000] {dag.py:3096} INFO - Sync 1 DAGs
[2024-08-04T04:57:01.229+0000] {logging_mixin.py:188} INFO - [2024-08-04T04:57:01.229+0000] {dag.py:3954} INFO - Setting next_dagrun for example_complex to None, run_after=None
[2024-08-04T04:57:01.248+0000] {processor.py:183} INFO - Processing /home/airflow/.local/lib/python3.12/site-packages/airflow/example_dags/example_complex.py took 0.073 seconds
