[2024-08-04T04:54:19.420+0000] {processor.py:161} INFO - Started process (PID=610) to work on /opt/airflow/dags/hello_world.py
[2024-08-04T04:54:19.430+0000] {processor.py:830} INFO - Processing file /opt/airflow/dags/hello_world.py for tasks to queue
[2024-08-04T04:54:19.435+0000] {logging_mixin.py:188} INFO - [2024-08-04T04:54:19.432+0000] {dagbag.py:545} INFO - Filling up the DagBag from /opt/airflow/dags/hello_world.py
[2024-08-04T04:54:19.449+0000] {processor.py:840} INFO - DAG(s) 'hello_world' retrieved from /opt/airflow/dags/hello_world.py
[2024-08-04T04:54:19.814+0000] {logging_mixin.py:188} INFO - [2024-08-04T04:54:19.813+0000] {override.py:1829} INFO - Created Permission View: can delete on DAG:hello_world
[2024-08-04T04:54:19.848+0000] {logging_mixin.py:188} INFO - [2024-08-04T04:54:19.847+0000] {override.py:1829} INFO - Created Permission View: can read on DAG:hello_world
[2024-08-04T04:54:19.871+0000] {logging_mixin.py:188} INFO - [2024-08-04T04:54:19.871+0000] {override.py:1829} INFO - Created Permission View: can edit on DAG:hello_world
[2024-08-04T04:54:19.871+0000] {logging_mixin.py:188} INFO - [2024-08-04T04:54:19.871+0000] {dag.py:3096} INFO - Sync 1 DAGs
[2024-08-04T04:54:19.907+0000] {logging_mixin.py:188} INFO - [2024-08-04T04:54:19.906+0000] {dag.py:3118} INFO - Creating ORM DAG for hello_world
[2024-08-04T04:54:19.964+0000] {logging_mixin.py:188} INFO - [2024-08-04T04:54:19.963+0000] {dag.py:3954} INFO - Setting next_dagrun for hello_world to 2024-08-03 00:00:00+00:00, run_after=2024-08-04 00:00:00+00:00
[2024-08-04T04:54:20.003+0000] {processor.py:183} INFO - Processing /opt/airflow/dags/hello_world.py took 0.589 seconds
[2024-08-04T04:54:50.558+0000] {processor.py:161} INFO - Started process (PID=670) to work on /opt/airflow/dags/hello_world.py
[2024-08-04T04:54:50.564+0000] {processor.py:830} INFO - Processing file /opt/airflow/dags/hello_world.py for tasks to queue
[2024-08-04T04:54:50.566+0000] {logging_mixin.py:188} INFO - [2024-08-04T04:54:50.566+0000] {dagbag.py:545} INFO - Filling up the DagBag from /opt/airflow/dags/hello_world.py
[2024-08-04T04:54:50.574+0000] {processor.py:840} INFO - DAG(s) 'hello_world' retrieved from /opt/airflow/dags/hello_world.py
[2024-08-04T04:54:50.627+0000] {logging_mixin.py:188} INFO - [2024-08-04T04:54:50.626+0000] {dag.py:3096} INFO - Sync 1 DAGs
[2024-08-04T04:54:50.684+0000] {logging_mixin.py:188} INFO - [2024-08-04T04:54:50.683+0000] {dag.py:3954} INFO - Setting next_dagrun for hello_world to 2024-08-03 00:00:00+00:00, run_after=2024-08-04 00:00:00+00:00
[2024-08-04T04:54:50.726+0000] {processor.py:183} INFO - Processing /opt/airflow/dags/hello_world.py took 0.174 seconds
[2024-08-04T04:55:21.354+0000] {processor.py:161} INFO - Started process (PID=729) to work on /opt/airflow/dags/hello_world.py
[2024-08-04T04:55:21.355+0000] {processor.py:830} INFO - Processing file /opt/airflow/dags/hello_world.py for tasks to queue
[2024-08-04T04:55:21.357+0000] {logging_mixin.py:188} INFO - [2024-08-04T04:55:21.356+0000] {dagbag.py:545} INFO - Filling up the DagBag from /opt/airflow/dags/hello_world.py
[2024-08-04T04:55:21.364+0000] {processor.py:840} INFO - DAG(s) 'hello_world' retrieved from /opt/airflow/dags/hello_world.py
[2024-08-04T04:55:21.384+0000] {logging_mixin.py:188} INFO - [2024-08-04T04:55:21.384+0000] {dag.py:3096} INFO - Sync 1 DAGs
[2024-08-04T04:55:21.411+0000] {logging_mixin.py:188} INFO - [2024-08-04T04:55:21.410+0000] {dag.py:3954} INFO - Setting next_dagrun for hello_world to 2024-08-03 00:00:00+00:00, run_after=2024-08-04 00:00:00+00:00
[2024-08-04T04:55:21.437+0000] {processor.py:183} INFO - Processing /opt/airflow/dags/hello_world.py took 0.089 seconds
[2024-08-04T04:55:52.388+0000] {processor.py:161} INFO - Started process (PID=788) to work on /opt/airflow/dags/hello_world.py
[2024-08-04T04:55:52.389+0000] {processor.py:830} INFO - Processing file /opt/airflow/dags/hello_world.py for tasks to queue
[2024-08-04T04:55:52.391+0000] {logging_mixin.py:188} INFO - [2024-08-04T04:55:52.391+0000] {dagbag.py:545} INFO - Filling up the DagBag from /opt/airflow/dags/hello_world.py
[2024-08-04T04:55:52.399+0000] {processor.py:840} INFO - DAG(s) 'hello_world' retrieved from /opt/airflow/dags/hello_world.py
[2024-08-04T04:55:52.422+0000] {logging_mixin.py:188} INFO - [2024-08-04T04:55:52.422+0000] {dag.py:3096} INFO - Sync 1 DAGs
[2024-08-04T04:55:52.450+0000] {logging_mixin.py:188} INFO - [2024-08-04T04:55:52.449+0000] {dag.py:3954} INFO - Setting next_dagrun for hello_world to 2024-08-03 00:00:00+00:00, run_after=2024-08-04 00:00:00+00:00
[2024-08-04T04:55:52.477+0000] {processor.py:183} INFO - Processing /opt/airflow/dags/hello_world.py took 0.095 seconds
[2024-08-04T04:56:22.598+0000] {processor.py:161} INFO - Started process (PID=847) to work on /opt/airflow/dags/hello_world.py
[2024-08-04T04:56:22.599+0000] {processor.py:830} INFO - Processing file /opt/airflow/dags/hello_world.py for tasks to queue
[2024-08-04T04:56:22.600+0000] {logging_mixin.py:188} INFO - [2024-08-04T04:56:22.600+0000] {dagbag.py:545} INFO - Filling up the DagBag from /opt/airflow/dags/hello_world.py
[2024-08-04T04:56:22.608+0000] {processor.py:840} INFO - DAG(s) 'hello_world' retrieved from /opt/airflow/dags/hello_world.py
[2024-08-04T04:56:22.622+0000] {logging_mixin.py:188} INFO - [2024-08-04T04:56:22.622+0000] {dag.py:3096} INFO - Sync 1 DAGs
[2024-08-04T04:56:22.641+0000] {logging_mixin.py:188} INFO - [2024-08-04T04:56:22.641+0000] {dag.py:3954} INFO - Setting next_dagrun for hello_world to 2024-08-03 00:00:00+00:00, run_after=2024-08-04 00:00:00+00:00
[2024-08-04T04:56:22.664+0000] {processor.py:183} INFO - Processing /opt/airflow/dags/hello_world.py took 0.072 seconds
[2024-08-04T04:56:53.363+0000] {processor.py:161} INFO - Started process (PID=906) to work on /opt/airflow/dags/hello_world.py
[2024-08-04T04:56:53.373+0000] {processor.py:830} INFO - Processing file /opt/airflow/dags/hello_world.py for tasks to queue
[2024-08-04T04:56:53.375+0000] {logging_mixin.py:188} INFO - [2024-08-04T04:56:53.374+0000] {dagbag.py:545} INFO - Filling up the DagBag from /opt/airflow/dags/hello_world.py
[2024-08-04T04:56:53.386+0000] {processor.py:840} INFO - DAG(s) 'hello_world' retrieved from /opt/airflow/dags/hello_world.py
[2024-08-04T04:56:53.409+0000] {logging_mixin.py:188} INFO - [2024-08-04T04:56:53.409+0000] {dag.py:3096} INFO - Sync 1 DAGs
[2024-08-04T04:56:53.438+0000] {logging_mixin.py:188} INFO - [2024-08-04T04:56:53.438+0000] {dag.py:3954} INFO - Setting next_dagrun for hello_world to 2024-08-03 00:00:00+00:00, run_after=2024-08-04 00:00:00+00:00
[2024-08-04T04:56:53.463+0000] {processor.py:183} INFO - Processing /opt/airflow/dags/hello_world.py took 0.110 seconds
